This file contains any messages produced by compilers while
running configure, to aid debugging if configure makes a mistake.

It was created by tk configure 8.6, which was
generated by GNU Autoconf 2.71.  Invocation command line was

  $ ./configure --enable-aqua=no --enable-corefoundation=no --disable-threads --disable-xft --disable-xss --disable-shared --prefix=/Users/billswartz7/version1/itools/tcl/tcl8.6

## --------- ##
## Platform. ##
## --------- ##

hostname = Mac5-3.local
uname -m = x86_64
uname -r = 20.6.0
uname -s = Darwin
uname -v = Darwin Kernel Version 20.6.0: Mon Aug 30 06:12:21 PDT 2021; root:xnu-7195.141.6~3/RELEASE_X86_64

/usr/bin/uname -p = i386
/bin/uname -X     = unknown

/bin/arch              = unknown
/usr/bin/arch -k       = unknown
/usr/convex/getsysinfo = unknown
/usr/bin/hostinfo      = Mach kernel version:
	 Darwin Kernel Version 20.6.0: Mon Aug 30 06:12:21 PDT 2021; root:xnu-7195.141.6~3/RELEASE_X86_64
Kernel configured for up to 16 processors.
8 processors are physically available.
16 processors are logically available.
Processor type: x86_64h (Intel x86-64h Haswell)
Processors active: 0 1 2 3 4 5 6 7 8 9 10 11 12 13 14 15
Primary memory available: 64.00 gigabytes
Default processor set: 558 tasks, 2791 threads, 16 processors
Load average: 2.24, Mach factor: 13.75
/bin/machine           = unknown
/usr/bin/oslevel       = unknown
/bin/universe          = unknown

PATH: /Users/billswartz7/version1/itools/lib/Darwin/python/bin/
PATH: /Users/billswartz7/version1/itools/bin/Darwin/
PATH: /Users/billswartz7/version1/itools/bin/
PATH: /Users/billswartz7/classes/custom_exams/bin/
PATH: ./
PATH: /Users/billswartz7/classes/valgrind/bin/
PATH: /Users/billswartz7/bin/
PATH: /Users/billswartz7/bin/Darwin/
PATH: /Users/billswartz7/xcircuit/bin/
PATH: /usr/local/bin/
PATH: /bin/
PATH: /usr/bin/
PATH: /opt/X11/bin/
PATH: /Users/billswartz7/Droid/android-sdk-mac_x86/platform-tools/


## ----------- ##
## Core tests. ##
## ----------- ##

configure:2599: checking for Tcl configuration
configure:2703: result: found /Users/billswartz7/version1/itools/lib/tcl/unix/tclConfig.sh
configure:2709: checking for existence of /Users/billswartz7/version1/itools/lib/tcl/unix/tclConfig.sh
configure:2713: result: loading
configure:2757: checking for tclsh
configure:2782: result: /usr/bin/tclsh8.5
configure:2793: checking for tclsh in Tcl build directory
configure:2796: result: /Users/billswartz7/version1/itools/lib/tcl/unix/tclsh
configure:2820: checking whether to use symlinks for manpages
configure:2830: result: no
configure:2833: checking whether to compress the manpages
configure:2847: result: no
configure:2861: checking whether to add a package name suffix for the manpages
configure:2875: result: no
configure:2953: checking for gcc
configure:2985: result: gcc 
configure:3338: checking for C compiler version
configure:3347: gcc  --version >&5
gcc (Homebrew GCC 12.2.0) 12.2.0
Copyright (C) 2022 Free Software Foundation, Inc.
This is free software; see the source for copying conditions.  There is NO
warranty; not even for MERCHANTABILITY or FITNESS FOR A PARTICULAR PURPOSE.

configure:3358: $? = 0
configure:3347: gcc  -v >&5
Using built-in specs.
COLLECT_GCC=gcc
COLLECT_LTO_WRAPPER=/usr/local/Cellar/gcc/12.2.0/bin/../libexec/gcc/x86_64-apple-darwin20/12/lto-wrapper
Target: x86_64-apple-darwin20
Configured with: ../configure --prefix=/usr/local/opt/gcc --libdir=/usr/local/opt/gcc/lib/gcc/current --disable-nls --enable-checking=release --with-gcc-major-version-only --enable-languages=c,c++,objc,obj-c++,fortran --program-suffix=-12 --with-gmp=/usr/local/opt/gmp --with-mpfr=/usr/local/opt/mpfr --with-mpc=/usr/local/opt/libmpc --with-isl=/usr/local/opt/isl --with-zstd=/usr/local/opt/zstd --with-pkgversion='Homebrew GCC 12.2.0' --with-bugurl=https://github.com/Homebrew/homebrew-core/issues --with-system-zlib --build=x86_64-apple-darwin20 --with-sysroot=/Library/Developer/CommandLineTools/SDKs/MacOSX11.sdk
Thread model: posix
Supported LTO compression algorithms: zlib zstd
gcc version 12.2.0 (Homebrew GCC 12.2.0) 
configure:3358: $? = 0
configure:3347: gcc  -V >&5
gcc: error: unrecognized command-line option '-V'
gcc: fatal error: no input files
compilation terminated.
configure:3358: $? = 1
configure:3347: gcc  -qversion >&5
gcc: error: unrecognized command-line option '-qversion'; did you mean '--version'?
gcc: fatal error: no input files
compilation terminated.
configure:3358: $? = 1
configure:3347: gcc  -version >&5
gcc: error: unrecognized command-line option '-version'
gcc: fatal error: no input files
compilation terminated.
configure:3358: $? = 1
configure:3378: checking whether the C compiler works
configure:3400: gcc   -I/usr/local/opt/zlib/include  conftest.c  >&5
configure:3404: $? = 0
configure:3454: result: yes
configure:3457: checking for C compiler default output file name
configure:3459: result: a.out
configure:3465: checking for suffix of executables
configure:3472: gcc  -o conftest  -I/usr/local/opt/zlib/include  conftest.c  >&5
configure:3476: $? = 0
configure:3499: result: 
configure:3521: checking whether we are cross compiling
configure:3529: gcc  -o conftest  -I/usr/local/opt/zlib/include  conftest.c  >&5
configure:3533: $? = 0
configure:3540: ./conftest
configure:3544: $? = 0
configure:3559: result: no
configure:3564: checking for suffix of object files
configure:3587: gcc  -c  -I/usr/local/opt/zlib/include conftest.c >&5
configure:3591: $? = 0
configure:3613: result: o
configure:3617: checking whether the compiler supports GNU C
configure:3637: gcc  -c  -I/usr/local/opt/zlib/include conftest.c >&5
configure:3637: $? = 0
configure:3647: result: yes
configure:3658: checking whether gcc  accepts -g
configure:3679: gcc  -c -g -I/usr/local/opt/zlib/include conftest.c >&5
configure:3679: $? = 0
configure:3723: result: yes
configure:3743: checking for gcc  option to enable C11 features
configure:3758: gcc   -c  -I/usr/local/opt/zlib/include conftest.c >&5
configure:3758: $? = 0
configure:3776: result: none needed
configure:3887: checking for inline
configure:3904: gcc  -c  -I/usr/local/opt/zlib/include conftest.c >&5
configure:3904: $? = 0
configure:3913: result: inline
configure:3941: checking for stdio.h
configure:3941: gcc  -c  -I/usr/local/opt/zlib/include conftest.c >&5
configure:3941: $? = 0
configure:3941: result: yes
configure:3941: checking for stdlib.h
configure:3941: gcc  -c  -I/usr/local/opt/zlib/include conftest.c >&5
configure:3941: $? = 0
configure:3941: result: yes
configure:3941: checking for string.h
configure:3941: gcc  -c  -I/usr/local/opt/zlib/include conftest.c >&5
configure:3941: $? = 0
configure:3941: result: yes
configure:3941: checking for inttypes.h
configure:3941: gcc  -c  -I/usr/local/opt/zlib/include conftest.c >&5
configure:3941: $? = 0
configure:3941: result: yes
configure:3941: checking for stdint.h
configure:3941: gcc  -c  -I/usr/local/opt/zlib/include conftest.c >&5
configure:3941: $? = 0
configure:3941: result: yes
configure:3941: checking for strings.h
configure:3941: gcc  -c  -I/usr/local/opt/zlib/include conftest.c >&5
configure:3941: $? = 0
configure:3941: result: yes
configure:3941: checking for sys/stat.h
configure:3941: gcc  -c  -I/usr/local/opt/zlib/include conftest.c >&5
configure:3941: $? = 0
configure:3941: result: yes
configure:3941: checking for sys/types.h
configure:3941: gcc  -c  -I/usr/local/opt/zlib/include conftest.c >&5
configure:3941: $? = 0
configure:3941: result: yes
configure:3941: checking for unistd.h
configure:3941: gcc  -c  -I/usr/local/opt/zlib/include conftest.c >&5
configure:3941: $? = 0
configure:3941: result: yes
configure:3941: checking for sys/time.h
configure:3941: gcc  -c  -I/usr/local/opt/zlib/include conftest.c >&5
configure:3941: $? = 0
configure:3941: result: yes
configure:3966: checking for stdlib.h
configure:3966: result: yes
configure:3979: checking how to run the C preprocessor
configure:4005: gcc  -E -I/usr/local/opt/zlib/include conftest.c
configure:4005: $? = 0
configure:4020: gcc  -E -I/usr/local/opt/zlib/include conftest.c
conftest.c:20:10: fatal error: ac_nonexistent.h: No such file or directory
   20 | #include <ac_nonexistent.h>
      |          ^~~~~~~~~~~~~~~~~~
compilation terminated.
configure:4020: $? = 1
configure: failed program was:
| /* confdefs.h */
| #define PACKAGE_NAME "tk"
| #define PACKAGE_TARNAME "tk"
| #define PACKAGE_VERSION "8.6"
| #define PACKAGE_STRING "tk 8.6"
| #define PACKAGE_BUGREPORT ""
| #define PACKAGE_URL ""
| #define HAVE_STDIO_H 1
| #define HAVE_STDLIB_H 1
| #define HAVE_STRING_H 1
| #define HAVE_INTTYPES_H 1
| #define HAVE_STDINT_H 1
| #define HAVE_STRINGS_H 1
| #define HAVE_SYS_STAT_H 1
| #define HAVE_SYS_TYPES_H 1
| #define HAVE_UNISTD_H 1
| #define HAVE_SYS_TIME_H 1
| #define STDC_HEADERS 1
| /* end confdefs.h.  */
| #include <ac_nonexistent.h>
configure:4047: result: gcc  -E
configure:4061: gcc  -E -I/usr/local/opt/zlib/include conftest.c
configure:4061: $? = 0
configure:4076: gcc  -E -I/usr/local/opt/zlib/include conftest.c
conftest.c:20:10: fatal error: ac_nonexistent.h: No such file or directory
   20 | #include <ac_nonexistent.h>
      |          ^~~~~~~~~~~~~~~~~~
compilation terminated.
configure:4076: $? = 1
configure: failed program was:
| /* confdefs.h */
| #define PACKAGE_NAME "tk"
| #define PACKAGE_TARNAME "tk"
| #define PACKAGE_VERSION "8.6"
| #define PACKAGE_STRING "tk 8.6"
| #define PACKAGE_BUGREPORT ""
| #define PACKAGE_URL ""
| #define HAVE_STDIO_H 1
| #define HAVE_STDLIB_H 1
| #define HAVE_STRING_H 1
| #define HAVE_INTTYPES_H 1
| #define HAVE_STDINT_H 1
| #define HAVE_STRINGS_H 1
| #define HAVE_SYS_STAT_H 1
| #define HAVE_SYS_TYPES_H 1
| #define HAVE_UNISTD_H 1
| #define HAVE_SYS_TIME_H 1
| #define STDC_HEADERS 1
| /* end confdefs.h.  */
| #include <ac_nonexistent.h>
configure:4107: checking for grep that handles long lines and -e
configure:4171: result: /usr/bin/grep
configure:4176: checking for egrep
configure:4244: result: /usr/bin/grep -E
configure:4303: checking if the compiler understands -pipe
configure:4322: gcc  -c  -pipe -I/usr/local/opt/zlib/include conftest.c >&5
configure:4322: $? = 0
configure:4331: result: yes
configure:4636: checking for building with threads
configure:4650: result: no
configure:4661: checking how to build libraries
configure:4676: result: static
configure:4740: checking for ranlib
configure:4761: found /usr/bin/ranlib
configure:4772: result: ranlib
configure:4798: checking if 64bit support is requested
configure:4808: result: no
configure:4813: checking if 64bit Sparc VIS support is requested
configure:4823: result: no
configure:4834: checking if compiler supports visibility "hidden"
configure:4855: gcc  -o conftest  -pipe -Werror -I/usr/local/opt/zlib/include  conftest.c  >&5
configure:4855: $? = 0
configure:4865: result: yes
configure:4881: checking if rpath support is requested
configure:4891: result: yes
configure:4898: checking system version
configure:4930: result: Darwin-20.6.0
configure:4938: checking for dlopen in -ldl
configure:4961: gcc  -o conftest  -pipe -I/usr/local/opt/zlib/include  conftest.c -ldl   >&5
configure:4961: $? = 0
configure:4971: result: yes
configure:5060: checking for ar
configure:5081: found /usr/bin/ar
configure:5092: result: ar
configure:6033: checking if ld accepts -single_module flag
configure:6053: gcc  -o conftest -pipe  -I/usr/local/opt/zlib/include   -dynamiclib -Wl,-single_module conftest.c  >&5
configure:6053: $? = 0
configure:6063: result: yes
configure:6075: checking if ld accepts -search_paths_first flag
configure:6095: gcc  -o conftest -pipe  -I/usr/local/opt/zlib/include   -headerpad_max_install_names -Wl,-search_paths_first conftest.c  >&5
configure:6095: $? = 0
configure:6105: result: yes
configure:6130: checking whether to use CoreFoundation
configure:6140: result: no
configure:6849: checking for cast to union support
configure:6869: gcc  -c -pipe  -I/usr/local/opt/zlib/include  conftest.c >&5
configure:6869: $? = 0
configure:6878: result: yes
configure:6886: checking for working -fno-lto
configure:6903: gcc  -c -pipe  -fno-lto -I/usr/local/opt/zlib/include  conftest.c >&5
configure:6903: $? = 0
configure:6912: result: yes
configure:6968: checking for build with symbols
configure:6985: result: no
configure:7025: checking for required early compiler flags
configure:7044: gcc  -c -pipe  -I/usr/local/opt/zlib/include  conftest.c >&5
configure:7044: $? = 0
configure:7094: gcc  -c -pipe  -I/usr/local/opt/zlib/include  conftest.c >&5
configure:7094: $? = 0
configure:7144: gcc  -c -pipe  -I/usr/local/opt/zlib/include  conftest.c >&5
conftest.c: In function 'main':
conftest.c:32:19: error: 'open64' undeclared (first use in this function)
   32 | char *p = (char *)open64;
      |                   ^~~~~~
conftest.c:32:19: note: each undeclared identifier is reported only once for each function it appears in
configure:7144: $? = 1
configure: failed program was:
| /* confdefs.h */
| #define PACKAGE_NAME "tk"
| #define PACKAGE_TARNAME "tk"
| #define PACKAGE_VERSION "8.6"
| #define PACKAGE_STRING "tk 8.6"
| #define PACKAGE_BUGREPORT ""
| #define PACKAGE_URL ""
| #define HAVE_STDIO_H 1
| #define HAVE_STDLIB_H 1
| #define HAVE_STRING_H 1
| #define HAVE_INTTYPES_H 1
| #define HAVE_STDINT_H 1
| #define HAVE_STRINGS_H 1
| #define HAVE_SYS_STAT_H 1
| #define HAVE_SYS_TYPES_H 1
| #define HAVE_UNISTD_H 1
| #define HAVE_SYS_TIME_H 1
| #define STDC_HEADERS 1
| #define STATIC_BUILD 1
| #define MODULE_SCOPE extern __attribute__((__visibility__("hidden")))
| #define HAVE_HIDDEN 1
| #define MAC_OSX_TCL 1
| #define HAVE_CAST_TO_UNION 1
| #define TCL_SHLIB_EXT ".dylib"
| #define NDEBUG 1
| #define TCL_CFG_OPTIMIZED 1
| /* end confdefs.h.  */
| #include <sys/stat.h>
| int
| main (void)
| {
| char *p = (char *)open64;
|   ;
|   return 0;
| }
configure:7160: gcc  -c -pipe  -I/usr/local/opt/zlib/include  conftest.c >&5
conftest.c: In function 'main':
conftest.c:33:19: error: 'open64' undeclared (first use in this function)
   33 | char *p = (char *)open64;
      |                   ^~~~~~
conftest.c:33:19: note: each undeclared identifier is reported only once for each function it appears in
configure:7160: $? = 1
configure: failed program was:
| /* confdefs.h */
| #define PACKAGE_NAME "tk"
| #define PACKAGE_TARNAME "tk"
| #define PACKAGE_VERSION "8.6"
| #define PACKAGE_STRING "tk 8.6"
| #define PACKAGE_BUGREPORT ""
| #define PACKAGE_URL ""
| #define HAVE_STDIO_H 1
| #define HAVE_STDLIB_H 1
| #define HAVE_STRING_H 1
| #define HAVE_INTTYPES_H 1
| #define HAVE_STDINT_H 1
| #define HAVE_STRINGS_H 1
| #define HAVE_SYS_STAT_H 1
| #define HAVE_SYS_TYPES_H 1
| #define HAVE_UNISTD_H 1
| #define HAVE_SYS_TIME_H 1
| #define STDC_HEADERS 1
| #define STATIC_BUILD 1
| #define MODULE_SCOPE extern __attribute__((__visibility__("hidden")))
| #define HAVE_HIDDEN 1
| #define MAC_OSX_TCL 1
| #define HAVE_CAST_TO_UNION 1
| #define TCL_SHLIB_EXT ".dylib"
| #define NDEBUG 1
| #define TCL_CFG_OPTIMIZED 1
| /* end confdefs.h.  */
| #define _LARGEFILE_SOURCE64 1
| #include <sys/stat.h>
| int
| main (void)
| {
| char *p = (char *)open64;
|   ;
|   return 0;
| }
configure:7179: result: none
configure:7188: checking for 64-bit integer type
configure:7208: gcc  -c -pipe  -I/usr/local/opt/zlib/include  conftest.c >&5
conftest.c: In function 'main':
conftest.c:32:1: error: unknown type name '__int64'
   32 | __int64 value = (__int64) 0;
      | ^~~~~~~
conftest.c:32:18: error: '__int64' undeclared (first use in this function)
   32 | __int64 value = (__int64) 0;
      |                  ^~~~~~~
conftest.c:32:18: note: each undeclared identifier is reported only once for each function it appears in
conftest.c:32:27: error: expected ',' or ';' before numeric constant
   32 | __int64 value = (__int64) 0;
      |                           ^
configure:7208: $? = 1
configure: failed program was:
| /* confdefs.h */
| #define PACKAGE_NAME "tk"
| #define PACKAGE_TARNAME "tk"
| #define PACKAGE_VERSION "8.6"
| #define PACKAGE_STRING "tk 8.6"
| #define PACKAGE_BUGREPORT ""
| #define PACKAGE_URL ""
| #define HAVE_STDIO_H 1
| #define HAVE_STDLIB_H 1
| #define HAVE_STRING_H 1
| #define HAVE_INTTYPES_H 1
| #define HAVE_STDINT_H 1
| #define HAVE_STRINGS_H 1
| #define HAVE_SYS_STAT_H 1
| #define HAVE_SYS_TYPES_H 1
| #define HAVE_UNISTD_H 1
| #define HAVE_SYS_TIME_H 1
| #define STDC_HEADERS 1
| #define STATIC_BUILD 1
| #define MODULE_SCOPE extern __attribute__((__visibility__("hidden")))
| #define HAVE_HIDDEN 1
| #define MAC_OSX_TCL 1
| #define HAVE_CAST_TO_UNION 1
| #define TCL_SHLIB_EXT ".dylib"
| #define NDEBUG 1
| #define TCL_CFG_OPTIMIZED 1
| /* end confdefs.h.  */
| 
| int
| main (void)
| {
| __int64 value = (__int64) 0;
|   ;
|   return 0;
| }
configure:7231: gcc  -c -pipe  -I/usr/local/opt/zlib/include  conftest.c >&5
conftest.c: In function 'main':
conftest.c:33:21: error: duplicate case value
   33 |             case 1: case (sizeof(long long)==sizeof(long)): ;
      |                     ^~~~
conftest.c:33:13: note: previously used here
   33 |             case 1: case (sizeof(long long)==sizeof(long)): ;
      |             ^~~~
configure:7231: $? = 1
configure: failed program was:
| /* confdefs.h */
| #define PACKAGE_NAME "tk"
| #define PACKAGE_TARNAME "tk"
| #define PACKAGE_VERSION "8.6"
| #define PACKAGE_STRING "tk 8.6"
| #define PACKAGE_BUGREPORT ""
| #define PACKAGE_URL ""
| #define HAVE_STDIO_H 1
| #define HAVE_STDLIB_H 1
| #define HAVE_STRING_H 1
| #define HAVE_INTTYPES_H 1
| #define HAVE_STDINT_H 1
| #define HAVE_STRINGS_H 1
| #define HAVE_SYS_STAT_H 1
| #define HAVE_SYS_TYPES_H 1
| #define HAVE_UNISTD_H 1
| #define HAVE_SYS_TIME_H 1
| #define STDC_HEADERS 1
| #define STATIC_BUILD 1
| #define MODULE_SCOPE extern __attribute__((__visibility__("hidden")))
| #define HAVE_HIDDEN 1
| #define MAC_OSX_TCL 1
| #define HAVE_CAST_TO_UNION 1
| #define TCL_SHLIB_EXT ".dylib"
| #define NDEBUG 1
| #define TCL_CFG_OPTIMIZED 1
| /* end confdefs.h.  */
| 
| int
| main (void)
| {
| switch (0) {
|             case 1: case (sizeof(long long)==sizeof(long)): ;
|         }
|   ;
|   return 0;
| }
configure:7242: result: using long
configure:7418: checking whether byte ordering is bigendian
configure:7434: gcc  -c -pipe  -I/usr/local/opt/zlib/include  conftest.c >&5
configure:7434: $? = 0
configure:7480: gcc  -c -pipe  -I/usr/local/opt/zlib/include  conftest.c >&5
configure:7480: $? = 0
configure:7499: gcc  -c -pipe  -I/usr/local/opt/zlib/include  conftest.c >&5
conftest.c: In function 'main':
conftest.c:36:18: error: unknown type name 'not'; did you mean 'ino_t'?
   36 |                  not big endian
      |                  ^~~
      |                  ino_t
conftest.c:36:26: error: expected '=', ',', ';', 'asm' or '__attribute__' before 'endian'
   36 |                  not big endian
      |                          ^~~~~~
configure:7499: $? = 1
configure: failed program was:
| /* confdefs.h */
| #define PACKAGE_NAME "tk"
| #define PACKAGE_TARNAME "tk"
| #define PACKAGE_VERSION "8.6"
| #define PACKAGE_STRING "tk 8.6"
| #define PACKAGE_BUGREPORT ""
| #define PACKAGE_URL ""
| #define HAVE_STDIO_H 1
| #define HAVE_STDLIB_H 1
| #define HAVE_STRING_H 1
| #define HAVE_INTTYPES_H 1
| #define HAVE_STDINT_H 1
| #define HAVE_STRINGS_H 1
| #define HAVE_SYS_STAT_H 1
| #define HAVE_SYS_TYPES_H 1
| #define HAVE_UNISTD_H 1
| #define HAVE_SYS_TIME_H 1
| #define STDC_HEADERS 1
| #define STATIC_BUILD 1
| #define MODULE_SCOPE extern __attribute__((__visibility__("hidden")))
| #define HAVE_HIDDEN 1
| #define MAC_OSX_TCL 1
| #define HAVE_CAST_TO_UNION 1
| #define TCL_SHLIB_EXT ".dylib"
| #define NDEBUG 1
| #define TCL_CFG_OPTIMIZED 1
| #define TCL_WIDE_INT_IS_LONG 1
| /* end confdefs.h.  */
| #include <sys/types.h>
| 		#include <sys/param.h>
| 
| int
| main (void)
| {
| #if BYTE_ORDER != BIG_ENDIAN
| 		 not big endian
| 		#endif
| 
|   ;
|   return 0;
| }
configure:7633: result: no
configure:7682: checking for fd_set in sys/types
configure:7700: gcc  -c -pipe  -I/usr/local/opt/zlib/include  conftest.c >&5
configure:7700: $? = 0
configure:7708: result: yes
configure:7753: checking for sys/time.h
configure:7753: result: yes
configure:7776: checking for mode_t
configure:7776: gcc  -c -pipe  -I/usr/local/opt/zlib/include  conftest.c >&5
configure:7776: $? = 0
configure:7776: gcc  -c -pipe  -I/usr/local/opt/zlib/include  conftest.c >&5
conftest.c: In function 'main':
conftest.c:62:21: error: expected expression before ')' token
   62 | if (sizeof ((mode_t)))
      |                     ^
configure:7776: $? = 1
configure: failed program was:
| /* confdefs.h */
| #define PACKAGE_NAME "tk"
| #define PACKAGE_TARNAME "tk"
| #define PACKAGE_VERSION "8.6"
| #define PACKAGE_STRING "tk 8.6"
| #define PACKAGE_BUGREPORT ""
| #define PACKAGE_URL ""
| #define HAVE_STDIO_H 1
| #define HAVE_STDLIB_H 1
| #define HAVE_STRING_H 1
| #define HAVE_INTTYPES_H 1
| #define HAVE_STDINT_H 1
| #define HAVE_STRINGS_H 1
| #define HAVE_SYS_STAT_H 1
| #define HAVE_SYS_TYPES_H 1
| #define HAVE_UNISTD_H 1
| #define HAVE_SYS_TIME_H 1
| #define STDC_HEADERS 1
| #define STATIC_BUILD 1
| #define MODULE_SCOPE extern __attribute__((__visibility__("hidden")))
| #define HAVE_HIDDEN 1
| #define MAC_OSX_TCL 1
| #define HAVE_CAST_TO_UNION 1
| #define TCL_SHLIB_EXT ".dylib"
| #define NDEBUG 1
| #define TCL_CFG_OPTIMIZED 1
| #define TCL_WIDE_INT_IS_LONG 1
| #define HAVE_SYS_TIME_H 1
| #define TIME_WITH_SYS_TIME 1
| /* end confdefs.h.  */
| #include <stddef.h>
| #ifdef HAVE_STDIO_H
| # include <stdio.h>
| #endif
| #ifdef HAVE_STDLIB_H
| # include <stdlib.h>
| #endif
| #ifdef HAVE_STRING_H
| # include <string.h>
| #endif
| #ifdef HAVE_INTTYPES_H
| # include <inttypes.h>
| #endif
| #ifdef HAVE_STDINT_H
| # include <stdint.h>
| #endif
| #ifdef HAVE_STRINGS_H
| # include <strings.h>
| #endif
| #ifdef HAVE_SYS_TYPES_H
| # include <sys/types.h>
| #endif
| #ifdef HAVE_SYS_STAT_H
| # include <sys/stat.h>
| #endif
| #ifdef HAVE_UNISTD_H
| # include <unistd.h>
| #endif
| int
| main (void)
| {
| if (sizeof ((mode_t)))
| 	    return 0;
|   ;
|   return 0;
| }
configure:7776: result: yes
configure:7787: checking for pid_t
configure:7787: gcc  -c -pipe  -I/usr/local/opt/zlib/include  conftest.c >&5
configure:7787: $? = 0
configure:7787: gcc  -c -pipe  -I/usr/local/opt/zlib/include  conftest.c >&5
conftest.c: In function 'main':
conftest.c:63:20: error: expected expression before ')' token
   63 | if (sizeof ((pid_t)))
      |                    ^
configure:7787: $? = 1
configure: failed program was:
| /* confdefs.h */
| #define PACKAGE_NAME "tk"
| #define PACKAGE_TARNAME "tk"
| #define PACKAGE_VERSION "8.6"
| #define PACKAGE_STRING "tk 8.6"
| #define PACKAGE_BUGREPORT ""
| #define PACKAGE_URL ""
| #define HAVE_STDIO_H 1
| #define HAVE_STDLIB_H 1
| #define HAVE_STRING_H 1
| #define HAVE_INTTYPES_H 1
| #define HAVE_STDINT_H 1
| #define HAVE_STRINGS_H 1
| #define HAVE_SYS_STAT_H 1
| #define HAVE_SYS_TYPES_H 1
| #define HAVE_UNISTD_H 1
| #define HAVE_SYS_TIME_H 1
| #define STDC_HEADERS 1
| #define STATIC_BUILD 1
| #define MODULE_SCOPE extern __attribute__((__visibility__("hidden")))
| #define HAVE_HIDDEN 1
| #define MAC_OSX_TCL 1
| #define HAVE_CAST_TO_UNION 1
| #define TCL_SHLIB_EXT ".dylib"
| #define NDEBUG 1
| #define TCL_CFG_OPTIMIZED 1
| #define TCL_WIDE_INT_IS_LONG 1
| #define HAVE_SYS_TIME_H 1
| #define TIME_WITH_SYS_TIME 1
| /* end confdefs.h.  */
| #include <stddef.h>
| #ifdef HAVE_STDIO_H
| # include <stdio.h>
| #endif
| #ifdef HAVE_STDLIB_H
| # include <stdlib.h>
| #endif
| #ifdef HAVE_STRING_H
| # include <string.h>
| #endif
| #ifdef HAVE_INTTYPES_H
| # include <inttypes.h>
| #endif
| #ifdef HAVE_STDINT_H
| # include <stdint.h>
| #endif
| #ifdef HAVE_STRINGS_H
| # include <strings.h>
| #endif
| #ifdef HAVE_SYS_TYPES_H
| # include <sys/types.h>
| #endif
| #ifdef HAVE_SYS_STAT_H
| # include <sys/stat.h>
| #endif
| #ifdef HAVE_UNISTD_H
| # include <unistd.h>
| #endif
| 
| int
| main (void)
| {
| if (sizeof ((pid_t)))
| 	    return 0;
|   ;
|   return 0;
| }
configure:7787: result: yes
configure:7823: checking for size_t
configure:7823: gcc  -c -pipe  -I/usr/local/opt/zlib/include  conftest.c >&5
configure:7823: $? = 0
configure:7823: gcc  -c -pipe  -I/usr/local/opt/zlib/include  conftest.c >&5
conftest.c: In function 'main':
conftest.c:62:21: error: expected expression before ')' token
   62 | if (sizeof ((size_t)))
      |                     ^
configure:7823: $? = 1
configure: failed program was:
| /* confdefs.h */
| #define PACKAGE_NAME "tk"
| #define PACKAGE_TARNAME "tk"
| #define PACKAGE_VERSION "8.6"
| #define PACKAGE_STRING "tk 8.6"
| #define PACKAGE_BUGREPORT ""
| #define PACKAGE_URL ""
| #define HAVE_STDIO_H 1
| #define HAVE_STDLIB_H 1
| #define HAVE_STRING_H 1
| #define HAVE_INTTYPES_H 1
| #define HAVE_STDINT_H 1
| #define HAVE_STRINGS_H 1
| #define HAVE_SYS_STAT_H 1
| #define HAVE_SYS_TYPES_H 1
| #define HAVE_UNISTD_H 1
| #define HAVE_SYS_TIME_H 1
| #define STDC_HEADERS 1
| #define STATIC_BUILD 1
| #define MODULE_SCOPE extern __attribute__((__visibility__("hidden")))
| #define HAVE_HIDDEN 1
| #define MAC_OSX_TCL 1
| #define HAVE_CAST_TO_UNION 1
| #define TCL_SHLIB_EXT ".dylib"
| #define NDEBUG 1
| #define TCL_CFG_OPTIMIZED 1
| #define TCL_WIDE_INT_IS_LONG 1
| #define HAVE_SYS_TIME_H 1
| #define TIME_WITH_SYS_TIME 1
| /* end confdefs.h.  */
| #include <stddef.h>
| #ifdef HAVE_STDIO_H
| # include <stdio.h>
| #endif
| #ifdef HAVE_STDLIB_H
| # include <stdlib.h>
| #endif
| #ifdef HAVE_STRING_H
| # include <string.h>
| #endif
| #ifdef HAVE_INTTYPES_H
| # include <inttypes.h>
| #endif
| #ifdef HAVE_STDINT_H
| # include <stdint.h>
| #endif
| #ifdef HAVE_STRINGS_H
| # include <strings.h>
| #endif
| #ifdef HAVE_SYS_TYPES_H
| # include <sys/types.h>
| #endif
| #ifdef HAVE_SYS_STAT_H
| # include <sys/stat.h>
| #endif
| #ifdef HAVE_UNISTD_H
| # include <unistd.h>
| #endif
| int
| main (void)
| {
| if (sizeof ((size_t)))
| 	    return 0;
|   ;
|   return 0;
| }
configure:7823: result: yes
configure:7833: checking for uid_t in sys/types.h
configure:7854: result: yes
configure:7866: checking for intptr_t
configure:7866: gcc  -c -pipe  -I/usr/local/opt/zlib/include  conftest.c >&5
configure:7866: $? = 0
configure:7866: gcc  -c -pipe  -I/usr/local/opt/zlib/include  conftest.c >&5
conftest.c: In function 'main':
conftest.c:62:23: error: expected expression before ')' token
   62 | if (sizeof ((intptr_t)))
      |                       ^
configure:7866: $? = 1
configure: failed program was:
| /* confdefs.h */
| #define PACKAGE_NAME "tk"
| #define PACKAGE_TARNAME "tk"
| #define PACKAGE_VERSION "8.6"
| #define PACKAGE_STRING "tk 8.6"
| #define PACKAGE_BUGREPORT ""
| #define PACKAGE_URL ""
| #define HAVE_STDIO_H 1
| #define HAVE_STDLIB_H 1
| #define HAVE_STRING_H 1
| #define HAVE_INTTYPES_H 1
| #define HAVE_STDINT_H 1
| #define HAVE_STRINGS_H 1
| #define HAVE_SYS_STAT_H 1
| #define HAVE_SYS_TYPES_H 1
| #define HAVE_UNISTD_H 1
| #define HAVE_SYS_TIME_H 1
| #define STDC_HEADERS 1
| #define STATIC_BUILD 1
| #define MODULE_SCOPE extern __attribute__((__visibility__("hidden")))
| #define HAVE_HIDDEN 1
| #define MAC_OSX_TCL 1
| #define HAVE_CAST_TO_UNION 1
| #define TCL_SHLIB_EXT ".dylib"
| #define NDEBUG 1
| #define TCL_CFG_OPTIMIZED 1
| #define TCL_WIDE_INT_IS_LONG 1
| #define HAVE_SYS_TIME_H 1
| #define TIME_WITH_SYS_TIME 1
| /* end confdefs.h.  */
| #include <stddef.h>
| #ifdef HAVE_STDIO_H
| # include <stdio.h>
| #endif
| #ifdef HAVE_STDLIB_H
| # include <stdlib.h>
| #endif
| #ifdef HAVE_STRING_H
| # include <string.h>
| #endif
| #ifdef HAVE_INTTYPES_H
| # include <inttypes.h>
| #endif
| #ifdef HAVE_STDINT_H
| # include <stdint.h>
| #endif
| #ifdef HAVE_STRINGS_H
| # include <strings.h>
| #endif
| #ifdef HAVE_SYS_TYPES_H
| # include <sys/types.h>
| #endif
| #ifdef HAVE_SYS_STAT_H
| # include <sys/stat.h>
| #endif
| #ifdef HAVE_UNISTD_H
| # include <unistd.h>
| #endif
| int
| main (void)
| {
| if (sizeof ((intptr_t)))
| 	    return 0;
|   ;
|   return 0;
| }
configure:7866: result: yes
configure:7918: checking for uintptr_t
configure:7918: gcc  -c -pipe  -I/usr/local/opt/zlib/include  conftest.c >&5
configure:7918: $? = 0
configure:7918: gcc  -c -pipe  -I/usr/local/opt/zlib/include  conftest.c >&5
conftest.c: In function 'main':
conftest.c:63:24: error: expected expression before ')' token
   63 | if (sizeof ((uintptr_t)))
      |                        ^
configure:7918: $? = 1
configure: failed program was:
| /* confdefs.h */
| #define PACKAGE_NAME "tk"
| #define PACKAGE_TARNAME "tk"
| #define PACKAGE_VERSION "8.6"
| #define PACKAGE_STRING "tk 8.6"
| #define PACKAGE_BUGREPORT ""
| #define PACKAGE_URL ""
| #define HAVE_STDIO_H 1
| #define HAVE_STDLIB_H 1
| #define HAVE_STRING_H 1
| #define HAVE_INTTYPES_H 1
| #define HAVE_STDINT_H 1
| #define HAVE_STRINGS_H 1
| #define HAVE_SYS_STAT_H 1
| #define HAVE_SYS_TYPES_H 1
| #define HAVE_UNISTD_H 1
| #define HAVE_SYS_TIME_H 1
| #define STDC_HEADERS 1
| #define STATIC_BUILD 1
| #define MODULE_SCOPE extern __attribute__((__visibility__("hidden")))
| #define HAVE_HIDDEN 1
| #define MAC_OSX_TCL 1
| #define HAVE_CAST_TO_UNION 1
| #define TCL_SHLIB_EXT ".dylib"
| #define NDEBUG 1
| #define TCL_CFG_OPTIMIZED 1
| #define TCL_WIDE_INT_IS_LONG 1
| #define HAVE_SYS_TIME_H 1
| #define TIME_WITH_SYS_TIME 1
| #define HAVE_INTPTR_T 1
| /* end confdefs.h.  */
| #include <stddef.h>
| #ifdef HAVE_STDIO_H
| # include <stdio.h>
| #endif
| #ifdef HAVE_STDLIB_H
| # include <stdlib.h>
| #endif
| #ifdef HAVE_STRING_H
| # include <string.h>
| #endif
| #ifdef HAVE_INTTYPES_H
| # include <inttypes.h>
| #endif
| #ifdef HAVE_STDINT_H
| # include <stdint.h>
| #endif
| #ifdef HAVE_STRINGS_H
| # include <strings.h>
| #endif
| #ifdef HAVE_SYS_TYPES_H
| # include <sys/types.h>
| #endif
| #ifdef HAVE_SYS_STAT_H
| # include <sys/stat.h>
| #endif
| #ifdef HAVE_UNISTD_H
| # include <unistd.h>
| #endif
| int
| main (void)
| {
| if (sizeof ((uintptr_t)))
| 	    return 0;
|   ;
|   return 0;
| }
configure:7918: result: yes
configure:7976: checking pw_gecos in struct pwd
configure:7994: gcc  -c -pipe  -I/usr/local/opt/zlib/include  conftest.c >&5
configure:7994: $? = 0
configure:8002: result: yes
configure:8015: checking whether to use Aqua
configure:8043: result: no
configure:8097: checking if ld accepts -weak-l flag
configure:8117: gcc  -o conftest -pipe  -I/usr/local/opt/zlib/include   -headerpad_max_install_names -Wl,-search_paths_first  -Wl,-weak-lm conftest.c  >&5
configure:8117: $? = 0
configure:8127: result: yes
configure:8130: checking for AvailabilityMacros.h
configure:8130: gcc  -c -pipe  -I/usr/local/opt/zlib/include  conftest.c >&5
configure:8130: $? = 0
configure:8130: result: yes
configure:8138: checking if weak import is available
configure:8166: gcc  -o conftest -pipe  -Werror -I/usr/local/opt/zlib/include   -headerpad_max_install_names -Wl,-search_paths_first  conftest.c  >&5
configure:8166: $? = 0
configure:8176: result: yes
configure:8183: checking if Darwin SUSv3 extensions are available
configure:8212: gcc  -c -pipe  -Werror -I/usr/local/opt/zlib/include  conftest.c >&5
configure:8212: $? = 0
configure:8221: result: yes
configure:8259: checking for X
configure:8297: gcc  -o conftest -pipe  -I/usr/local/opt/zlib/include   -headerpad_max_install_names -Wl,-search_paths_first  conftest.c -lX11  >&5
conftest.c:37:10: fatal error: X11/Xlib.h: No such file or directory
   37 | #include <X11/Xlib.h>
      |          ^~~~~~~~~~~~
compilation terminated.
configure:8297: $? = 1
configure: failed program was:
| /* confdefs.h */
| #define PACKAGE_NAME "tk"
| #define PACKAGE_TARNAME "tk"
| #define PACKAGE_VERSION "8.6"
| #define PACKAGE_STRING "tk 8.6"
| #define PACKAGE_BUGREPORT ""
| #define PACKAGE_URL ""
| #define HAVE_STDIO_H 1
| #define HAVE_STDLIB_H 1
| #define HAVE_STRING_H 1
| #define HAVE_INTTYPES_H 1
| #define HAVE_STDINT_H 1
| #define HAVE_STRINGS_H 1
| #define HAVE_SYS_STAT_H 1
| #define HAVE_SYS_TYPES_H 1
| #define HAVE_UNISTD_H 1
| #define HAVE_SYS_TIME_H 1
| #define STDC_HEADERS 1
| #define STATIC_BUILD 1
| #define MODULE_SCOPE extern __attribute__((__visibility__("hidden")))
| #define HAVE_HIDDEN 1
| #define MAC_OSX_TCL 1
| #define HAVE_CAST_TO_UNION 1
| #define TCL_SHLIB_EXT ".dylib"
| #define NDEBUG 1
| #define TCL_CFG_OPTIMIZED 1
| #define TCL_WIDE_INT_IS_LONG 1
| #define HAVE_SYS_TIME_H 1
| #define TIME_WITH_SYS_TIME 1
| #define HAVE_INTPTR_T 1
| #define HAVE_UINTPTR_T 1
| #define HAVE_PW_GECOS 1
| #define HAVE_AVAILABILITYMACROS_H 1
| #define HAVE_WEAK_IMPORT 1
| #define _DARWIN_C_SOURCE 1
| /* end confdefs.h.  */
| #include <X11/Xlib.h>
| int
| main (void)
| {
| XrmInitialize ()
|   ;
|   return 0;
| }
configure:8399: gcc  -E -I/usr/local/opt/zlib/include  conftest.c
conftest.c:37:10: fatal error: X11/Xlib.h: No such file or directory
   37 | #include <X11/Xlib.h>
      |          ^~~~~~~~~~~~
compilation terminated.
configure:8399: $? = 1
configure: failed program was:
| /* confdefs.h */
| #define PACKAGE_NAME "tk"
| #define PACKAGE_TARNAME "tk"
| #define PACKAGE_VERSION "8.6"
| #define PACKAGE_STRING "tk 8.6"
| #define PACKAGE_BUGREPORT ""
| #define PACKAGE_URL ""
| #define HAVE_STDIO_H 1
| #define HAVE_STDLIB_H 1
| #define HAVE_STRING_H 1
| #define HAVE_INTTYPES_H 1
| #define HAVE_STDINT_H 1
| #define HAVE_STRINGS_H 1
| #define HAVE_SYS_STAT_H 1
| #define HAVE_SYS_TYPES_H 1
| #define HAVE_UNISTD_H 1
| #define HAVE_SYS_TIME_H 1
| #define STDC_HEADERS 1
| #define STATIC_BUILD 1
| #define MODULE_SCOPE extern __attribute__((__visibility__("hidden")))
| #define HAVE_HIDDEN 1
| #define MAC_OSX_TCL 1
| #define HAVE_CAST_TO_UNION 1
| #define TCL_SHLIB_EXT ".dylib"
| #define NDEBUG 1
| #define TCL_CFG_OPTIMIZED 1
| #define TCL_WIDE_INT_IS_LONG 1
| #define HAVE_SYS_TIME_H 1
| #define TIME_WITH_SYS_TIME 1
| #define HAVE_INTPTR_T 1
| #define HAVE_UINTPTR_T 1
| #define HAVE_PW_GECOS 1
| #define HAVE_AVAILABILITYMACROS_H 1
| #define HAVE_WEAK_IMPORT 1
| #define _DARWIN_C_SOURCE 1
| /* end confdefs.h.  */
| #include <X11/Xlib.h>
configure:8431: gcc  -o conftest -pipe  -I/usr/local/opt/zlib/include   -headerpad_max_install_names -Wl,-search_paths_first  conftest.c -lX11  >&5
conftest.c:37:10: fatal error: X11/Xlib.h: No such file or directory
   37 | #include <X11/Xlib.h>
      |          ^~~~~~~~~~~~
compilation terminated.
configure:8431: $? = 1
configure: failed program was:
| /* confdefs.h */
| #define PACKAGE_NAME "tk"
| #define PACKAGE_TARNAME "tk"
| #define PACKAGE_VERSION "8.6"
| #define PACKAGE_STRING "tk 8.6"
| #define PACKAGE_BUGREPORT ""
| #define PACKAGE_URL ""
| #define HAVE_STDIO_H 1
| #define HAVE_STDLIB_H 1
| #define HAVE_STRING_H 1
| #define HAVE_INTTYPES_H 1
| #define HAVE_STDINT_H 1
| #define HAVE_STRINGS_H 1
| #define HAVE_SYS_STAT_H 1
| #define HAVE_SYS_TYPES_H 1
| #define HAVE_UNISTD_H 1
| #define HAVE_SYS_TIME_H 1
| #define STDC_HEADERS 1
| #define STATIC_BUILD 1
| #define MODULE_SCOPE extern __attribute__((__visibility__("hidden")))
| #define HAVE_HIDDEN 1
| #define MAC_OSX_TCL 1
| #define HAVE_CAST_TO_UNION 1
| #define TCL_SHLIB_EXT ".dylib"
| #define NDEBUG 1
| #define TCL_CFG_OPTIMIZED 1
| #define TCL_WIDE_INT_IS_LONG 1
| #define HAVE_SYS_TIME_H 1
| #define TIME_WITH_SYS_TIME 1
| #define HAVE_INTPTR_T 1
| #define HAVE_UINTPTR_T 1
| #define HAVE_PW_GECOS 1
| #define HAVE_AVAILABILITYMACROS_H 1
| #define HAVE_WEAK_IMPORT 1
| #define _DARWIN_C_SOURCE 1
| /* end confdefs.h.  */
| #include <X11/Xlib.h>
| int
| main (void)
| {
| XrmInitialize ()
|   ;
|   return 0;
| }
configure:8484: result: libraries /usr/X11/lib, headers /usr/X11/include
configure:8660: checking for main in -lXbsd
configure:8680: gcc  -o conftest -pipe  -I/usr/local/opt/zlib/include   -headerpad_max_install_names -Wl,-search_paths_first  conftest.c -lXbsd   >&5
ld: library not found for -lXbsd
collect2: error: ld returned 1 exit status
configure:8680: $? = 1
configure: failed program was:
| /* confdefs.h */
| #define PACKAGE_NAME "tk"
| #define PACKAGE_TARNAME "tk"
| #define PACKAGE_VERSION "8.6"
| #define PACKAGE_STRING "tk 8.6"
| #define PACKAGE_BUGREPORT ""
| #define PACKAGE_URL ""
| #define HAVE_STDIO_H 1
| #define HAVE_STDLIB_H 1
| #define HAVE_STRING_H 1
| #define HAVE_INTTYPES_H 1
| #define HAVE_STDINT_H 1
| #define HAVE_STRINGS_H 1
| #define HAVE_SYS_STAT_H 1
| #define HAVE_SYS_TYPES_H 1
| #define HAVE_UNISTD_H 1
| #define HAVE_SYS_TIME_H 1
| #define STDC_HEADERS 1
| #define STATIC_BUILD 1
| #define MODULE_SCOPE extern __attribute__((__visibility__("hidden")))
| #define HAVE_HIDDEN 1
| #define MAC_OSX_TCL 1
| #define HAVE_CAST_TO_UNION 1
| #define TCL_SHLIB_EXT ".dylib"
| #define NDEBUG 1
| #define TCL_CFG_OPTIMIZED 1
| #define TCL_WIDE_INT_IS_LONG 1
| #define HAVE_SYS_TIME_H 1
| #define TIME_WITH_SYS_TIME 1
| #define HAVE_INTPTR_T 1
| #define HAVE_UINTPTR_T 1
| #define HAVE_PW_GECOS 1
| #define HAVE_AVAILABILITYMACROS_H 1
| #define HAVE_WEAK_IMPORT 1
| #define _DARWIN_C_SOURCE 1
| /* end confdefs.h.  */
| 
| 
| int
| main (void)
| {
| return main ();
|   ;
|   return 0;
| }
configure:8690: result: no
configure:8755: checking whether to use xft
configure:8768: result: no
configure:8942: checking for X11/XKBlib.h
configure:8942: gcc  -c -pipe  -I/usr/X11/include -I/usr/local/opt/zlib/include  conftest.c >&5
configure:8942: $? = 0
configure:8942: result: yes
configure:8956: checking for XkbKeycodeToKeysym in -lX11
configure:8979: gcc  -o conftest -pipe  -I/usr/X11/include -I/usr/local/opt/zlib/include   -headerpad_max_install_names -Wl,-search_paths_first  conftest.c -lX11   -L/usr/X11/lib -lX11 >&5
configure:8979: $? = 0
configure:8989: result: yes
configure:9019: checking whether XKeycodeToKeysym is deprecated
configure:9038: gcc  -o conftest -pipe  -Werror -I/usr/local/opt/zlib/include   -headerpad_max_install_names -Wl,-search_paths_first  conftest.c  >&5
conftest.c:39:18: fatal error: X11/Xlib.h: No such file or directory
   39 |         #include <X11/Xlib.h>
      |                  ^~~~~~~~~~~~
compilation terminated.
configure:9038: $? = 1
configure: failed program was:
| /* confdefs.h */
| #define PACKAGE_NAME "tk"
| #define PACKAGE_TARNAME "tk"
| #define PACKAGE_VERSION "8.6"
| #define PACKAGE_STRING "tk 8.6"
| #define PACKAGE_BUGREPORT ""
| #define PACKAGE_URL ""
| #define HAVE_STDIO_H 1
| #define HAVE_STDLIB_H 1
| #define HAVE_STRING_H 1
| #define HAVE_INTTYPES_H 1
| #define HAVE_STDINT_H 1
| #define HAVE_STRINGS_H 1
| #define HAVE_SYS_STAT_H 1
| #define HAVE_SYS_TYPES_H 1
| #define HAVE_UNISTD_H 1
| #define HAVE_SYS_TIME_H 1
| #define STDC_HEADERS 1
| #define STATIC_BUILD 1
| #define MODULE_SCOPE extern __attribute__((__visibility__("hidden")))
| #define HAVE_HIDDEN 1
| #define MAC_OSX_TCL 1
| #define HAVE_CAST_TO_UNION 1
| #define TCL_SHLIB_EXT ".dylib"
| #define NDEBUG 1
| #define TCL_CFG_OPTIMIZED 1
| #define TCL_WIDE_INT_IS_LONG 1
| #define HAVE_SYS_TIME_H 1
| #define TIME_WITH_SYS_TIME 1
| #define HAVE_INTPTR_T 1
| #define HAVE_UINTPTR_T 1
| #define HAVE_PW_GECOS 1
| #define HAVE_AVAILABILITYMACROS_H 1
| #define HAVE_WEAK_IMPORT 1
| #define _DARWIN_C_SOURCE 1
| #define HAVE_XKBKEYCODETOKEYSYM 1
| /* end confdefs.h.  */
| 
| 	#include <X11/Xlib.h>
| 
| int
| main (void)
| {
| 
| 	XKeycodeToKeysym(0,0,0);
| 
|   ;
|   return 0;
| }
configure:9046: result: yes
configure:9074: checking whether to try to use XScreenSaver
configure:9085: result: no
configure:9218: checking whether char is unsigned
configure:9238: gcc  -c -pipe  -I/usr/local/opt/zlib/include  conftest.c >&5
configure:9238: $? = 0
configure:9246: result: no
configure:9289: checking how to package libraries
configure:9320: result: static library
configure:9433: checking whether to enable Purify debug options
configure:9457: result: Purify mode disabled
configure:9673: creating ./config.status

## ---------------------- ##
## Running config.status. ##
## ---------------------- ##

This file was extended by tk config.status 8.6, which was
generated by GNU Autoconf 2.71.  Invocation command line was

  CONFIG_FILES    = 
  CONFIG_HEADERS  = 
  CONFIG_LINKS    = 
  CONFIG_COMMANDS = 
  $ ./config.status 

on Mac5-3.local

config.status:832: creating Tk-Info.plist
config.status:832: creating Wish-Info.plist
config.status:832: creating Credits.html
config.status:832: creating Makefile
config.status:832: creating tkConfig.sh
config.status:832: creating tk.pc

## ---------------- ##
## Cache variables. ##
## ---------------- ##

ac_cv_c_bigendian=no
ac_cv_c_char_unsigned=no
ac_cv_c_compiler_gnu=yes
ac_cv_c_inline=inline
ac_cv_c_tclconfig=/Users/billswartz7/version1/itools/lib/tcl/unix
ac_cv_env_CC_set=set
ac_cv_env_CC_value='gcc '
ac_cv_env_CFLAGS_set=
ac_cv_env_CFLAGS_value=
ac_cv_env_CPPFLAGS_set=set
ac_cv_env_CPPFLAGS_value=-I/usr/local/opt/zlib/include
ac_cv_env_CPP_set=
ac_cv_env_CPP_value=
ac_cv_env_LDFLAGS_set=
ac_cv_env_LDFLAGS_value=
ac_cv_env_LIBS_set=
ac_cv_env_LIBS_value=
ac_cv_env_XMKMF_set=
ac_cv_env_XMKMF_value=
ac_cv_env_build_alias_set=
ac_cv_env_build_alias_value=
ac_cv_env_host_alias_set=
ac_cv_env_host_alias_value=
ac_cv_env_target_alias_set=
ac_cv_env_target_alias_value=
ac_cv_have_x='have_x=yes	ac_x_includes='\''/usr/X11/include'\''	ac_x_libraries='\''/usr/X11/lib'\'''
ac_cv_header_AvailabilityMacros_h=yes
ac_cv_header_X11_XKBlib_h=yes
ac_cv_header_inttypes_h=yes
ac_cv_header_stdint_h=yes
ac_cv_header_stdio_h=yes
ac_cv_header_stdlib_h=yes
ac_cv_header_string_h=yes
ac_cv_header_strings_h=yes
ac_cv_header_sys_stat_h=yes
ac_cv_header_sys_time_h=yes
ac_cv_header_sys_types_h=yes
ac_cv_header_unistd_h=yes
ac_cv_lib_X11_XkbKeycodeToKeysym=yes
ac_cv_lib_Xbsd_main=no
ac_cv_lib_dl_dlopen=yes
ac_cv_nolto=yes
ac_cv_objext=o
ac_cv_path_EGREP='/usr/bin/grep -E'
ac_cv_path_GREP=/usr/bin/grep
ac_cv_path_tclsh=/usr/bin/tclsh8.5
ac_cv_prog_CPP='gcc  -E'
ac_cv_prog_ac_ct_AR=ar
ac_cv_prog_ac_ct_CC='gcc '
ac_cv_prog_ac_ct_RANLIB=ranlib
ac_cv_prog_cc_c11=
ac_cv_prog_cc_g=yes
ac_cv_prog_cc_stdc=
ac_cv_type_intptr_t=yes
ac_cv_type_mode_t=yes
ac_cv_type_pid_t=yes
ac_cv_type_size_t=yes
ac_cv_type_uid_t=yes
ac_cv_type_uintptr_t=yes
tcl_cv_cast_to_union=yes
tcl_cv_cc_darwin_c_source=yes
tcl_cv_cc_pipe=yes
tcl_cv_cc_visibility_hidden=yes
tcl_cv_cc_weak_import=yes
tcl_cv_flag__isoc99_source=no
tcl_cv_flag__largefile64_source=no
tcl_cv_flag__largefile_source64=no
tcl_cv_ld_search_paths_first=yes
tcl_cv_ld_single_module=yes
tcl_cv_ld_weak_l=yes
tcl_cv_pwd_pw_gecos=yes
tcl_cv_sys_version=Darwin-20.6.0
tcl_cv_type_64bit=none
tcl_cv_type_fd_set=yes

## ----------------- ##
## Output variables. ##
## ----------------- ##

APP_RSRC_FILE=''
AR='ar'
BUILD_TCLSH='/Users/billswartz7/version1/itools/lib/tcl/unix/tclsh'
CC='gcc '
CC_SEARCH_FLAGS=''
CFBUNDLELOCALIZATIONS='<string>cs</string><string>da</string><string>de</string><string>el</string><string>en</string><string>en_gb</string><string>eo</string><string>es</string><string>fr</string><string>hu</string><string>it</string><string>nl</string><string>pl</string><string>pt</string><string>ru</string><string>sv</string>'
CFLAGS='-pipe  -I/usr/local/opt/zlib/include '
CFLAGS_DEBUG='-g'
CFLAGS_DEFAULT='$(CFLAGS_OPTIMIZE)'
CFLAGS_NOLTO='-fno-lto'
CFLAGS_OPTIMIZE='-O2'
CFLAGS_WARNING='-Wall -Wpointer-arith'
CPP='gcc  -E'
CPPFLAGS=''
DEFS='-DPACKAGE_NAME=\"tk\" -DPACKAGE_TARNAME=\"tk\" -DPACKAGE_VERSION=\"8.6\" -DPACKAGE_STRING=\"tk\ 8.6\" -DPACKAGE_BUGREPORT=\"\" -DPACKAGE_URL=\"\" -DHAVE_STDIO_H=1 -DHAVE_STDLIB_H=1 -DHAVE_STRING_H=1 -DHAVE_INTTYPES_H=1 -DHAVE_STDINT_H=1 -DHAVE_STRINGS_H=1 -DHAVE_SYS_STAT_H=1 -DHAVE_SYS_TYPES_H=1 -DHAVE_UNISTD_H=1 -DHAVE_SYS_TIME_H=1 -DSTDC_HEADERS=1 -DSTATIC_BUILD=1 -DMODULE_SCOPE=extern\ __attribute__\(\(__visibility__\(\"hidden\"\)\)\) -DHAVE_HIDDEN=1 -DMAC_OSX_TCL=1 -DHAVE_CAST_TO_UNION=1 -DTCL_SHLIB_EXT=\".dylib\" -DNDEBUG=1 -DTCL_CFG_OPTIMIZED=1 -DTCL_WIDE_INT_IS_LONG=1 -DHAVE_SYS_TIME_H=1 -DTIME_WITH_SYS_TIME=1 -DHAVE_INTPTR_T=1 -DHAVE_UINTPTR_T=1 -DHAVE_PW_GECOS=1 -DHAVE_AVAILABILITYMACROS_H=1 -DHAVE_WEAK_IMPORT=1 -D_DARWIN_C_SOURCE=1 -DHAVE_XKBKEYCODETOKEYSYM=1 -DXKEYCODETOKEYSYM_IS_DEPRECATED=1'
DLL_INSTALL_DIR='$(LIB_INSTALL_DIR)'
DL_LIBS=''
DL_OBJS='tclLoadDyld.o'
ECHO_C='\c'
ECHO_N=''
ECHO_T=''
EGREP='/usr/bin/grep -E'
EXEEXT=''
EXTRA_APP_CC_SWITCHES=' -mdynamic-no-pic'
EXTRA_BUILD_HTML=''
EXTRA_CC_SWITCHES=''
EXTRA_INSTALL=''
EXTRA_INSTALL_BINARIES=''
EXTRA_WISH_LIBS='-sectcreate __TEXT __info_plist Wish-Info.plist -sectcreate __TEXT __credits_html Credits.html -ObjC'
GREP='/usr/bin/grep'
HTML_DIR='$(DISTDIR)/html'
INSTALL_LIB='$(INSTALL_LIBRARY) $(LIB_FILE) "$(LIB_INSTALL_DIR)/$(LIB_FILE)"'
INSTALL_STUB_LIB='$(INSTALL_LIBRARY) $(STUB_LIB_FILE) "$(LIB_INSTALL_DIR)/$(STUB_LIB_FILE)"'
LDAIX_SRC=''
LDFLAGS=' -headerpad_max_install_names -Wl,-search_paths_first '
LDFLAGS_DEBUG=''
LDFLAGS_DEFAULT='$(LDFLAGS_OPTIMIZE)'
LDFLAGS_OPTIMIZE=''
LD_LIBRARY_PATH_VAR='DYLD_LIBRARY_PATH'
LD_SEARCH_FLAGS=''
LIBOBJS=''
LIBS=''
LIB_RSRC_FILE=''
LIB_RUNTIME_DIR='$(libdir):/usr/X11/lib'
LOCALES='cs da de el en en_gb eo es fr hu it nl pl pt ru sv'
LTLIBOBJS=''
MAKE_LIB='${STLIB_LD} $@ ${OBJS} ; ${RANLIB} $@'
MAKE_STUB_LIB='${STLIB_LD} $@ ${STUB_LIB_OBJS} ; ${RANLIB} $@'
MAN_FLAGS=''
OBJEXT='o'
PACKAGE_BUGREPORT=''
PACKAGE_NAME='tk'
PACKAGE_STRING='tk 8.6'
PACKAGE_TARNAME='tk'
PACKAGE_URL=''
PACKAGE_VERSION='8.6'
PATH_SEPARATOR=':'
PLAT_OBJS='${MAC_OSX_OBJS}'
PLAT_SRCS='${MAC_OSX_SRCS}'
PRIVATE_INCLUDE_DIR='$(includedir)'
RANLIB='ranlib'
REZ=''
REZ_FLAGS=''
SHARED_BUILD='0'
SHELL='/bin/sh'
SHLIB_CFLAGS='-fno-common'
SHLIB_LD=':'
SHLIB_LD_LIBS='${LIBS}'
SHLIB_SUFFIX='.dylib'
STLIB_LD='${AR} cr'
TCLSH_PROG='/usr/bin/tclsh8.5'
TCL_BIN_DIR='/Users/billswartz7/version1/itools/lib/tcl/unix'
TCL_LIBS=' -lz  -framework CoreFoundation '
TCL_LIB_FILE='libtcl8.6.dylib'
TCL_LIB_FLAG='-ltcl8.6'
TCL_LIB_SPEC='-L/Users/billswartz7/version1/itools/tcl/tcl8.6/lib -ltcl8.6'
TCL_PATCH_LEVEL='.13'
TCL_SHLIB_LD_EXTRAS=''
TCL_SRC_DIR='/Users/billswartz7/version1/itools/lib/tcl'
TCL_STUB_FLAGS=''
TCL_STUB_LIB_FILE='libtclstub8.6.a'
TCL_STUB_LIB_FLAG='-ltclstub8.6'
TCL_STUB_LIB_SPEC='-L/Users/billswartz7/version1/itools/tcl/tcl8.6/lib -ltclstub8.6'
TCL_THREADS='0'
TCL_VERSION='8.6'
TK_BUILD_LIB_SPEC='-L/Users/billswartz7/version1/itools/lib/tk/src -ltk8.6'
TK_BUILD_STUB_LIB_PATH='/Users/billswartz7/version1/itools/lib/tk/src/libtkstub8.6.a'
TK_BUILD_STUB_LIB_SPEC='-L/Users/billswartz7/version1/itools/lib/tk/src -ltkstub8.6'
TK_INCLUDE_SPEC='-I/Users/billswartz7/version1/itools/tcl/tcl8.6/include'
TK_LIBRARY='$(prefix)/lib/tk$(VERSION)'
TK_LIB_FILE='libtk8.6.a'
TK_LIB_FLAG='-ltk8.6'
TK_LIB_SPEC='-L/Users/billswartz7/version1/itools/tcl/tcl8.6/lib -ltk8.6'
TK_MAJOR_VERSION='8'
TK_MINOR_VERSION='6'
TK_PATCH_LEVEL='.13'
TK_PKG_DIR='tk$(VERSION)'
TK_RSRC_FILE='tk$(VERSION).rsrc'
TK_SHARED_BUILD='0'
TK_SHLIB_LD_EXTRAS='-compatibility_version 8.6 -current_version 8.6.13 -install_name "${DYLIB_INSTALL_DIR}/${TK_LIB_FILE}" -unexported_symbols_list $$(f=$(TK_LIB_FILE).E && nm -gp tkMacOSX*.o 2>/dev/null | awk "/^[0-9a-f]+ . \.objc/ {print \$$3}" > $$f && nm -gjp "$(TCL_BIN_DIR)"/$(TCL_STUB_LIB_FILE) | grep ^_[^_] >> $$f && echo $$f) -sectcreate __TEXT __info_plist Tk-Info.plist'
TK_SRC_DIR='/Users/billswartz7/version1/itools/lib/tk'
TK_STUB_LIB_FILE='libtkstub8.6.a'
TK_STUB_LIB_FLAG='-ltkstub8.6'
TK_STUB_LIB_PATH='/Users/billswartz7/version1/itools/tcl/tcl8.6/lib/libtkstub8.6.a'
TK_STUB_LIB_SPEC='-L/Users/billswartz7/version1/itools/tcl/tcl8.6/lib -ltkstub8.6'
TK_VERSION='8.6'
TK_WINDOWINGSYSTEM='X11'
TK_YEAR='2023'
UNIX_FONT_OBJS='tkUnixFont.o'
UNIX_FONT_SRC='tkUnixFont.c'
WISH_RSRC_FILE='wish$(VERSION).rsrc'
XFT_CFLAGS=''
XFT_LIBS=''
XINCLUDES='-I/usr/X11/include'
XLIBSW='-L/usr/X11/lib -lX11'
XMKMF=''
ac_ct_CC='gcc '
bindir='${exec_prefix}/bin'
build_alias=''
datadir='${datarootdir}'
datarootdir='${prefix}/share'
docdir='${datarootdir}/doc/${PACKAGE_TARNAME}'
dvidir='${docdir}'
exec_prefix='/Users/billswartz7/version1/itools/tcl/tcl8.6'
host_alias=''
htmldir='${docdir}'
includedir='${prefix}/include'
infodir='${datarootdir}/info'
libdir='/Users/billswartz7/version1/itools/tcl/tcl8.6/lib'
libexecdir='${exec_prefix}/libexec'
localedir='${datarootdir}/locale'
localstatedir='${prefix}/var'
mandir='${datarootdir}/man'
oldincludedir='/usr/include'
pdfdir='${docdir}'
prefix='/Users/billswartz7/version1/itools/tcl/tcl8.6'
program_transform_name='s,x,x,'
psdir='${docdir}'
runstatedir='${localstatedir}/run'
sbindir='${exec_prefix}/sbin'
sharedstatedir='${prefix}/com'
sysconfdir='${prefix}/etc'
target_alias=''

## ----------- ##
## confdefs.h. ##
## ----------- ##

/* confdefs.h */
#define PACKAGE_NAME "tk"
#define PACKAGE_TARNAME "tk"
#define PACKAGE_VERSION "8.6"
#define PACKAGE_STRING "tk 8.6"
#define PACKAGE_BUGREPORT ""
#define PACKAGE_URL ""
#define HAVE_STDIO_H 1
#define HAVE_STDLIB_H 1
#define HAVE_STRING_H 1
#define HAVE_INTTYPES_H 1
#define HAVE_STDINT_H 1
#define HAVE_STRINGS_H 1
#define HAVE_SYS_STAT_H 1
#define HAVE_SYS_TYPES_H 1
#define HAVE_UNISTD_H 1
#define HAVE_SYS_TIME_H 1
#define STDC_HEADERS 1
#define STATIC_BUILD 1
#define MODULE_SCOPE extern __attribute__((__visibility__("hidden")))
#define HAVE_HIDDEN 1
#define MAC_OSX_TCL 1
#define HAVE_CAST_TO_UNION 1
#define TCL_SHLIB_EXT ".dylib"
#define NDEBUG 1
#define TCL_CFG_OPTIMIZED 1
#define TCL_WIDE_INT_IS_LONG 1
#define HAVE_SYS_TIME_H 1
#define TIME_WITH_SYS_TIME 1
#define HAVE_INTPTR_T 1
#define HAVE_UINTPTR_T 1
#define HAVE_PW_GECOS 1
#define HAVE_AVAILABILITYMACROS_H 1
#define HAVE_WEAK_IMPORT 1
#define _DARWIN_C_SOURCE 1
#define HAVE_XKBKEYCODETOKEYSYM 1
#define XKEYCODETOKEYSYM_IS_DEPRECATED 1

configure: exit 0
