This file contains any messages produced by compilers while
running configure, to aid debugging if configure makes a mistake.

It was created by tcl configure 8.6, which was
generated by GNU Autoconf 2.69.  Invocation command line was

  $ ./configure --disable-threads --prefix=/Users/billswartz7/version1/itools/tcl/tcl8.6

## --------- ##
## Platform. ##
## --------- ##

hostname = Mac5-3.local
uname -m = x86_64
uname -r = 20.6.0
uname -s = Darwin
uname -v = Darwin Kernel Version 20.6.0: Mon Aug 30 06:12:21 PDT 2021; root:xnu-7195.141.6~3/RELEASE_X86_64

/usr/bin/uname -p = i386
/bin/uname -X     = unknown

/bin/arch              = unknown
/usr/bin/arch -k       = unknown
/usr/convex/getsysinfo = unknown
/usr/bin/hostinfo      = Mach kernel version:
	 Darwin Kernel Version 20.6.0: Mon Aug 30 06:12:21 PDT 2021; root:xnu-7195.141.6~3/RELEASE_X86_64
Kernel configured for up to 16 processors.
8 processors are physically available.
16 processors are logically available.
Processor type: x86_64h (Intel x86-64h Haswell)
Processors active: 0 1 2 3 4 5 6 7 8 9 10 11 12 13 14 15
Primary memory available: 64.00 gigabytes
Default processor set: 559 tasks, 2999 threads, 16 processors
Load average: 1.92, Mach factor: 14.07
/bin/machine           = unknown
/usr/bin/oslevel       = unknown
/bin/universe          = unknown

PATH: /Users/billswartz7/version1/itools/lib/Darwin/python/bin
PATH: /Users/billswartz7/version1/itools/bin/Darwin
PATH: /Users/billswartz7/version1/itools/bin
PATH: .
PATH: /Users/billswartz7/classes/valgrind/bin
PATH: /Users/billswartz7/bin
PATH: /Users/billswartz7/bin/Darwin
PATH: /Users/billswartz7/xcircuit/bin
PATH: /usr/local/bin
PATH: /bin
PATH: /usr/bin
PATH: /opt/X11/bin
PATH: /Users/billswartz7/Droid/android-sdk-mac_x86/platform-tools


## ----------- ##
## Core tests. ##
## ----------- ##

configure:2437: checking whether to use symlinks for manpages
configure:2446: result: no
configure:2449: checking whether to compress the manpages
configure:2462: result: no
configure:2476: checking whether to add a package name suffix for the manpages
configure:2489: result: no
configure:2553: checking for gcc
configure:2580: result: gcc 
configure:2809: checking for C compiler version
configure:2818: gcc  --version >&5
gcc (Homebrew GCC 12.2.0) 12.2.0
Copyright (C) 2022 Free Software Foundation, Inc.
This is free software; see the source for copying conditions.  There is NO
warranty; not even for MERCHANTABILITY or FITNESS FOR A PARTICULAR PURPOSE.

configure:2829: $? = 0
configure:2818: gcc  -v >&5
Using built-in specs.
COLLECT_GCC=gcc
COLLECT_LTO_WRAPPER=/usr/local/Cellar/gcc/12.2.0/bin/../libexec/gcc/x86_64-apple-darwin20/12/lto-wrapper
Target: x86_64-apple-darwin20
Configured with: ../configure --prefix=/usr/local/opt/gcc --libdir=/usr/local/opt/gcc/lib/gcc/current --disable-nls --enable-checking=release --with-gcc-major-version-only --enable-languages=c,c++,objc,obj-c++,fortran --program-suffix=-12 --with-gmp=/usr/local/opt/gmp --with-mpfr=/usr/local/opt/mpfr --with-mpc=/usr/local/opt/libmpc --with-isl=/usr/local/opt/isl --with-zstd=/usr/local/opt/zstd --with-pkgversion='Homebrew GCC 12.2.0' --with-bugurl=https://github.com/Homebrew/homebrew-core/issues --with-system-zlib --build=x86_64-apple-darwin20 --with-sysroot=/Library/Developer/CommandLineTools/SDKs/MacOSX11.sdk
Thread model: posix
Supported LTO compression algorithms: zlib zstd
gcc version 12.2.0 (Homebrew GCC 12.2.0) 
configure:2829: $? = 0
configure:2818: gcc  -V >&5
gcc: error: unrecognized command-line option '-V'
gcc: fatal error: no input files
compilation terminated.
configure:2829: $? = 1
configure:2818: gcc  -qversion >&5
gcc: error: unrecognized command-line option '-qversion'; did you mean '--version'?
gcc: fatal error: no input files
compilation terminated.
configure:2829: $? = 1
configure:2849: checking whether the C compiler works
configure:2871: gcc   -I/usr/local/opt/zlib/include  conftest.c  >&5
configure:2875: $? = 0
configure:2923: result: yes
configure:2926: checking for C compiler default output file name
configure:2928: result: a.out
configure:2934: checking for suffix of executables
configure:2941: gcc  -o conftest  -I/usr/local/opt/zlib/include  conftest.c  >&5
configure:2945: $? = 0
configure:2967: result: 
configure:2989: checking whether we are cross compiling
configure:2997: gcc  -o conftest  -I/usr/local/opt/zlib/include  conftest.c  >&5
configure:3001: $? = 0
configure:3008: ./conftest
configure:3012: $? = 0
configure:3027: result: no
configure:3032: checking for suffix of object files
configure:3054: gcc  -c  -I/usr/local/opt/zlib/include conftest.c >&5
configure:3058: $? = 0
configure:3079: result: o
configure:3083: checking whether we are using the GNU C compiler
configure:3102: gcc  -c  -I/usr/local/opt/zlib/include conftest.c >&5
configure:3102: $? = 0
configure:3111: result: yes
configure:3120: checking whether gcc  accepts -g
configure:3140: gcc  -c -g -I/usr/local/opt/zlib/include conftest.c >&5
configure:3140: $? = 0
configure:3181: result: yes
configure:3198: checking for gcc  option to accept ISO C89
configure:3261: gcc   -c  -I/usr/local/opt/zlib/include conftest.c >&5
configure:3261: $? = 0
configure:3274: result: none needed
configure:3295: checking for inline
configure:3311: gcc  -c  -I/usr/local/opt/zlib/include conftest.c >&5
configure:3311: $? = 0
configure:3319: result: inline
configure:3352: checking how to run the C preprocessor
configure:3383: gcc  -E -I/usr/local/opt/zlib/include conftest.c
configure:3383: $? = 0
configure:3397: gcc  -E -I/usr/local/opt/zlib/include conftest.c
conftest.c:9:10: fatal error: ac_nonexistent.h: No such file or directory
    9 | #include <ac_nonexistent.h>
      |          ^~~~~~~~~~~~~~~~~~
compilation terminated.
configure:3397: $? = 1
configure: failed program was:
| /* confdefs.h */
| #define PACKAGE_NAME "tcl"
| #define PACKAGE_TARNAME "tcl"
| #define PACKAGE_VERSION "8.6"
| #define PACKAGE_STRING "tcl 8.6"
| #define PACKAGE_BUGREPORT ""
| #define PACKAGE_URL ""
| /* end confdefs.h.  */
| #include <ac_nonexistent.h>
configure:3422: result: gcc  -E
configure:3442: gcc  -E -I/usr/local/opt/zlib/include conftest.c
configure:3442: $? = 0
configure:3456: gcc  -E -I/usr/local/opt/zlib/include conftest.c
conftest.c:9:10: fatal error: ac_nonexistent.h: No such file or directory
    9 | #include <ac_nonexistent.h>
      |          ^~~~~~~~~~~~~~~~~~
compilation terminated.
configure:3456: $? = 1
configure: failed program was:
| /* confdefs.h */
| #define PACKAGE_NAME "tcl"
| #define PACKAGE_TARNAME "tcl"
| #define PACKAGE_VERSION "8.6"
| #define PACKAGE_STRING "tcl 8.6"
| #define PACKAGE_BUGREPORT ""
| #define PACKAGE_URL ""
| /* end confdefs.h.  */
| #include <ac_nonexistent.h>
configure:3485: checking for grep that handles long lines and -e
configure:3543: result: /usr/bin/grep
configure:3548: checking for egrep
configure:3610: result: /usr/bin/grep -E
configure:3615: checking for ANSI C header files
configure:3635: gcc  -c  -I/usr/local/opt/zlib/include conftest.c >&5
configure:3635: $? = 0
configure:3708: gcc  -o conftest  -I/usr/local/opt/zlib/include  conftest.c  >&5
configure:3708: $? = 0
configure:3708: ./conftest
configure:3708: $? = 0
configure:3719: result: yes
configure:3732: checking for sys/types.h
configure:3732: gcc  -c  -I/usr/local/opt/zlib/include conftest.c >&5
configure:3732: $? = 0
configure:3732: result: yes
configure:3732: checking for sys/stat.h
configure:3732: gcc  -c  -I/usr/local/opt/zlib/include conftest.c >&5
configure:3732: $? = 0
configure:3732: result: yes
configure:3732: checking for stdlib.h
configure:3732: gcc  -c  -I/usr/local/opt/zlib/include conftest.c >&5
configure:3732: $? = 0
configure:3732: result: yes
configure:3732: checking for string.h
configure:3732: gcc  -c  -I/usr/local/opt/zlib/include conftest.c >&5
configure:3732: $? = 0
configure:3732: result: yes
configure:3732: checking for memory.h
configure:3732: gcc  -c  -I/usr/local/opt/zlib/include conftest.c >&5
configure:3732: $? = 0
configure:3732: result: yes
configure:3732: checking for strings.h
configure:3732: gcc  -c  -I/usr/local/opt/zlib/include conftest.c >&5
configure:3732: $? = 0
configure:3732: result: yes
configure:3732: checking for inttypes.h
configure:3732: gcc  -c  -I/usr/local/opt/zlib/include conftest.c >&5
configure:3732: $? = 0
configure:3732: result: yes
configure:3732: checking for stdint.h
configure:3732: gcc  -c  -I/usr/local/opt/zlib/include conftest.c >&5
configure:3732: $? = 0
configure:3732: result: yes
configure:3732: checking for unistd.h
configure:3732: gcc  -c  -I/usr/local/opt/zlib/include conftest.c >&5
configure:3732: $? = 0
configure:3732: result: yes
configure:3745: checking dirent.h
configure:3781: gcc  -o conftest  -I/usr/local/opt/zlib/include  conftest.c  >&5
configure:3781: $? = 0
configure:3789: result: yes
configure:3798: checking float.h usability
configure:3798: gcc  -c  -I/usr/local/opt/zlib/include conftest.c >&5
configure:3798: $? = 0
configure:3798: result: yes
configure:3798: checking float.h presence
configure:3798: gcc  -E -I/usr/local/opt/zlib/include conftest.c
configure:3798: $? = 0
configure:3798: result: yes
configure:3798: checking for float.h
configure:3798: result: yes
configure:3808: checking values.h usability
configure:3808: gcc  -c  -I/usr/local/opt/zlib/include conftest.c >&5
conftest.c:52:10: fatal error: values.h: No such file or directory
   52 | #include <values.h>
      |          ^~~~~~~~~~
compilation terminated.
configure:3808: $? = 1
configure: failed program was:
| /* confdefs.h */
| #define PACKAGE_NAME "tcl"
| #define PACKAGE_TARNAME "tcl"
| #define PACKAGE_VERSION "8.6"
| #define PACKAGE_STRING "tcl 8.6"
| #define PACKAGE_BUGREPORT ""
| #define PACKAGE_URL ""
| #define STDC_HEADERS 1
| #define HAVE_SYS_TYPES_H 1
| #define HAVE_SYS_STAT_H 1
| #define HAVE_STDLIB_H 1
| #define HAVE_STRING_H 1
| #define HAVE_MEMORY_H 1
| #define HAVE_STRINGS_H 1
| #define HAVE_INTTYPES_H 1
| #define HAVE_STDINT_H 1
| #define HAVE_UNISTD_H 1
| /* end confdefs.h.  */
| #include <stdio.h>
| #ifdef HAVE_SYS_TYPES_H
| # include <sys/types.h>
| #endif
| #ifdef HAVE_SYS_STAT_H
| # include <sys/stat.h>
| #endif
| #ifdef STDC_HEADERS
| # include <stdlib.h>
| # include <stddef.h>
| #else
| # ifdef HAVE_STDLIB_H
| #  include <stdlib.h>
| # endif
| #endif
| #ifdef HAVE_STRING_H
| # if !defined STDC_HEADERS && defined HAVE_MEMORY_H
| #  include <memory.h>
| # endif
| # include <string.h>
| #endif
| #ifdef HAVE_STRINGS_H
| # include <strings.h>
| #endif
| #ifdef HAVE_INTTYPES_H
| # include <inttypes.h>
| #endif
| #ifdef HAVE_STDINT_H
| # include <stdint.h>
| #endif
| #ifdef HAVE_UNISTD_H
| # include <unistd.h>
| #endif
| #include <values.h>
configure:3808: result: no
configure:3808: checking values.h presence
configure:3808: gcc  -E -I/usr/local/opt/zlib/include conftest.c
conftest.c:19:10: fatal error: values.h: No such file or directory
   19 | #include <values.h>
      |          ^~~~~~~~~~
compilation terminated.
configure:3808: $? = 1
configure: failed program was:
| /* confdefs.h */
| #define PACKAGE_NAME "tcl"
| #define PACKAGE_TARNAME "tcl"
| #define PACKAGE_VERSION "8.6"
| #define PACKAGE_STRING "tcl 8.6"
| #define PACKAGE_BUGREPORT ""
| #define PACKAGE_URL ""
| #define STDC_HEADERS 1
| #define HAVE_SYS_TYPES_H 1
| #define HAVE_SYS_STAT_H 1
| #define HAVE_STDLIB_H 1
| #define HAVE_STRING_H 1
| #define HAVE_MEMORY_H 1
| #define HAVE_STRINGS_H 1
| #define HAVE_INTTYPES_H 1
| #define HAVE_STDINT_H 1
| #define HAVE_UNISTD_H 1
| /* end confdefs.h.  */
| #include <values.h>
configure:3808: result: no
configure:3808: checking for values.h
configure:3808: result: no
configure:3818: checking for stdlib.h
configure:3818: result: yes
configure:3870: checking for string.h
configure:3870: result: yes
configure:3914: checking sys/wait.h usability
configure:3914: gcc  -c  -I/usr/local/opt/zlib/include conftest.c >&5
configure:3914: $? = 0
configure:3914: result: yes
configure:3914: checking sys/wait.h presence
configure:3914: gcc  -E -I/usr/local/opt/zlib/include conftest.c
configure:3914: $? = 0
configure:3914: result: yes
configure:3914: checking for sys/wait.h
configure:3914: result: yes
configure:3924: checking dlfcn.h usability
configure:3924: gcc  -c  -I/usr/local/opt/zlib/include conftest.c >&5
configure:3924: $? = 0
configure:3924: result: yes
configure:3924: checking dlfcn.h presence
configure:3924: gcc  -E -I/usr/local/opt/zlib/include conftest.c
configure:3924: $? = 0
configure:3924: result: yes
configure:3924: checking for dlfcn.h
configure:3924: result: yes
configure:3938: checking sys/param.h usability
configure:3938: gcc  -c  -I/usr/local/opt/zlib/include conftest.c >&5
configure:3938: $? = 0
configure:3938: result: yes
configure:3938: checking sys/param.h presence
configure:3938: gcc  -E -I/usr/local/opt/zlib/include conftest.c
configure:3938: $? = 0
configure:3938: result: yes
configure:3938: checking for sys/param.h
configure:3938: result: yes
configure:3962: checking if the compiler understands -pipe
configure:3980: gcc  -c  -pipe -I/usr/local/opt/zlib/include conftest.c >&5
configure:3980: $? = 0
configure:3988: result: yes
configure:4291: checking for building with threads
configure:4305: result: no
configure:4347: checking for sin
configure:4347: gcc  -o conftest  -pipe -I/usr/local/opt/zlib/include  conftest.c  >&5
conftest.c:45:6: warning: conflicting types for built-in function 'sin'; expected 'double(double)' [-Wbuiltin-declaration-mismatch]
   45 | char sin ();
      |      ^~~
conftest.c:33:1: note: 'sin' is declared in header '<math.h>'
   32 | # include <limits.h>
   33 | #else
configure:4347: $? = 0
configure:4347: result: yes
configure:4360: checking for main in -linet
configure:4379: gcc  -o conftest  -pipe -I/usr/local/opt/zlib/include  conftest.c -linet   >&5
ld: library not found for -linet
collect2: error: ld returned 1 exit status
configure:4379: $? = 1
configure: failed program was:
| /* confdefs.h */
| #define PACKAGE_NAME "tcl"
| #define PACKAGE_TARNAME "tcl"
| #define PACKAGE_VERSION "8.6"
| #define PACKAGE_STRING "tcl 8.6"
| #define PACKAGE_BUGREPORT ""
| #define PACKAGE_URL ""
| #define STDC_HEADERS 1
| #define HAVE_SYS_TYPES_H 1
| #define HAVE_SYS_STAT_H 1
| #define HAVE_STDLIB_H 1
| #define HAVE_STRING_H 1
| #define HAVE_MEMORY_H 1
| #define HAVE_STRINGS_H 1
| #define HAVE_INTTYPES_H 1
| #define HAVE_STDINT_H 1
| #define HAVE_UNISTD_H 1
| #define NO_VALUES_H 1
| #define HAVE_SYS_PARAM_H 1
| #define TCL_CFGVAL_ENCODING "iso8859-1"
| /* end confdefs.h.  */
| 
| 
| int
| main ()
| {
| return main ();
|   ;
|   return 0;
| }
configure:4388: result: no
configure:4394: checking net/errno.h usability
configure:4394: gcc  -c  -pipe -I/usr/local/opt/zlib/include conftest.c >&5
conftest.c:55:10: fatal error: net/errno.h: No such file or directory
   55 | #include <net/errno.h>
      |          ^~~~~~~~~~~~~
compilation terminated.
configure:4394: $? = 1
configure: failed program was:
| /* confdefs.h */
| #define PACKAGE_NAME "tcl"
| #define PACKAGE_TARNAME "tcl"
| #define PACKAGE_VERSION "8.6"
| #define PACKAGE_STRING "tcl 8.6"
| #define PACKAGE_BUGREPORT ""
| #define PACKAGE_URL ""
| #define STDC_HEADERS 1
| #define HAVE_SYS_TYPES_H 1
| #define HAVE_SYS_STAT_H 1
| #define HAVE_STDLIB_H 1
| #define HAVE_STRING_H 1
| #define HAVE_MEMORY_H 1
| #define HAVE_STRINGS_H 1
| #define HAVE_INTTYPES_H 1
| #define HAVE_STDINT_H 1
| #define HAVE_UNISTD_H 1
| #define NO_VALUES_H 1
| #define HAVE_SYS_PARAM_H 1
| #define TCL_CFGVAL_ENCODING "iso8859-1"
| /* end confdefs.h.  */
| #include <stdio.h>
| #ifdef HAVE_SYS_TYPES_H
| # include <sys/types.h>
| #endif
| #ifdef HAVE_SYS_STAT_H
| # include <sys/stat.h>
| #endif
| #ifdef STDC_HEADERS
| # include <stdlib.h>
| # include <stddef.h>
| #else
| # ifdef HAVE_STDLIB_H
| #  include <stdlib.h>
| # endif
| #endif
| #ifdef HAVE_STRING_H
| # if !defined STDC_HEADERS && defined HAVE_MEMORY_H
| #  include <memory.h>
| # endif
| # include <string.h>
| #endif
| #ifdef HAVE_STRINGS_H
| # include <strings.h>
| #endif
| #ifdef HAVE_INTTYPES_H
| # include <inttypes.h>
| #endif
| #ifdef HAVE_STDINT_H
| # include <stdint.h>
| #endif
| #ifdef HAVE_UNISTD_H
| # include <unistd.h>
| #endif
| #include <net/errno.h>
configure:4394: result: no
configure:4394: checking net/errno.h presence
configure:4394: gcc  -E -I/usr/local/opt/zlib/include conftest.c
conftest.c:22:10: fatal error: net/errno.h: No such file or directory
   22 | #include <net/errno.h>
      |          ^~~~~~~~~~~~~
compilation terminated.
configure:4394: $? = 1
configure: failed program was:
| /* confdefs.h */
| #define PACKAGE_NAME "tcl"
| #define PACKAGE_TARNAME "tcl"
| #define PACKAGE_VERSION "8.6"
| #define PACKAGE_STRING "tcl 8.6"
| #define PACKAGE_BUGREPORT ""
| #define PACKAGE_URL ""
| #define STDC_HEADERS 1
| #define HAVE_SYS_TYPES_H 1
| #define HAVE_SYS_STAT_H 1
| #define HAVE_STDLIB_H 1
| #define HAVE_STRING_H 1
| #define HAVE_MEMORY_H 1
| #define HAVE_STRINGS_H 1
| #define HAVE_INTTYPES_H 1
| #define HAVE_STDINT_H 1
| #define HAVE_UNISTD_H 1
| #define NO_VALUES_H 1
| #define HAVE_SYS_PARAM_H 1
| #define TCL_CFGVAL_ENCODING "iso8859-1"
| /* end confdefs.h.  */
| #include <net/errno.h>
configure:4394: result: no
configure:4394: checking for net/errno.h
configure:4394: result: no
configure:4423: checking for connect
configure:4423: gcc  -o conftest  -pipe -I/usr/local/opt/zlib/include  conftest.c  >&5
configure:4423: $? = 0
configure:4423: result: yes
configure:4491: checking for gethostbyname
configure:4491: gcc  -o conftest  -pipe -I/usr/local/opt/zlib/include  conftest.c  >&5
configure:4491: $? = 0
configure:4491: result: yes
configure:4543: checking how to build libraries
configure:4553: result: shared
configure:4574: checking for tclsh
configure:4598: result: /usr/bin/tclsh8.5
configure:4617: checking zlib.h usability
configure:4617: gcc  -c  -pipe -I/usr/local/opt/zlib/include conftest.c >&5
configure:4617: $? = 0
configure:4617: result: yes
configure:4617: checking zlib.h presence
configure:4617: gcc  -E -I/usr/local/opt/zlib/include conftest.c
configure:4617: $? = 0
configure:4617: result: yes
configure:4617: checking for zlib.h
configure:4617: result: yes
configure:4620: checking for gz_header
configure:4620: gcc  -c  -pipe -I/usr/local/opt/zlib/include conftest.c >&5
configure:4620: $? = 0
configure:4620: gcc  -c  -pipe -I/usr/local/opt/zlib/include conftest.c >&5
conftest.c: In function 'main':
conftest.c:27:24: error: expected expression before ')' token
   27 | if (sizeof ((gz_header)))
      |                        ^
configure:4620: $? = 1
configure: failed program was:
| /* confdefs.h */
| #define PACKAGE_NAME "tcl"
| #define PACKAGE_TARNAME "tcl"
| #define PACKAGE_VERSION "8.6"
| #define PACKAGE_STRING "tcl 8.6"
| #define PACKAGE_BUGREPORT ""
| #define PACKAGE_URL ""
| #define STDC_HEADERS 1
| #define HAVE_SYS_TYPES_H 1
| #define HAVE_SYS_STAT_H 1
| #define HAVE_STDLIB_H 1
| #define HAVE_STRING_H 1
| #define HAVE_MEMORY_H 1
| #define HAVE_STRINGS_H 1
| #define HAVE_INTTYPES_H 1
| #define HAVE_STDINT_H 1
| #define HAVE_UNISTD_H 1
| #define NO_VALUES_H 1
| #define HAVE_SYS_PARAM_H 1
| #define TCL_CFGVAL_ENCODING "iso8859-1"
| /* end confdefs.h.  */
| #include <zlib.h>
| 
| int
| main ()
| {
| if (sizeof ((gz_header)))
| 	    return 0;
|   ;
|   return 0;
| }
configure:4620: result: yes
configure:4636: checking for library containing deflateSetHeader
configure:4667: gcc  -o conftest  -pipe -I/usr/local/opt/zlib/include  conftest.c  >&5
Undefined symbols for architecture x86_64:
  "_deflateSetHeader", referenced from:
      _main in ccBdq6J9.o
ld: symbol(s) not found for architecture x86_64
collect2: error: ld returned 1 exit status
configure:4667: $? = 1
configure: failed program was:
| /* confdefs.h */
| #define PACKAGE_NAME "tcl"
| #define PACKAGE_TARNAME "tcl"
| #define PACKAGE_VERSION "8.6"
| #define PACKAGE_STRING "tcl 8.6"
| #define PACKAGE_BUGREPORT ""
| #define PACKAGE_URL ""
| #define STDC_HEADERS 1
| #define HAVE_SYS_TYPES_H 1
| #define HAVE_SYS_STAT_H 1
| #define HAVE_STDLIB_H 1
| #define HAVE_STRING_H 1
| #define HAVE_MEMORY_H 1
| #define HAVE_STRINGS_H 1
| #define HAVE_INTTYPES_H 1
| #define HAVE_STDINT_H 1
| #define HAVE_UNISTD_H 1
| #define NO_VALUES_H 1
| #define HAVE_SYS_PARAM_H 1
| #define TCL_CFGVAL_ENCODING "iso8859-1"
| /* end confdefs.h.  */
| 
| /* Override any GCC internal prototype to avoid an error.
|    Use char because int might match the return type of a GCC
|    builtin and then its argument prototype would still apply.  */
| #ifdef __cplusplus
| extern "C"
| #endif
| char deflateSetHeader ();
| int
| main ()
| {
| return deflateSetHeader ();
|   ;
|   return 0;
| }
configure:4667: gcc  -o conftest  -pipe -I/usr/local/opt/zlib/include  conftest.c -lz   >&5
configure:4667: $? = 0
configure:4684: result: -lz
configure:4760: checking for ranlib
configure:4776: found /usr/bin/ranlib
configure:4787: result: ranlib
configure:4813: checking if 64bit support is requested
configure:4822: result: no
configure:4827: checking if 64bit Sparc VIS support is requested
configure:4836: result: no
configure:4846: checking if compiler supports visibility "hidden"
configure:4866: gcc  -o conftest  -pipe -Werror -I/usr/local/opt/zlib/include  conftest.c -lz  >&5
configure:4866: $? = 0
configure:4875: result: yes
configure:4890: checking if rpath support is requested
configure:4899: result: yes
configure:4906: checking system version
configure:4937: result: Darwin-20.6.0
configure:4945: checking for dlopen in -ldl
configure:4970: gcc  -o conftest  -pipe -I/usr/local/opt/zlib/include  conftest.c -ldl  -lz  >&5
configure:4970: $? = 0
configure:4979: result: yes
configure:5061: checking for ar
configure:5077: found /usr/bin/ar
configure:5088: result: ar
configure:5983: checking if ld accepts -single_module flag
configure:6002: gcc  -o conftest -pipe  -I/usr/local/opt/zlib/include   -dynamiclib -Wl,-single_module conftest.c -lz  >&5
configure:6002: $? = 0
configure:6011: result: yes
configure:6022: checking if ld accepts -search_paths_first flag
configure:6041: gcc  -o conftest -pipe  -I/usr/local/opt/zlib/include   -headerpad_max_install_names -Wl,-search_paths_first conftest.c -lz  >&5
configure:6041: $? = 0
configure:6050: result: yes
configure:6073: checking whether to use CoreFoundation
configure:6082: result: yes
configure:6086: checking for CoreFoundation.framework
configure:6115: gcc  -o conftest -pipe  -I/usr/local/opt/zlib/include   -headerpad_max_install_names -Wl,-search_paths_first conftest.c -lz  -framework CoreFoundation >&5
configure:6115: $? = 0
configure:6130: result: yes
configure:6742: checking for cast to union support
configure:6761: gcc  -c -pipe  -I/usr/local/opt/zlib/include  conftest.c >&5
configure:6761: $? = 0
configure:6769: result: yes
configure:6777: checking for working -fno-lto
configure:6793: gcc  -c -pipe  -fno-lto -I/usr/local/opt/zlib/include  conftest.c >&5
configure:6793: $? = 0
configure:6801: result: yes
configure:6859: checking for build with symbols
configure:6875: result: no
configure:6929: checking for required early compiler flags
configure:6947: gcc  -c -pipe  -I/usr/local/opt/zlib/include  conftest.c >&5
configure:6947: $? = 0
configure:6994: gcc  -c -pipe  -I/usr/local/opt/zlib/include  conftest.c >&5
configure:6994: $? = 0
configure:7041: gcc  -c -pipe  -I/usr/local/opt/zlib/include  conftest.c >&5
conftest.c: In function 'main':
conftest.c:37:19: error: 'open64' undeclared (first use in this function)
   37 | char *p = (char *)open64;
      |                   ^~~~~~
conftest.c:37:19: note: each undeclared identifier is reported only once for each function it appears in
configure:7041: $? = 1
configure: failed program was:
| /* confdefs.h */
| #define PACKAGE_NAME "tcl"
| #define PACKAGE_TARNAME "tcl"
| #define PACKAGE_VERSION "8.6"
| #define PACKAGE_STRING "tcl 8.6"
| #define PACKAGE_BUGREPORT ""
| #define PACKAGE_URL ""
| #define STDC_HEADERS 1
| #define HAVE_SYS_TYPES_H 1
| #define HAVE_SYS_STAT_H 1
| #define HAVE_STDLIB_H 1
| #define HAVE_STRING_H 1
| #define HAVE_MEMORY_H 1
| #define HAVE_STRINGS_H 1
| #define HAVE_INTTYPES_H 1
| #define HAVE_STDINT_H 1
| #define HAVE_UNISTD_H 1
| #define NO_VALUES_H 1
| #define HAVE_SYS_PARAM_H 1
| #define TCL_CFGVAL_ENCODING "iso8859-1"
| #define HAVE_ZLIB 1
| #define MODULE_SCOPE extern __attribute__((__visibility__("hidden")))
| #define HAVE_HIDDEN 1
| #define MAC_OSX_TCL 1
| #define HAVE_COREFOUNDATION 1
| #define HAVE_CAST_TO_UNION 1
| #define TCL_SHLIB_EXT ".dylib"
| #define NDEBUG 1
| #define TCL_CFG_OPTIMIZED 1
| #define TCL_TOMMATH 1
| #define MP_PREC 4
| /* end confdefs.h.  */
| #include <sys/stat.h>
| int
| main ()
| {
| char *p = (char *)open64;
|   ;
|   return 0;
| }
configure:7056: gcc  -c -pipe  -I/usr/local/opt/zlib/include  conftest.c >&5
conftest.c: In function 'main':
conftest.c:38:19: error: 'open64' undeclared (first use in this function)
   38 | char *p = (char *)open64;
      |                   ^~~~~~
conftest.c:38:19: note: each undeclared identifier is reported only once for each function it appears in
configure:7056: $? = 1
configure: failed program was:
| /* confdefs.h */
| #define PACKAGE_NAME "tcl"
| #define PACKAGE_TARNAME "tcl"
| #define PACKAGE_VERSION "8.6"
| #define PACKAGE_STRING "tcl 8.6"
| #define PACKAGE_BUGREPORT ""
| #define PACKAGE_URL ""
| #define STDC_HEADERS 1
| #define HAVE_SYS_TYPES_H 1
| #define HAVE_SYS_STAT_H 1
| #define HAVE_STDLIB_H 1
| #define HAVE_STRING_H 1
| #define HAVE_MEMORY_H 1
| #define HAVE_STRINGS_H 1
| #define HAVE_INTTYPES_H 1
| #define HAVE_STDINT_H 1
| #define HAVE_UNISTD_H 1
| #define NO_VALUES_H 1
| #define HAVE_SYS_PARAM_H 1
| #define TCL_CFGVAL_ENCODING "iso8859-1"
| #define HAVE_ZLIB 1
| #define MODULE_SCOPE extern __attribute__((__visibility__("hidden")))
| #define HAVE_HIDDEN 1
| #define MAC_OSX_TCL 1
| #define HAVE_COREFOUNDATION 1
| #define HAVE_CAST_TO_UNION 1
| #define TCL_SHLIB_EXT ".dylib"
| #define NDEBUG 1
| #define TCL_CFG_OPTIMIZED 1
| #define TCL_TOMMATH 1
| #define MP_PREC 4
| /* end confdefs.h.  */
| #define _LARGEFILE_SOURCE64 1
| #include <sys/stat.h>
| int
| main ()
| {
| char *p = (char *)open64;
|   ;
|   return 0;
| }
configure:7074: result: none
configure:7083: checking for 64-bit integer type
configure:7102: gcc  -c -pipe  -I/usr/local/opt/zlib/include  conftest.c >&5
conftest.c: In function 'main':
conftest.c:37:1: error: unknown type name '__int64'
   37 | __int64 value = (__int64) 0;
      | ^~~~~~~
conftest.c:37:18: error: '__int64' undeclared (first use in this function)
   37 | __int64 value = (__int64) 0;
      |                  ^~~~~~~
conftest.c:37:18: note: each undeclared identifier is reported only once for each function it appears in
conftest.c:37:27: error: expected ',' or ';' before numeric constant
   37 | __int64 value = (__int64) 0;
      |                           ^
configure:7102: $? = 1
configure: failed program was:
| /* confdefs.h */
| #define PACKAGE_NAME "tcl"
| #define PACKAGE_TARNAME "tcl"
| #define PACKAGE_VERSION "8.6"
| #define PACKAGE_STRING "tcl 8.6"
| #define PACKAGE_BUGREPORT ""
| #define PACKAGE_URL ""
| #define STDC_HEADERS 1
| #define HAVE_SYS_TYPES_H 1
| #define HAVE_SYS_STAT_H 1
| #define HAVE_STDLIB_H 1
| #define HAVE_STRING_H 1
| #define HAVE_MEMORY_H 1
| #define HAVE_STRINGS_H 1
| #define HAVE_INTTYPES_H 1
| #define HAVE_STDINT_H 1
| #define HAVE_UNISTD_H 1
| #define NO_VALUES_H 1
| #define HAVE_SYS_PARAM_H 1
| #define TCL_CFGVAL_ENCODING "iso8859-1"
| #define HAVE_ZLIB 1
| #define MODULE_SCOPE extern __attribute__((__visibility__("hidden")))
| #define HAVE_HIDDEN 1
| #define MAC_OSX_TCL 1
| #define HAVE_COREFOUNDATION 1
| #define HAVE_CAST_TO_UNION 1
| #define TCL_SHLIB_EXT ".dylib"
| #define NDEBUG 1
| #define TCL_CFG_OPTIMIZED 1
| #define TCL_TOMMATH 1
| #define MP_PREC 4
| /* end confdefs.h.  */
| 
| int
| main ()
| {
| __int64 value = (__int64) 0;
|   ;
|   return 0;
| }
configure:7124: gcc  -c -pipe  -I/usr/local/opt/zlib/include  conftest.c >&5
conftest.c: In function 'main':
conftest.c:38:21: error: duplicate case value
   38 |             case 1: case (sizeof(long long)==sizeof(long)): ;
      |                     ^~~~
conftest.c:38:13: note: previously used here
   38 |             case 1: case (sizeof(long long)==sizeof(long)): ;
      |             ^~~~
configure:7124: $? = 1
configure: failed program was:
| /* confdefs.h */
| #define PACKAGE_NAME "tcl"
| #define PACKAGE_TARNAME "tcl"
| #define PACKAGE_VERSION "8.6"
| #define PACKAGE_STRING "tcl 8.6"
| #define PACKAGE_BUGREPORT ""
| #define PACKAGE_URL ""
| #define STDC_HEADERS 1
| #define HAVE_SYS_TYPES_H 1
| #define HAVE_SYS_STAT_H 1
| #define HAVE_STDLIB_H 1
| #define HAVE_STRING_H 1
| #define HAVE_MEMORY_H 1
| #define HAVE_STRINGS_H 1
| #define HAVE_INTTYPES_H 1
| #define HAVE_STDINT_H 1
| #define HAVE_UNISTD_H 1
| #define NO_VALUES_H 1
| #define HAVE_SYS_PARAM_H 1
| #define TCL_CFGVAL_ENCODING "iso8859-1"
| #define HAVE_ZLIB 1
| #define MODULE_SCOPE extern __attribute__((__visibility__("hidden")))
| #define HAVE_HIDDEN 1
| #define MAC_OSX_TCL 1
| #define HAVE_COREFOUNDATION 1
| #define HAVE_CAST_TO_UNION 1
| #define TCL_SHLIB_EXT ".dylib"
| #define NDEBUG 1
| #define TCL_CFG_OPTIMIZED 1
| #define TCL_TOMMATH 1
| #define MP_PREC 4
| /* end confdefs.h.  */
| 
| int
| main ()
| {
| switch (0) {
|             case 1: case (sizeof(long long)==sizeof(long)): ;
|         }
|   ;
|   return 0;
| }
configure:7134: result: using long
configure:7304: checking whether byte ordering is bigendian
configure:7319: gcc  -c -pipe  -I/usr/local/opt/zlib/include  conftest.c >&5
configure:7319: $? = 0
configure:7364: gcc  -c -pipe  -I/usr/local/opt/zlib/include  conftest.c >&5
configure:7364: $? = 0
configure:7382: gcc  -c -pipe  -I/usr/local/opt/zlib/include  conftest.c >&5
conftest.c: In function 'main':
conftest.c:41:18: error: unknown type name 'not'; did you mean 'ino_t'?
   41 |                  not big endian
      |                  ^~~
      |                  ino_t
conftest.c:41:26: error: expected '=', ',', ';', 'asm' or '__attribute__' before 'endian'
   41 |                  not big endian
      |                          ^~~~~~
configure:7382: $? = 1
configure: failed program was:
| /* confdefs.h */
| #define PACKAGE_NAME "tcl"
| #define PACKAGE_TARNAME "tcl"
| #define PACKAGE_VERSION "8.6"
| #define PACKAGE_STRING "tcl 8.6"
| #define PACKAGE_BUGREPORT ""
| #define PACKAGE_URL ""
| #define STDC_HEADERS 1
| #define HAVE_SYS_TYPES_H 1
| #define HAVE_SYS_STAT_H 1
| #define HAVE_STDLIB_H 1
| #define HAVE_STRING_H 1
| #define HAVE_MEMORY_H 1
| #define HAVE_STRINGS_H 1
| #define HAVE_INTTYPES_H 1
| #define HAVE_STDINT_H 1
| #define HAVE_UNISTD_H 1
| #define NO_VALUES_H 1
| #define HAVE_SYS_PARAM_H 1
| #define TCL_CFGVAL_ENCODING "iso8859-1"
| #define HAVE_ZLIB 1
| #define MODULE_SCOPE extern __attribute__((__visibility__("hidden")))
| #define HAVE_HIDDEN 1
| #define MAC_OSX_TCL 1
| #define HAVE_COREFOUNDATION 1
| #define HAVE_CAST_TO_UNION 1
| #define TCL_SHLIB_EXT ".dylib"
| #define NDEBUG 1
| #define TCL_CFG_OPTIMIZED 1
| #define TCL_TOMMATH 1
| #define MP_PREC 4
| #define TCL_WIDE_INT_IS_LONG 1
| /* end confdefs.h.  */
| #include <sys/types.h>
| 		#include <sys/param.h>
| 
| int
| main ()
| {
| #if BYTE_ORDER != BIG_ENDIAN
| 		 not big endian
| 		#endif
| 
|   ;
|   return 0;
| }
configure:7510: result: no
configure:7533: checking for readdir_r
configure:7533: gcc  -o conftest -pipe  -I/usr/local/opt/zlib/include   -headerpad_max_install_names -Wl,-search_paths_first  conftest.c -lz  -framework CoreFoundation >&5
configure:7533: $? = 0
configure:7533: result: yes
configure:7541: checking for working readdir_r
configure:7579: gcc  -o conftest -pipe  -I/usr/local/opt/zlib/include   -headerpad_max_install_names -Wl,-search_paths_first  conftest.c -lz  -framework CoreFoundation >&5
conftest.c:42:19: warning: return type defaults to 'int' [-Wimplicit-int]
   42 |                   main()
      |                   ^~~~
conftest.c: In function 'main':
conftest.c:51:39: warning: implicit declaration of function 'getcwd'; did you mean 'getw'? [-Wimplicit-function-declaration]
   51 |                     source = (char *) getcwd(path,BUFSIZ) ;
      |                                       ^~~~~~
      |                                       getw
conftest.c:51:30: warning: cast to pointer from integer of different size [-Wint-to-pointer-cast]
   51 |                     source = (char *) getcwd(path,BUFSIZ) ;
      |                              ^
conftest.c:53:50: warning: implicit declaration of function 'malloc' [-Wimplicit-function-declaration]
   53 |                     dirbuf_p = (struct dirent *) malloc( sizeof(struct dirent) + 1024) ;
      |                                                  ^~~~~~
conftest.c:42:8: note: include '<stdlib.h>' or provide a declaration of 'malloc'
   41 |                   #include <dirent.h>
  +++ |+#include <stdlib.h>
   42 |                   main()
conftest.c:53:50: warning: incompatible implicit declaration of built-in function 'malloc' [-Wbuiltin-declaration-mismatch]
   53 |                     dirbuf_p = (struct dirent *) malloc( sizeof(struct dirent) + 1024) ;
      |                                                  ^~~~~~
conftest.c:53:50: note: include '<stdlib.h>' or provide a declaration of 'malloc'
conftest.c:56:23: warning: implicit declaration of function 'exit' [-Wimplicit-function-declaration]
   56 |                       exit(0) ;
      |                       ^~~~
conftest.c:56:23: note: include '<stdlib.h>' or provide a declaration of 'exit'
conftest.c:56:23: warning: incompatible implicit declaration of built-in function 'exit' [-Wbuiltin-declaration-mismatch]
conftest.c:56:23: note: include '<stdlib.h>' or provide a declaration of 'exit'
conftest.c:58:21: warning: incompatible implicit declaration of built-in function 'exit' [-Wbuiltin-declaration-mismatch]
   58 |                     exit(1) ;
      |                     ^~~~
conftest.c:58:21: note: include '<stdlib.h>' or provide a declaration of 'exit'
configure:7579: $? = 0
configure:7579: ./conftest
./configure: line 1759: 30142 Segmentation fault: 11  ./conftest$ac_exeext
configure:7579: $? = 139
configure: program exited with status 139
configure: failed program was:
| /* confdefs.h */
| #define PACKAGE_NAME "tcl"
| #define PACKAGE_TARNAME "tcl"
| #define PACKAGE_VERSION "8.6"
| #define PACKAGE_STRING "tcl 8.6"
| #define PACKAGE_BUGREPORT ""
| #define PACKAGE_URL ""
| #define STDC_HEADERS 1
| #define HAVE_SYS_TYPES_H 1
| #define HAVE_SYS_STAT_H 1
| #define HAVE_STDLIB_H 1
| #define HAVE_STRING_H 1
| #define HAVE_MEMORY_H 1
| #define HAVE_STRINGS_H 1
| #define HAVE_INTTYPES_H 1
| #define HAVE_STDINT_H 1
| #define HAVE_UNISTD_H 1
| #define NO_VALUES_H 1
| #define HAVE_SYS_PARAM_H 1
| #define TCL_CFGVAL_ENCODING "iso8859-1"
| #define HAVE_ZLIB 1
| #define MODULE_SCOPE extern __attribute__((__visibility__("hidden")))
| #define HAVE_HIDDEN 1
| #define MAC_OSX_TCL 1
| #define HAVE_COREFOUNDATION 1
| #define HAVE_CAST_TO_UNION 1
| #define TCL_SHLIB_EXT ".dylib"
| #define NDEBUG 1
| #define TCL_CFG_OPTIMIZED 1
| #define TCL_TOMMATH 1
| #define MP_PREC 4
| #define TCL_WIDE_INT_IS_LONG 1
| /* end confdefs.h.  */
| 
| 		  #include <stdio.h>
| 		  #define _REENTRANT
| 		  #define _POSIX_C_SOURCE
| 		  #define _POSIX_PTHREAD_SEMANTICS
| 
| 		  #include <sys/types.h>
| 		  #include <dirent.h>
| 		  main()
| 		  {
| 		    int val ;
| 		    char *source ;
| 		    char path[BUFSIZ+1] ;
| 		    DIR *dir_p ;
| 		    struct dirent *dirbuf_p ;
| 		    struct dirent *dirEntPtr ;
| 
| 		    source = (char *) getcwd(path,BUFSIZ) ;
| 		    dir_p = opendir(source) ;
| 		    dirbuf_p = (struct dirent *) malloc( sizeof(struct dirent) + 1024) ;
| 		    val =  readdir_r(dir_p,dirbuf_p,&dirEntPtr) ;
| 		    if( val == 0 && dirEntPtr ){
| 		      exit(0) ;
| 		    }
| 		    exit(1) ;
| 		}
configure:7596: result: buggy use readdir instead
configure:7609: checking for getcwd
configure:7609: gcc  -o conftest -pipe  -I/usr/local/opt/zlib/include   -headerpad_max_install_names -Wl,-search_paths_first  conftest.c -lz  -framework CoreFoundation >&5
configure:7609: $? = 0
configure:7609: result: yes
configure:7625: checking for mkstemp
configure:7625: gcc  -o conftest -pipe  -I/usr/local/opt/zlib/include   -headerpad_max_install_names -Wl,-search_paths_first  conftest.c -lz  -framework CoreFoundation >&5
configure:7625: $? = 0
configure:7625: result: yes
configure:7638: checking for opendir
configure:7638: gcc  -o conftest -pipe  -I/usr/local/opt/zlib/include   -headerpad_max_install_names -Wl,-search_paths_first  conftest.c -lz  -framework CoreFoundation >&5
configure:7638: $? = 0
configure:7638: result: yes
configure:7651: checking for strtol
configure:7651: gcc  -o conftest -pipe  -I/usr/local/opt/zlib/include   -headerpad_max_install_names -Wl,-search_paths_first  conftest.c -lz  -framework CoreFoundation >&5
configure:7651: $? = 0
configure:7651: result: yes
configure:7664: checking for waitpid
configure:7664: gcc  -o conftest -pipe  -I/usr/local/opt/zlib/include   -headerpad_max_install_names -Wl,-search_paths_first  conftest.c -lz  -framework CoreFoundation >&5
configure:7664: $? = 0
configure:7664: result: yes
configure:7678: checking for strerror
configure:7678: gcc  -o conftest -pipe  -I/usr/local/opt/zlib/include   -headerpad_max_install_names -Wl,-search_paths_first  conftest.c -lz  -framework CoreFoundation >&5
configure:7678: $? = 0
configure:7678: result: yes
configure:7687: checking for getwd
configure:7687: gcc  -o conftest -pipe  -I/usr/local/opt/zlib/include   -headerpad_max_install_names -Wl,-search_paths_first  conftest.c -lz  -framework CoreFoundation >&5
configure:7687: $? = 0
configure:7687: result: yes
configure:7696: checking for wait3
configure:7696: gcc  -o conftest -pipe  -I/usr/local/opt/zlib/include   -headerpad_max_install_names -Wl,-search_paths_first  conftest.c -lz  -framework CoreFoundation >&5
configure:7696: $? = 0
configure:7696: result: yes
configure:7705: checking for uname
configure:7705: gcc  -o conftest -pipe  -I/usr/local/opt/zlib/include   -headerpad_max_install_names -Wl,-search_paths_first  conftest.c -lz  -framework CoreFoundation >&5
configure:7705: $? = 0
configure:7705: result: yes
configure:7721: checking for realpath
configure:7721: gcc  -o conftest -pipe  -I/usr/local/opt/zlib/include   -headerpad_max_install_names -Wl,-search_paths_first  conftest.c -lz  -framework CoreFoundation >&5
configure:7721: $? = 0
configure:7721: result: yes
configure:7736: checking for getnameinfo
configure:7736: gcc  -o conftest -pipe  -I/usr/local/opt/zlib/include   -headerpad_max_install_names -Wl,-search_paths_first  conftest.c -lz  -framework CoreFoundation >&5
configure:7736: $? = 0
configure:7736: result: yes
configure:7736: checking for getaddrinfo
configure:7736: gcc  -o conftest -pipe  -I/usr/local/opt/zlib/include   -headerpad_max_install_names -Wl,-search_paths_first  conftest.c -lz  -framework CoreFoundation >&5
configure:7736: $? = 0
configure:7736: result: yes
configure:7736: checking for freeaddrinfo
configure:7736: gcc  -o conftest -pipe  -I/usr/local/opt/zlib/include   -headerpad_max_install_names -Wl,-search_paths_first  conftest.c -lz  -framework CoreFoundation >&5
configure:7736: $? = 0
configure:7736: result: yes
configure:7736: checking for gai_strerror
configure:7736: gcc  -o conftest -pipe  -I/usr/local/opt/zlib/include   -headerpad_max_install_names -Wl,-search_paths_first  conftest.c -lz  -framework CoreFoundation >&5
configure:7736: $? = 0
configure:7736: result: yes
configure:7747: checking for struct addrinfo
configure:7747: gcc  -c -pipe  -I/usr/local/opt/zlib/include  conftest.c >&5
configure:7747: $? = 0
configure:7747: gcc  -c -pipe  -I/usr/local/opt/zlib/include  conftest.c >&5
conftest.c: In function 'main':
conftest.c:53:30: error: expected expression before ')' token
   53 | if (sizeof ((struct addrinfo)))
      |                              ^
configure:7747: $? = 1
configure: failed program was:
| /* confdefs.h */
| #define PACKAGE_NAME "tcl"
| #define PACKAGE_TARNAME "tcl"
| #define PACKAGE_VERSION "8.6"
| #define PACKAGE_STRING "tcl 8.6"
| #define PACKAGE_BUGREPORT ""
| #define PACKAGE_URL ""
| #define STDC_HEADERS 1
| #define HAVE_SYS_TYPES_H 1
| #define HAVE_SYS_STAT_H 1
| #define HAVE_STDLIB_H 1
| #define HAVE_STRING_H 1
| #define HAVE_MEMORY_H 1
| #define HAVE_STRINGS_H 1
| #define HAVE_INTTYPES_H 1
| #define HAVE_STDINT_H 1
| #define HAVE_UNISTD_H 1
| #define NO_VALUES_H 1
| #define HAVE_SYS_PARAM_H 1
| #define TCL_CFGVAL_ENCODING "iso8859-1"
| #define HAVE_ZLIB 1
| #define MODULE_SCOPE extern __attribute__((__visibility__("hidden")))
| #define HAVE_HIDDEN 1
| #define MAC_OSX_TCL 1
| #define HAVE_COREFOUNDATION 1
| #define HAVE_CAST_TO_UNION 1
| #define TCL_SHLIB_EXT ".dylib"
| #define NDEBUG 1
| #define TCL_CFG_OPTIMIZED 1
| #define TCL_TOMMATH 1
| #define MP_PREC 4
| #define TCL_WIDE_INT_IS_LONG 1
| #define HAVE_GETCWD 1
| #define HAVE_MKSTEMP 1
| #define HAVE_OPENDIR 1
| #define HAVE_STRTOL 1
| #define HAVE_WAITPID 1
| #define HAVE_GETNAMEINFO 1
| #define HAVE_GETADDRINFO 1
| #define HAVE_FREEADDRINFO 1
| #define HAVE_GAI_STRERROR 1
| /* end confdefs.h.  */
| 
| #include <sys/types.h>
| #include <sys/socket.h>
| #include <netinet/in.h>
| #include <netdb.h>
| 
| 
| int
| main ()
| {
| if (sizeof ((struct addrinfo)))
| 	    return 0;
|   ;
|   return 0;
| }
configure:7747: result: yes
configure:7764: checking for struct in6_addr
configure:7764: gcc  -c -pipe  -I/usr/local/opt/zlib/include  conftest.c >&5
configure:7764: $? = 0
configure:7764: gcc  -c -pipe  -I/usr/local/opt/zlib/include  conftest.c >&5
conftest.c: In function 'main':
conftest.c:54:30: error: expected expression before ')' token
   54 | if (sizeof ((struct in6_addr)))
      |                              ^
configure:7764: $? = 1
configure: failed program was:
| /* confdefs.h */
| #define PACKAGE_NAME "tcl"
| #define PACKAGE_TARNAME "tcl"
| #define PACKAGE_VERSION "8.6"
| #define PACKAGE_STRING "tcl 8.6"
| #define PACKAGE_BUGREPORT ""
| #define PACKAGE_URL ""
| #define STDC_HEADERS 1
| #define HAVE_SYS_TYPES_H 1
| #define HAVE_SYS_STAT_H 1
| #define HAVE_STDLIB_H 1
| #define HAVE_STRING_H 1
| #define HAVE_MEMORY_H 1
| #define HAVE_STRINGS_H 1
| #define HAVE_INTTYPES_H 1
| #define HAVE_STDINT_H 1
| #define HAVE_UNISTD_H 1
| #define NO_VALUES_H 1
| #define HAVE_SYS_PARAM_H 1
| #define TCL_CFGVAL_ENCODING "iso8859-1"
| #define HAVE_ZLIB 1
| #define MODULE_SCOPE extern __attribute__((__visibility__("hidden")))
| #define HAVE_HIDDEN 1
| #define MAC_OSX_TCL 1
| #define HAVE_COREFOUNDATION 1
| #define HAVE_CAST_TO_UNION 1
| #define TCL_SHLIB_EXT ".dylib"
| #define NDEBUG 1
| #define TCL_CFG_OPTIMIZED 1
| #define TCL_TOMMATH 1
| #define MP_PREC 4
| #define TCL_WIDE_INT_IS_LONG 1
| #define HAVE_GETCWD 1
| #define HAVE_MKSTEMP 1
| #define HAVE_OPENDIR 1
| #define HAVE_STRTOL 1
| #define HAVE_WAITPID 1
| #define HAVE_GETNAMEINFO 1
| #define HAVE_GETADDRINFO 1
| #define HAVE_FREEADDRINFO 1
| #define HAVE_GAI_STRERROR 1
| #define HAVE_STRUCT_ADDRINFO 1
| /* end confdefs.h.  */
| 
| #include <sys/types.h>
| #include <sys/socket.h>
| #include <netinet/in.h>
| #include <netdb.h>
| 
| 
| int
| main ()
| {
| if (sizeof ((struct in6_addr)))
| 	    return 0;
|   ;
|   return 0;
| }
configure:7764: result: yes
configure:7781: checking for struct sockaddr_in6
configure:7781: gcc  -c -pipe  -I/usr/local/opt/zlib/include  conftest.c >&5
configure:7781: $? = 0
configure:7781: gcc  -c -pipe  -I/usr/local/opt/zlib/include  conftest.c >&5
conftest.c: In function 'main':
conftest.c:55:34: error: expected expression before ')' token
   55 | if (sizeof ((struct sockaddr_in6)))
      |                                  ^
configure:7781: $? = 1
configure: failed program was:
| /* confdefs.h */
| #define PACKAGE_NAME "tcl"
| #define PACKAGE_TARNAME "tcl"
| #define PACKAGE_VERSION "8.6"
| #define PACKAGE_STRING "tcl 8.6"
| #define PACKAGE_BUGREPORT ""
| #define PACKAGE_URL ""
| #define STDC_HEADERS 1
| #define HAVE_SYS_TYPES_H 1
| #define HAVE_SYS_STAT_H 1
| #define HAVE_STDLIB_H 1
| #define HAVE_STRING_H 1
| #define HAVE_MEMORY_H 1
| #define HAVE_STRINGS_H 1
| #define HAVE_INTTYPES_H 1
| #define HAVE_STDINT_H 1
| #define HAVE_UNISTD_H 1
| #define NO_VALUES_H 1
| #define HAVE_SYS_PARAM_H 1
| #define TCL_CFGVAL_ENCODING "iso8859-1"
| #define HAVE_ZLIB 1
| #define MODULE_SCOPE extern __attribute__((__visibility__("hidden")))
| #define HAVE_HIDDEN 1
| #define MAC_OSX_TCL 1
| #define HAVE_COREFOUNDATION 1
| #define HAVE_CAST_TO_UNION 1
| #define TCL_SHLIB_EXT ".dylib"
| #define NDEBUG 1
| #define TCL_CFG_OPTIMIZED 1
| #define TCL_TOMMATH 1
| #define MP_PREC 4
| #define TCL_WIDE_INT_IS_LONG 1
| #define HAVE_GETCWD 1
| #define HAVE_MKSTEMP 1
| #define HAVE_OPENDIR 1
| #define HAVE_STRTOL 1
| #define HAVE_WAITPID 1
| #define HAVE_GETNAMEINFO 1
| #define HAVE_GETADDRINFO 1
| #define HAVE_FREEADDRINFO 1
| #define HAVE_GAI_STRERROR 1
| #define HAVE_STRUCT_ADDRINFO 1
| #define HAVE_STRUCT_IN6_ADDR 1
| /* end confdefs.h.  */
| 
| #include <sys/types.h>
| #include <sys/socket.h>
| #include <netinet/in.h>
| #include <netdb.h>
| 
| 
| int
| main ()
| {
| if (sizeof ((struct sockaddr_in6)))
| 	    return 0;
|   ;
|   return 0;
| }
configure:7781: result: yes
configure:7798: checking for struct sockaddr_storage
configure:7798: gcc  -c -pipe  -I/usr/local/opt/zlib/include  conftest.c >&5
configure:7798: $? = 0
configure:7798: gcc  -c -pipe  -I/usr/local/opt/zlib/include  conftest.c >&5
conftest.c: In function 'main':
conftest.c:56:38: error: expected expression before ')' token
   56 | if (sizeof ((struct sockaddr_storage)))
      |                                      ^
configure:7798: $? = 1
configure: failed program was:
| /* confdefs.h */
| #define PACKAGE_NAME "tcl"
| #define PACKAGE_TARNAME "tcl"
| #define PACKAGE_VERSION "8.6"
| #define PACKAGE_STRING "tcl 8.6"
| #define PACKAGE_BUGREPORT ""
| #define PACKAGE_URL ""
| #define STDC_HEADERS 1
| #define HAVE_SYS_TYPES_H 1
| #define HAVE_SYS_STAT_H 1
| #define HAVE_STDLIB_H 1
| #define HAVE_STRING_H 1
| #define HAVE_MEMORY_H 1
| #define HAVE_STRINGS_H 1
| #define HAVE_INTTYPES_H 1
| #define HAVE_STDINT_H 1
| #define HAVE_UNISTD_H 1
| #define NO_VALUES_H 1
| #define HAVE_SYS_PARAM_H 1
| #define TCL_CFGVAL_ENCODING "iso8859-1"
| #define HAVE_ZLIB 1
| #define MODULE_SCOPE extern __attribute__((__visibility__("hidden")))
| #define HAVE_HIDDEN 1
| #define MAC_OSX_TCL 1
| #define HAVE_COREFOUNDATION 1
| #define HAVE_CAST_TO_UNION 1
| #define TCL_SHLIB_EXT ".dylib"
| #define NDEBUG 1
| #define TCL_CFG_OPTIMIZED 1
| #define TCL_TOMMATH 1
| #define MP_PREC 4
| #define TCL_WIDE_INT_IS_LONG 1
| #define HAVE_GETCWD 1
| #define HAVE_MKSTEMP 1
| #define HAVE_OPENDIR 1
| #define HAVE_STRTOL 1
| #define HAVE_WAITPID 1
| #define HAVE_GETNAMEINFO 1
| #define HAVE_GETADDRINFO 1
| #define HAVE_FREEADDRINFO 1
| #define HAVE_GAI_STRERROR 1
| #define HAVE_STRUCT_ADDRINFO 1
| #define HAVE_STRUCT_IN6_ADDR 1
| #define HAVE_STRUCT_SOCKADDR_IN6 1
| /* end confdefs.h.  */
| 
| #include <sys/types.h>
| #include <sys/socket.h>
| #include <netinet/in.h>
| #include <netdb.h>
| 
| 
| int
| main ()
| {
| if (sizeof ((struct sockaddr_storage)))
| 	    return 0;
|   ;
|   return 0;
| }
configure:7798: result: yes
configure:8551: checking termios.h usability
configure:8551: gcc  -c -pipe  -I/usr/local/opt/zlib/include  conftest.c >&5
configure:8551: $? = 0
configure:8551: result: yes
configure:8551: checking termios.h presence
configure:8551: gcc  -E -I/usr/local/opt/zlib/include  conftest.c
configure:8551: $? = 0
configure:8551: result: yes
configure:8551: checking for termios.h
configure:8551: result: yes
configure:8563: checking sys/ioctl.h usability
configure:8563: gcc  -c -pipe  -I/usr/local/opt/zlib/include  conftest.c >&5
configure:8563: $? = 0
configure:8563: result: yes
configure:8563: checking sys/ioctl.h presence
configure:8563: gcc  -E -I/usr/local/opt/zlib/include  conftest.c
configure:8563: $? = 0
configure:8563: result: yes
configure:8563: checking for sys/ioctl.h
configure:8563: result: yes
configure:8575: checking sys/modem.h usability
configure:8575: gcc  -c -pipe  -I/usr/local/opt/zlib/include  conftest.c >&5
conftest.c:82:10: fatal error: sys/modem.h: No such file or directory
   82 | #include <sys/modem.h>
      |          ^~~~~~~~~~~~~
compilation terminated.
configure:8575: $? = 1
configure: failed program was:
| /* confdefs.h */
| #define PACKAGE_NAME "tcl"
| #define PACKAGE_TARNAME "tcl"
| #define PACKAGE_VERSION "8.6"
| #define PACKAGE_STRING "tcl 8.6"
| #define PACKAGE_BUGREPORT ""
| #define PACKAGE_URL ""
| #define STDC_HEADERS 1
| #define HAVE_SYS_TYPES_H 1
| #define HAVE_SYS_STAT_H 1
| #define HAVE_STDLIB_H 1
| #define HAVE_STRING_H 1
| #define HAVE_MEMORY_H 1
| #define HAVE_STRINGS_H 1
| #define HAVE_INTTYPES_H 1
| #define HAVE_STDINT_H 1
| #define HAVE_UNISTD_H 1
| #define NO_VALUES_H 1
| #define HAVE_SYS_PARAM_H 1
| #define TCL_CFGVAL_ENCODING "iso8859-1"
| #define HAVE_ZLIB 1
| #define MODULE_SCOPE extern __attribute__((__visibility__("hidden")))
| #define HAVE_HIDDEN 1
| #define MAC_OSX_TCL 1
| #define HAVE_COREFOUNDATION 1
| #define HAVE_CAST_TO_UNION 1
| #define TCL_SHLIB_EXT ".dylib"
| #define NDEBUG 1
| #define TCL_CFG_OPTIMIZED 1
| #define TCL_TOMMATH 1
| #define MP_PREC 4
| #define TCL_WIDE_INT_IS_LONG 1
| #define HAVE_GETCWD 1
| #define HAVE_MKSTEMP 1
| #define HAVE_OPENDIR 1
| #define HAVE_STRTOL 1
| #define HAVE_WAITPID 1
| #define HAVE_GETNAMEINFO 1
| #define HAVE_GETADDRINFO 1
| #define HAVE_FREEADDRINFO 1
| #define HAVE_GAI_STRERROR 1
| #define HAVE_STRUCT_ADDRINFO 1
| #define HAVE_STRUCT_IN6_ADDR 1
| #define HAVE_STRUCT_SOCKADDR_IN6 1
| #define HAVE_STRUCT_SOCKADDR_STORAGE 1
| #define HAVE_TERMIOS_H 1
| #define HAVE_SYS_IOCTL_H 1
| /* end confdefs.h.  */
| #include <stdio.h>
| #ifdef HAVE_SYS_TYPES_H
| # include <sys/types.h>
| #endif
| #ifdef HAVE_SYS_STAT_H
| # include <sys/stat.h>
| #endif
| #ifdef STDC_HEADERS
| # include <stdlib.h>
| # include <stddef.h>
| #else
| # ifdef HAVE_STDLIB_H
| #  include <stdlib.h>
| # endif
| #endif
| #ifdef HAVE_STRING_H
| # if !defined STDC_HEADERS && defined HAVE_MEMORY_H
| #  include <memory.h>
| # endif
| # include <string.h>
| #endif
| #ifdef HAVE_STRINGS_H
| # include <strings.h>
| #endif
| #ifdef HAVE_INTTYPES_H
| # include <inttypes.h>
| #endif
| #ifdef HAVE_STDINT_H
| # include <stdint.h>
| #endif
| #ifdef HAVE_UNISTD_H
| # include <unistd.h>
| #endif
| #include <sys/modem.h>
configure:8575: result: no
configure:8575: checking sys/modem.h presence
configure:8575: gcc  -E -I/usr/local/opt/zlib/include  conftest.c
conftest.c:49:10: fatal error: sys/modem.h: No such file or directory
   49 | #include <sys/modem.h>
      |          ^~~~~~~~~~~~~
compilation terminated.
configure:8575: $? = 1
configure: failed program was:
| /* confdefs.h */
| #define PACKAGE_NAME "tcl"
| #define PACKAGE_TARNAME "tcl"
| #define PACKAGE_VERSION "8.6"
| #define PACKAGE_STRING "tcl 8.6"
| #define PACKAGE_BUGREPORT ""
| #define PACKAGE_URL ""
| #define STDC_HEADERS 1
| #define HAVE_SYS_TYPES_H 1
| #define HAVE_SYS_STAT_H 1
| #define HAVE_STDLIB_H 1
| #define HAVE_STRING_H 1
| #define HAVE_MEMORY_H 1
| #define HAVE_STRINGS_H 1
| #define HAVE_INTTYPES_H 1
| #define HAVE_STDINT_H 1
| #define HAVE_UNISTD_H 1
| #define NO_VALUES_H 1
| #define HAVE_SYS_PARAM_H 1
| #define TCL_CFGVAL_ENCODING "iso8859-1"
| #define HAVE_ZLIB 1
| #define MODULE_SCOPE extern __attribute__((__visibility__("hidden")))
| #define HAVE_HIDDEN 1
| #define MAC_OSX_TCL 1
| #define HAVE_COREFOUNDATION 1
| #define HAVE_CAST_TO_UNION 1
| #define TCL_SHLIB_EXT ".dylib"
| #define NDEBUG 1
| #define TCL_CFG_OPTIMIZED 1
| #define TCL_TOMMATH 1
| #define MP_PREC 4
| #define TCL_WIDE_INT_IS_LONG 1
| #define HAVE_GETCWD 1
| #define HAVE_MKSTEMP 1
| #define HAVE_OPENDIR 1
| #define HAVE_STRTOL 1
| #define HAVE_WAITPID 1
| #define HAVE_GETNAMEINFO 1
| #define HAVE_GETADDRINFO 1
| #define HAVE_FREEADDRINFO 1
| #define HAVE_GAI_STRERROR 1
| #define HAVE_STRUCT_ADDRINFO 1
| #define HAVE_STRUCT_IN6_ADDR 1
| #define HAVE_STRUCT_SOCKADDR_IN6 1
| #define HAVE_STRUCT_SOCKADDR_STORAGE 1
| #define HAVE_TERMIOS_H 1
| #define HAVE_SYS_IOCTL_H 1
| /* end confdefs.h.  */
| #include <sys/modem.h>
configure:8575: result: no
configure:8575: checking for sys/modem.h
configure:8575: result: no
configure:8596: checking for fd_set in sys/types
configure:8613: gcc  -c -pipe  -I/usr/local/opt/zlib/include  conftest.c >&5
configure:8613: $? = 0
configure:8620: result: yes
configure:8666: checking sys/time.h usability
configure:8666: gcc  -c -pipe  -I/usr/local/opt/zlib/include  conftest.c >&5
configure:8666: $? = 0
configure:8666: result: yes
configure:8666: checking sys/time.h presence
configure:8666: gcc  -E -I/usr/local/opt/zlib/include  conftest.c
configure:8666: $? = 0
configure:8666: result: yes
configure:8666: checking for sys/time.h
configure:8666: result: yes
configure:8676: checking whether time.h and sys/time.h may both be included
configure:8696: gcc  -c -pipe  -I/usr/local/opt/zlib/include  conftest.c >&5
configure:8696: $? = 0
configure:8703: result: yes
configure:8715: checking for gmtime_r
configure:8715: gcc  -o conftest -pipe  -I/usr/local/opt/zlib/include   -headerpad_max_install_names -Wl,-search_paths_first  conftest.c -lz  -framework CoreFoundation >&5
configure:8715: $? = 0
configure:8715: result: yes
configure:8715: checking for localtime_r
configure:8715: gcc  -o conftest -pipe  -I/usr/local/opt/zlib/include   -headerpad_max_install_names -Wl,-search_paths_first  conftest.c -lz  -framework CoreFoundation >&5
configure:8715: $? = 0
configure:8715: result: yes
configure:8715: checking for mktime
configure:8715: gcc  -o conftest -pipe  -I/usr/local/opt/zlib/include   -headerpad_max_install_names -Wl,-search_paths_first  conftest.c -lz  -framework CoreFoundation >&5
configure:8715: $? = 0
configure:8715: result: yes
configure:8725: checking tm_tzadj in struct tm
configure:8742: gcc  -c -pipe  -I/usr/local/opt/zlib/include  conftest.c >&5
conftest.c: In function 'main':
conftest.c:58:23: error: 'struct tm' has no member named 'tm_tzadj'
   58 | struct tm tm; (void)tm.tm_tzadj;
      |                       ^
configure:8742: $? = 1
configure: failed program was:
| /* confdefs.h */
| #define PACKAGE_NAME "tcl"
| #define PACKAGE_TARNAME "tcl"
| #define PACKAGE_VERSION "8.6"
| #define PACKAGE_STRING "tcl 8.6"
| #define PACKAGE_BUGREPORT ""
| #define PACKAGE_URL ""
| #define STDC_HEADERS 1
| #define HAVE_SYS_TYPES_H 1
| #define HAVE_SYS_STAT_H 1
| #define HAVE_STDLIB_H 1
| #define HAVE_STRING_H 1
| #define HAVE_MEMORY_H 1
| #define HAVE_STRINGS_H 1
| #define HAVE_INTTYPES_H 1
| #define HAVE_STDINT_H 1
| #define HAVE_UNISTD_H 1
| #define NO_VALUES_H 1
| #define HAVE_SYS_PARAM_H 1
| #define TCL_CFGVAL_ENCODING "iso8859-1"
| #define HAVE_ZLIB 1
| #define MODULE_SCOPE extern __attribute__((__visibility__("hidden")))
| #define HAVE_HIDDEN 1
| #define MAC_OSX_TCL 1
| #define HAVE_COREFOUNDATION 1
| #define HAVE_CAST_TO_UNION 1
| #define TCL_SHLIB_EXT ".dylib"
| #define NDEBUG 1
| #define TCL_CFG_OPTIMIZED 1
| #define TCL_TOMMATH 1
| #define MP_PREC 4
| #define TCL_WIDE_INT_IS_LONG 1
| #define HAVE_GETCWD 1
| #define HAVE_MKSTEMP 1
| #define HAVE_OPENDIR 1
| #define HAVE_STRTOL 1
| #define HAVE_WAITPID 1
| #define HAVE_GETNAMEINFO 1
| #define HAVE_GETADDRINFO 1
| #define HAVE_FREEADDRINFO 1
| #define HAVE_GAI_STRERROR 1
| #define HAVE_STRUCT_ADDRINFO 1
| #define HAVE_STRUCT_IN6_ADDR 1
| #define HAVE_STRUCT_SOCKADDR_IN6 1
| #define HAVE_STRUCT_SOCKADDR_STORAGE 1
| #define HAVE_TERMIOS_H 1
| #define HAVE_SYS_IOCTL_H 1
| #define HAVE_SYS_TIME_H 1
| #define TIME_WITH_SYS_TIME 1
| #define HAVE_GMTIME_R 1
| #define HAVE_LOCALTIME_R 1
| #define HAVE_MKTIME 1
| /* end confdefs.h.  */
| #include <time.h>
| int
| main ()
| {
| struct tm tm; (void)tm.tm_tzadj;
|   ;
|   return 0;
| }
configure:8749: result: no
configure:8757: checking tm_gmtoff in struct tm
configure:8774: gcc  -c -pipe  -I/usr/local/opt/zlib/include  conftest.c >&5
configure:8774: $? = 0
configure:8781: result: yes
configure:8793: checking long timezone variable
configure:8813: gcc  -c -pipe  -I/usr/local/opt/zlib/include  conftest.c >&5
configure:8813: $? = 0
configure:8820: result: yes
configure:8874: checking for struct stat.st_blocks
configure:8874: gcc  -c -pipe  -I/usr/local/opt/zlib/include  conftest.c >&5
configure:8874: $? = 0
configure:8874: result: yes
configure:8883: checking for struct stat.st_blksize
configure:8883: gcc  -c -pipe  -I/usr/local/opt/zlib/include  conftest.c >&5
configure:8883: $? = 0
configure:8883: result: yes
configure:8894: checking for blkcnt_t
configure:8894: gcc  -c -pipe  -I/usr/local/opt/zlib/include  conftest.c >&5
configure:8894: $? = 0
configure:8894: gcc  -c -pipe  -I/usr/local/opt/zlib/include  conftest.c >&5
conftest.c: In function 'main':
conftest.c:94:23: error: expected expression before ')' token
   94 | if (sizeof ((blkcnt_t)))
      |                       ^
configure:8894: $? = 1
configure: failed program was:
| /* confdefs.h */
| #define PACKAGE_NAME "tcl"
| #define PACKAGE_TARNAME "tcl"
| #define PACKAGE_VERSION "8.6"
| #define PACKAGE_STRING "tcl 8.6"
| #define PACKAGE_BUGREPORT ""
| #define PACKAGE_URL ""
| #define STDC_HEADERS 1
| #define HAVE_SYS_TYPES_H 1
| #define HAVE_SYS_STAT_H 1
| #define HAVE_STDLIB_H 1
| #define HAVE_STRING_H 1
| #define HAVE_MEMORY_H 1
| #define HAVE_STRINGS_H 1
| #define HAVE_INTTYPES_H 1
| #define HAVE_STDINT_H 1
| #define HAVE_UNISTD_H 1
| #define NO_VALUES_H 1
| #define HAVE_SYS_PARAM_H 1
| #define TCL_CFGVAL_ENCODING "iso8859-1"
| #define HAVE_ZLIB 1
| #define MODULE_SCOPE extern __attribute__((__visibility__("hidden")))
| #define HAVE_HIDDEN 1
| #define MAC_OSX_TCL 1
| #define HAVE_COREFOUNDATION 1
| #define HAVE_CAST_TO_UNION 1
| #define TCL_SHLIB_EXT ".dylib"
| #define NDEBUG 1
| #define TCL_CFG_OPTIMIZED 1
| #define TCL_TOMMATH 1
| #define MP_PREC 4
| #define TCL_WIDE_INT_IS_LONG 1
| #define HAVE_GETCWD 1
| #define HAVE_MKSTEMP 1
| #define HAVE_OPENDIR 1
| #define HAVE_STRTOL 1
| #define HAVE_WAITPID 1
| #define HAVE_GETNAMEINFO 1
| #define HAVE_GETADDRINFO 1
| #define HAVE_FREEADDRINFO 1
| #define HAVE_GAI_STRERROR 1
| #define HAVE_STRUCT_ADDRINFO 1
| #define HAVE_STRUCT_IN6_ADDR 1
| #define HAVE_STRUCT_SOCKADDR_IN6 1
| #define HAVE_STRUCT_SOCKADDR_STORAGE 1
| #define HAVE_TERMIOS_H 1
| #define HAVE_SYS_IOCTL_H 1
| #define HAVE_SYS_TIME_H 1
| #define TIME_WITH_SYS_TIME 1
| #define HAVE_GMTIME_R 1
| #define HAVE_LOCALTIME_R 1
| #define HAVE_MKTIME 1
| #define HAVE_TM_GMTOFF 1
| #define HAVE_TIMEZONE_VAR 1
| #define HAVE_STRUCT_STAT_ST_BLOCKS 1
| #define HAVE_STRUCT_STAT_ST_BLKSIZE 1
| /* end confdefs.h.  */
| #include <stdio.h>
| #ifdef HAVE_SYS_TYPES_H
| # include <sys/types.h>
| #endif
| #ifdef HAVE_SYS_STAT_H
| # include <sys/stat.h>
| #endif
| #ifdef STDC_HEADERS
| # include <stdlib.h>
| # include <stddef.h>
| #else
| # ifdef HAVE_STDLIB_H
| #  include <stdlib.h>
| # endif
| #endif
| #ifdef HAVE_STRING_H
| # if !defined STDC_HEADERS && defined HAVE_MEMORY_H
| #  include <memory.h>
| # endif
| # include <string.h>
| #endif
| #ifdef HAVE_STRINGS_H
| # include <strings.h>
| #endif
| #ifdef HAVE_INTTYPES_H
| # include <inttypes.h>
| #endif
| #ifdef HAVE_STDINT_H
| # include <stdint.h>
| #endif
| #ifdef HAVE_UNISTD_H
| # include <unistd.h>
| #endif
| int
| main ()
| {
| if (sizeof ((blkcnt_t)))
| 	    return 0;
|   ;
|   return 0;
| }
configure:8894: result: yes
configure:8904: checking for fstatfs
configure:8904: gcc  -o conftest -pipe  -I/usr/local/opt/zlib/include   -headerpad_max_install_names -Wl,-search_paths_first  conftest.c -lz  -framework CoreFoundation >&5
configure:8904: $? = 0
configure:8904: result: yes
configure:8919: checking for working memcmp
configure:8962: gcc  -o conftest -pipe  -I/usr/local/opt/zlib/include   -headerpad_max_install_names -Wl,-search_paths_first  conftest.c -lz  -framework CoreFoundation >&5
configure:8962: $? = 0
configure:8962: ./conftest
configure:8962: $? = 0
configure:8972: result: yes
configure:8988: checking for memmove
configure:8988: gcc  -o conftest -pipe  -I/usr/local/opt/zlib/include   -headerpad_max_install_names -Wl,-search_paths_first  conftest.c -lz  -framework CoreFoundation >&5
conftest.c:82:6: warning: conflicting types for built-in function 'memmove'; expected 'void *(void *, const void *, long unsigned int)' [-Wbuiltin-declaration-mismatch]
   82 | char memmove ();
      |      ^~~~~~~
conftest.c:70:1: note: 'memmove' is declared in header '<string.h>'
   69 | # include <limits.h>
   70 | #else
configure:8988: $? = 0
configure:8988: result: yes
configure:9008: checking for strstr
configure:9008: gcc  -o conftest -pipe  -I/usr/local/opt/zlib/include   -headerpad_max_install_names -Wl,-search_paths_first  conftest.c -lz  -framework CoreFoundation >&5
conftest.c:82:6: warning: conflicting types for built-in function 'strstr'; expected 'char *(const char *, const char *)' [-Wbuiltin-declaration-mismatch]
   82 | char strstr ();
      |      ^~~~~~
conftest.c:70:1: note: 'strstr' is declared in header '<string.h>'
   69 | # include <limits.h>
   70 | #else
configure:9008: $? = 0
configure:9008: result: yes
configure:9016: checking proper strstr implementation
configure:9033: gcc  -o conftest -pipe  -I/usr/local/opt/zlib/include   -headerpad_max_install_names -Wl,-search_paths_first  conftest.c -lz  -framework CoreFoundation >&5
configure:9033: $? = 0
configure:9033: ./conftest
configure:9033: $? = 0
configure:9043: result: ok
configure:9069: checking for strtoul
configure:9069: gcc  -o conftest -pipe  -I/usr/local/opt/zlib/include   -headerpad_max_install_names -Wl,-search_paths_first  conftest.c -lz  -framework CoreFoundation >&5
configure:9069: $? = 0
configure:9069: result: yes
configure:9077: checking proper strtoul implementation
configure:9095: gcc  -o conftest -pipe  -I/usr/local/opt/zlib/include   -headerpad_max_install_names -Wl,-search_paths_first  conftest.c -lz  -framework CoreFoundation >&5
configure:9095: $? = 0
configure:9095: ./conftest
configure:9095: $? = 0
configure:9105: result: ok
configure:9129: checking for mode_t
configure:9129: gcc  -c -pipe  -I/usr/local/opt/zlib/include  conftest.c >&5
configure:9129: $? = 0
configure:9129: gcc  -c -pipe  -I/usr/local/opt/zlib/include  conftest.c >&5
conftest.c: In function 'main':
conftest.c:95:21: error: expected expression before ')' token
   95 | if (sizeof ((mode_t)))
      |                     ^
configure:9129: $? = 1
configure: failed program was:
| /* confdefs.h */
| #define PACKAGE_NAME "tcl"
| #define PACKAGE_TARNAME "tcl"
| #define PACKAGE_VERSION "8.6"
| #define PACKAGE_STRING "tcl 8.6"
| #define PACKAGE_BUGREPORT ""
| #define PACKAGE_URL ""
| #define STDC_HEADERS 1
| #define HAVE_SYS_TYPES_H 1
| #define HAVE_SYS_STAT_H 1
| #define HAVE_STDLIB_H 1
| #define HAVE_STRING_H 1
| #define HAVE_MEMORY_H 1
| #define HAVE_STRINGS_H 1
| #define HAVE_INTTYPES_H 1
| #define HAVE_STDINT_H 1
| #define HAVE_UNISTD_H 1
| #define NO_VALUES_H 1
| #define HAVE_SYS_PARAM_H 1
| #define TCL_CFGVAL_ENCODING "iso8859-1"
| #define HAVE_ZLIB 1
| #define MODULE_SCOPE extern __attribute__((__visibility__("hidden")))
| #define HAVE_HIDDEN 1
| #define MAC_OSX_TCL 1
| #define HAVE_COREFOUNDATION 1
| #define HAVE_CAST_TO_UNION 1
| #define TCL_SHLIB_EXT ".dylib"
| #define NDEBUG 1
| #define TCL_CFG_OPTIMIZED 1
| #define TCL_TOMMATH 1
| #define MP_PREC 4
| #define TCL_WIDE_INT_IS_LONG 1
| #define HAVE_GETCWD 1
| #define HAVE_MKSTEMP 1
| #define HAVE_OPENDIR 1
| #define HAVE_STRTOL 1
| #define HAVE_WAITPID 1
| #define HAVE_GETNAMEINFO 1
| #define HAVE_GETADDRINFO 1
| #define HAVE_FREEADDRINFO 1
| #define HAVE_GAI_STRERROR 1
| #define HAVE_STRUCT_ADDRINFO 1
| #define HAVE_STRUCT_IN6_ADDR 1
| #define HAVE_STRUCT_SOCKADDR_IN6 1
| #define HAVE_STRUCT_SOCKADDR_STORAGE 1
| #define HAVE_TERMIOS_H 1
| #define HAVE_SYS_IOCTL_H 1
| #define HAVE_SYS_TIME_H 1
| #define TIME_WITH_SYS_TIME 1
| #define HAVE_GMTIME_R 1
| #define HAVE_LOCALTIME_R 1
| #define HAVE_MKTIME 1
| #define HAVE_TM_GMTOFF 1
| #define HAVE_TIMEZONE_VAR 1
| #define HAVE_STRUCT_STAT_ST_BLOCKS 1
| #define HAVE_STRUCT_STAT_ST_BLKSIZE 1
| #define HAVE_BLKCNT_T 1
| /* end confdefs.h.  */
| #include <stdio.h>
| #ifdef HAVE_SYS_TYPES_H
| # include <sys/types.h>
| #endif
| #ifdef HAVE_SYS_STAT_H
| # include <sys/stat.h>
| #endif
| #ifdef STDC_HEADERS
| # include <stdlib.h>
| # include <stddef.h>
| #else
| # ifdef HAVE_STDLIB_H
| #  include <stdlib.h>
| # endif
| #endif
| #ifdef HAVE_STRING_H
| # if !defined STDC_HEADERS && defined HAVE_MEMORY_H
| #  include <memory.h>
| # endif
| # include <string.h>
| #endif
| #ifdef HAVE_STRINGS_H
| # include <strings.h>
| #endif
| #ifdef HAVE_INTTYPES_H
| # include <inttypes.h>
| #endif
| #ifdef HAVE_STDINT_H
| # include <stdint.h>
| #endif
| #ifdef HAVE_UNISTD_H
| # include <unistd.h>
| #endif
| int
| main ()
| {
| if (sizeof ((mode_t)))
| 	    return 0;
|   ;
|   return 0;
| }
configure:9129: result: yes
configure:9140: checking for pid_t
configure:9140: gcc  -c -pipe  -I/usr/local/opt/zlib/include  conftest.c >&5
configure:9140: $? = 0
configure:9140: gcc  -c -pipe  -I/usr/local/opt/zlib/include  conftest.c >&5
conftest.c: In function 'main':
conftest.c:95:20: error: expected expression before ')' token
   95 | if (sizeof ((pid_t)))
      |                    ^
configure:9140: $? = 1
configure: failed program was:
| /* confdefs.h */
| #define PACKAGE_NAME "tcl"
| #define PACKAGE_TARNAME "tcl"
| #define PACKAGE_VERSION "8.6"
| #define PACKAGE_STRING "tcl 8.6"
| #define PACKAGE_BUGREPORT ""
| #define PACKAGE_URL ""
| #define STDC_HEADERS 1
| #define HAVE_SYS_TYPES_H 1
| #define HAVE_SYS_STAT_H 1
| #define HAVE_STDLIB_H 1
| #define HAVE_STRING_H 1
| #define HAVE_MEMORY_H 1
| #define HAVE_STRINGS_H 1
| #define HAVE_INTTYPES_H 1
| #define HAVE_STDINT_H 1
| #define HAVE_UNISTD_H 1
| #define NO_VALUES_H 1
| #define HAVE_SYS_PARAM_H 1
| #define TCL_CFGVAL_ENCODING "iso8859-1"
| #define HAVE_ZLIB 1
| #define MODULE_SCOPE extern __attribute__((__visibility__("hidden")))
| #define HAVE_HIDDEN 1
| #define MAC_OSX_TCL 1
| #define HAVE_COREFOUNDATION 1
| #define HAVE_CAST_TO_UNION 1
| #define TCL_SHLIB_EXT ".dylib"
| #define NDEBUG 1
| #define TCL_CFG_OPTIMIZED 1
| #define TCL_TOMMATH 1
| #define MP_PREC 4
| #define TCL_WIDE_INT_IS_LONG 1
| #define HAVE_GETCWD 1
| #define HAVE_MKSTEMP 1
| #define HAVE_OPENDIR 1
| #define HAVE_STRTOL 1
| #define HAVE_WAITPID 1
| #define HAVE_GETNAMEINFO 1
| #define HAVE_GETADDRINFO 1
| #define HAVE_FREEADDRINFO 1
| #define HAVE_GAI_STRERROR 1
| #define HAVE_STRUCT_ADDRINFO 1
| #define HAVE_STRUCT_IN6_ADDR 1
| #define HAVE_STRUCT_SOCKADDR_IN6 1
| #define HAVE_STRUCT_SOCKADDR_STORAGE 1
| #define HAVE_TERMIOS_H 1
| #define HAVE_SYS_IOCTL_H 1
| #define HAVE_SYS_TIME_H 1
| #define TIME_WITH_SYS_TIME 1
| #define HAVE_GMTIME_R 1
| #define HAVE_LOCALTIME_R 1
| #define HAVE_MKTIME 1
| #define HAVE_TM_GMTOFF 1
| #define HAVE_TIMEZONE_VAR 1
| #define HAVE_STRUCT_STAT_ST_BLOCKS 1
| #define HAVE_STRUCT_STAT_ST_BLKSIZE 1
| #define HAVE_BLKCNT_T 1
| /* end confdefs.h.  */
| #include <stdio.h>
| #ifdef HAVE_SYS_TYPES_H
| # include <sys/types.h>
| #endif
| #ifdef HAVE_SYS_STAT_H
| # include <sys/stat.h>
| #endif
| #ifdef STDC_HEADERS
| # include <stdlib.h>
| # include <stddef.h>
| #else
| # ifdef HAVE_STDLIB_H
| #  include <stdlib.h>
| # endif
| #endif
| #ifdef HAVE_STRING_H
| # if !defined STDC_HEADERS && defined HAVE_MEMORY_H
| #  include <memory.h>
| # endif
| # include <string.h>
| #endif
| #ifdef HAVE_STRINGS_H
| # include <strings.h>
| #endif
| #ifdef HAVE_INTTYPES_H
| # include <inttypes.h>
| #endif
| #ifdef HAVE_STDINT_H
| # include <stdint.h>
| #endif
| #ifdef HAVE_UNISTD_H
| # include <unistd.h>
| #endif
| int
| main ()
| {
| if (sizeof ((pid_t)))
| 	    return 0;
|   ;
|   return 0;
| }
configure:9140: result: yes
configure:9151: checking for size_t
configure:9151: gcc  -c -pipe  -I/usr/local/opt/zlib/include  conftest.c >&5
configure:9151: $? = 0
configure:9151: gcc  -c -pipe  -I/usr/local/opt/zlib/include  conftest.c >&5
conftest.c: In function 'main':
conftest.c:95:21: error: expected expression before ')' token
   95 | if (sizeof ((size_t)))
      |                     ^
configure:9151: $? = 1
configure: failed program was:
| /* confdefs.h */
| #define PACKAGE_NAME "tcl"
| #define PACKAGE_TARNAME "tcl"
| #define PACKAGE_VERSION "8.6"
| #define PACKAGE_STRING "tcl 8.6"
| #define PACKAGE_BUGREPORT ""
| #define PACKAGE_URL ""
| #define STDC_HEADERS 1
| #define HAVE_SYS_TYPES_H 1
| #define HAVE_SYS_STAT_H 1
| #define HAVE_STDLIB_H 1
| #define HAVE_STRING_H 1
| #define HAVE_MEMORY_H 1
| #define HAVE_STRINGS_H 1
| #define HAVE_INTTYPES_H 1
| #define HAVE_STDINT_H 1
| #define HAVE_UNISTD_H 1
| #define NO_VALUES_H 1
| #define HAVE_SYS_PARAM_H 1
| #define TCL_CFGVAL_ENCODING "iso8859-1"
| #define HAVE_ZLIB 1
| #define MODULE_SCOPE extern __attribute__((__visibility__("hidden")))
| #define HAVE_HIDDEN 1
| #define MAC_OSX_TCL 1
| #define HAVE_COREFOUNDATION 1
| #define HAVE_CAST_TO_UNION 1
| #define TCL_SHLIB_EXT ".dylib"
| #define NDEBUG 1
| #define TCL_CFG_OPTIMIZED 1
| #define TCL_TOMMATH 1
| #define MP_PREC 4
| #define TCL_WIDE_INT_IS_LONG 1
| #define HAVE_GETCWD 1
| #define HAVE_MKSTEMP 1
| #define HAVE_OPENDIR 1
| #define HAVE_STRTOL 1
| #define HAVE_WAITPID 1
| #define HAVE_GETNAMEINFO 1
| #define HAVE_GETADDRINFO 1
| #define HAVE_FREEADDRINFO 1
| #define HAVE_GAI_STRERROR 1
| #define HAVE_STRUCT_ADDRINFO 1
| #define HAVE_STRUCT_IN6_ADDR 1
| #define HAVE_STRUCT_SOCKADDR_IN6 1
| #define HAVE_STRUCT_SOCKADDR_STORAGE 1
| #define HAVE_TERMIOS_H 1
| #define HAVE_SYS_IOCTL_H 1
| #define HAVE_SYS_TIME_H 1
| #define TIME_WITH_SYS_TIME 1
| #define HAVE_GMTIME_R 1
| #define HAVE_LOCALTIME_R 1
| #define HAVE_MKTIME 1
| #define HAVE_TM_GMTOFF 1
| #define HAVE_TIMEZONE_VAR 1
| #define HAVE_STRUCT_STAT_ST_BLOCKS 1
| #define HAVE_STRUCT_STAT_ST_BLKSIZE 1
| #define HAVE_BLKCNT_T 1
| /* end confdefs.h.  */
| #include <stdio.h>
| #ifdef HAVE_SYS_TYPES_H
| # include <sys/types.h>
| #endif
| #ifdef HAVE_SYS_STAT_H
| # include <sys/stat.h>
| #endif
| #ifdef STDC_HEADERS
| # include <stdlib.h>
| # include <stddef.h>
| #else
| # ifdef HAVE_STDLIB_H
| #  include <stdlib.h>
| # endif
| #endif
| #ifdef HAVE_STRING_H
| # if !defined STDC_HEADERS && defined HAVE_MEMORY_H
| #  include <memory.h>
| # endif
| # include <string.h>
| #endif
| #ifdef HAVE_STRINGS_H
| # include <strings.h>
| #endif
| #ifdef HAVE_INTTYPES_H
| # include <inttypes.h>
| #endif
| #ifdef HAVE_STDINT_H
| # include <stdint.h>
| #endif
| #ifdef HAVE_UNISTD_H
| # include <unistd.h>
| #endif
| int
| main ()
| {
| if (sizeof ((size_t)))
| 	    return 0;
|   ;
|   return 0;
| }
configure:9151: result: yes
configure:9162: checking for uid_t in sys/types.h
configure:9181: result: yes
configure:9193: checking for socklen_t
configure:9215: gcc  -c -pipe  -I/usr/local/opt/zlib/include  conftest.c >&5
configure:9215: $? = 0
configure:9222: result: yes
configure:9230: checking for intptr_t
configure:9230: gcc  -c -pipe  -I/usr/local/opt/zlib/include  conftest.c >&5
configure:9230: $? = 0
configure:9230: gcc  -c -pipe  -I/usr/local/opt/zlib/include  conftest.c >&5
conftest.c: In function 'main':
conftest.c:95:23: error: expected expression before ')' token
   95 | if (sizeof ((intptr_t)))
      |                       ^
configure:9230: $? = 1
configure: failed program was:
| /* confdefs.h */
| #define PACKAGE_NAME "tcl"
| #define PACKAGE_TARNAME "tcl"
| #define PACKAGE_VERSION "8.6"
| #define PACKAGE_STRING "tcl 8.6"
| #define PACKAGE_BUGREPORT ""
| #define PACKAGE_URL ""
| #define STDC_HEADERS 1
| #define HAVE_SYS_TYPES_H 1
| #define HAVE_SYS_STAT_H 1
| #define HAVE_STDLIB_H 1
| #define HAVE_STRING_H 1
| #define HAVE_MEMORY_H 1
| #define HAVE_STRINGS_H 1
| #define HAVE_INTTYPES_H 1
| #define HAVE_STDINT_H 1
| #define HAVE_UNISTD_H 1
| #define NO_VALUES_H 1
| #define HAVE_SYS_PARAM_H 1
| #define TCL_CFGVAL_ENCODING "iso8859-1"
| #define HAVE_ZLIB 1
| #define MODULE_SCOPE extern __attribute__((__visibility__("hidden")))
| #define HAVE_HIDDEN 1
| #define MAC_OSX_TCL 1
| #define HAVE_COREFOUNDATION 1
| #define HAVE_CAST_TO_UNION 1
| #define TCL_SHLIB_EXT ".dylib"
| #define NDEBUG 1
| #define TCL_CFG_OPTIMIZED 1
| #define TCL_TOMMATH 1
| #define MP_PREC 4
| #define TCL_WIDE_INT_IS_LONG 1
| #define HAVE_GETCWD 1
| #define HAVE_MKSTEMP 1
| #define HAVE_OPENDIR 1
| #define HAVE_STRTOL 1
| #define HAVE_WAITPID 1
| #define HAVE_GETNAMEINFO 1
| #define HAVE_GETADDRINFO 1
| #define HAVE_FREEADDRINFO 1
| #define HAVE_GAI_STRERROR 1
| #define HAVE_STRUCT_ADDRINFO 1
| #define HAVE_STRUCT_IN6_ADDR 1
| #define HAVE_STRUCT_SOCKADDR_IN6 1
| #define HAVE_STRUCT_SOCKADDR_STORAGE 1
| #define HAVE_TERMIOS_H 1
| #define HAVE_SYS_IOCTL_H 1
| #define HAVE_SYS_TIME_H 1
| #define TIME_WITH_SYS_TIME 1
| #define HAVE_GMTIME_R 1
| #define HAVE_LOCALTIME_R 1
| #define HAVE_MKTIME 1
| #define HAVE_TM_GMTOFF 1
| #define HAVE_TIMEZONE_VAR 1
| #define HAVE_STRUCT_STAT_ST_BLOCKS 1
| #define HAVE_STRUCT_STAT_ST_BLKSIZE 1
| #define HAVE_BLKCNT_T 1
| /* end confdefs.h.  */
| #include <stdio.h>
| #ifdef HAVE_SYS_TYPES_H
| # include <sys/types.h>
| #endif
| #ifdef HAVE_SYS_STAT_H
| # include <sys/stat.h>
| #endif
| #ifdef STDC_HEADERS
| # include <stdlib.h>
| # include <stddef.h>
| #else
| # ifdef HAVE_STDLIB_H
| #  include <stdlib.h>
| # endif
| #endif
| #ifdef HAVE_STRING_H
| # if !defined STDC_HEADERS && defined HAVE_MEMORY_H
| #  include <memory.h>
| # endif
| # include <string.h>
| #endif
| #ifdef HAVE_STRINGS_H
| # include <strings.h>
| #endif
| #ifdef HAVE_INTTYPES_H
| # include <inttypes.h>
| #endif
| #ifdef HAVE_STDINT_H
| # include <stdint.h>
| #endif
| #ifdef HAVE_UNISTD_H
| # include <unistd.h>
| #endif
| int
| main ()
| {
| if (sizeof ((intptr_t)))
| 	    return 0;
|   ;
|   return 0;
| }
configure:9230: result: yes
configure:9281: checking for uintptr_t
configure:9281: gcc  -c -pipe  -I/usr/local/opt/zlib/include  conftest.c >&5
configure:9281: $? = 0
configure:9281: gcc  -c -pipe  -I/usr/local/opt/zlib/include  conftest.c >&5
conftest.c: In function 'main':
conftest.c:96:24: error: expected expression before ')' token
   96 | if (sizeof ((uintptr_t)))
      |                        ^
configure:9281: $? = 1
configure: failed program was:
| /* confdefs.h */
| #define PACKAGE_NAME "tcl"
| #define PACKAGE_TARNAME "tcl"
| #define PACKAGE_VERSION "8.6"
| #define PACKAGE_STRING "tcl 8.6"
| #define PACKAGE_BUGREPORT ""
| #define PACKAGE_URL ""
| #define STDC_HEADERS 1
| #define HAVE_SYS_TYPES_H 1
| #define HAVE_SYS_STAT_H 1
| #define HAVE_STDLIB_H 1
| #define HAVE_STRING_H 1
| #define HAVE_MEMORY_H 1
| #define HAVE_STRINGS_H 1
| #define HAVE_INTTYPES_H 1
| #define HAVE_STDINT_H 1
| #define HAVE_UNISTD_H 1
| #define NO_VALUES_H 1
| #define HAVE_SYS_PARAM_H 1
| #define TCL_CFGVAL_ENCODING "iso8859-1"
| #define HAVE_ZLIB 1
| #define MODULE_SCOPE extern __attribute__((__visibility__("hidden")))
| #define HAVE_HIDDEN 1
| #define MAC_OSX_TCL 1
| #define HAVE_COREFOUNDATION 1
| #define HAVE_CAST_TO_UNION 1
| #define TCL_SHLIB_EXT ".dylib"
| #define NDEBUG 1
| #define TCL_CFG_OPTIMIZED 1
| #define TCL_TOMMATH 1
| #define MP_PREC 4
| #define TCL_WIDE_INT_IS_LONG 1
| #define HAVE_GETCWD 1
| #define HAVE_MKSTEMP 1
| #define HAVE_OPENDIR 1
| #define HAVE_STRTOL 1
| #define HAVE_WAITPID 1
| #define HAVE_GETNAMEINFO 1
| #define HAVE_GETADDRINFO 1
| #define HAVE_FREEADDRINFO 1
| #define HAVE_GAI_STRERROR 1
| #define HAVE_STRUCT_ADDRINFO 1
| #define HAVE_STRUCT_IN6_ADDR 1
| #define HAVE_STRUCT_SOCKADDR_IN6 1
| #define HAVE_STRUCT_SOCKADDR_STORAGE 1
| #define HAVE_TERMIOS_H 1
| #define HAVE_SYS_IOCTL_H 1
| #define HAVE_SYS_TIME_H 1
| #define TIME_WITH_SYS_TIME 1
| #define HAVE_GMTIME_R 1
| #define HAVE_LOCALTIME_R 1
| #define HAVE_MKTIME 1
| #define HAVE_TM_GMTOFF 1
| #define HAVE_TIMEZONE_VAR 1
| #define HAVE_STRUCT_STAT_ST_BLOCKS 1
| #define HAVE_STRUCT_STAT_ST_BLKSIZE 1
| #define HAVE_BLKCNT_T 1
| #define HAVE_INTPTR_T 1
| /* end confdefs.h.  */
| #include <stdio.h>
| #ifdef HAVE_SYS_TYPES_H
| # include <sys/types.h>
| #endif
| #ifdef HAVE_SYS_STAT_H
| # include <sys/stat.h>
| #endif
| #ifdef STDC_HEADERS
| # include <stdlib.h>
| # include <stddef.h>
| #else
| # ifdef HAVE_STDLIB_H
| #  include <stdlib.h>
| # endif
| #endif
| #ifdef HAVE_STRING_H
| # if !defined STDC_HEADERS && defined HAVE_MEMORY_H
| #  include <memory.h>
| # endif
| # include <string.h>
| #endif
| #ifdef HAVE_STRINGS_H
| # include <strings.h>
| #endif
| #ifdef HAVE_INTTYPES_H
| # include <inttypes.h>
| #endif
| #ifdef HAVE_STDINT_H
| # include <stdint.h>
| #endif
| #ifdef HAVE_UNISTD_H
| # include <unistd.h>
| #endif
| int
| main ()
| {
| if (sizeof ((uintptr_t)))
| 	    return 0;
|   ;
|   return 0;
| }
configure:9281: result: yes
configure:9341: checking for opendir
configure:9341: result: yes
configure:9359: checking union wait
configure:9381: gcc  -o conftest -pipe  -I/usr/local/opt/zlib/include   -headerpad_max_install_names -Wl,-search_paths_first  conftest.c -lz  -framework CoreFoundation >&5
configure:9381: $? = 0
configure:9389: result: yes
configure:9403: checking for strncasecmp
configure:9403: gcc  -o conftest -pipe  -I/usr/local/opt/zlib/include   -headerpad_max_install_names -Wl,-search_paths_first  conftest.c -lz  -framework CoreFoundation >&5
conftest.c:84:6: warning: conflicting types for built-in function 'strncasecmp'; expected 'int(const char *, const char *, long unsigned int)' [-Wbuiltin-declaration-mismatch]
   84 | char strncasecmp ();
      |      ^~~~~~~~~~~
configure:9403: $? = 0
configure:9403: result: yes
configure:9517: checking for gettimeofday
configure:9517: gcc  -o conftest -pipe  -I/usr/local/opt/zlib/include   -headerpad_max_install_names -Wl,-search_paths_first  conftest.c -lz  -framework CoreFoundation >&5
configure:9517: $? = 0
configure:9517: result: yes
configure:9528: checking for gettimeofday declaration
configure:9548: result: present
configure:9562: checking whether char is unsigned
configure:9581: gcc  -c -pipe  -I/usr/local/opt/zlib/include  conftest.c >&5
configure:9581: $? = 0
configure:9588: result: no
configure:9595: checking signed char declarations
configure:9615: gcc  -c -pipe  -I/usr/local/opt/zlib/include  conftest.c >&5
configure:9615: $? = 0
configure:9622: result: yes
configure:9634: checking for a putenv() that copies the buffer
configure:9666: gcc  -o conftest -pipe  -I/usr/local/opt/zlib/include   -headerpad_max_install_names -Wl,-search_paths_first  conftest.c -lz  -framework CoreFoundation >&5
configure:9666: $? = 0
configure:9666: ./conftest
configure:9666: $? = 0
configure:9676: result: no
configure:9699: checking langinfo.h usability
configure:9699: gcc  -c -pipe  -I/usr/local/opt/zlib/include  conftest.c >&5
configure:9699: $? = 0
configure:9699: result: yes
configure:9699: checking langinfo.h presence
configure:9699: gcc  -E -I/usr/local/opt/zlib/include  conftest.c
configure:9699: $? = 0
configure:9699: result: yes
configure:9699: checking for langinfo.h
configure:9699: result: yes
configure:9708: checking whether to use nl_langinfo
configure:9726: gcc  -c -pipe  -I/usr/local/opt/zlib/include  conftest.c >&5
configure:9726: $? = 0
configure:9734: result: yes
configure:9754: checking for chflags
configure:9754: gcc  -o conftest -pipe  -I/usr/local/opt/zlib/include   -headerpad_max_install_names -Wl,-search_paths_first  conftest.c -lz  -framework CoreFoundation >&5
configure:9754: $? = 0
configure:9754: result: yes
configure:9754: checking for mkstemps
configure:9754: gcc  -o conftest -pipe  -I/usr/local/opt/zlib/include   -headerpad_max_install_names -Wl,-search_paths_first  conftest.c -lz  -framework CoreFoundation >&5
configure:9754: $? = 0
configure:9754: result: yes
configure:9768: checking isnan
configure:9787: gcc  -o conftest -pipe  -I/usr/local/opt/zlib/include   -headerpad_max_install_names -Wl,-search_paths_first  conftest.c -lz  -framework CoreFoundation >&5
configure:9787: $? = 0
configure:9795: result: yes
configure:9810: checking for getattrlist
configure:9810: gcc  -o conftest -pipe  -I/usr/local/opt/zlib/include   -headerpad_max_install_names -Wl,-search_paths_first  conftest.c -lz  -framework CoreFoundation >&5
configure:9810: $? = 0
configure:9810: result: yes
configure:9821: checking copyfile.h usability
configure:9821: gcc  -c -pipe  -I/usr/local/opt/zlib/include  conftest.c >&5
configure:9821: $? = 0
configure:9821: result: yes
configure:9821: checking copyfile.h presence
configure:9821: gcc  -E -I/usr/local/opt/zlib/include  conftest.c
configure:9821: $? = 0
configure:9821: result: yes
configure:9821: checking for copyfile.h
configure:9821: result: yes
configure:9833: checking for copyfile
configure:9833: gcc  -o conftest -pipe  -I/usr/local/opt/zlib/include   -headerpad_max_install_names -Wl,-search_paths_first  conftest.c -lz  -framework CoreFoundation >&5
configure:9833: $? = 0
configure:9833: result: yes
configure:9856: checking AvailabilityMacros.h usability
configure:9856: gcc  -c -pipe  -I/usr/local/opt/zlib/include  conftest.c >&5
configure:9856: $? = 0
configure:9856: result: yes
configure:9856: checking AvailabilityMacros.h presence
configure:9856: gcc  -E -I/usr/local/opt/zlib/include  conftest.c
configure:9856: $? = 0
configure:9856: result: yes
configure:9856: checking for AvailabilityMacros.h
configure:9856: result: yes
configure:9867: checking if weak import is available
configure:9894: gcc  -o conftest -pipe  -Werror -I/usr/local/opt/zlib/include   -headerpad_max_install_names -Wl,-search_paths_first  conftest.c -lz  -framework CoreFoundation >&5
configure:9894: $? = 0
configure:9903: result: yes
configure:9910: checking if Darwin SUSv3 extensions are available
configure:9938: gcc  -c -pipe  -Werror -I/usr/local/opt/zlib/include  conftest.c >&5
configure:9938: $? = 0
configure:9946: result: yes
configure:9966: checking for fts
configure:9991: gcc  -o conftest -pipe  -I/usr/local/opt/zlib/include   -headerpad_max_install_names -Wl,-search_paths_first  conftest.c -lz  -framework CoreFoundation >&5
configure:9991: $? = 0
configure:9999: result: yes
configure:10016: checking for sys/ioctl.h
configure:10016: result: yes
configure:10028: checking sys/filio.h usability
configure:10028: gcc  -c -pipe  -I/usr/local/opt/zlib/include  conftest.c >&5
configure:10028: $? = 0
configure:10028: result: yes
configure:10028: checking sys/filio.h presence
configure:10028: gcc  -E -I/usr/local/opt/zlib/include  conftest.c
configure:10028: $? = 0
configure:10028: result: yes
configure:10028: checking for sys/filio.h
configure:10028: result: yes
configure:10039: checking system version
configure:10070: result: Darwin-20.6.0
configure:10074: checking FIONBIO vs. O_NONBLOCK for nonblocking I/O
configure:10092: result: O_NONBLOCK
configure:10100: checking whether to use dll unloading
configure:10114: result: yes
configure:10123: checking for timezone data
configure:10164: result: /usr/share/zoneinfo
configure:10246: checking whether to enable DTrace support
configure:10269: result: no
configure:10276: checking whether the cpuid instruction is usable
configure:10301: gcc  -o conftest -pipe  -I/usr/local/opt/zlib/include   -headerpad_max_install_names -Wl,-search_paths_first  conftest.c -lz  -framework CoreFoundation >&5
configure:10301: $? = 0
configure:10309: result: yes
configure:10344: checking how to package libraries
configure:10371: result: shared library
configure:10493: checking whether to enable Purify debug options
configure:10516: result: Purify mode disabled
configure:10725: creating ./config.status

## ---------------------- ##
## Running config.status. ##
## ---------------------- ##

This file was extended by tcl config.status 8.6, which was
generated by GNU Autoconf 2.69.  Invocation command line was

  CONFIG_FILES    = 
  CONFIG_HEADERS  = 
  CONFIG_LINKS    = 
  CONFIG_COMMANDS = 
  $ ./config.status 

on Mac5-3.local

config.status:833: creating Tcl-Info.plist
config.status:833: creating Tclsh-Info.plist
config.status:833: creating Makefile
config.status:833: creating dltest/Makefile
config.status:833: creating tclConfig.sh
config.status:833: creating tcl.pc

## ---------------- ##
## Cache variables. ##
## ---------------- ##

ac_cv_c_bigendian=no
ac_cv_c_char_unsigned=no
ac_cv_c_compiler_gnu=yes
ac_cv_c_inline=inline
ac_cv_env_CC_set=set
ac_cv_env_CC_value='gcc '
ac_cv_env_CFLAGS_set=
ac_cv_env_CFLAGS_value=
ac_cv_env_CPPFLAGS_set=set
ac_cv_env_CPPFLAGS_value=-I/usr/local/opt/zlib/include
ac_cv_env_CPP_set=
ac_cv_env_CPP_value=
ac_cv_env_LDFLAGS_set=
ac_cv_env_LDFLAGS_value=
ac_cv_env_LIBS_set=
ac_cv_env_LIBS_value=
ac_cv_env_build_alias_set=
ac_cv_env_build_alias_value=
ac_cv_env_host_alias_set=
ac_cv_env_host_alias_value=
ac_cv_env_target_alias_set=
ac_cv_env_target_alias_value=
ac_cv_func_chflags=yes
ac_cv_func_connect=yes
ac_cv_func_copyfile=yes
ac_cv_func_freeaddrinfo=yes
ac_cv_func_fstatfs=yes
ac_cv_func_gai_strerror=yes
ac_cv_func_getaddrinfo=yes
ac_cv_func_getattrlist=yes
ac_cv_func_getcwd=yes
ac_cv_func_gethostbyname=yes
ac_cv_func_getnameinfo=yes
ac_cv_func_gettimeofday=yes
ac_cv_func_getwd=yes
ac_cv_func_gmtime_r=yes
ac_cv_func_localtime_r=yes
ac_cv_func_memcmp_working=yes
ac_cv_func_memmove=yes
ac_cv_func_mkstemp=yes
ac_cv_func_mkstemps=yes
ac_cv_func_mktime=yes
ac_cv_func_opendir=yes
ac_cv_func_readdir_r=yes
ac_cv_func_realpath=yes
ac_cv_func_sin=yes
ac_cv_func_strerror=yes
ac_cv_func_strncasecmp=yes
ac_cv_func_strstr=yes
ac_cv_func_strtol=yes
ac_cv_func_strtoul=yes
ac_cv_func_uname=yes
ac_cv_func_wait3=yes
ac_cv_func_waitpid=yes
ac_cv_header_AvailabilityMacros_h=yes
ac_cv_header_copyfile_h=yes
ac_cv_header_dlfcn_h=yes
ac_cv_header_float_h=yes
ac_cv_header_inttypes_h=yes
ac_cv_header_langinfo_h=yes
ac_cv_header_memory_h=yes
ac_cv_header_net_errno_h=no
ac_cv_header_stdc=yes
ac_cv_header_stdint_h=yes
ac_cv_header_stdlib_h=yes
ac_cv_header_string_h=yes
ac_cv_header_strings_h=yes
ac_cv_header_sys_filio_h=yes
ac_cv_header_sys_ioctl_h=yes
ac_cv_header_sys_modem_h=no
ac_cv_header_sys_param_h=yes
ac_cv_header_sys_stat_h=yes
ac_cv_header_sys_time_h=yes
ac_cv_header_sys_types_h=yes
ac_cv_header_sys_wait_h=yes
ac_cv_header_termios_h=yes
ac_cv_header_time=yes
ac_cv_header_unistd_h=yes
ac_cv_header_values_h=no
ac_cv_header_zlib_h=yes
ac_cv_lib_dl_dlopen=yes
ac_cv_lib_inet_main=no
ac_cv_member_struct_stat_st_blksize=yes
ac_cv_member_struct_stat_st_blocks=yes
ac_cv_nolto=yes
ac_cv_objext=o
ac_cv_path_EGREP='/usr/bin/grep -E'
ac_cv_path_GREP=/usr/bin/grep
ac_cv_path_tclsh=/usr/bin/tclsh8.5
ac_cv_prog_CPP='gcc  -E'
ac_cv_prog_ac_ct_AR=ar
ac_cv_prog_ac_ct_CC='gcc '
ac_cv_prog_ac_ct_RANLIB=ranlib
ac_cv_prog_cc_c89=
ac_cv_prog_cc_g=yes
ac_cv_search_deflateSetHeader=-lz
ac_cv_type_blkcnt_t=yes
ac_cv_type_gz_header=yes
ac_cv_type_intptr_t=yes
ac_cv_type_mode_t=yes
ac_cv_type_pid_t=yes
ac_cv_type_size_t=yes
ac_cv_type_struct_addrinfo=yes
ac_cv_type_struct_in6_addr=yes
ac_cv_type_struct_sockaddr_in6=yes
ac_cv_type_struct_sockaddr_storage=yes
ac_cv_type_uid_t=yes
ac_cv_type_uintptr_t=yes
tcl_cv_api_fts=yes
tcl_cv_cast_to_union=yes
tcl_cv_cc_darwin_c_source=yes
tcl_cv_cc_pipe=yes
tcl_cv_cc_visibility_hidden=yes
tcl_cv_cc_weak_import=yes
tcl_cv_char_signed=yes
tcl_cv_cpuid=yes
tcl_cv_dir_zoneinfo=/usr/share/zoneinfo
tcl_cv_dirent_h=yes
tcl_cv_flag__isoc99_source=no
tcl_cv_flag__largefile64_source=no
tcl_cv_flag__largefile_source64=no
tcl_cv_grep_gettimeofday=present
tcl_cv_isnan=yes
tcl_cv_langinfo_h=yes
tcl_cv_ld_search_paths_first=yes
tcl_cv_ld_single_module=yes
tcl_cv_lib_corefoundation=yes
tcl_cv_member_tm_gmtoff=yes
tcl_cv_member_tm_tzadj=no
tcl_cv_putenv_copy=no
tcl_cv_readdir_r_buggy=0
tcl_cv_strstr_unbroken=ok
tcl_cv_strtoul_unbroken=ok
tcl_cv_sys_version=Darwin-20.6.0
tcl_cv_timezone_long=yes
tcl_cv_type_64bit=none
tcl_cv_type_fd_set=yes
tcl_cv_type_socklen_t=yes
tcl_cv_union_wait=yes

## ----------------- ##
## Output variables. ##
## ----------------- ##

AR='ar'
BUILD_DLTEST='$(DLTEST_TARGETS)'
CC='gcc '
CC_SEARCH_FLAGS=''
CFG_TCL_SHARED_LIB_SUFFIX='${VERSION}.dylib'
CFG_TCL_UNSHARED_LIB_SUFFIX='${VERSION}.a'
CFLAGS='-pipe  -I/usr/local/opt/zlib/include '
CFLAGS_DEBUG='-g'
CFLAGS_DEFAULT='$(CFLAGS_OPTIMIZE)'
CFLAGS_NOLTO='-fno-lto'
CFLAGS_OPTIMIZE='-O2'
CFLAGS_WARNING='-Wall -Wpointer-arith'
CPP='gcc  -E'
CPPFLAGS=''
DEFS='-DPACKAGE_NAME=\"tcl\" -DPACKAGE_TARNAME=\"tcl\" -DPACKAGE_VERSION=\"8.6\" -DPACKAGE_STRING=\"tcl\ 8.6\" -DPACKAGE_BUGREPORT=\"\" -DPACKAGE_URL=\"\" -DSTDC_HEADERS=1 -DHAVE_SYS_TYPES_H=1 -DHAVE_SYS_STAT_H=1 -DHAVE_STDLIB_H=1 -DHAVE_STRING_H=1 -DHAVE_MEMORY_H=1 -DHAVE_STRINGS_H=1 -DHAVE_INTTYPES_H=1 -DHAVE_STDINT_H=1 -DHAVE_UNISTD_H=1 -DNO_VALUES_H=1 -DHAVE_SYS_PARAM_H=1 -DTCL_CFGVAL_ENCODING=\"iso8859-1\" -DHAVE_ZLIB=1 -DMODULE_SCOPE=extern\ __attribute__\(\(__visibility__\(\"hidden\"\)\)\) -DHAVE_HIDDEN=1 -DMAC_OSX_TCL=1 -DHAVE_COREFOUNDATION=1 -DHAVE_CAST_TO_UNION=1 -DTCL_SHLIB_EXT=\".dylib\" -DNDEBUG=1 -DTCL_CFG_OPTIMIZED=1 -DTCL_TOMMATH=1 -DMP_PREC=4 -DTCL_WIDE_INT_IS_LONG=1 -DHAVE_GETCWD=1 -DHAVE_MKSTEMP=1 -DHAVE_OPENDIR=1 -DHAVE_STRTOL=1 -DHAVE_WAITPID=1 -DHAVE_GETNAMEINFO=1 -DHAVE_GETADDRINFO=1 -DHAVE_FREEADDRINFO=1 -DHAVE_GAI_STRERROR=1 -DHAVE_STRUCT_ADDRINFO=1 -DHAVE_STRUCT_IN6_ADDR=1 -DHAVE_STRUCT_SOCKADDR_IN6=1 -DHAVE_STRUCT_SOCKADDR_STORAGE=1 -DHAVE_TERMIOS_H=1 -DHAVE_SYS_IOCTL_H=1 -DHAVE_SYS_TIME_H=1 -DTIME_WITH_SYS_TIME=1 -DHAVE_GMTIME_R=1 -DHAVE_LOCALTIME_R=1 -DHAVE_MKTIME=1 -DHAVE_TM_GMTOFF=1 -DHAVE_TIMEZONE_VAR=1 -DHAVE_STRUCT_STAT_ST_BLOCKS=1 -DHAVE_STRUCT_STAT_ST_BLKSIZE=1 -DHAVE_BLKCNT_T=1 -DHAVE_INTPTR_T=1 -DHAVE_UINTPTR_T=1 -DHAVE_SIGNED_CHAR=1 -DHAVE_LANGINFO=1 -DHAVE_CHFLAGS=1 -DHAVE_MKSTEMPS=1 -DHAVE_GETATTRLIST=1 -DHAVE_COPYFILE_H=1 -DHAVE_COPYFILE=1 -DUSE_VFORK=1 -DTCL_DEFAULT_ENCODING=\"utf-8\" -DTCL_LOAD_FROM_MEMORY=1 -DTCL_WIDE_CLICKS=1 -DHAVE_AVAILABILITYMACROS_H=1 -DHAVE_WEAK_IMPORT=1 -D_DARWIN_C_SOURCE=1 -DHAVE_FTS=1 -DHAVE_SYS_IOCTL_H=1 -DHAVE_SYS_FILIO_H=1 -DTCL_UNLOAD_DLLS=1 -DHAVE_CPUID=1'
DLL_INSTALL_DIR='$(LIB_INSTALL_DIR)'
DLTEST_LD='${CC} -bundle -Wl,-w ${CFLAGS} ${LDFLAGS}'
DLTEST_SUFFIX='.bundle'
DL_LIBS=''
DL_OBJS='${O}tclLoadDyld.o'
DTRACE=''
DTRACE_HDR=''
DTRACE_OBJ=''
DTRACE_SRC=''
ECHO_C='\c'
ECHO_N=''
ECHO_T=''
EGREP='/usr/bin/grep -E'
EXEEXT=''
EXTRA_APP_CC_SWITCHES='-mdynamic-no-pic'
EXTRA_BUILD_HTML='@:'
EXTRA_CC_SWITCHES=''
EXTRA_INSTALL=''
EXTRA_INSTALL_BINARIES='@:'
EXTRA_TCLSH_LIBS='-sectcreate __TEXT __info_plist Tclsh-Info.plist'
GREP='/usr/bin/grep'
HTML_DIR='$(DISTDIR)/html'
INSTALL_LIB='$(INSTALL_LIBRARY) $(LIB_FILE) "$(LIB_INSTALL_DIR)/$(LIB_FILE)"'
INSTALL_STUB_LIB='$(INSTALL_LIBRARY) $(STUB_LIB_FILE) "$(LIB_INSTALL_DIR)/$(STUB_LIB_FILE)"'
INSTALL_TZDATA=''
LDAIX_SRC=''
LDFLAGS=' -headerpad_max_install_names -Wl,-search_paths_first '
LDFLAGS_DEBUG=''
LDFLAGS_DEFAULT='$(LDFLAGS_OPTIMIZE)'
LDFLAGS_OPTIMIZE=''
LD_LIBRARY_PATH_VAR='DYLD_LIBRARY_PATH'
LD_SEARCH_FLAGS=''
LIBOBJS=''
LIBS='-lz  -framework CoreFoundation'
MAKEFILE_SHELL='/bin/sh'
MAKE_LIB='${SHLIB_LD} -o $@ ${OBJS} ${LDFLAGS} ${SHLIB_LD_LIBS} ${TCL_SHLIB_LD_EXTRAS} ${TK_SHLIB_LD_EXTRAS} ${LD_SEARCH_FLAGS}'
MAKE_STUB_LIB='${STLIB_LD} $@ ${STUB_LIB_OBJS} ; ${RANLIB} $@'
MAN_FLAGS=''
OBJEXT='o'
PACKAGE_BUGREPORT=''
PACKAGE_DIR='/Users/billswartz7/version1/itools/tcl/tcl8.6/lib'
PACKAGE_NAME='tcl'
PACKAGE_STRING='tcl 8.6'
PACKAGE_TARNAME='tcl'
PACKAGE_URL=''
PACKAGE_VERSION='8.6'
PATH_SEPARATOR=':'
PKG_CFG_ARGS=' '\''--disable-threads'\'' '\''--prefix=/Users/billswartz7/version1/itools/tcl/tcl8.6'\'' '\''CC=gcc '\'' '\''CPPFLAGS=-I/usr/local/opt/zlib/include'\'' '
PLAT_OBJS='${MAC_OSX_OBJS}'
PLAT_SRCS='${MAC_OSX_SRCS}'
PRIVATE_INCLUDE_DIR='$(includedir)'
RANLIB='ranlib'
SHARED_BUILD='1'
SHELL='/bin/sh'
SHLIB_CFLAGS='-fno-common'
SHLIB_LD='${CC} -dynamiclib ${CFLAGS} ${LDFLAGS} -Wl,-single_module'
SHLIB_LD_LIBS='${LIBS}'
SHLIB_SUFFIX='.dylib'
STLIB_LD='${AR} cr'
TCLSH_PROG='/usr/bin/tclsh8.5'
TCL_BUILD_LIB_SPEC='-L/Users/billswartz7/version1/itools/lib/tcl/src -ltcl8.6'
TCL_BUILD_STUB_LIB_PATH='/Users/billswartz7/version1/itools/lib/tcl/src/libtclstub8.6.a'
TCL_BUILD_STUB_LIB_SPEC='-L/Users/billswartz7/version1/itools/lib/tcl/src -ltclstub8.6'
TCL_HAS_LONGLONG=''
TCL_INCLUDE_SPEC='-I/Users/billswartz7/version1/itools/tcl/tcl8.6/include'
TCL_LIBRARY='$(prefix)/lib/tcl$(VERSION)'
TCL_LIBS=' -lz  -framework CoreFoundation '
TCL_LIB_FILE='libtcl8.6.dylib'
TCL_LIB_FLAG='-ltcl8.6'
TCL_LIB_SPEC='-L/Users/billswartz7/version1/itools/tcl/tcl8.6/lib -ltcl8.6'
TCL_LIB_VERSIONS_OK='ok'
TCL_MAJOR_VERSION='8'
TCL_MINOR_VERSION='6'
TCL_MODULE_PATH=''
TCL_PACKAGE_PATH='{/Users/billswartz7/version1/itools/tcl/tcl8.6/lib} '
TCL_PATCH_LEVEL='.13'
TCL_SHARED_BUILD='1'
TCL_SHARED_LIB_SUFFIX='${VERSION}${SHLIB_SUFFIX}'
TCL_SHLIB_LD_EXTRAS='-compatibility_version 8.6 -current_version 8.6.13 -install_name "${DYLIB_INSTALL_DIR}"/${TCL_LIB_FILE} -sectcreate __TEXT __info_plist Tcl-Info.plist'
TCL_SRC_DIR='/Users/billswartz7/version1/itools/lib/tcl'
TCL_STUB_LIB_FILE='libtclstub8.6.a'
TCL_STUB_LIB_FLAG='-ltclstub8.6'
TCL_STUB_LIB_PATH='/Users/billswartz7/version1/itools/tcl/tcl8.6/lib/libtclstub8.6.a'
TCL_STUB_LIB_SPEC='-L/Users/billswartz7/version1/itools/tcl/tcl8.6/lib -ltclstub8.6'
TCL_THREADS='0'
TCL_UNSHARED_LIB_SUFFIX='${VERSION}.a'
TCL_VERSION='8.6'
TCL_YEAR='2023'
TK_SHLIB_LD_EXTRAS=''
ZLIB_INCLUDE=''
ZLIB_OBJS=''
ZLIB_SRCS=''
ac_ct_CC='gcc '
bindir='${exec_prefix}/bin'
build_alias=''
datadir='${datarootdir}'
datarootdir='${prefix}/share'
docdir='${datarootdir}/doc/${PACKAGE_TARNAME}'
dvidir='${docdir}'
exec_prefix='/Users/billswartz7/version1/itools/tcl/tcl8.6'
host_alias=''
htmldir='${docdir}'
includedir='${prefix}/include'
infodir='${datarootdir}/info'
libdir='/Users/billswartz7/version1/itools/tcl/tcl8.6/lib'
libexecdir='${exec_prefix}/libexec'
localedir='${datarootdir}/locale'
localstatedir='${prefix}/var'
mandir='${datarootdir}/man'
oldincludedir='/usr/include'
pdfdir='${docdir}'
prefix='/Users/billswartz7/version1/itools/tcl/tcl8.6'
program_transform_name='s,x,x,'
psdir='${docdir}'
runstatedir='${localstatedir}/run'
sbindir='${exec_prefix}/sbin'
sharedstatedir='${prefix}/com'
sysconfdir='${prefix}/etc'
target_alias=''

## ----------- ##
## confdefs.h. ##
## ----------- ##

/* confdefs.h */
#define PACKAGE_NAME "tcl"
#define PACKAGE_TARNAME "tcl"
#define PACKAGE_VERSION "8.6"
#define PACKAGE_STRING "tcl 8.6"
#define PACKAGE_BUGREPORT ""
#define PACKAGE_URL ""
#define STDC_HEADERS 1
#define HAVE_SYS_TYPES_H 1
#define HAVE_SYS_STAT_H 1
#define HAVE_STDLIB_H 1
#define HAVE_STRING_H 1
#define HAVE_MEMORY_H 1
#define HAVE_STRINGS_H 1
#define HAVE_INTTYPES_H 1
#define HAVE_STDINT_H 1
#define HAVE_UNISTD_H 1
#define NO_VALUES_H 1
#define HAVE_SYS_PARAM_H 1
#define TCL_CFGVAL_ENCODING "iso8859-1"
#define HAVE_ZLIB 1
#define MODULE_SCOPE extern __attribute__((__visibility__("hidden")))
#define HAVE_HIDDEN 1
#define MAC_OSX_TCL 1
#define HAVE_COREFOUNDATION 1
#define HAVE_CAST_TO_UNION 1
#define TCL_SHLIB_EXT ".dylib"
#define NDEBUG 1
#define TCL_CFG_OPTIMIZED 1
#define TCL_TOMMATH 1
#define MP_PREC 4
#define TCL_WIDE_INT_IS_LONG 1
#define HAVE_GETCWD 1
#define HAVE_MKSTEMP 1
#define HAVE_OPENDIR 1
#define HAVE_STRTOL 1
#define HAVE_WAITPID 1
#define HAVE_GETNAMEINFO 1
#define HAVE_GETADDRINFO 1
#define HAVE_FREEADDRINFO 1
#define HAVE_GAI_STRERROR 1
#define HAVE_STRUCT_ADDRINFO 1
#define HAVE_STRUCT_IN6_ADDR 1
#define HAVE_STRUCT_SOCKADDR_IN6 1
#define HAVE_STRUCT_SOCKADDR_STORAGE 1
#define HAVE_TERMIOS_H 1
#define HAVE_SYS_IOCTL_H 1
#define HAVE_SYS_TIME_H 1
#define TIME_WITH_SYS_TIME 1
#define HAVE_GMTIME_R 1
#define HAVE_LOCALTIME_R 1
#define HAVE_MKTIME 1
#define HAVE_TM_GMTOFF 1
#define HAVE_TIMEZONE_VAR 1
#define HAVE_STRUCT_STAT_ST_BLOCKS 1
#define HAVE_STRUCT_STAT_ST_BLKSIZE 1
#define HAVE_BLKCNT_T 1
#define HAVE_INTPTR_T 1
#define HAVE_UINTPTR_T 1
#define HAVE_SIGNED_CHAR 1
#define HAVE_LANGINFO 1
#define HAVE_CHFLAGS 1
#define HAVE_MKSTEMPS 1
#define HAVE_GETATTRLIST 1
#define HAVE_COPYFILE_H 1
#define HAVE_COPYFILE 1
#define USE_VFORK 1
#define TCL_DEFAULT_ENCODING "utf-8"
#define TCL_LOAD_FROM_MEMORY 1
#define TCL_WIDE_CLICKS 1
#define HAVE_AVAILABILITYMACROS_H 1
#define HAVE_WEAK_IMPORT 1
#define _DARWIN_C_SOURCE 1
#define HAVE_FTS 1
#define HAVE_SYS_IOCTL_H 1
#define HAVE_SYS_FILIO_H 1
#define TCL_UNLOAD_DLLS 1
#define HAVE_CPUID 1

configure: exit 0
