mkdir dep
Using ../version_tag.h for VERSION_TAG
g++ -DHAVE_CONFIG_H -I. -I.. -I../libmisc  -Wall -Wextra -Wshadow   -g -O2 -MD -c ../main.cc -o main.o
mv main.d dep/main.d
g++ -DHAVE_CONFIG_H -I. -I.. -I../libmisc  -Wall -Wextra -Wshadow   -g -O2 -MD -c ../async.cc -o async.o
mv async.d dep/async.d
g++ -DHAVE_CONFIG_H -I. -I.. -I../libmisc  -Wall -Wextra -Wshadow   -g -O2 -MD -c ../design_dump.cc -o design_dump.o
mv design_dump.d dep/design_dump.d
g++ -DHAVE_CONFIG_H -I. -I.. -I../libmisc  -Wall -Wextra -Wshadow   -g -O2 -MD -c ../discipline.cc -o discipline.o
mv discipline.d dep/discipline.d
g++ -DHAVE_CONFIG_H -I. -I.. -I../libmisc  -Wall -Wextra -Wshadow   -g -O2 -MD -c ../dup_expr.cc -o dup_expr.o
mv dup_expr.d dep/dup_expr.d
g++ -DHAVE_CONFIG_H -I. -I.. -I../libmisc  -Wall -Wextra -Wshadow   -g -O2 -MD -c ../elaborate.cc -o elaborate.o
mv elaborate.d dep/elaborate.d
g++ -DHAVE_CONFIG_H -I. -I.. -I../libmisc  -Wall -Wextra -Wshadow   -g -O2 -MD -c ../elab_expr.cc -o elab_expr.o
mv elab_expr.d dep/elab_expr.d
g++ -DHAVE_CONFIG_H -I. -I.. -I../libmisc  -Wall -Wextra -Wshadow   -g -O2 -MD -c ../elaborate_analog.cc -o elaborate_analog.o
mv elaborate_analog.d dep/elaborate_analog.d
g++ -DHAVE_CONFIG_H -I. -I.. -I../libmisc  -Wall -Wextra -Wshadow   -g -O2 -MD -c ../elab_lval.cc -o elab_lval.o
mv elab_lval.d dep/elab_lval.d
g++ -DHAVE_CONFIG_H -I. -I.. -I../libmisc  -Wall -Wextra -Wshadow   -g -O2 -MD -c ../elab_net.cc -o elab_net.o
mv elab_net.d dep/elab_net.d
g++ -DHAVE_CONFIG_H -I. -I.. -I../libmisc  -Wall -Wextra -Wshadow   -g -O2 -MD -c ../elab_scope.cc -o elab_scope.o
mv elab_scope.d dep/elab_scope.d
g++ -DHAVE_CONFIG_H -I. -I.. -I../libmisc  -Wall -Wextra -Wshadow   -g -O2 -MD -c ../elab_sig.cc -o elab_sig.o
mv elab_sig.d dep/elab_sig.d
g++ -DHAVE_CONFIG_H -I. -I.. -I../libmisc  -Wall -Wextra -Wshadow   -g -O2 -MD -c ../elab_sig_analog.cc -o elab_sig_analog.o
mv elab_sig_analog.d dep/elab_sig_analog.d
g++ -DHAVE_CONFIG_H -I. -I.. -I../libmisc  -Wall -Wextra -Wshadow   -g -O2 -MD -c ../elab_type.cc -o elab_type.o
mv elab_type.d dep/elab_type.d
g++ -DHAVE_CONFIG_H -I. -I.. -I../libmisc  -Wall -Wextra -Wshadow   -g -O2 -MD -c ../emit.cc -o emit.o
mv emit.d dep/emit.d
g++ -DHAVE_CONFIG_H -I. -I.. -I../libmisc  -Wall -Wextra -Wshadow   -g -O2 -MD -c ../eval.cc -o eval.o
mv eval.d dep/eval.d
g++ -DHAVE_CONFIG_H -I. -I.. -I../libmisc  -Wall -Wextra -Wshadow   -g -O2 -MD -c ../eval_attrib.cc -o eval_attrib.o
mv eval_attrib.d dep/eval_attrib.d
g++ -DHAVE_CONFIG_H -I. -I.. -I../libmisc  -Wall -Wextra -Wshadow   -g -O2 -MD -c ../eval_tree.cc -o eval_tree.o
mv eval_tree.d dep/eval_tree.d
g++ -DHAVE_CONFIG_H -I. -I.. -I../libmisc  -Wall -Wextra -Wshadow   -g -O2 -MD -c ../expr_synth.cc -o expr_synth.o
mv expr_synth.d dep/expr_synth.d
g++ -DHAVE_CONFIG_H -I. -I.. -I../libmisc  -Wall -Wextra -Wshadow   -g -O2 -MD -c ../functor.cc -o functor.o
mv functor.d dep/functor.d
flex -s -t ../lexor.lex > lexor.cc
bison --verbose -t -p VL --defines=parse.h -o parse.cc ../parse.y
g++ -DHAVE_CONFIG_H -I. -I.. -I../libmisc  -Wall -Wextra -Wshadow   -g -O2 -MD -c lexor.cc -o lexor.o
mv lexor.d dep/lexor.d
g++ -DHAVE_CONFIG_H -I. -I.. -I../libmisc  -Wall -Wextra -Wshadow   -g -O2 -MD -c ../lexor_keyword.cc -o lexor_keyword.o
mv lexor_keyword.d dep/lexor_keyword.d
g++ -DHAVE_CONFIG_H -I. -I.. -I../libmisc  -Wall -Wextra -Wshadow   -g -O2 -MD -c ../link_const.cc -o link_const.o
mv link_const.d dep/link_const.d
g++ -DHAVE_CONFIG_H -I. -I.. -I../libmisc  -Wall -Wextra -Wshadow   -g -O2 -MD -c ../load_module.cc -o load_module.o
mv load_module.d dep/load_module.d
g++ -DHAVE_CONFIG_H -I. -I.. -I../libmisc  -Wall -Wextra -Wshadow   -g -O2 -MD -c ../netlist.cc -o netlist.o
mv netlist.d dep/netlist.d
g++ -DHAVE_CONFIG_H -I. -I.. -I../libmisc  -Wall -Wextra -Wshadow   -g -O2 -MD -c ../netmisc.cc -o netmisc.o
mv netmisc.d dep/netmisc.d
g++ -DHAVE_CONFIG_H -I. -I.. -I../libmisc  -Wall -Wextra -Wshadow   -g -O2 -MD -c ../nettypes.cc -o nettypes.o
mv nettypes.d dep/nettypes.d
g++ -DHAVE_CONFIG_H -I. -I.. -I../libmisc  -Wall -Wextra -Wshadow   -g -O2 -MD -c ../net_analog.cc -o net_analog.o
mv net_analog.d dep/net_analog.d
g++ -DHAVE_CONFIG_H -I. -I.. -I../libmisc  -Wall -Wextra -Wshadow   -g -O2 -MD -c ../net_assign.cc -o net_assign.o
mv net_assign.d dep/net_assign.d
g++ -DHAVE_CONFIG_H -I. -I.. -I../libmisc  -Wall -Wextra -Wshadow   -g -O2 -MD -c ../net_design.cc -o net_design.o
mv net_design.d dep/net_design.d
g++ -DHAVE_CONFIG_H -I. -I.. -I../libmisc  -Wall -Wextra -Wshadow   -g -O2 -MD -c ../netclass.cc -o netclass.o
mv netclass.d dep/netclass.d
g++ -DHAVE_CONFIG_H -I. -I.. -I../libmisc  -Wall -Wextra -Wshadow   -g -O2 -MD -c ../netdarray.cc -o netdarray.o
mv netdarray.d dep/netdarray.d
g++ -DHAVE_CONFIG_H -I. -I.. -I../libmisc  -Wall -Wextra -Wshadow   -g -O2 -MD -c ../netenum.cc -o netenum.o
mv netenum.d dep/netenum.d
g++ -DHAVE_CONFIG_H -I. -I.. -I../libmisc  -Wall -Wextra -Wshadow   -g -O2 -MD -c ../netparray.cc -o netparray.o
mv netparray.d dep/netparray.d
g++ -DHAVE_CONFIG_H -I. -I.. -I../libmisc  -Wall -Wextra -Wshadow   -g -O2 -MD -c ../netqueue.cc -o netqueue.o
mv netqueue.d dep/netqueue.d
g++ -DHAVE_CONFIG_H -I. -I.. -I../libmisc  -Wall -Wextra -Wshadow   -g -O2 -MD -c ../netscalar.cc -o netscalar.o
mv netscalar.d dep/netscalar.d
g++ -DHAVE_CONFIG_H -I. -I.. -I../libmisc  -Wall -Wextra -Wshadow   -g -O2 -MD -c ../netstruct.cc -o netstruct.o
mv netstruct.d dep/netstruct.d
g++ -DHAVE_CONFIG_H -I. -I.. -I../libmisc  -Wall -Wextra -Wshadow   -g -O2 -MD -c ../netvector.cc -o netvector.o
mv netvector.d dep/netvector.d
g++ -DHAVE_CONFIG_H -I. -I.. -I../libmisc  -Wall -Wextra -Wshadow   -g -O2 -MD -c ../net_event.cc -o net_event.o
mv net_event.d dep/net_event.d
g++ -DHAVE_CONFIG_H -I. -I.. -I../libmisc  -Wall -Wextra -Wshadow   -g -O2 -MD -c ../net_expr.cc -o net_expr.o
mv net_expr.d dep/net_expr.d
g++ -DHAVE_CONFIG_H -I. -I.. -I../libmisc  -Wall -Wextra -Wshadow   -g -O2 -MD -c ../net_func.cc -o net_func.o
mv net_func.d dep/net_func.d
g++ -DHAVE_CONFIG_H -I. -I.. -I../libmisc  -Wall -Wextra -Wshadow   -g -O2 -MD -c ../net_func_eval.cc -o net_func_eval.o
mv net_func_eval.d dep/net_func_eval.d
g++ -DHAVE_CONFIG_H -I. -I.. -I../libmisc  -Wall -Wextra -Wshadow   -g -O2 -MD -c ../net_link.cc -o net_link.o
mv net_link.d dep/net_link.d
g++ -DHAVE_CONFIG_H -I. -I.. -I../libmisc  -Wall -Wextra -Wshadow   -g -O2 -MD -c ../net_modulo.cc -o net_modulo.o
mv net_modulo.d dep/net_modulo.d
g++ -DHAVE_CONFIG_H -I. -I.. -I../libmisc  -Wall -Wextra -Wshadow   -g -O2 -MD -c ../net_nex_input.cc -o net_nex_input.o
mv net_nex_input.d dep/net_nex_input.d
g++ -DHAVE_CONFIG_H -I. -I.. -I../libmisc  -Wall -Wextra -Wshadow   -g -O2 -MD -c ../net_nex_output.cc -o net_nex_output.o
mv net_nex_output.d dep/net_nex_output.d
g++ -DHAVE_CONFIG_H -I. -I.. -I../libmisc  -Wall -Wextra -Wshadow   -g -O2 -MD -c ../net_proc.cc -o net_proc.o
mv net_proc.d dep/net_proc.d
g++ -DHAVE_CONFIG_H -I. -I.. -I../libmisc  -Wall -Wextra -Wshadow   -g -O2 -MD -c ../net_scope.cc -o net_scope.o
mv net_scope.d dep/net_scope.d
g++ -DHAVE_CONFIG_H -I. -I.. -I../libmisc  -Wall -Wextra -Wshadow   -g -O2 -MD -c ../net_tran.cc -o net_tran.o
mv net_tran.d dep/net_tran.d
g++ -DHAVE_CONFIG_H -I. -I.. -I../libmisc  -Wall -Wextra -Wshadow   -g -O2 -MD -c ../net_udp.cc -o net_udp.o
mv net_udp.d dep/net_udp.d
g++ -DHAVE_CONFIG_H -I. -I.. -I../libmisc  -Wall -Wextra -Wshadow   -g -O2 -MD -c ../pad_to_width.cc -o pad_to_width.o
mv pad_to_width.d dep/pad_to_width.d
g++ -DHAVE_CONFIG_H -I. -I.. -I../libmisc  -Wall -Wextra -Wshadow   -g -O2 -MD -c parse.cc -o parse.o
parse.cc:8457:18: warning: missing initializer for member 'vlltype::text' [-Wmissing-field-initializers]
   = { 1, 1, 1, 1 }
                  ^
mv parse.d dep/parse.d
g++ -DHAVE_CONFIG_H -I. -I.. -I../libmisc  -Wall -Wextra -Wshadow   -g -O2 -MD -c ../parse_misc.cc -o parse_misc.o
mv parse_misc.d dep/parse_misc.d
g++ -DHAVE_CONFIG_H -I. -I.. -I../libmisc  -Wall -Wextra -Wshadow   -g -O2 -MD -c ../pform.cc -o pform.o
mv pform.d dep/pform.d
g++ -DHAVE_CONFIG_H -I. -I.. -I../libmisc  -Wall -Wextra -Wshadow   -g -O2 -MD -c ../pform_analog.cc -o pform_analog.o
mv pform_analog.d dep/pform_analog.d
g++ -DHAVE_CONFIG_H -I. -I.. -I../libmisc  -Wall -Wextra -Wshadow   -g -O2 -MD -c ../pform_disciplines.cc -o pform_disciplines.o
mv pform_disciplines.d dep/pform_disciplines.d
g++ -DHAVE_CONFIG_H -I. -I.. -I../libmisc  -Wall -Wextra -Wshadow   -g -O2 -MD -c ../pform_dump.cc -o pform_dump.o
mv pform_dump.d dep/pform_dump.d
g++ -DHAVE_CONFIG_H -I. -I.. -I../libmisc  -Wall -Wextra -Wshadow   -g -O2 -MD -c ../pform_package.cc -o pform_package.o
mv pform_package.d dep/pform_package.d
g++ -DHAVE_CONFIG_H -I. -I.. -I../libmisc  -Wall -Wextra -Wshadow   -g -O2 -MD -c ../pform_pclass.cc -o pform_pclass.o
mv pform_pclass.d dep/pform_pclass.d
g++ -DHAVE_CONFIG_H -I. -I.. -I../libmisc  -Wall -Wextra -Wshadow   -g -O2 -MD -c ../pform_class_type.cc -o pform_class_type.o
mv pform_class_type.d dep/pform_class_type.d
g++ -DHAVE_CONFIG_H -I. -I.. -I../libmisc  -Wall -Wextra -Wshadow   -g -O2 -MD -c ../pform_string_type.cc -o pform_string_type.o
mv pform_string_type.d dep/pform_string_type.d
g++ -DHAVE_CONFIG_H -I. -I.. -I../libmisc  -Wall -Wextra -Wshadow   -g -O2 -MD -c ../pform_struct_type.cc -o pform_struct_type.o
mv pform_struct_type.d dep/pform_struct_type.d
g++ -DHAVE_CONFIG_H -I. -I.. -I../libmisc  -Wall -Wextra -Wshadow   -g -O2 -MD -c ../pform_types.cc -o pform_types.o
mv pform_types.d dep/pform_types.d
g++ -DHAVE_CONFIG_H -I. -I.. -I../libmisc  -Wall -Wextra -Wshadow   -g -O2 -MD -c ../symbol_search.cc -o symbol_search.o
mv symbol_search.d dep/symbol_search.d
g++ -DHAVE_CONFIG_H -I. -I.. -I../libmisc  -Wall -Wextra -Wshadow   -g -O2 -MD -c ../sync.cc -o sync.o
mv sync.d dep/sync.d
g++ -DHAVE_CONFIG_H -I. -I.. -I../libmisc  -Wall -Wextra -Wshadow   -g -O2 -MD -c ../sys_funcs.cc -o sys_funcs.o
mv sys_funcs.d dep/sys_funcs.d
g++ -DHAVE_CONFIG_H -I. -I.. -I../libmisc  -Wall -Wextra -Wshadow   -g -O2 -MD -c ../verinum.cc -o verinum.o
mv verinum.d dep/verinum.d
g++ -DHAVE_CONFIG_H -I. -I.. -I../libmisc  -Wall -Wextra -Wshadow   -g -O2 -MD -c ../verireal.cc -o verireal.o
mv verireal.d dep/verireal.d
g++ -DHAVE_CONFIG_H -I. -I.. -I../libmisc  -Wall -Wextra -Wshadow   -g -O2 -MD -c ../vpi_modules.cc -o vpi_modules.o
mv vpi_modules.d dep/vpi_modules.d
g++ -DHAVE_CONFIG_H -I. -I.. -I../libmisc  -Wall -Wextra -Wshadow   -g -O2 -MD -c ../target.cc -o target.o
mv target.d dep/target.d
g++ -DHAVE_CONFIG_H -I. -I.. -I../libmisc  -Wall -Wextra -Wshadow   -g -O2 -MD -c ../Attrib.cc -o Attrib.o
mv Attrib.d dep/Attrib.d
g++ -DHAVE_CONFIG_H -I. -I.. -I../libmisc  -Wall -Wextra -Wshadow   -g -O2 -MD -c ../HName.cc -o HName.o
mv HName.d dep/HName.d
g++ -DHAVE_CONFIG_H -I. -I.. -I../libmisc  -Wall -Wextra -Wshadow   -g -O2 -MD -c ../Module.cc -o Module.o
mv Module.d dep/Module.d
g++ -DHAVE_CONFIG_H -I. -I.. -I../libmisc  -Wall -Wextra -Wshadow   -g -O2 -MD -c ../PClass.cc -o PClass.o
mv PClass.d dep/PClass.d
g++ -DHAVE_CONFIG_H -I. -I.. -I../libmisc  -Wall -Wextra -Wshadow   -g -O2 -MD -c ../PDelays.cc -o PDelays.o
mv PDelays.d dep/PDelays.d
g++ -DHAVE_CONFIG_H -I. -I.. -I../libmisc  -Wall -Wextra -Wshadow   -g -O2 -MD -c ../PEvent.cc -o PEvent.o
mv PEvent.d dep/PEvent.d
g++ -DHAVE_CONFIG_H -I. -I.. -I../libmisc  -Wall -Wextra -Wshadow   -g -O2 -MD -c ../PExpr.cc -o PExpr.o
mv PExpr.d dep/PExpr.d
g++ -DHAVE_CONFIG_H -I. -I.. -I../libmisc  -Wall -Wextra -Wshadow   -g -O2 -MD -c ../PFunction.cc -o PFunction.o
mv PFunction.d dep/PFunction.d
g++ -DHAVE_CONFIG_H -I. -I.. -I../libmisc  -Wall -Wextra -Wshadow   -g -O2 -MD -c ../PGate.cc -o PGate.o
mv PGate.d dep/PGate.d
g++ -DHAVE_CONFIG_H -I. -I.. -I../libmisc  -Wall -Wextra -Wshadow   -g -O2 -MD -c ../PGenerate.cc -o PGenerate.o
mv PGenerate.d dep/PGenerate.d
g++ -DHAVE_CONFIG_H -I. -I.. -I../libmisc  -Wall -Wextra -Wshadow   -g -O2 -MD -c ../PModport.cc -o PModport.o
mv PModport.d dep/PModport.d
g++ -DHAVE_CONFIG_H -I. -I.. -I../libmisc  -Wall -Wextra -Wshadow   -g -O2 -MD -c ../PNamedItem.cc -o PNamedItem.o
mv PNamedItem.d dep/PNamedItem.d
g++ -DHAVE_CONFIG_H -I. -I.. -I../libmisc  -Wall -Wextra -Wshadow   -g -O2 -MD -c ../PPackage.cc -o PPackage.o
mv PPackage.d dep/PPackage.d
g++ -DHAVE_CONFIG_H -I. -I.. -I../libmisc  -Wall -Wextra -Wshadow   -g -O2 -MD -c ../PScope.cc -o PScope.o
mv PScope.d dep/PScope.d
g++ -DHAVE_CONFIG_H -I. -I.. -I../libmisc  -Wall -Wextra -Wshadow   -g -O2 -MD -c ../PSpec.cc -o PSpec.o
mv PSpec.d dep/PSpec.d
g++ -DHAVE_CONFIG_H -I. -I.. -I../libmisc  -Wall -Wextra -Wshadow   -g -O2 -MD -c ../PTask.cc -o PTask.o
mv PTask.d dep/PTask.d
g++ -DHAVE_CONFIG_H -I. -I.. -I../libmisc  -Wall -Wextra -Wshadow   -g -O2 -MD -c ../PUdp.cc -o PUdp.o
mv PUdp.d dep/PUdp.d
g++ -DHAVE_CONFIG_H -I. -I.. -I../libmisc  -Wall -Wextra -Wshadow   -g -O2 -MD -c ../PWire.cc -o PWire.o
mv PWire.d dep/PWire.d
g++ -DHAVE_CONFIG_H -I. -I.. -I../libmisc  -Wall -Wextra -Wshadow   -g -O2 -MD -c ../Statement.cc -o Statement.o
mv Statement.d dep/Statement.d
g++ -DHAVE_CONFIG_H -I. -I.. -I../libmisc  -Wall -Wextra -Wshadow   -g -O2 -MD -c ../AStatement.cc -o AStatement.o
mv AStatement.d dep/AStatement.d
g++ -DHAVE_CONFIG_H -I. -I.. -I../libmisc  -Wall -Wextra -Wshadow   -g -O2 -MD -c ../libmisc/LineInfo.cc -o LineInfo.o
mv LineInfo.d dep/LineInfo.d
g++ -DHAVE_CONFIG_H -I. -I.. -I../libmisc  -Wall -Wextra -Wshadow   -g -O2 -MD -c ../libmisc/StringHeap.cc -o StringHeap.o
mv StringHeap.d dep/StringHeap.d
g++ -DHAVE_CONFIG_H -I. -I.. -I../libmisc  -Wall -Wextra -Wshadow   -g -O2 -MD -c ../cprop.cc -o cprop.o
mv cprop.d dep/cprop.d
g++ -DHAVE_CONFIG_H -I. -I.. -I../libmisc  -Wall -Wextra -Wshadow   -g -O2 -MD -c ../exposenodes.cc -o exposenodes.o
mv exposenodes.d dep/exposenodes.d
g++ -DHAVE_CONFIG_H -I. -I.. -I../libmisc  -Wall -Wextra -Wshadow   -g -O2 -MD -c ../nodangle.cc -o nodangle.o
mv nodangle.d dep/nodangle.d
g++ -DHAVE_CONFIG_H -I. -I.. -I../libmisc  -Wall -Wextra -Wshadow   -g -O2 -MD -c ../synth.cc -o synth.o
mv synth.d dep/synth.d
g++ -DHAVE_CONFIG_H -I. -I.. -I../libmisc  -Wall -Wextra -Wshadow   -g -O2 -MD -c ../synth2.cc -o synth2.o
mv synth2.d dep/synth2.d
bison --verbose -t -p syn_ -o syn-rules.cc ../syn-rules.y
g++ -DHAVE_CONFIG_H -I. -I.. -I../libmisc  -Wall -Wextra -Wshadow   -g -O2 -MD -c syn-rules.cc -o syn-rules.o
mv syn-rules.d dep/syn-rules.d
g++ -DHAVE_CONFIG_H -I. -I.. -I../libmisc  -Wall -Wextra -Wshadow   -g -O2 -MD -c ../t-dll.cc -o t-dll.o
mv t-dll.d dep/t-dll.d
g++ -DHAVE_CONFIG_H -I. -I.. -I../libmisc  -Wall -Wextra -Wshadow   -g -O2 -MD -c ../t-dll-api.cc -o t-dll-api.o
mv t-dll-api.d dep/t-dll-api.d
g++ -DHAVE_CONFIG_H -I. -I.. -I../libmisc  -Wall -Wextra -Wshadow   -g -O2 -MD -c ../t-dll-expr.cc -o t-dll-expr.o
mv t-dll-expr.d dep/t-dll-expr.d
g++ -DHAVE_CONFIG_H -I. -I.. -I../libmisc  -Wall -Wextra -Wshadow   -g -O2 -MD -c ../t-dll-proc.cc -o t-dll-proc.o
mv t-dll-proc.d dep/t-dll-proc.d
g++ -DHAVE_CONFIG_H -I. -I.. -I../libmisc  -Wall -Wextra -Wshadow   -g -O2 -MD -c ../t-dll-analog.cc -o t-dll-analog.o
mv t-dll-analog.d dep/t-dll-analog.d
g++ -Wl,-all_load  -pthread -lm -mmacosx-version-min=10.9 -o ivl main.o async.o design_dump.o discipline.o dup_expr.o elaborate.o elab_expr.o elaborate_analog.o elab_lval.o elab_net.o elab_scope.o elab_sig.o elab_sig_analog.o elab_type.o emit.o eval.o eval_attrib.o eval_tree.o expr_synth.o functor.o lexor.o lexor_keyword.o link_const.o load_module.o netlist.o netmisc.o nettypes.o net_analog.o net_assign.o net_design.o netclass.o netdarray.o netenum.o netparray.o netqueue.o netscalar.o netstruct.o netvector.o net_event.o net_expr.o net_func.o net_func_eval.o net_link.o net_modulo.o net_nex_input.o net_nex_output.o net_proc.o net_scope.o net_tran.o net_udp.o pad_to_width.o parse.o parse_misc.o pform.o pform_analog.o pform_disciplines.o pform_dump.o pform_package.o pform_pclass.o pform_class_type.o pform_string_type.o pform_struct_type.o pform_types.o symbol_search.o sync.o sys_funcs.o verinum.o verireal.o vpi_modules.o target.o Attrib.o HName.o Module.o PClass.o PDelays.o PEvent.o PExpr.o PFunction.o PGate.o PGenerate.o PModport.o PNamedItem.o PPackage.o PScope.o PSpec.o PTask.o PUdp.o PWire.o Statement.o AStatement.o LineInfo.o StringHeap.o cprop.o exposenodes.o nodangle.o synth.o synth2.o syn-rules.o t-dll.o t-dll-api.o t-dll-expr.o t-dll-proc.o t-dll-analog.o -ldl
gcc -Wall -Wextra -Wshadow -Wstrict-prototypes  -g -O2 -o version.exe -I. -I.. ../version.c
./version.exe `head -1 ../iverilog-vpi.man.in`'\n' > iverilog-vpi.man
tail -n +2 ../iverilog-vpi.man.in >> iverilog-vpi.man
sed -e 's;@SHARED@;-bundle -undefined suppress -flat_namespace;' -e 's;@PIC@;-fPIC;' \
    -e 's;@SUFFIX@;;' \
    -e 's;@IVCC@;cc;' \
    -e 's;@IVCXX@;g++;' \
    -e 's;@IVCFLAGS@;-Wall -Wextra -Wshadow -Wstrict-prototypes  -g -O2;' \
    -e 's;@IVCXXFLAGS@;-Wall -Wextra -Wshadow   -g -O2;' \
    -e 's;@IVCTARGETFLAGS@;;' \
    -e 's;@INCLUDEDIR@;/Users/bill/version1/utdtools/utd.tools/v1.0.0/include/iverilog;' \
    -e 's;@LIBDIR@;/Users/bill/version1/utdtools/utd.tools/v1.0.0/lib;' ../iverilog-vpi.sh > iverilog-vpi
chmod +x iverilog-vpi
make -C ivlpp all &&  make -C vhdlpp all &&  make -C vvp all &&  make -C vpi all &&  make -C libveriuser all &&  make -C cadpli all &&  make -C tgt-null all &&  make -C tgt-stub all &&  make -C tgt-vvp all &&  make -C tgt-vhdl all &&  make -C tgt-vlog95 all &&  make -C tgt-pcb all &&  make -C tgt-blif all &&  make -C tgt-sizer all &&  make -C driver all &&  true
make[1]: Entering directory '/Users/bill/version1/utdtools/utd.tools/src/pgms/verilog-11.0/verilog-11.0/build/ivlpp'
gcc -Wall -Wextra -Wshadow -Wstrict-prototypes  -g -O2 -I. -I.. -I../../ivlpp -I../../ivlpp/..  -DHAVE_CONFIG_H  -c -o main.o ../../ivlpp/main.c
flex -t ../../ivlpp/lexor.lex > lexor.c
gcc -Wall -Wextra -Wshadow -Wstrict-prototypes  -g -O2 -I. -I.. -I../../ivlpp -I../../ivlpp/..  -DHAVE_CONFIG_H  -c -o lexor.o lexor.c
gcc -pthread -lm -mmacosx-version-min=10.9 main.o lexor.o -o ivlpp 
make[1]: Leaving directory '/Users/bill/version1/utdtools/utd.tools/src/pgms/verilog-11.0/verilog-11.0/build/ivlpp'
make[1]: Entering directory '/Users/bill/version1/utdtools/utd.tools/src/pgms/verilog-11.0/verilog-11.0/build/vhdlpp'
mkdir dep
g++ -I. -I.. -I../../vhdlpp -I../../vhdlpp/.. -I../../vhdlpp/../libmisc  -DHAVE_CONFIG_H -Wall -Wextra -Wshadow   -g -O2 -MD -c ../../vhdlpp/main.cc -o main.o
mv main.d dep/main.d
g++ -I. -I.. -I../../vhdlpp -I../../vhdlpp/.. -I../../vhdlpp/../libmisc  -DHAVE_CONFIG_H -Wall -Wextra -Wshadow   -g -O2 -MD -c ../../vhdlpp/architec.cc -o architec.o
mv architec.d dep/architec.d
g++ -I. -I.. -I../../vhdlpp -I../../vhdlpp/.. -I../../vhdlpp/../libmisc  -DHAVE_CONFIG_H -Wall -Wextra -Wshadow   -g -O2 -MD -c ../../vhdlpp/compiler.cc -o compiler.o
mv compiler.d dep/compiler.d
g++ -I. -I.. -I../../vhdlpp -I../../vhdlpp/.. -I../../vhdlpp/../libmisc  -DHAVE_CONFIG_H -Wall -Wextra -Wshadow   -g -O2 -MD -c ../../vhdlpp/entity.cc -o entity.o
mv entity.d dep/entity.d
g++ -I. -I.. -I../../vhdlpp -I../../vhdlpp/.. -I../../vhdlpp/../libmisc  -DHAVE_CONFIG_H -Wall -Wextra -Wshadow   -g -O2 -MD -c ../../vhdlpp/std_funcs.cc -o std_funcs.o
mv std_funcs.d dep/std_funcs.d
g++ -I. -I.. -I../../vhdlpp -I../../vhdlpp/.. -I../../vhdlpp/../libmisc  -DHAVE_CONFIG_H -Wall -Wextra -Wshadow   -g -O2 -MD -c ../../vhdlpp/std_types.cc -o std_types.o
mv std_types.d dep/std_types.d
g++ -I. -I.. -I../../vhdlpp -I../../vhdlpp/.. -I../../vhdlpp/../libmisc  -DHAVE_CONFIG_H -Wall -Wextra -Wshadow   -g -O2 -MD -c ../../vhdlpp/expression.cc -o expression.o
mv expression.d dep/expression.d
g++ -I. -I.. -I../../vhdlpp -I../../vhdlpp/.. -I../../vhdlpp/../libmisc  -DHAVE_CONFIG_H -Wall -Wextra -Wshadow   -g -O2 -MD -c ../../vhdlpp/package.cc -o package.o
mv package.d dep/package.d
g++ -I. -I.. -I../../vhdlpp -I../../vhdlpp/.. -I../../vhdlpp/../libmisc  -DHAVE_CONFIG_H -Wall -Wextra -Wshadow   -g -O2 -MD -c ../../vhdlpp/scope.cc -o scope.o
mv scope.d dep/scope.d
g++ -I. -I.. -I../../vhdlpp -I../../vhdlpp/.. -I../../vhdlpp/../libmisc  -DHAVE_CONFIG_H -Wall -Wextra -Wshadow   -g -O2 -MD -c ../../vhdlpp/sequential.cc -o sequential.o
mv sequential.d dep/sequential.d
g++ -I. -I.. -I../../vhdlpp -I../../vhdlpp/.. -I../../vhdlpp/../libmisc  -DHAVE_CONFIG_H -Wall -Wextra -Wshadow   -g -O2 -MD -c ../../vhdlpp/subprogram.cc -o subprogram.o
mv subprogram.d dep/subprogram.d
g++ -I. -I.. -I../../vhdlpp -I../../vhdlpp/.. -I../../vhdlpp/../libmisc  -DHAVE_CONFIG_H -Wall -Wextra -Wshadow   -g -O2 -MD -c ../../vhdlpp/vsignal.cc -o vsignal.o
mv vsignal.d dep/vsignal.d
g++ -I. -I.. -I../../vhdlpp -I../../vhdlpp/.. -I../../vhdlpp/../libmisc  -DHAVE_CONFIG_H -Wall -Wextra -Wshadow   -g -O2 -MD -c ../../vhdlpp/vtype.cc -o vtype.o
mv vtype.d dep/vtype.d
g++ -I. -I.. -I../../vhdlpp -I../../vhdlpp/.. -I../../vhdlpp/../libmisc  -DHAVE_CONFIG_H -Wall -Wextra -Wshadow   -g -O2 -MD -c ../../vhdlpp/vtype_match.cc -o vtype_match.o
mv vtype_match.d dep/vtype_match.d
g++ -I. -I.. -I../../vhdlpp -I../../vhdlpp/.. -I../../vhdlpp/../libmisc  -DHAVE_CONFIG_H -Wall -Wextra -Wshadow   -g -O2 -MD -c ../../vhdlpp/architec_elaborate.cc -o architec_elaborate.o
mv architec_elaborate.d dep/architec_elaborate.d
g++ -I. -I.. -I../../vhdlpp -I../../vhdlpp/.. -I../../vhdlpp/../libmisc  -DHAVE_CONFIG_H -Wall -Wextra -Wshadow   -g -O2 -MD -c ../../vhdlpp/entity_elaborate.cc -o entity_elaborate.o
mv entity_elaborate.d dep/entity_elaborate.d
g++ -I. -I.. -I../../vhdlpp -I../../vhdlpp/.. -I../../vhdlpp/../libmisc  -DHAVE_CONFIG_H -Wall -Wextra -Wshadow   -g -O2 -MD -c ../../vhdlpp/expression_elaborate.cc -o expression_elaborate.o
mv expression_elaborate.d dep/expression_elaborate.d
g++ -I. -I.. -I../../vhdlpp -I../../vhdlpp/.. -I../../vhdlpp/../libmisc  -DHAVE_CONFIG_H -Wall -Wextra -Wshadow   -g -O2 -MD -c ../../vhdlpp/expression_evaluate.cc -o expression_evaluate.o
mv expression_evaluate.d dep/expression_evaluate.d
g++ -I. -I.. -I../../vhdlpp -I../../vhdlpp/.. -I../../vhdlpp/../libmisc  -DHAVE_CONFIG_H -Wall -Wextra -Wshadow   -g -O2 -MD -c ../../vhdlpp/sequential_elaborate.cc -o sequential_elaborate.o
mv sequential_elaborate.d dep/sequential_elaborate.d
g++ -I. -I.. -I../../vhdlpp -I../../vhdlpp/.. -I../../vhdlpp/../libmisc  -DHAVE_CONFIG_H -Wall -Wextra -Wshadow   -g -O2 -MD -c ../../vhdlpp/vtype_elaborate.cc -o vtype_elaborate.o
mv vtype_elaborate.d dep/vtype_elaborate.d
g++ -I. -I.. -I../../vhdlpp -I../../vhdlpp/.. -I../../vhdlpp/../libmisc  -DHAVE_CONFIG_H -Wall -Wextra -Wshadow   -g -O2 -MD -c ../../vhdlpp/entity_stream.cc -o entity_stream.o
mv entity_stream.d dep/entity_stream.d
g++ -I. -I.. -I../../vhdlpp -I../../vhdlpp/.. -I../../vhdlpp/../libmisc  -DHAVE_CONFIG_H -Wall -Wextra -Wshadow   -g -O2 -MD -c ../../vhdlpp/expression_stream.cc -o expression_stream.o
mv expression_stream.d dep/expression_stream.d
g++ -I. -I.. -I../../vhdlpp -I../../vhdlpp/.. -I../../vhdlpp/../libmisc  -DHAVE_CONFIG_H -Wall -Wextra -Wshadow   -g -O2 -MD -c ../../vhdlpp/vtype_stream.cc -o vtype_stream.o
mv vtype_stream.d dep/vtype_stream.d
flex -s -olexor.cc ../../vhdlpp/lexor.lex
bison --verbose -t --defines=parse.h -o parse.cc ../../vhdlpp/parse.y
g++ -I. -I.. -I../../vhdlpp -I../../vhdlpp/.. -I../../vhdlpp/../libmisc  -DHAVE_CONFIG_H -Wall -Wextra -Wshadow   -g -O2 -MD -c lexor.cc -o lexor.o
lexor.cc: In function 'void yy_fatal_error(const char*, yyscan_t)':
lexor.cc:1906:58: warning: unused parameter 'yyscanner' [-Wunused-parameter]
 static void yy_fatal_error (yyconst char* msg , yyscan_t yyscanner)
                                                 ~~~~~~~~~^~~~~~~~~
lexor.cc: In function 'void* yyalloc(yy_size_t, yyscan_t)':
lexor.cc:2226:43: warning: unused parameter 'yyscanner' [-Wunused-parameter]
 void *yyalloc (yy_size_t  size , yyscan_t yyscanner)
                                  ~~~~~~~~~^~~~~~~~~
lexor.cc: In function 'void* yyrealloc(void*, yy_size_t, yyscan_t)':
lexor.cc:2231:58: warning: unused parameter 'yyscanner' [-Wunused-parameter]
 void *yyrealloc  (void * ptr, yy_size_t  size , yyscan_t yyscanner)
                                                 ~~~~~~~~~^~~~~~~~~
lexor.cc: In function 'void yyfree(void*, yyscan_t)':
lexor.cc:2243:36: warning: unused parameter 'yyscanner' [-Wunused-parameter]
 void yyfree (void * ptr , yyscan_t yyscanner)
                           ~~~~~~~~~^~~~~~~~~
mv lexor.d dep/lexor.d
g++ -I. -I.. -I../../vhdlpp -I../../vhdlpp/.. -I../../vhdlpp/../libmisc  -DHAVE_CONFIG_H -Wall -Wextra -Wshadow   -g -O2 -MD -c ../../vhdlpp/lexor_keyword.cc -o lexor_keyword.o
mv lexor_keyword.d dep/lexor_keyword.d
g++ -I. -I.. -I../../vhdlpp -I../../vhdlpp/.. -I../../vhdlpp/../libmisc  -DHAVE_CONFIG_H -Wall -Wextra -Wshadow   -g -O2 -MD -c parse.cc -o parse.o
mv parse.d dep/parse.d
g++ -I. -I.. -I../../vhdlpp -I../../vhdlpp/.. -I../../vhdlpp/../libmisc  -DHAVE_CONFIG_H -Wall -Wextra -Wshadow   -g -O2 -MD -c ../../vhdlpp/parse_misc.cc -o parse_misc.o
mv parse_misc.d dep/parse_misc.d
g++ -I. -I.. -I../../vhdlpp -I../../vhdlpp/.. -I../../vhdlpp/../libmisc  -DHAVE_CONFIG_H -Wall -Wextra -Wshadow   -g -O2 -MD -c ../../vhdlpp/library.cc -o library.o
mv library.d dep/library.d
g++ -I. -I.. -I../../vhdlpp -I../../vhdlpp/.. -I../../vhdlpp/../libmisc  -DHAVE_CONFIG_H -Wall -Wextra -Wshadow   -g -O2 -MD -c ../../vhdlpp/vhdlreal.cc -o vhdlreal.o
mv vhdlreal.d dep/vhdlreal.d
g++ -I. -I.. -I../../vhdlpp -I../../vhdlpp/.. -I../../vhdlpp/../libmisc  -DHAVE_CONFIG_H -Wall -Wextra -Wshadow   -g -O2 -MD -c ../../vhdlpp/vhdlint.cc -o vhdlint.o
mv vhdlint.d dep/vhdlint.d
g++ -I. -I.. -I../../vhdlpp -I../../vhdlpp/.. -I../../vhdlpp/../libmisc  -DHAVE_CONFIG_H -Wall -Wextra -Wshadow   -g -O2 -MD -c ../../vhdlpp/architec_emit.cc -o architec_emit.o
mv architec_emit.d dep/architec_emit.d
g++ -I. -I.. -I../../vhdlpp -I../../vhdlpp/.. -I../../vhdlpp/../libmisc  -DHAVE_CONFIG_H -Wall -Wextra -Wshadow   -g -O2 -MD -c ../../vhdlpp/entity_emit.cc -o entity_emit.o
mv entity_emit.d dep/entity_emit.d
g++ -I. -I.. -I../../vhdlpp -I../../vhdlpp/.. -I../../vhdlpp/../libmisc  -DHAVE_CONFIG_H -Wall -Wextra -Wshadow   -g -O2 -MD -c ../../vhdlpp/expression_emit.cc -o expression_emit.o
mv expression_emit.d dep/expression_emit.d
g++ -I. -I.. -I../../vhdlpp -I../../vhdlpp/.. -I../../vhdlpp/../libmisc  -DHAVE_CONFIG_H -Wall -Wextra -Wshadow   -g -O2 -MD -c ../../vhdlpp/package_emit.cc -o package_emit.o
mv package_emit.d dep/package_emit.d
g++ -I. -I.. -I../../vhdlpp -I../../vhdlpp/.. -I../../vhdlpp/../libmisc  -DHAVE_CONFIG_H -Wall -Wextra -Wshadow   -g -O2 -MD -c ../../vhdlpp/sequential_emit.cc -o sequential_emit.o
mv sequential_emit.d dep/sequential_emit.d
g++ -I. -I.. -I../../vhdlpp -I../../vhdlpp/.. -I../../vhdlpp/../libmisc  -DHAVE_CONFIG_H -Wall -Wextra -Wshadow   -g -O2 -MD -c ../../vhdlpp/subprogram_emit.cc -o subprogram_emit.o
mv subprogram_emit.d dep/subprogram_emit.d
g++ -I. -I.. -I../../vhdlpp -I../../vhdlpp/.. -I../../vhdlpp/../libmisc  -DHAVE_CONFIG_H -Wall -Wextra -Wshadow   -g -O2 -MD -c ../../vhdlpp/vtype_emit.cc -o vtype_emit.o
mv vtype_emit.d dep/vtype_emit.d
g++ -I. -I.. -I../../vhdlpp -I../../vhdlpp/.. -I../../vhdlpp/../libmisc  -DHAVE_CONFIG_H -Wall -Wextra -Wshadow   -g -O2 -MD -c ../../vhdlpp/debug.cc -o debug.o
mv debug.d dep/debug.d
g++ -I. -I.. -I../../vhdlpp -I../../vhdlpp/.. -I../../vhdlpp/../libmisc  -DHAVE_CONFIG_H -Wall -Wextra -Wshadow   -g -O2 -MD -c ../../vhdlpp/architec_debug.cc -o architec_debug.o
mv architec_debug.d dep/architec_debug.d
g++ -I. -I.. -I../../vhdlpp -I../../vhdlpp/.. -I../../vhdlpp/../libmisc  -DHAVE_CONFIG_H -Wall -Wextra -Wshadow   -g -O2 -MD -c ../../vhdlpp/expression_debug.cc -o expression_debug.o
mv expression_debug.d dep/expression_debug.d
g++ -I. -I.. -I../../vhdlpp -I../../vhdlpp/.. -I../../vhdlpp/../libmisc  -DHAVE_CONFIG_H -Wall -Wextra -Wshadow   -g -O2 -MD -c ../../vhdlpp/sequential_debug.cc -o sequential_debug.o
mv sequential_debug.d dep/sequential_debug.d
g++ -I. -I.. -I../../vhdlpp -I../../vhdlpp/.. -I../../vhdlpp/../libmisc  -DHAVE_CONFIG_H -Wall -Wextra -Wshadow   -g -O2 -MD -c ../../vhdlpp/../libmisc/StringHeap.cc -o StringHeap.o
mv StringHeap.d dep/StringHeap.d
g++ -I. -I.. -I../../vhdlpp -I../../vhdlpp/.. -I../../vhdlpp/../libmisc  -DHAVE_CONFIG_H -Wall -Wextra -Wshadow   -g -O2 -MD -c ../../vhdlpp/../libmisc/LineInfo.cc -o LineInfo.o
mv LineInfo.d dep/LineInfo.d
g++ -o vhdlpp -pthread -lm -mmacosx-version-min=10.9 main.o architec.o compiler.o entity.o std_funcs.o std_types.o expression.o package.o scope.o sequential.o subprogram.o vsignal.o vtype.o vtype_match.o architec_elaborate.o entity_elaborate.o expression_elaborate.o expression_evaluate.o sequential_elaborate.o vtype_elaborate.o entity_stream.o expression_stream.o vtype_stream.o lexor.o lexor_keyword.o parse.o parse_misc.o library.o vhdlreal.o vhdlint.o architec_emit.o entity_emit.o expression_emit.o package_emit.o sequential_emit.o subprogram_emit.o vtype_emit.o debug.o architec_debug.o expression_debug.o sequential_debug.o StringHeap.o LineInfo.o -lbz2 -lz -lpthread -lreadline -ltermcap  
make[1]: Leaving directory '/Users/bill/version1/utdtools/utd.tools/src/pgms/verilog-11.0/verilog-11.0/build/vhdlpp'
make[1]: Entering directory '/Users/bill/version1/utdtools/utd.tools/src/pgms/verilog-11.0/verilog-11.0/build/vvp'
mkdir dep
g++ -I. -I.. -I../../vvp -I../../vvp/..  -DHAVE_CONFIG_H -DICARUS_VPI_CONST=const -DIVL_SUFFIX='""' -DMODULE_DIR1='"/Users/bill/version1/utdtools/utd.tools/v1.0.0/lib/ivl"'  -Wall -Wextra -Wshadow   -g -O2 -MD -c ../../vvp/main.cc -o main.o
mv main.d dep/main.d
bison --verbose -t --defines=parse.h -o parse.cc ../../vvp/parse.y
g++ -I. -I.. -I../../vvp -I../../vvp/..  -DHAVE_CONFIG_H -DICARUS_VPI_CONST=const -DIVL_SUFFIX='""' -DMODULE_DIR1='"/Users/bill/version1/utdtools/utd.tools/v1.0.0/lib/ivl"'  -Wall -Wextra -Wshadow   -g -O2 -MD -c parse.cc -o parse.o
mv parse.d dep/parse.d
g++ -I. -I.. -I../../vvp -I../../vvp/..  -DHAVE_CONFIG_H -DICARUS_VPI_CONST=const -DIVL_SUFFIX='""' -DMODULE_DIR1='"/Users/bill/version1/utdtools/utd.tools/v1.0.0/lib/ivl"'  -Wall -Wextra -Wshadow   -g -O2 -MD -c ../../vvp/parse_misc.cc -o parse_misc.o
mv parse_misc.d dep/parse_misc.d
flex -s -olexor.cc ../../vvp/lexor.lex
g++ -I. -I.. -I../../vvp -I../../vvp/..  -DHAVE_CONFIG_H -DICARUS_VPI_CONST=const -DIVL_SUFFIX='""' -DMODULE_DIR1='"/Users/bill/version1/utdtools/utd.tools/v1.0.0/lib/ivl"'  -Wall -Wextra -Wshadow   -g -O2 -MD -c lexor.cc -o lexor.o
mv lexor.d dep/lexor.d
g++ -I. -I.. -I../../vvp -I../../vvp/..  -DHAVE_CONFIG_H -DICARUS_VPI_CONST=const -DIVL_SUFFIX='""' -DMODULE_DIR1='"/Users/bill/version1/utdtools/utd.tools/v1.0.0/lib/ivl"'  -Wall -Wextra -Wshadow   -g -O2 -MD -c ../../vvp/arith.cc -o arith.o
mv arith.d dep/arith.d
g++ -I. -I.. -I../../vvp -I../../vvp/..  -DHAVE_CONFIG_H -DICARUS_VPI_CONST=const -DIVL_SUFFIX='""' -DMODULE_DIR1='"/Users/bill/version1/utdtools/utd.tools/v1.0.0/lib/ivl"'  -Wall -Wextra -Wshadow   -g -O2 -MD -c ../../vvp/array_common.cc -o array_common.o
mv array_common.d dep/array_common.d
g++ -I. -I.. -I../../vvp -I../../vvp/..  -DHAVE_CONFIG_H -DICARUS_VPI_CONST=const -DIVL_SUFFIX='""' -DMODULE_DIR1='"/Users/bill/version1/utdtools/utd.tools/v1.0.0/lib/ivl"'  -Wall -Wextra -Wshadow   -g -O2 -MD -c ../../vvp/array.cc -o array.o
mv array.d dep/array.d
g++ -I. -I.. -I../../vvp -I../../vvp/..  -DHAVE_CONFIG_H -DICARUS_VPI_CONST=const -DIVL_SUFFIX='""' -DMODULE_DIR1='"/Users/bill/version1/utdtools/utd.tools/v1.0.0/lib/ivl"'  -Wall -Wextra -Wshadow   -g -O2 -MD -c ../../vvp/bufif.cc -o bufif.o
mv bufif.d dep/bufif.d
g++ -I. -I.. -I../../vvp -I../../vvp/..  -DHAVE_CONFIG_H -DICARUS_VPI_CONST=const -DIVL_SUFFIX='""' -DMODULE_DIR1='"/Users/bill/version1/utdtools/utd.tools/v1.0.0/lib/ivl"'  -Wall -Wextra -Wshadow   -g -O2 -MD -c ../../vvp/compile.cc -o compile.o
mv compile.d dep/compile.d
g++ -I. -I.. -I../../vvp -I../../vvp/..  -DHAVE_CONFIG_H -DICARUS_VPI_CONST=const -DIVL_SUFFIX='""' -DMODULE_DIR1='"/Users/bill/version1/utdtools/utd.tools/v1.0.0/lib/ivl"'  -Wall -Wextra -Wshadow   -g -O2 -MD -c ../../vvp/concat.cc -o concat.o
mv concat.d dep/concat.d
g++ -I. -I.. -I../../vvp -I../../vvp/..  -DHAVE_CONFIG_H -DICARUS_VPI_CONST=const -DIVL_SUFFIX='""' -DMODULE_DIR1='"/Users/bill/version1/utdtools/utd.tools/v1.0.0/lib/ivl"'  -Wall -Wextra -Wshadow   -g -O2 -MD -c ../../vvp/dff.cc -o dff.o
mv dff.d dep/dff.d
g++ -I. -I.. -I../../vvp -I../../vvp/..  -DHAVE_CONFIG_H -DICARUS_VPI_CONST=const -DIVL_SUFFIX='""' -DMODULE_DIR1='"/Users/bill/version1/utdtools/utd.tools/v1.0.0/lib/ivl"'  -Wall -Wextra -Wshadow   -g -O2 -MD -c ../../vvp/class_type.cc -o class_type.o
mv class_type.d dep/class_type.d
g++ -I. -I.. -I../../vvp -I../../vvp/..  -DHAVE_CONFIG_H -DICARUS_VPI_CONST=const -DIVL_SUFFIX='""' -DMODULE_DIR1='"/Users/bill/version1/utdtools/utd.tools/v1.0.0/lib/ivl"'  -Wall -Wextra -Wshadow   -g -O2 -MD -c ../../vvp/enum_type.cc -o enum_type.o
mv enum_type.d dep/enum_type.d
g++ -I. -I.. -I../../vvp -I../../vvp/..  -DHAVE_CONFIG_H -DICARUS_VPI_CONST=const -DIVL_SUFFIX='""' -DMODULE_DIR1='"/Users/bill/version1/utdtools/utd.tools/v1.0.0/lib/ivl"'  -Wall -Wextra -Wshadow   -g -O2 -MD -c ../../vvp/extend.cc -o extend.o
mv extend.d dep/extend.d
g++ -I. -I.. -I../../vvp -I../../vvp/..  -DHAVE_CONFIG_H -DICARUS_VPI_CONST=const -DIVL_SUFFIX='""' -DMODULE_DIR1='"/Users/bill/version1/utdtools/utd.tools/v1.0.0/lib/ivl"'  -Wall -Wextra -Wshadow   -g -O2 -MD -c ../../vvp/file_line.cc -o file_line.o
mv file_line.d dep/file_line.d
g++ -I. -I.. -I../../vvp -I../../vvp/..  -DHAVE_CONFIG_H -DICARUS_VPI_CONST=const -DIVL_SUFFIX='""' -DMODULE_DIR1='"/Users/bill/version1/utdtools/utd.tools/v1.0.0/lib/ivl"'  -Wall -Wextra -Wshadow   -g -O2 -MD -c ../../vvp/latch.cc -o latch.o
mv latch.d dep/latch.d
g++ -I. -I.. -I../../vvp -I../../vvp/..  -DHAVE_CONFIG_H -DICARUS_VPI_CONST=const -DIVL_SUFFIX='""' -DMODULE_DIR1='"/Users/bill/version1/utdtools/utd.tools/v1.0.0/lib/ivl"'  -Wall -Wextra -Wshadow   -g -O2 -MD -c ../../vvp/npmos.cc -o npmos.o
mv npmos.d dep/npmos.d
g++ -I. -I.. -I../../vvp -I../../vvp/..  -DHAVE_CONFIG_H -DICARUS_VPI_CONST=const -DIVL_SUFFIX='""' -DMODULE_DIR1='"/Users/bill/version1/utdtools/utd.tools/v1.0.0/lib/ivl"'  -Wall -Wextra -Wshadow   -g -O2 -MD -c ../../vvp/part.cc -o part.o
mv part.d dep/part.d
g++ -I. -I.. -I../../vvp -I../../vvp/..  -DHAVE_CONFIG_H -DICARUS_VPI_CONST=const -DIVL_SUFFIX='""' -DMODULE_DIR1='"/Users/bill/version1/utdtools/utd.tools/v1.0.0/lib/ivl"'  -Wall -Wextra -Wshadow   -g -O2 -MD -c ../../vvp/permaheap.cc -o permaheap.o
mv permaheap.d dep/permaheap.d
g++ -I. -I.. -I../../vvp -I../../vvp/..  -DHAVE_CONFIG_H -DICARUS_VPI_CONST=const -DIVL_SUFFIX='""' -DMODULE_DIR1='"/Users/bill/version1/utdtools/utd.tools/v1.0.0/lib/ivl"'  -Wall -Wextra -Wshadow   -g -O2 -MD -c ../../vvp/reduce.cc -o reduce.o
mv reduce.d dep/reduce.d
g++ -I. -I.. -I../../vvp -I../../vvp/..  -DHAVE_CONFIG_H -DICARUS_VPI_CONST=const -DIVL_SUFFIX='""' -DMODULE_DIR1='"/Users/bill/version1/utdtools/utd.tools/v1.0.0/lib/ivl"'  -Wall -Wextra -Wshadow   -g -O2 -MD -c ../../vvp/resolv.cc -o resolv.o
mv resolv.d dep/resolv.d
g++ -I. -I.. -I../../vvp -I../../vvp/..  -DHAVE_CONFIG_H -DICARUS_VPI_CONST=const -DIVL_SUFFIX='""' -DMODULE_DIR1='"/Users/bill/version1/utdtools/utd.tools/v1.0.0/lib/ivl"'  -Wall -Wextra -Wshadow   -g -O2 -MD -c ../../vvp/sfunc.cc -o sfunc.o
mv sfunc.d dep/sfunc.d
g++ -I. -I.. -I../../vvp -I../../vvp/..  -DHAVE_CONFIG_H -DICARUS_VPI_CONST=const -DIVL_SUFFIX='""' -DMODULE_DIR1='"/Users/bill/version1/utdtools/utd.tools/v1.0.0/lib/ivl"'  -Wall -Wextra -Wshadow   -g -O2 -MD -c ../../vvp/stop.cc -o stop.o
mv stop.d dep/stop.d
g++ -I. -I.. -I../../vvp -I../../vvp/..  -DHAVE_CONFIG_H -DICARUS_VPI_CONST=const -DIVL_SUFFIX='""' -DMODULE_DIR1='"/Users/bill/version1/utdtools/utd.tools/v1.0.0/lib/ivl"'  -Wall -Wextra -Wshadow   -g -O2 -MD -c ../../vvp/substitute.cc -o substitute.o
mv substitute.d dep/substitute.d
g++ -I. -I.. -I../../vvp -I../../vvp/..  -DHAVE_CONFIG_H -DICARUS_VPI_CONST=const -DIVL_SUFFIX='""' -DMODULE_DIR1='"/Users/bill/version1/utdtools/utd.tools/v1.0.0/lib/ivl"'  -Wall -Wextra -Wshadow   -g -O2 -MD -c ../../vvp/symbols.cc -o symbols.o
mv symbols.d dep/symbols.d
g++ -I. -I.. -I../../vvp -I../../vvp/..  -DHAVE_CONFIG_H -DICARUS_VPI_CONST=const -DIVL_SUFFIX='""' -DMODULE_DIR1='"/Users/bill/version1/utdtools/utd.tools/v1.0.0/lib/ivl"'  -Wall -Wextra -Wshadow   -g -O2 -MD -c ../../vvp/ufunc.cc -o ufunc.o
mv ufunc.d dep/ufunc.d
g++ -I. -I.. -I../../vvp -I../../vvp/..  -DHAVE_CONFIG_H -DICARUS_VPI_CONST=const -DIVL_SUFFIX='""' -DMODULE_DIR1='"/Users/bill/version1/utdtools/utd.tools/v1.0.0/lib/ivl"'  -Wall -Wextra -Wshadow   -g -O2 -MD -c ../../vvp/codes.cc -o codes.o
mv codes.d dep/codes.d
g++ -I. -I.. -I../../vvp -I../../vvp/..  -DHAVE_CONFIG_H -DICARUS_VPI_CONST=const -DIVL_SUFFIX='""' -DMODULE_DIR1='"/Users/bill/version1/utdtools/utd.tools/v1.0.0/lib/ivl"'  -Wall -Wextra -Wshadow   -g -O2 -MD -c ../../vvp/vthread.cc -o vthread.o
mv vthread.d dep/vthread.d
g++ -I. -I.. -I../../vvp -I../../vvp/..  -DHAVE_CONFIG_H -DICARUS_VPI_CONST=const -DIVL_SUFFIX='""' -DMODULE_DIR1='"/Users/bill/version1/utdtools/utd.tools/v1.0.0/lib/ivl"'  -Wall -Wextra -Wshadow   -g -O2 -MD -c ../../vvp/schedule.cc -o schedule.o
mv schedule.d dep/schedule.d
g++ -I. -I.. -I../../vvp -I../../vvp/..  -DHAVE_CONFIG_H -DICARUS_VPI_CONST=const -DIVL_SUFFIX='""' -DMODULE_DIR1='"/Users/bill/version1/utdtools/utd.tools/v1.0.0/lib/ivl"'  -Wall -Wextra -Wshadow   -g -O2 -MD -c ../../vvp/statistics.cc -o statistics.o
mv statistics.d dep/statistics.d
cc -Wall -Wextra -Wshadow -Wstrict-prototypes  -g -O2 -o draw_tt ../../vvp/draw_tt.c
./draw_tt > tables.cc
rm draw_tt
g++ -I. -I.. -I../../vvp -I../../vvp/..  -DHAVE_CONFIG_H -DICARUS_VPI_CONST=const -DIVL_SUFFIX='""' -DMODULE_DIR1='"/Users/bill/version1/utdtools/utd.tools/v1.0.0/lib/ivl"'  -Wall -Wextra -Wshadow   -g -O2 -MD -c tables.cc -o tables.o
mv tables.d dep/tables.d
g++ -I. -I.. -I../../vvp -I../../vvp/..  -DHAVE_CONFIG_H -DICARUS_VPI_CONST=const -DIVL_SUFFIX='""' -DMODULE_DIR1='"/Users/bill/version1/utdtools/utd.tools/v1.0.0/lib/ivl"'  -Wall -Wextra -Wshadow   -g -O2 -MD -c ../../vvp/udp.cc -o udp.o
mv udp.d dep/udp.d
g++ -I. -I.. -I../../vvp -I../../vvp/..  -DHAVE_CONFIG_H -DICARUS_VPI_CONST=const -DIVL_SUFFIX='""' -DMODULE_DIR1='"/Users/bill/version1/utdtools/utd.tools/v1.0.0/lib/ivl"'  -Wall -Wextra -Wshadow   -g -O2 -MD -c ../../vvp/vvp_island.cc -o vvp_island.o
mv vvp_island.d dep/vvp_island.d
g++ -I. -I.. -I../../vvp -I../../vvp/..  -DHAVE_CONFIG_H -DICARUS_VPI_CONST=const -DIVL_SUFFIX='""' -DMODULE_DIR1='"/Users/bill/version1/utdtools/utd.tools/v1.0.0/lib/ivl"'  -Wall -Wextra -Wshadow   -g -O2 -MD -c ../../vvp/vvp_net.cc -o vvp_net.o
mv vvp_net.d dep/vvp_net.d
g++ -I. -I.. -I../../vvp -I../../vvp/..  -DHAVE_CONFIG_H -DICARUS_VPI_CONST=const -DIVL_SUFFIX='""' -DMODULE_DIR1='"/Users/bill/version1/utdtools/utd.tools/v1.0.0/lib/ivl"'  -Wall -Wextra -Wshadow   -g -O2 -MD -c ../../vvp/vvp_net_sig.cc -o vvp_net_sig.o
mv vvp_net_sig.d dep/vvp_net_sig.d
g++ -I. -I.. -I../../vvp -I../../vvp/..  -DHAVE_CONFIG_H -DICARUS_VPI_CONST=const -DIVL_SUFFIX='""' -DMODULE_DIR1='"/Users/bill/version1/utdtools/utd.tools/v1.0.0/lib/ivl"'  -Wall -Wextra -Wshadow   -g -O2 -MD -c ../../vvp/vvp_object.cc -o vvp_object.o
mv vvp_object.d dep/vvp_object.d
g++ -I. -I.. -I../../vvp -I../../vvp/..  -DHAVE_CONFIG_H -DICARUS_VPI_CONST=const -DIVL_SUFFIX='""' -DMODULE_DIR1='"/Users/bill/version1/utdtools/utd.tools/v1.0.0/lib/ivl"'  -Wall -Wextra -Wshadow   -g -O2 -MD -c ../../vvp/vvp_cobject.cc -o vvp_cobject.o
mv vvp_cobject.d dep/vvp_cobject.d
g++ -I. -I.. -I../../vvp -I../../vvp/..  -DHAVE_CONFIG_H -DICARUS_VPI_CONST=const -DIVL_SUFFIX='""' -DMODULE_DIR1='"/Users/bill/version1/utdtools/utd.tools/v1.0.0/lib/ivl"'  -Wall -Wextra -Wshadow   -g -O2 -MD -c ../../vvp/vvp_darray.cc -o vvp_darray.o
mv vvp_darray.d dep/vvp_darray.d
g++ -I. -I.. -I../../vvp -I../../vvp/..  -DHAVE_CONFIG_H -DICARUS_VPI_CONST=const -DIVL_SUFFIX='""' -DMODULE_DIR1='"/Users/bill/version1/utdtools/utd.tools/v1.0.0/lib/ivl"'  -Wall -Wextra -Wshadow   -g -O2 -MD -c ../../vvp/event.cc -o event.o
mv event.d dep/event.d
g++ -I. -I.. -I../../vvp -I../../vvp/..  -DHAVE_CONFIG_H -DICARUS_VPI_CONST=const -DIVL_SUFFIX='""' -DMODULE_DIR1='"/Users/bill/version1/utdtools/utd.tools/v1.0.0/lib/ivl"'  -Wall -Wextra -Wshadow   -g -O2 -MD -c ../../vvp/logic.cc -o logic.o
mv logic.d dep/logic.d
g++ -I. -I.. -I../../vvp -I../../vvp/..  -DHAVE_CONFIG_H -DICARUS_VPI_CONST=const -DIVL_SUFFIX='""' -DMODULE_DIR1='"/Users/bill/version1/utdtools/utd.tools/v1.0.0/lib/ivl"'  -Wall -Wextra -Wshadow   -g -O2 -MD -c ../../vvp/delay.cc -o delay.o
mv delay.d dep/delay.d
g++ -I. -I.. -I../../vvp -I../../vvp/..  -DHAVE_CONFIG_H -DICARUS_VPI_CONST=const -DIVL_SUFFIX='""' -DMODULE_DIR1='"/Users/bill/version1/utdtools/utd.tools/v1.0.0/lib/ivl"'  -Wall -Wextra -Wshadow   -g -O2 -MD -c ../../vvp/words.cc -o words.o
mv words.d dep/words.d
g++ -I. -I.. -I../../vvp -I../../vvp/..  -DHAVE_CONFIG_H -DICARUS_VPI_CONST=const -DIVL_SUFFIX='""' -DMODULE_DIR1='"/Users/bill/version1/utdtools/utd.tools/v1.0.0/lib/ivl"'  -Wall -Wextra -Wshadow   -g -O2 -MD -c ../../vvp/island_tran.cc -o island_tran.o
mv island_tran.d dep/island_tran.d
g++ -I. -I.. -I../../vvp -I../../vvp/..  -DHAVE_CONFIG_H -DICARUS_VPI_CONST=const -DIVL_SUFFIX='""' -DMODULE_DIR1='"/Users/bill/version1/utdtools/utd.tools/v1.0.0/lib/ivl"'  -Wall -Wextra -Wshadow   -g -O2 -MD -c ../../vvp/vpi_modules.cc -o vpi_modules.o
mv vpi_modules.d dep/vpi_modules.d
g++ -I. -I.. -I../../vvp -I../../vvp/..  -DHAVE_CONFIG_H -DICARUS_VPI_CONST=const -DIVL_SUFFIX='""' -DMODULE_DIR1='"/Users/bill/version1/utdtools/utd.tools/v1.0.0/lib/ivl"'  -Wall -Wextra -Wshadow   -g -O2 -MD -c ../../vvp/vpi_bit.cc -o vpi_bit.o
mv vpi_bit.d dep/vpi_bit.d
g++ -I. -I.. -I../../vvp -I../../vvp/..  -DHAVE_CONFIG_H -DICARUS_VPI_CONST=const -DIVL_SUFFIX='""' -DMODULE_DIR1='"/Users/bill/version1/utdtools/utd.tools/v1.0.0/lib/ivl"'  -Wall -Wextra -Wshadow   -g -O2 -MD -c ../../vvp/vpi_callback.cc -o vpi_callback.o
mv vpi_callback.d dep/vpi_callback.d
g++ -I. -I.. -I../../vvp -I../../vvp/..  -DHAVE_CONFIG_H -DICARUS_VPI_CONST=const -DIVL_SUFFIX='""' -DMODULE_DIR1='"/Users/bill/version1/utdtools/utd.tools/v1.0.0/lib/ivl"'  -Wall -Wextra -Wshadow   -g -O2 -MD -c ../../vvp/vpi_cobject.cc -o vpi_cobject.o
mv vpi_cobject.d dep/vpi_cobject.d
g++ -I. -I.. -I../../vvp -I../../vvp/..  -DHAVE_CONFIG_H -DICARUS_VPI_CONST=const -DIVL_SUFFIX='""' -DMODULE_DIR1='"/Users/bill/version1/utdtools/utd.tools/v1.0.0/lib/ivl"'  -Wall -Wextra -Wshadow   -g -O2 -MD -c ../../vvp/vpi_const.cc -o vpi_const.o
mv vpi_const.d dep/vpi_const.d
g++ -I. -I.. -I../../vvp -I../../vvp/..  -DHAVE_CONFIG_H -DICARUS_VPI_CONST=const -DIVL_SUFFIX='""' -DMODULE_DIR1='"/Users/bill/version1/utdtools/utd.tools/v1.0.0/lib/ivl"'  -Wall -Wextra -Wshadow   -g -O2 -MD -c ../../vvp/vpi_darray.cc -o vpi_darray.o
mv vpi_darray.d dep/vpi_darray.d
g++ -I. -I.. -I../../vvp -I../../vvp/..  -DHAVE_CONFIG_H -DICARUS_VPI_CONST=const -DIVL_SUFFIX='""' -DMODULE_DIR1='"/Users/bill/version1/utdtools/utd.tools/v1.0.0/lib/ivl"'  -Wall -Wextra -Wshadow   -g -O2 -MD -c ../../vvp/vpi_event.cc -o vpi_event.o
mv vpi_event.d dep/vpi_event.d
g++ -I. -I.. -I../../vvp -I../../vvp/..  -DHAVE_CONFIG_H -DICARUS_VPI_CONST=const -DIVL_SUFFIX='""' -DMODULE_DIR1='"/Users/bill/version1/utdtools/utd.tools/v1.0.0/lib/ivl"'  -Wall -Wextra -Wshadow   -g -O2 -MD -c ../../vvp/vpi_iter.cc -o vpi_iter.o
mv vpi_iter.d dep/vpi_iter.d
g++ -I. -I.. -I../../vvp -I../../vvp/..  -DHAVE_CONFIG_H -DICARUS_VPI_CONST=const -DIVL_SUFFIX='""' -DMODULE_DIR1='"/Users/bill/version1/utdtools/utd.tools/v1.0.0/lib/ivl"'  -Wall -Wextra -Wshadow   -g -O2 -MD -c ../../vvp/vpi_mcd.cc -o vpi_mcd.o
mv vpi_mcd.d dep/vpi_mcd.d
g++ -I. -I.. -I../../vvp -I../../vvp/..  -DHAVE_CONFIG_H -DICARUS_VPI_CONST=const -DIVL_SUFFIX='""' -DMODULE_DIR1='"/Users/bill/version1/utdtools/utd.tools/v1.0.0/lib/ivl"'  -Wall -Wextra -Wshadow   -g -O2 -MD -c ../../vvp/vpi_priv.cc -o vpi_priv.o
mv vpi_priv.d dep/vpi_priv.d
g++ -I. -I.. -I../../vvp -I../../vvp/..  -DHAVE_CONFIG_H -DICARUS_VPI_CONST=const -DIVL_SUFFIX='""' -DMODULE_DIR1='"/Users/bill/version1/utdtools/utd.tools/v1.0.0/lib/ivl"'  -Wall -Wextra -Wshadow   -g -O2 -MD -c ../../vvp/vpi_scope.cc -o vpi_scope.o
mv vpi_scope.d dep/vpi_scope.d
g++ -I. -I.. -I../../vvp -I../../vvp/..  -DHAVE_CONFIG_H -DICARUS_VPI_CONST=const -DIVL_SUFFIX='""' -DMODULE_DIR1='"/Users/bill/version1/utdtools/utd.tools/v1.0.0/lib/ivl"'  -Wall -Wextra -Wshadow   -g -O2 -MD -c ../../vvp/vpi_real.cc -o vpi_real.o
mv vpi_real.d dep/vpi_real.d
g++ -I. -I.. -I../../vvp -I../../vvp/..  -DHAVE_CONFIG_H -DICARUS_VPI_CONST=const -DIVL_SUFFIX='""' -DMODULE_DIR1='"/Users/bill/version1/utdtools/utd.tools/v1.0.0/lib/ivl"'  -Wall -Wextra -Wshadow   -g -O2 -MD -c ../../vvp/vpi_signal.cc -o vpi_signal.o
mv vpi_signal.d dep/vpi_signal.d
g++ -I. -I.. -I../../vvp -I../../vvp/..  -DHAVE_CONFIG_H -DICARUS_VPI_CONST=const -DIVL_SUFFIX='""' -DMODULE_DIR1='"/Users/bill/version1/utdtools/utd.tools/v1.0.0/lib/ivl"'  -Wall -Wextra -Wshadow   -g -O2 -MD -c ../../vvp/vpi_string.cc -o vpi_string.o
mv vpi_string.d dep/vpi_string.d
g++ -I. -I.. -I../../vvp -I../../vvp/..  -DHAVE_CONFIG_H -DICARUS_VPI_CONST=const -DIVL_SUFFIX='""' -DMODULE_DIR1='"/Users/bill/version1/utdtools/utd.tools/v1.0.0/lib/ivl"'  -Wall -Wextra -Wshadow   -g -O2 -MD -c ../../vvp/vpi_tasks.cc -o vpi_tasks.o
mv vpi_tasks.d dep/vpi_tasks.d
g++ -I. -I.. -I../../vvp -I../../vvp/..  -DHAVE_CONFIG_H -DICARUS_VPI_CONST=const -DIVL_SUFFIX='""' -DMODULE_DIR1='"/Users/bill/version1/utdtools/utd.tools/v1.0.0/lib/ivl"'  -Wall -Wextra -Wshadow   -g -O2 -MD -c ../../vvp/vpi_time.cc -o vpi_time.o
mv vpi_time.d dep/vpi_time.d
g++ -I. -I.. -I../../vvp -I../../vvp/..  -DHAVE_CONFIG_H -DICARUS_VPI_CONST=const -DIVL_SUFFIX='""' -DMODULE_DIR1='"/Users/bill/version1/utdtools/utd.tools/v1.0.0/lib/ivl"'  -Wall -Wextra -Wshadow   -g -O2 -MD -c ../../vvp/vpi_vthr_vector.cc -o vpi_vthr_vector.o
mv vpi_vthr_vector.d dep/vpi_vthr_vector.d
g++ -I. -I.. -I../../vvp -I../../vvp/..  -DHAVE_CONFIG_H -DICARUS_VPI_CONST=const -DIVL_SUFFIX='""' -DMODULE_DIR1='"/Users/bill/version1/utdtools/utd.tools/v1.0.0/lib/ivl"'  -Wall -Wextra -Wshadow   -g -O2 -MD -c ../../vvp/vpip_bin.cc -o vpip_bin.o
mv vpip_bin.d dep/vpip_bin.d
g++ -I. -I.. -I../../vvp -I../../vvp/..  -DHAVE_CONFIG_H -DICARUS_VPI_CONST=const -DIVL_SUFFIX='""' -DMODULE_DIR1='"/Users/bill/version1/utdtools/utd.tools/v1.0.0/lib/ivl"'  -Wall -Wextra -Wshadow   -g -O2 -MD -c ../../vvp/vpip_hex.cc -o vpip_hex.o
mv vpip_hex.d dep/vpip_hex.d
g++ -I. -I.. -I../../vvp -I../../vvp/..  -DHAVE_CONFIG_H -DICARUS_VPI_CONST=const -DIVL_SUFFIX='""' -DMODULE_DIR1='"/Users/bill/version1/utdtools/utd.tools/v1.0.0/lib/ivl"'  -Wall -Wextra -Wshadow   -g -O2 -MD -c ../../vvp/vpip_oct.cc -o vpip_oct.o
mv vpip_oct.d dep/vpip_oct.d
g++ -I. -I.. -I../../vvp -I../../vvp/..  -DHAVE_CONFIG_H -DICARUS_VPI_CONST=const -DIVL_SUFFIX='""' -DMODULE_DIR1='"/Users/bill/version1/utdtools/utd.tools/v1.0.0/lib/ivl"'  -Wall -Wextra -Wshadow   -g -O2 -MD -c ../../vvp/vpip_to_dec.cc -o vpip_to_dec.o
mv vpip_to_dec.d dep/vpip_to_dec.d
g++ -I. -I.. -I../../vvp -I../../vvp/..  -DHAVE_CONFIG_H -DICARUS_VPI_CONST=const -DIVL_SUFFIX='""' -DMODULE_DIR1='"/Users/bill/version1/utdtools/utd.tools/v1.0.0/lib/ivl"'  -Wall -Wextra -Wshadow   -g -O2 -MD -c ../../vvp/vpip_format.cc -o vpip_format.o
mv vpip_format.d dep/vpip_format.d
g++ -I. -I.. -I../../vvp -I../../vvp/..  -DHAVE_CONFIG_H -DICARUS_VPI_CONST=const -DIVL_SUFFIX='""' -DMODULE_DIR1='"/Users/bill/version1/utdtools/utd.tools/v1.0.0/lib/ivl"'  -Wall -Wextra -Wshadow   -g -O2 -MD -c ../../vvp/vvp_vpi.cc -o vvp_vpi.o
mv vvp_vpi.d dep/vvp_vpi.d
g++ -Wl,-all_load  -pthread -lm -mmacosx-version-min=10.9 -o vvp main.o parse.o parse_misc.o lexor.o arith.o array_common.o array.o bufif.o compile.o concat.o dff.o class_type.o enum_type.o extend.o file_line.o latch.o npmos.o part.o permaheap.o reduce.o resolv.o sfunc.o stop.o substitute.o symbols.o ufunc.o codes.o vthread.o schedule.o statistics.o tables.o udp.o vvp_island.o vvp_net.o vvp_net_sig.o vvp_object.o vvp_cobject.o vvp_darray.o event.o logic.o delay.o words.o island_tran.o vpi_modules.o vpi_bit.o vpi_callback.o vpi_cobject.o vpi_const.o vpi_darray.o vpi_event.o vpi_iter.o vpi_mcd.o vpi_priv.o vpi_scope.o vpi_real.o vpi_signal.o vpi_string.o vpi_tasks.o vpi_time.o vpi_vthr_vector.o vpip_bin.o vpip_hex.o vpip_oct.o vpip_to_dec.o vpip_format.o vvp_vpi.o -lbz2 -lz -lpthread -lreadline -ltermcap   -ldl
../version.exe `head -1 ../../vvp/vvp.man.in`'\n' > vvp.man
tail -n +2 ../../vvp/vvp.man.in >> vvp.man
make[1]: Leaving directory '/Users/bill/version1/utdtools/utd.tools/src/pgms/verilog-11.0/verilog-11.0/build/vvp'
make[1]: Entering directory '/Users/bill/version1/utdtools/utd.tools/src/pgms/verilog-11.0/verilog-11.0/build/vpi'
mkdir dep
gcc -I. -I.. -I../../vpi -I../../vpi/..   -DHAVE_CONFIG_H -DICARUS_VPI_CONST=const -fPIC -Wall -Wextra -Wshadow -Wstrict-prototypes  -g -O2 -c ../../vpi/libvpi.c
rm -f libvpi.a
ar cqv libvpi.a libvpi.o
q - libvpi.o
ranlib libvpi.a
gcc -I. -I.. -I../../vpi -I../../vpi/..   -DHAVE_CONFIG_H -DICARUS_VPI_CONST=const -fPIC -Wall -Wextra -Wshadow -Wstrict-prototypes  -g -O2 -MD -c ../../vpi/sys_table.c -o sys_table.o
mv sys_table.d dep
gcc -I. -I.. -I../../vpi -I../../vpi/..   -DHAVE_CONFIG_H -DICARUS_VPI_CONST=const -fPIC -Wall -Wextra -Wshadow -Wstrict-prototypes  -g -O2 -MD -c ../../vpi/sys_convert.c -o sys_convert.o
mv sys_convert.d dep
gcc -I. -I.. -I../../vpi -I../../vpi/..   -DHAVE_CONFIG_H -DICARUS_VPI_CONST=const -fPIC -Wall -Wextra -Wshadow -Wstrict-prototypes  -g -O2 -MD -c ../../vpi/sys_countdrivers.c -o sys_countdrivers.o
mv sys_countdrivers.d dep
gcc -I. -I.. -I../../vpi -I../../vpi/..   -DHAVE_CONFIG_H -DICARUS_VPI_CONST=const -fPIC -Wall -Wextra -Wshadow -Wstrict-prototypes  -g -O2 -MD -c ../../vpi/sys_darray.c -o sys_darray.o
mv sys_darray.d dep
gcc -I. -I.. -I../../vpi -I../../vpi/..   -DHAVE_CONFIG_H -DICARUS_VPI_CONST=const -fPIC -Wall -Wextra -Wshadow -Wstrict-prototypes  -g -O2 -MD -c ../../vpi/sys_deposit.c -o sys_deposit.o
mv sys_deposit.d dep
gcc -I. -I.. -I../../vpi -I../../vpi/..   -DHAVE_CONFIG_H -DICARUS_VPI_CONST=const -fPIC -Wall -Wextra -Wshadow -Wstrict-prototypes  -g -O2 -MD -c ../../vpi/sys_display.c -o sys_display.o
mv sys_display.d dep
gcc -I. -I.. -I../../vpi -I../../vpi/..   -DHAVE_CONFIG_H -DICARUS_VPI_CONST=const -fPIC -Wall -Wextra -Wshadow -Wstrict-prototypes  -g -O2 -MD -c ../../vpi/sys_fileio.c -o sys_fileio.o
mv sys_fileio.d dep
gcc -I. -I.. -I../../vpi -I../../vpi/..   -DHAVE_CONFIG_H -DICARUS_VPI_CONST=const -fPIC -Wall -Wextra -Wshadow -Wstrict-prototypes  -g -O2 -MD -c ../../vpi/sys_finish.c -o sys_finish.o
mv sys_finish.d dep
gcc -I. -I.. -I../../vpi -I../../vpi/..   -DHAVE_CONFIG_H -DICARUS_VPI_CONST=const -fPIC -Wall -Wextra -Wshadow -Wstrict-prototypes  -g -O2 -MD -c ../../vpi/sys_icarus.c -o sys_icarus.o
mv sys_icarus.d dep
gcc -I. -I.. -I../../vpi -I../../vpi/..   -DHAVE_CONFIG_H -DICARUS_VPI_CONST=const -fPIC -Wall -Wextra -Wshadow -Wstrict-prototypes  -g -O2 -MD -c ../../vpi/sys_plusargs.c -o sys_plusargs.o
mv sys_plusargs.d dep
gcc -I. -I.. -I../../vpi -I../../vpi/..   -DHAVE_CONFIG_H -DICARUS_VPI_CONST=const -fPIC -Wall -Wextra -Wshadow -Wstrict-prototypes  -g -O2 -MD -c ../../vpi/sys_queue.c -o sys_queue.o
mv sys_queue.d dep
gcc -I. -I.. -I../../vpi -I../../vpi/..   -DHAVE_CONFIG_H -DICARUS_VPI_CONST=const -fPIC -Wall -Wextra -Wshadow -Wstrict-prototypes  -g -O2 -MD -c ../../vpi/sys_random.c -o sys_random.o
mv sys_random.d dep
gcc -I. -I.. -I../../vpi -I../../vpi/..   -DHAVE_CONFIG_H -DICARUS_VPI_CONST=const -fPIC -Wall -Wextra -Wshadow -Wstrict-prototypes  -g -O2 -MD -c ../../vpi/sys_random_mti.c -o sys_random_mti.o
mv sys_random_mti.d dep
gcc -I. -I.. -I../../vpi -I../../vpi/..   -DHAVE_CONFIG_H -DICARUS_VPI_CONST=const -fPIC -Wall -Wextra -Wshadow -Wstrict-prototypes  -g -O2 -MD -c ../../vpi/sys_readmem.c -o sys_readmem.o
mv sys_readmem.d dep
flex -t ../../vpi/sys_readmem_lex.lex > sys_readmem_lex.c
gcc -I. -I.. -I../../vpi -I../../vpi/..   -DHAVE_CONFIG_H -DICARUS_VPI_CONST=const -fPIC -Wall -Wextra -Wshadow -Wstrict-prototypes  -g -O2 -MD -c sys_readmem_lex.c -o sys_readmem_lex.o
mv sys_readmem_lex.d dep
gcc -I. -I.. -I../../vpi -I../../vpi/..   -DHAVE_CONFIG_H -DICARUS_VPI_CONST=const -fPIC -Wall -Wextra -Wshadow -Wstrict-prototypes  -g -O2 -MD -c ../../vpi/sys_scanf.c -o sys_scanf.o
mv sys_scanf.d dep
gcc -I. -I.. -I../../vpi -I../../vpi/..   -DHAVE_CONFIG_H -DICARUS_VPI_CONST=const -fPIC -Wall -Wextra -Wshadow -Wstrict-prototypes  -g -O2 -MD -c ../../vpi/sys_sdf.c -o sys_sdf.o
mv sys_sdf.d dep
gcc -I. -I.. -I../../vpi -I../../vpi/..   -DHAVE_CONFIG_H -DICARUS_VPI_CONST=const -fPIC -Wall -Wextra -Wshadow -Wstrict-prototypes  -g -O2 -MD -c ../../vpi/sys_time.c -o sys_time.o
mv sys_time.d dep
gcc -I. -I.. -I../../vpi -I../../vpi/..   -DHAVE_CONFIG_H -DICARUS_VPI_CONST=const -fPIC -Wall -Wextra -Wshadow -Wstrict-prototypes  -g -O2 -MD -c ../../vpi/sys_vcd.c -o sys_vcd.o
mv sys_vcd.d dep
gcc -I. -I.. -I../../vpi -I../../vpi/..   -DHAVE_CONFIG_H -DICARUS_VPI_CONST=const -fPIC -Wall -Wextra -Wshadow -Wstrict-prototypes  -g -O2 -MD -c ../../vpi/sys_vcdoff.c -o sys_vcdoff.o
mv sys_vcdoff.d dep
gcc -I. -I.. -I../../vpi -I../../vpi/..   -DHAVE_CONFIG_H -DICARUS_VPI_CONST=const -fPIC -Wall -Wextra -Wshadow -Wstrict-prototypes  -g -O2 -MD -c ../../vpi/vcd_priv.c -o vcd_priv.o
mv vcd_priv.d dep
gcc -I. -I.. -I../../vpi -I../../vpi/..   -DHAVE_CONFIG_H -DICARUS_VPI_CONST=const -fPIC -Wall -Wextra -Wshadow -Wstrict-prototypes  -g -O2 -MD -c ../../vpi/mt19937int.c -o mt19937int.o
mv mt19937int.d dep
gcc -I. -I.. -I../../vpi -I../../vpi/..   -DHAVE_CONFIG_H -DICARUS_VPI_CONST=const -fPIC -Wall -Wextra -Wshadow -Wstrict-prototypes  -g -O2 -MD -c ../../vpi/sys_priv.c -o sys_priv.o
mv sys_priv.d dep
bison --verbose -t -p sdf -d -o sdf_parse.c ../../vpi/sdf_parse.y
gcc -I. -I.. -I../../vpi -I../../vpi/..   -DHAVE_CONFIG_H -DICARUS_VPI_CONST=const -fPIC -Wall -Wextra -Wshadow -Wstrict-prototypes  -g -O2 -MD -c sdf_parse.c -o sdf_parse.o
mv sdf_parse.d dep
flex -t ../../vpi/sdf_lexor.lex > sdf_lexor.c
gcc -I. -I.. -I../../vpi -I../../vpi/..   -DHAVE_CONFIG_H -DICARUS_VPI_CONST=const -fPIC -Wall -Wextra -Wshadow -Wstrict-prototypes  -g -O2 -MD -c sdf_lexor.c -o sdf_lexor.o
mv sdf_lexor.d dep
gcc -I. -I.. -I../../vpi -I../../vpi/..   -DHAVE_CONFIG_H -DICARUS_VPI_CONST=const -fPIC -Wall -Wextra -Wshadow -Wstrict-prototypes  -g -O2 -MD -c ../../vpi/stringheap.c -o stringheap.o
mv stringheap.d dep
gcc -I. -I.. -I../../vpi -I../../vpi/..   -DHAVE_CONFIG_H -DICARUS_VPI_CONST=const -fPIC -Wall -Wextra -Wshadow -Wstrict-prototypes  -g -O2 -MD -c ../../vpi/vams_simparam.c -o vams_simparam.o
mv vams_simparam.d dep
gcc -I. -I.. -I../../vpi -I../../vpi/..   -DHAVE_CONFIG_H -DICARUS_VPI_CONST=const -fPIC -Wall -Wextra -Wshadow -Wstrict-prototypes  -g -O2 -MD -c ../../vpi/table_mod.c -o table_mod.o
mv table_mod.d dep
bison --verbose -t -p tblmod -d -o table_mod_parse.c ../../vpi/table_mod_parse.y
gcc -I. -I.. -I../../vpi -I../../vpi/..   -DHAVE_CONFIG_H -DICARUS_VPI_CONST=const -fPIC -Wall -Wextra -Wshadow -Wstrict-prototypes  -g -O2 -MD -c table_mod_parse.c -o table_mod_parse.o
mv table_mod_parse.d dep
flex -t ../../vpi/table_mod_lexor.lex > table_mod_lexor.c
gcc -I. -I.. -I../../vpi -I../../vpi/..   -DHAVE_CONFIG_H -DICARUS_VPI_CONST=const -fPIC -Wall -Wextra -Wshadow -Wstrict-prototypes  -g -O2 -MD -c table_mod_lexor.c -o table_mod_lexor.o
mv table_mod_lexor.d dep
gcc -I. -I.. -I../../vpi -I../../vpi/..   -DHAVE_CONFIG_H -DICARUS_VPI_CONST=const -fPIC -Wall -Wextra -Wshadow -Wstrict-prototypes  -g -O2 -MD -c ../../vpi/sys_lxt.c -o sys_lxt.o
mv sys_lxt.d dep
gcc -I. -I.. -I../../vpi -I../../vpi/..   -DHAVE_CONFIG_H -DICARUS_VPI_CONST=const -fPIC -Wall -Wextra -Wshadow -Wstrict-prototypes  -g -O2 -MD -c ../../vpi/lxt_write.c -o lxt_write.o
mv lxt_write.d dep
gcc -I. -I.. -I../../vpi -I../../vpi/..   -DHAVE_CONFIG_H -DICARUS_VPI_CONST=const -fPIC -Wall -Wextra -Wshadow -Wstrict-prototypes  -g -O2 -MD -c ../../vpi/sys_lxt2.c -o sys_lxt2.o
mv sys_lxt2.d dep
gcc -I. -I.. -I../../vpi -I../../vpi/..   -DHAVE_CONFIG_H -DICARUS_VPI_CONST=const -fPIC -Wall -Wextra -Wshadow -Wstrict-prototypes  -g -O2 -MD -c ../../vpi/lxt2_write.c -o lxt2_write.o
mv lxt2_write.d dep
gcc -I. -I.. -I../../vpi -I../../vpi/..   -DHAVE_CONFIG_H -DICARUS_VPI_CONST=const -fPIC -Wall -Wextra -Wshadow -Wstrict-prototypes  -g -O2 -MD -c ../../vpi/sys_fst.c -o sys_fst.o
mv sys_fst.d dep
gcc -I. -I.. -I../../vpi -I../../vpi/..   -DHAVE_CONFIG_H -DICARUS_VPI_CONST=const -fPIC -Wall -Wextra -Wshadow -Wstrict-prototypes  -g -O2 -MD -c ../../vpi/fstapi.c -o fstapi.o
mv fstapi.d dep
gcc -I. -I.. -I../../vpi -I../../vpi/..   -DHAVE_CONFIG_H -DICARUS_VPI_CONST=const -fPIC -Wall -Wextra -Wshadow -Wstrict-prototypes  -g -O2 -MD -c ../../vpi/fastlz.c -o fastlz.o
mv fastlz.d dep
gcc -I. -I.. -I../../vpi -I../../vpi/..   -DHAVE_CONFIG_H -DICARUS_VPI_CONST=const -fPIC -Wall -Wextra -Wshadow -Wstrict-prototypes  -g -O2 -MD -c ../../vpi/lz4.c -o lz4.o
mv lz4.d dep
g++ -I. -I.. -I../../vpi -I../../vpi/..   -DHAVE_CONFIG_H -DICARUS_VPI_CONST=const -fPIC -Wall -Wextra -Wshadow   -g -O2 -MD -c ../../vpi/vcd_priv2.cc -o vcd_priv2.o
mv vcd_priv2.d dep
g++ -bundle -undefined suppress -flat_namespace -o system.vpi sys_table.o sys_convert.o sys_countdrivers.o sys_darray.o sys_deposit.o sys_display.o sys_fileio.o sys_finish.o sys_icarus.o sys_plusargs.o sys_queue.o sys_random.o sys_random_mti.o sys_readmem.o sys_readmem_lex.o sys_scanf.o sys_sdf.o sys_time.o sys_vcd.o sys_vcdoff.o vcd_priv.o mt19937int.o sys_priv.o sdf_parse.o sdf_lexor.o stringheap.o vams_simparam.o table_mod.o table_mod_parse.o table_mod_lexor.o sys_lxt.o lxt_write.o sys_lxt2.o lxt2_write.o sys_fst.o fstapi.o fastlz.o lz4.o vcd_priv2.o -L. -pthread -lm -mmacosx-version-min=10.9 -lvpi -lbz2 -lz -lpthread -lreadline -ltermcap 
gcc -I. -I.. -I../../vpi -I../../vpi/..   -DHAVE_CONFIG_H -DICARUS_VPI_CONST=const -fPIC -Wall -Wextra -Wshadow -Wstrict-prototypes  -g -O2 -MD -c ../../vpi/va_math.c -o va_math.o
mv va_math.d dep
gcc -bundle -undefined suppress -flat_namespace -o va_math.vpi va_math.o -L. -pthread -lm -mmacosx-version-min=10.9 -lvpi 
gcc -I. -I.. -I../../vpi -I../../vpi/..   -DHAVE_CONFIG_H -DICARUS_VPI_CONST=const -fPIC -Wall -Wextra -Wshadow -Wstrict-prototypes  -g -O2 -MD -c ../../vpi/sys_clog2.c -o sys_clog2.o
mv sys_clog2.d dep
gcc -I. -I.. -I../../vpi -I../../vpi/..   -DHAVE_CONFIG_H -DICARUS_VPI_CONST=const -fPIC -Wall -Wextra -Wshadow -Wstrict-prototypes  -g -O2 -MD -c ../../vpi/v2005_math.c -o v2005_math.o
mv v2005_math.d dep
gcc -bundle -undefined suppress -flat_namespace -o v2005_math.vpi sys_clog2.o v2005_math.o -L. -pthread -lm -mmacosx-version-min=10.9 -lvpi 
gcc -I. -I.. -I../../vpi -I../../vpi/..   -DHAVE_CONFIG_H -DICARUS_VPI_CONST=const -fPIC -Wall -Wextra -Wshadow -Wstrict-prototypes  -g -O2 -MD -c ../../vpi/v2009_table.c -o v2009_table.o
mv v2009_table.d dep
gcc -I. -I.. -I../../vpi -I../../vpi/..   -DHAVE_CONFIG_H -DICARUS_VPI_CONST=const -fPIC -Wall -Wextra -Wshadow -Wstrict-prototypes  -g -O2 -MD -c ../../vpi/v2009_array.c -o v2009_array.o
mv v2009_array.d dep
gcc -I. -I.. -I../../vpi -I../../vpi/..   -DHAVE_CONFIG_H -DICARUS_VPI_CONST=const -fPIC -Wall -Wextra -Wshadow -Wstrict-prototypes  -g -O2 -MD -c ../../vpi/v2009_bitvec.c -o v2009_bitvec.o
mv v2009_bitvec.d dep
gcc -I. -I.. -I../../vpi -I../../vpi/..   -DHAVE_CONFIG_H -DICARUS_VPI_CONST=const -fPIC -Wall -Wextra -Wshadow -Wstrict-prototypes  -g -O2 -MD -c ../../vpi/v2009_enum.c -o v2009_enum.o
mv v2009_enum.d dep
gcc -I. -I.. -I../../vpi -I../../vpi/..   -DHAVE_CONFIG_H -DICARUS_VPI_CONST=const -fPIC -Wall -Wextra -Wshadow -Wstrict-prototypes  -g -O2 -MD -c ../../vpi/v2009_string.c -o v2009_string.o
mv v2009_string.d dep
gcc -bundle -undefined suppress -flat_namespace -o v2009.vpi v2009_table.o v2009_array.o v2009_bitvec.o v2009_enum.o v2009_string.o sys_priv.o -L. -pthread -lm -mmacosx-version-min=10.9 -lvpi -lbz2 -lz -lpthread -lreadline -ltermcap 
gcc -I. -I.. -I../../vpi -I../../vpi/..   -DHAVE_CONFIG_H -DICARUS_VPI_CONST=const -fPIC -Wall -Wextra -Wshadow -Wstrict-prototypes  -g -O2 -MD -c ../../vpi/vhdl_table.c -o vhdl_table.o
mv vhdl_table.d dep
gcc -bundle -undefined suppress -flat_namespace -o vhdl_sys.vpi vhdl_table.o sys_priv.o -L. -pthread -lm -mmacosx-version-min=10.9 -lvpi -lbz2 -lz -lpthread -lreadline -ltermcap 
gcc -I. -I.. -I../../vpi -I../../vpi/..   -DHAVE_CONFIG_H -DICARUS_VPI_CONST=const -fPIC -Wall -Wextra -Wshadow -Wstrict-prototypes  -g -O2 -MD -c ../../vpi/vhdl_textio.c -o vhdl_textio.o
mv vhdl_textio.d dep
gcc -bundle -undefined suppress -flat_namespace -o vhdl_textio.vpi vhdl_textio.o sys_priv.o -L. -pthread -lm -mmacosx-version-min=10.9 -lvpi -lbz2 -lz -lpthread -lreadline -ltermcap 
gcc -I. -I.. -I../../vpi -I../../vpi/..   -DHAVE_CONFIG_H -DICARUS_VPI_CONST=const -fPIC -Wall -Wextra -Wshadow -Wstrict-prototypes  -g -O2 -MD -c ../../vpi/vpi_debug.c -o vpi_debug.o
mv vpi_debug.d dep
gcc -bundle -undefined suppress -flat_namespace -o vpi_debug.vpi vpi_debug.o -L. -pthread -lm -mmacosx-version-min=10.9 -lvpi -lbz2 -lz -lpthread -lreadline -ltermcap 
make[1]: Leaving directory '/Users/bill/version1/utdtools/utd.tools/src/pgms/verilog-11.0/verilog-11.0/build/vpi'
make[1]: Entering directory '/Users/bill/version1/utdtools/utd.tools/src/pgms/verilog-11.0/verilog-11.0/build/libveriuser'
mkdir dep
gcc -I. -I.. -I../../libveriuser -I../../libveriuser/..  -DHAVE_CONFIG_H -DICARUS_VPI_CONST=const -fPIC -Wall -Wextra -Wshadow -Wstrict-prototypes  -g -O2 -MD -c ../../libveriuser/asynch.c -o asynch.o
mv asynch.d dep
gcc -I. -I.. -I../../libveriuser -I../../libveriuser/..  -DHAVE_CONFIG_H -DICARUS_VPI_CONST=const -fPIC -Wall -Wextra -Wshadow -Wstrict-prototypes  -g -O2 -MD -c ../../libveriuser/delay.c -o delay.o
mv delay.d dep
gcc -I. -I.. -I../../libveriuser -I../../libveriuser/..  -DHAVE_CONFIG_H -DICARUS_VPI_CONST=const -fPIC -Wall -Wextra -Wshadow -Wstrict-prototypes  -g -O2 -MD -c ../../libveriuser/exprinfo.c -o exprinfo.o
mv exprinfo.d dep
gcc -I. -I.. -I../../libveriuser -I../../libveriuser/..  -DHAVE_CONFIG_H -DICARUS_VPI_CONST=const -fPIC -Wall -Wextra -Wshadow -Wstrict-prototypes  -g -O2 -MD -c ../../libveriuser/finish.c -o finish.o
mv finish.d dep
gcc -I. -I.. -I../../libveriuser -I../../libveriuser/..  -DHAVE_CONFIG_H -DICARUS_VPI_CONST=const -fPIC -Wall -Wextra -Wshadow -Wstrict-prototypes  -g -O2 -MD -c ../../libveriuser/getcstringp.c -o getcstringp.o
mv getcstringp.d dep
gcc -I. -I.. -I../../libveriuser -I../../libveriuser/..  -DHAVE_CONFIG_H -DICARUS_VPI_CONST=const -fPIC -Wall -Wextra -Wshadow -Wstrict-prototypes  -g -O2 -MD -c ../../libveriuser/getinstance.c -o getinstance.o
mv getinstance.d dep
gcc -I. -I.. -I../../libveriuser -I../../libveriuser/..  -DHAVE_CONFIG_H -DICARUS_VPI_CONST=const -fPIC -Wall -Wextra -Wshadow -Wstrict-prototypes  -g -O2 -MD -c ../../libveriuser/getlongp.c -o getlongp.o
mv getlongp.d dep
gcc -I. -I.. -I../../libveriuser -I../../libveriuser/..  -DHAVE_CONFIG_H -DICARUS_VPI_CONST=const -fPIC -Wall -Wextra -Wshadow -Wstrict-prototypes  -g -O2 -MD -c ../../libveriuser/getp.c -o getp.o
../../libveriuser/getp.c: In function 'tf_igetp':
../../libveriuser/getp.c:55:12: warning: cast from pointer to integer of different size [-Wpointer-to-int-cast]
      rtn = (int) value.value.str; /* Oh my */
            ^
mv getp.d dep
gcc -I. -I.. -I../../libveriuser -I../../libveriuser/..  -DHAVE_CONFIG_H -DICARUS_VPI_CONST=const -fPIC -Wall -Wextra -Wshadow -Wstrict-prototypes  -g -O2 -MD -c ../../libveriuser/getsimtime.c -o getsimtime.o
mv getsimtime.d dep
gcc -I. -I.. -I../../libveriuser -I../../libveriuser/..  -DHAVE_CONFIG_H -DICARUS_VPI_CONST=const -fPIC -Wall -Wextra -Wshadow -Wstrict-prototypes  -g -O2 -MD -c ../../libveriuser/io_print.c -o io_print.o
mv io_print.d dep
gcc -I. -I.. -I../../libveriuser -I../../libveriuser/..  -DHAVE_CONFIG_H -DICARUS_VPI_CONST=const -fPIC -Wall -Wextra -Wshadow -Wstrict-prototypes  -g -O2 -MD -c ../../libveriuser/math.c -o math.o
mv math.d dep
gcc -I. -I.. -I../../libveriuser -I../../libveriuser/..  -DHAVE_CONFIG_H -DICARUS_VPI_CONST=const -fPIC -Wall -Wextra -Wshadow -Wstrict-prototypes  -g -O2 -MD -c ../../libveriuser/mc_scan_plusargs.c -o mc_scan_plusargs.o
mv mc_scan_plusargs.d dep
gcc -I. -I.. -I../../libveriuser -I../../libveriuser/..  -DHAVE_CONFIG_H -DICARUS_VPI_CONST=const -fPIC -Wall -Wextra -Wshadow -Wstrict-prototypes  -g -O2 -MD -c ../../libveriuser/nodeinfo.c -o nodeinfo.o
mv nodeinfo.d dep
gcc -I. -I.. -I../../libveriuser -I../../libveriuser/..  -DHAVE_CONFIG_H -DICARUS_VPI_CONST=const -fPIC -Wall -Wextra -Wshadow -Wstrict-prototypes  -g -O2 -MD -c ../../libveriuser/nump.c -o nump.o
mv nump.d dep
gcc -I. -I.. -I../../libveriuser -I../../libveriuser/..  -DHAVE_CONFIG_H -DICARUS_VPI_CONST=const -fPIC -Wall -Wextra -Wshadow -Wstrict-prototypes  -g -O2 -MD -c ../../libveriuser/putlongp.c -o putlongp.o
mv putlongp.d dep
gcc -I. -I.. -I../../libveriuser -I../../libveriuser/..  -DHAVE_CONFIG_H -DICARUS_VPI_CONST=const -fPIC -Wall -Wextra -Wshadow -Wstrict-prototypes  -g -O2 -MD -c ../../libveriuser/putp.c -o putp.o
mv putp.d dep
gcc -I. -I.. -I../../libveriuser -I../../libveriuser/..  -DHAVE_CONFIG_H -DICARUS_VPI_CONST=const -fPIC -Wall -Wextra -Wshadow -Wstrict-prototypes  -g -O2 -MD -c ../../libveriuser/spname.c -o spname.o
mv spname.d dep
gcc -I. -I.. -I../../libveriuser -I../../libveriuser/..  -DHAVE_CONFIG_H -DICARUS_VPI_CONST=const -fPIC -Wall -Wextra -Wshadow -Wstrict-prototypes  -g -O2 -MD -c ../../libveriuser/typep.c -o typep.o
mv typep.d dep
gcc -I. -I.. -I../../libveriuser -I../../libveriuser/..  -DHAVE_CONFIG_H -DICARUS_VPI_CONST=const -fPIC -Wall -Wextra -Wshadow -Wstrict-prototypes  -g -O2 -MD -c ../../libveriuser/workarea.c -o workarea.o
mv workarea.d dep
gcc -I. -I.. -I../../libveriuser -I../../libveriuser/..  -DHAVE_CONFIG_H -DICARUS_VPI_CONST=const -fPIC -Wall -Wextra -Wshadow -Wstrict-prototypes  -g -O2 -MD -c ../../libveriuser/veriusertfs.c -o veriusertfs.o
mv veriusertfs.d dep
gcc -I. -I.. -I../../libveriuser -I../../libveriuser/..  -DHAVE_CONFIG_H -DICARUS_VPI_CONST=const -fPIC -Wall -Wextra -Wshadow -Wstrict-prototypes  -g -O2 -MD -c ../../libveriuser/priv.c -o priv.o
mv priv.d dep
gcc -I. -I.. -I../../libveriuser -I../../libveriuser/..  -DHAVE_CONFIG_H -DICARUS_VPI_CONST=const -fPIC -Wall -Wextra -Wshadow -Wstrict-prototypes  -g -O2 -MD -c ../../libveriuser/a_close.c -o a_close.o
mv a_close.d dep
gcc -I. -I.. -I../../libveriuser -I../../libveriuser/..  -DHAVE_CONFIG_H -DICARUS_VPI_CONST=const -fPIC -Wall -Wextra -Wshadow -Wstrict-prototypes  -g -O2 -MD -c ../../libveriuser/a_compare_handles.c -o a_compare_handles.o
mv a_compare_handles.d dep
gcc -I. -I.. -I../../libveriuser -I../../libveriuser/..  -DHAVE_CONFIG_H -DICARUS_VPI_CONST=const -fPIC -Wall -Wextra -Wshadow -Wstrict-prototypes  -g -O2 -MD -c ../../libveriuser/a_configure.c -o a_configure.o
mv a_configure.d dep
gcc -I. -I.. -I../../libveriuser -I../../libveriuser/..  -DHAVE_CONFIG_H -DICARUS_VPI_CONST=const -fPIC -Wall -Wextra -Wshadow -Wstrict-prototypes  -g -O2 -MD -c ../../libveriuser/a_fetch_argc.c -o a_fetch_argc.o
mv a_fetch_argc.d dep
gcc -I. -I.. -I../../libveriuser -I../../libveriuser/..  -DHAVE_CONFIG_H -DICARUS_VPI_CONST=const -fPIC -Wall -Wextra -Wshadow -Wstrict-prototypes  -g -O2 -MD -c ../../libveriuser/a_fetch_argv.c -o a_fetch_argv.o
mv a_fetch_argv.d dep
gcc -I. -I.. -I../../libveriuser -I../../libveriuser/..  -DHAVE_CONFIG_H -DICARUS_VPI_CONST=const -fPIC -Wall -Wextra -Wshadow -Wstrict-prototypes  -g -O2 -MD -c ../../libveriuser/a_fetch_dir.c -o a_fetch_dir.o
mv a_fetch_dir.d dep
gcc -I. -I.. -I../../libveriuser -I../../libveriuser/..  -DHAVE_CONFIG_H -DICARUS_VPI_CONST=const -fPIC -Wall -Wextra -Wshadow -Wstrict-prototypes  -g -O2 -MD -c ../../libveriuser/a_fetch_fullname.c -o a_fetch_fullname.o
mv a_fetch_fullname.d dep
gcc -I. -I.. -I../../libveriuser -I../../libveriuser/..  -DHAVE_CONFIG_H -DICARUS_VPI_CONST=const -fPIC -Wall -Wextra -Wshadow -Wstrict-prototypes  -g -O2 -MD -c ../../libveriuser/a_fetch_location.c -o a_fetch_location.o
mv a_fetch_location.d dep
gcc -I. -I.. -I../../libveriuser -I../../libveriuser/..  -DHAVE_CONFIG_H -DICARUS_VPI_CONST=const -fPIC -Wall -Wextra -Wshadow -Wstrict-prototypes  -g -O2 -MD -c ../../libveriuser/a_fetch_param.c -o a_fetch_param.o
mv a_fetch_param.d dep
gcc -I. -I.. -I../../libveriuser -I../../libveriuser/..  -DHAVE_CONFIG_H -DICARUS_VPI_CONST=const -fPIC -Wall -Wextra -Wshadow -Wstrict-prototypes  -g -O2 -MD -c ../../libveriuser/a_fetch_range.c -o a_fetch_range.o
mv a_fetch_range.d dep
gcc -I. -I.. -I../../libveriuser -I../../libveriuser/..  -DHAVE_CONFIG_H -DICARUS_VPI_CONST=const -fPIC -Wall -Wextra -Wshadow -Wstrict-prototypes  -g -O2 -MD -c ../../libveriuser/a_fetch_tfarg.c -o a_fetch_tfarg.o
mv a_fetch_tfarg.d dep
gcc -I. -I.. -I../../libveriuser -I../../libveriuser/..  -DHAVE_CONFIG_H -DICARUS_VPI_CONST=const -fPIC -Wall -Wextra -Wshadow -Wstrict-prototypes  -g -O2 -MD -c ../../libveriuser/a_fetch_time.c -o a_fetch_time.o
mv a_fetch_time.d dep
gcc -I. -I.. -I../../libveriuser -I../../libveriuser/..  -DHAVE_CONFIG_H -DICARUS_VPI_CONST=const -fPIC -Wall -Wextra -Wshadow -Wstrict-prototypes  -g -O2 -MD -c ../../libveriuser/a_fetch_type.c -o a_fetch_type.o
mv a_fetch_type.d dep
gcc -I. -I.. -I../../libveriuser -I../../libveriuser/..  -DHAVE_CONFIG_H -DICARUS_VPI_CONST=const -fPIC -Wall -Wextra -Wshadow -Wstrict-prototypes  -g -O2 -MD -c ../../libveriuser/a_fetch_type_str.c -o a_fetch_type_str.o
mv a_fetch_type_str.d dep
gcc -I. -I.. -I../../libveriuser -I../../libveriuser/..  -DHAVE_CONFIG_H -DICARUS_VPI_CONST=const -fPIC -Wall -Wextra -Wshadow -Wstrict-prototypes  -g -O2 -MD -c ../../libveriuser/a_fetch_value.c -o a_fetch_value.o
mv a_fetch_value.d dep
gcc -I. -I.. -I../../libveriuser -I../../libveriuser/..  -DHAVE_CONFIG_H -DICARUS_VPI_CONST=const -fPIC -Wall -Wextra -Wshadow -Wstrict-prototypes  -g -O2 -MD -c ../../libveriuser/a_handle_by_name.c -o a_handle_by_name.o
mv a_handle_by_name.d dep
gcc -I. -I.. -I../../libveriuser -I../../libveriuser/..  -DHAVE_CONFIG_H -DICARUS_VPI_CONST=const -fPIC -Wall -Wextra -Wshadow -Wstrict-prototypes  -g -O2 -MD -c ../../libveriuser/a_handle_hiconn.c -o a_handle_hiconn.o
mv a_handle_hiconn.d dep
gcc -I. -I.. -I../../libveriuser -I../../libveriuser/..  -DHAVE_CONFIG_H -DICARUS_VPI_CONST=const -fPIC -Wall -Wextra -Wshadow -Wstrict-prototypes  -g -O2 -MD -c ../../libveriuser/a_handle_object.c -o a_handle_object.o
mv a_handle_object.d dep
gcc -I. -I.. -I../../libveriuser -I../../libveriuser/..  -DHAVE_CONFIG_H -DICARUS_VPI_CONST=const -fPIC -Wall -Wextra -Wshadow -Wstrict-prototypes  -g -O2 -MD -c ../../libveriuser/a_handle_parent.c -o a_handle_parent.o
mv a_handle_parent.d dep
gcc -I. -I.. -I../../libveriuser -I../../libveriuser/..  -DHAVE_CONFIG_H -DICARUS_VPI_CONST=const -fPIC -Wall -Wextra -Wshadow -Wstrict-prototypes  -g -O2 -MD -c ../../libveriuser/a_handle_simulated_net.c -o a_handle_simulated_net.o
mv a_handle_simulated_net.d dep
gcc -I. -I.. -I../../libveriuser -I../../libveriuser/..  -DHAVE_CONFIG_H -DICARUS_VPI_CONST=const -fPIC -Wall -Wextra -Wshadow -Wstrict-prototypes  -g -O2 -MD -c ../../libveriuser/a_handle_tfarg.c -o a_handle_tfarg.o
mv a_handle_tfarg.d dep
gcc -I. -I.. -I../../libveriuser -I../../libveriuser/..  -DHAVE_CONFIG_H -DICARUS_VPI_CONST=const -fPIC -Wall -Wextra -Wshadow -Wstrict-prototypes  -g -O2 -MD -c ../../libveriuser/a_initialize.c -o a_initialize.o
mv a_initialize.d dep
gcc -I. -I.. -I../../libveriuser -I../../libveriuser/..  -DHAVE_CONFIG_H -DICARUS_VPI_CONST=const -fPIC -Wall -Wextra -Wshadow -Wstrict-prototypes  -g -O2 -MD -c ../../libveriuser/a_next.c -o a_next.o
mv a_next.d dep
gcc -I. -I.. -I../../libveriuser -I../../libveriuser/..  -DHAVE_CONFIG_H -DICARUS_VPI_CONST=const -fPIC -Wall -Wextra -Wshadow -Wstrict-prototypes  -g -O2 -MD -c ../../libveriuser/a_next_bit.c -o a_next_bit.o
mv a_next_bit.d dep
gcc -I. -I.. -I../../libveriuser -I../../libveriuser/..  -DHAVE_CONFIG_H -DICARUS_VPI_CONST=const -fPIC -Wall -Wextra -Wshadow -Wstrict-prototypes  -g -O2 -MD -c ../../libveriuser/a_next_port.c -o a_next_port.o
mv a_next_port.d dep
gcc -I. -I.. -I../../libveriuser -I../../libveriuser/..  -DHAVE_CONFIG_H -DICARUS_VPI_CONST=const -fPIC -Wall -Wextra -Wshadow -Wstrict-prototypes  -g -O2 -MD -c ../../libveriuser/a_next_topmod.c -o a_next_topmod.o
mv a_next_topmod.d dep
gcc -I. -I.. -I../../libveriuser -I../../libveriuser/..  -DHAVE_CONFIG_H -DICARUS_VPI_CONST=const -fPIC -Wall -Wextra -Wshadow -Wstrict-prototypes  -g -O2 -MD -c ../../libveriuser/a_object_of_type.c -o a_object_of_type.o
mv a_object_of_type.d dep
gcc -I. -I.. -I../../libveriuser -I../../libveriuser/..  -DHAVE_CONFIG_H -DICARUS_VPI_CONST=const -fPIC -Wall -Wextra -Wshadow -Wstrict-prototypes  -g -O2 -MD -c ../../libveriuser/a_product_version.c -o a_product_version.o
mv a_product_version.d dep
gcc -I. -I.. -I../../libveriuser -I../../libveriuser/..  -DHAVE_CONFIG_H -DICARUS_VPI_CONST=const -fPIC -Wall -Wextra -Wshadow -Wstrict-prototypes  -g -O2 -MD -c ../../libveriuser/a_set_value.c -o a_set_value.o
mv a_set_value.d dep
gcc -I. -I.. -I../../libveriuser -I../../libveriuser/..  -DHAVE_CONFIG_H -DICARUS_VPI_CONST=const -fPIC -Wall -Wextra -Wshadow -Wstrict-prototypes  -g -O2 -MD -c ../../libveriuser/a_vcl.c -o a_vcl.o
mv a_vcl.d dep
gcc -I. -I.. -I../../libveriuser -I../../libveriuser/..  -DHAVE_CONFIG_H -DICARUS_VPI_CONST=const -fPIC -Wall -Wextra -Wshadow -Wstrict-prototypes  -g -O2 -MD -c ../../libveriuser/a_version.c -o a_version.o
mv a_version.d dep
ld  -r -o libveriuser.o asynch.o delay.o exprinfo.o finish.o getcstringp.o getinstance.o getlongp.o getp.o getsimtime.o io_print.o math.o mc_scan_plusargs.o nodeinfo.o nump.o putlongp.o putp.o spname.o typep.o workarea.o veriusertfs.o priv.o a_close.o a_compare_handles.o a_configure.o a_fetch_argc.o a_fetch_argv.o a_fetch_dir.o a_fetch_fullname.o a_fetch_location.o a_fetch_param.o a_fetch_range.o a_fetch_tfarg.o a_fetch_time.o a_fetch_type.o a_fetch_type_str.o a_fetch_value.o a_handle_by_name.o a_handle_hiconn.o a_handle_object.o a_handle_parent.o a_handle_simulated_net.o a_handle_tfarg.o a_initialize.o a_next.o a_next_bit.o a_next_port.o a_next_topmod.o a_object_of_type.o a_product_version.o a_set_value.o a_vcl.o a_version.o
rm -f libveriuser.a
ar cvq libveriuser.a libveriuser.o
q - libveriuser.o
ranlib libveriuser.a
make[1]: Leaving directory '/Users/bill/version1/utdtools/utd.tools/src/pgms/verilog-11.0/verilog-11.0/build/libveriuser'
make[1]: Entering directory '/Users/bill/version1/utdtools/utd.tools/src/pgms/verilog-11.0/verilog-11.0/build/cadpli'
mkdir dep
gcc -I. -I.. -I../../cadpli -I../../cadpli/..  -DHAVE_CONFIG_H -fPIC -Wall -Wextra -Wshadow -Wstrict-prototypes  -g -O2 -MD -c ../../cadpli/cadpli.c
mv cadpli.d dep
gcc -bundle -undefined suppress -flat_namespace -pthread -lm -mmacosx-version-min=10.9 -o cadpli.vpl cadpli.o ../libveriuser/libveriuser.o -L../vpi -lvpi
make[1]: Leaving directory '/Users/bill/version1/utdtools/utd.tools/src/pgms/verilog-11.0/verilog-11.0/build/cadpli'
make[1]: Entering directory '/Users/bill/version1/utdtools/utd.tools/src/pgms/verilog-11.0/verilog-11.0/build/tgt-null'
mkdir dep
gcc -I. -I.. -I../../tgt-null -I../../tgt-null/..  -DHAVE_CONFIG_H -fPIC -Wall -Wextra -Wshadow -Wstrict-prototypes  -g -O2 -MD -c ../../tgt-null/null.c -o null.o
mv null.d dep
gcc -bundle -undefined suppress -flat_namespace -pthread -lm -mmacosx-version-min=10.9 -o null.tgt null.o 
make[1]: Leaving directory '/Users/bill/version1/utdtools/utd.tools/src/pgms/verilog-11.0/verilog-11.0/build/tgt-null'
make[1]: Entering directory '/Users/bill/version1/utdtools/utd.tools/src/pgms/verilog-11.0/verilog-11.0/build/tgt-stub'
mkdir dep
gcc -I. -I.. -I../../tgt-stub -I../../tgt-stub/..  -DHAVE_CONFIG_H -fPIC -Wall -Wextra -Wshadow -Wstrict-prototypes  -g -O2 -MD -c ../../tgt-stub/stub.c -o stub.o
mv stub.d dep
gcc -I. -I.. -I../../tgt-stub -I../../tgt-stub/..  -DHAVE_CONFIG_H -fPIC -Wall -Wextra -Wshadow -Wstrict-prototypes  -g -O2 -MD -c ../../tgt-stub/classes.c -o classes.o
mv classes.d dep
gcc -I. -I.. -I../../tgt-stub -I../../tgt-stub/..  -DHAVE_CONFIG_H -fPIC -Wall -Wextra -Wshadow -Wstrict-prototypes  -g -O2 -MD -c ../../tgt-stub/constant.c -o constant.o
mv constant.d dep
gcc -I. -I.. -I../../tgt-stub -I../../tgt-stub/..  -DHAVE_CONFIG_H -fPIC -Wall -Wextra -Wshadow -Wstrict-prototypes  -g -O2 -MD -c ../../tgt-stub/enumerate.c -o enumerate.o
mv enumerate.d dep
gcc -I. -I.. -I../../tgt-stub -I../../tgt-stub/..  -DHAVE_CONFIG_H -fPIC -Wall -Wextra -Wshadow -Wstrict-prototypes  -g -O2 -MD -c ../../tgt-stub/expression.c -o expression.o
mv expression.d dep
gcc -I. -I.. -I../../tgt-stub -I../../tgt-stub/..  -DHAVE_CONFIG_H -fPIC -Wall -Wextra -Wshadow -Wstrict-prototypes  -g -O2 -MD -c ../../tgt-stub/statement.c -o statement.o
mv statement.d dep
gcc -I. -I.. -I../../tgt-stub -I../../tgt-stub/..  -DHAVE_CONFIG_H -fPIC -Wall -Wextra -Wshadow -Wstrict-prototypes  -g -O2 -MD -c ../../tgt-stub/switches.c -o switches.o
mv switches.d dep
gcc -I. -I.. -I../../tgt-stub -I../../tgt-stub/..  -DHAVE_CONFIG_H -fPIC -Wall -Wextra -Wshadow -Wstrict-prototypes  -g -O2 -MD -c ../../tgt-stub/types.c -o types.o
mv types.d dep
gcc -bundle -undefined suppress -flat_namespace -pthread -lm -mmacosx-version-min=10.9 -o stub.tgt stub.o classes.o constant.o enumerate.o expression.o statement.o switches.o types.o 
make[1]: Leaving directory '/Users/bill/version1/utdtools/utd.tools/src/pgms/verilog-11.0/verilog-11.0/build/tgt-stub'
make[1]: Entering directory '/Users/bill/version1/utdtools/utd.tools/src/pgms/verilog-11.0/verilog-11.0/build/tgt-vvp'
mkdir dep
gcc -I. -I.. -I../../tgt-vvp -I../../tgt-vvp/..  -DHAVE_CONFIG_H -fPIC -Wall -Wextra -Wshadow -Wstrict-prototypes  -g -O2 -MD -c ../../tgt-vvp/vvp.c -o vvp.o
mv vvp.d dep
gcc -I. -I.. -I../../tgt-vvp -I../../tgt-vvp/..  -DHAVE_CONFIG_H -fPIC -Wall -Wextra -Wshadow -Wstrict-prototypes  -g -O2 -MD -c ../../tgt-vvp/draw_class.c -o draw_class.o
mv draw_class.d dep
gcc -I. -I.. -I../../tgt-vvp -I../../tgt-vvp/..  -DHAVE_CONFIG_H -fPIC -Wall -Wextra -Wshadow -Wstrict-prototypes  -g -O2 -MD -c ../../tgt-vvp/draw_delay.c -o draw_delay.o
mv draw_delay.d dep
gcc -I. -I.. -I../../tgt-vvp -I../../tgt-vvp/..  -DHAVE_CONFIG_H -fPIC -Wall -Wextra -Wshadow -Wstrict-prototypes  -g -O2 -MD -c ../../tgt-vvp/draw_enum.c -o draw_enum.o
mv draw_enum.d dep
gcc -I. -I.. -I../../tgt-vvp -I../../tgt-vvp/..  -DHAVE_CONFIG_H -fPIC -Wall -Wextra -Wshadow -Wstrict-prototypes  -g -O2 -MD -c ../../tgt-vvp/draw_mux.c -o draw_mux.o
mv draw_mux.d dep
gcc -I. -I.. -I../../tgt-vvp -I../../tgt-vvp/..  -DHAVE_CONFIG_H -fPIC -Wall -Wextra -Wshadow -Wstrict-prototypes  -g -O2 -MD -c ../../tgt-vvp/draw_net_input.c -o draw_net_input.o
mv draw_net_input.d dep
gcc -I. -I.. -I../../tgt-vvp -I../../tgt-vvp/..  -DHAVE_CONFIG_H -fPIC -Wall -Wextra -Wshadow -Wstrict-prototypes  -g -O2 -MD -c ../../tgt-vvp/draw_substitute.c -o draw_substitute.o
mv draw_substitute.d dep
gcc -I. -I.. -I../../tgt-vvp -I../../tgt-vvp/..  -DHAVE_CONFIG_H -fPIC -Wall -Wextra -Wshadow -Wstrict-prototypes  -g -O2 -MD -c ../../tgt-vvp/draw_switch.c -o draw_switch.o
mv draw_switch.d dep
gcc -I. -I.. -I../../tgt-vvp -I../../tgt-vvp/..  -DHAVE_CONFIG_H -fPIC -Wall -Wextra -Wshadow -Wstrict-prototypes  -g -O2 -MD -c ../../tgt-vvp/draw_ufunc.c -o draw_ufunc.o
mv draw_ufunc.d dep
gcc -I. -I.. -I../../tgt-vvp -I../../tgt-vvp/..  -DHAVE_CONFIG_H -fPIC -Wall -Wextra -Wshadow -Wstrict-prototypes  -g -O2 -MD -c ../../tgt-vvp/draw_vpi.c -o draw_vpi.o
mv draw_vpi.d dep
gcc -I. -I.. -I../../tgt-vvp -I../../tgt-vvp/..  -DHAVE_CONFIG_H -fPIC -Wall -Wextra -Wshadow -Wstrict-prototypes  -g -O2 -MD -c ../../tgt-vvp/eval_bool.c -o eval_bool.o
mv eval_bool.d dep
gcc -I. -I.. -I../../tgt-vvp -I../../tgt-vvp/..  -DHAVE_CONFIG_H -fPIC -Wall -Wextra -Wshadow -Wstrict-prototypes  -g -O2 -MD -c ../../tgt-vvp/eval_condit.c -o eval_condit.o
mv eval_condit.d dep
gcc -I. -I.. -I../../tgt-vvp -I../../tgt-vvp/..  -DHAVE_CONFIG_H -fPIC -Wall -Wextra -Wshadow -Wstrict-prototypes  -g -O2 -MD -c ../../tgt-vvp/eval_expr.c -o eval_expr.o
mv eval_expr.d dep
gcc -I. -I.. -I../../tgt-vvp -I../../tgt-vvp/..  -DHAVE_CONFIG_H -fPIC -Wall -Wextra -Wshadow -Wstrict-prototypes  -g -O2 -MD -c ../../tgt-vvp/eval_object.c -o eval_object.o
mv eval_object.d dep
gcc -I. -I.. -I../../tgt-vvp -I../../tgt-vvp/..  -DHAVE_CONFIG_H -fPIC -Wall -Wextra -Wshadow -Wstrict-prototypes  -g -O2 -MD -c ../../tgt-vvp/eval_real.c -o eval_real.o
mv eval_real.d dep
gcc -I. -I.. -I../../tgt-vvp -I../../tgt-vvp/..  -DHAVE_CONFIG_H -fPIC -Wall -Wextra -Wshadow -Wstrict-prototypes  -g -O2 -MD -c ../../tgt-vvp/eval_string.c -o eval_string.o
mv eval_string.d dep
gcc -I. -I.. -I../../tgt-vvp -I../../tgt-vvp/..  -DHAVE_CONFIG_H -fPIC -Wall -Wextra -Wshadow -Wstrict-prototypes  -g -O2 -MD -c ../../tgt-vvp/eval_vec4.c -o eval_vec4.o
mv eval_vec4.d dep
gcc -I. -I.. -I../../tgt-vvp -I../../tgt-vvp/..  -DHAVE_CONFIG_H -fPIC -Wall -Wextra -Wshadow -Wstrict-prototypes  -g -O2 -MD -c ../../tgt-vvp/modpath.c -o modpath.o
mv modpath.d dep
gcc -I. -I.. -I../../tgt-vvp -I../../tgt-vvp/..  -DHAVE_CONFIG_H -fPIC -Wall -Wextra -Wshadow -Wstrict-prototypes  -g -O2 -MD -c ../../tgt-vvp/stmt_assign.c -o stmt_assign.o
mv stmt_assign.d dep
gcc -I. -I.. -I../../tgt-vvp -I../../tgt-vvp/..  -DHAVE_CONFIG_H -fPIC -Wall -Wextra -Wshadow -Wstrict-prototypes  -g -O2 -MD -c ../../tgt-vvp/vvp_process.c -o vvp_process.o
mv vvp_process.d dep
gcc -I. -I.. -I../../tgt-vvp -I../../tgt-vvp/..  -DHAVE_CONFIG_H -fPIC -Wall -Wextra -Wshadow -Wstrict-prototypes  -g -O2 -MD -c ../../tgt-vvp/vvp_scope.c -o vvp_scope.o
mv vvp_scope.d dep
gcc -bundle -undefined suppress -flat_namespace -pthread -lm -mmacosx-version-min=10.9 -o vvp.tgt vvp.o draw_class.o draw_delay.o draw_enum.o draw_mux.o draw_net_input.o draw_substitute.o draw_switch.o draw_ufunc.o draw_vpi.o eval_bool.o eval_condit.o eval_expr.o eval_object.o eval_real.o eval_string.o eval_vec4.o modpath.o stmt_assign.o vvp_process.o vvp_scope.o 
echo 'flag:VVP_EXECUTABLE=/Users/bill/version1/utdtools/utd.tools/v1.0.0/bin/vvp' | cat ../../tgt-vvp/vvp.conf.in - > vvp.conf
echo 'flag:VVP_EXECUTABLE=/Users/bill/version1/utdtools/utd.tools/v1.0.0/bin/vvp' | cat ../../tgt-vvp/vvp-s.conf.in - > vvp-s.conf
make[1]: Leaving directory '/Users/bill/version1/utdtools/utd.tools/src/pgms/verilog-11.0/verilog-11.0/build/tgt-vvp'
make[1]: Entering directory '/Users/bill/version1/utdtools/utd.tools/src/pgms/verilog-11.0/verilog-11.0/build/tgt-vhdl'
mkdir dep
g++ -I. -I.. -I../../tgt-vhdl -I../../tgt-vhdl/..  -DHAVE_CONFIG_H -fPIC -Wall -Wextra -Wshadow   -g -O2 -MD -c ../../tgt-vhdl/vhdl.cc -o vhdl.o
mv vhdl.d dep
g++ -I. -I.. -I../../tgt-vhdl -I../../tgt-vhdl/..  -DHAVE_CONFIG_H -fPIC -Wall -Wextra -Wshadow   -g -O2 -MD -c ../../tgt-vhdl/state.cc -o state.o
mv state.d dep
g++ -I. -I.. -I../../tgt-vhdl -I../../tgt-vhdl/..  -DHAVE_CONFIG_H -fPIC -Wall -Wextra -Wshadow   -g -O2 -MD -c ../../tgt-vhdl/vhdl_element.cc -o vhdl_element.o
mv vhdl_element.d dep
g++ -I. -I.. -I../../tgt-vhdl -I../../tgt-vhdl/..  -DHAVE_CONFIG_H -fPIC -Wall -Wextra -Wshadow   -g -O2 -MD -c ../../tgt-vhdl/vhdl_type.cc -o vhdl_type.o
mv vhdl_type.d dep
g++ -I. -I.. -I../../tgt-vhdl -I../../tgt-vhdl/..  -DHAVE_CONFIG_H -fPIC -Wall -Wextra -Wshadow   -g -O2 -MD -c ../../tgt-vhdl/vhdl_syntax.cc -o vhdl_syntax.o
mv vhdl_syntax.d dep
g++ -I. -I.. -I../../tgt-vhdl -I../../tgt-vhdl/..  -DHAVE_CONFIG_H -fPIC -Wall -Wextra -Wshadow   -g -O2 -MD -c ../../tgt-vhdl/scope.cc -o scope.o
mv scope.d dep
g++ -I. -I.. -I../../tgt-vhdl -I../../tgt-vhdl/..  -DHAVE_CONFIG_H -fPIC -Wall -Wextra -Wshadow   -g -O2 -MD -c ../../tgt-vhdl/process.cc -o process.o
mv process.d dep
g++ -I. -I.. -I../../tgt-vhdl -I../../tgt-vhdl/..  -DHAVE_CONFIG_H -fPIC -Wall -Wextra -Wshadow   -g -O2 -MD -c ../../tgt-vhdl/stmt.cc -o stmt.o
mv stmt.d dep
g++ -I. -I.. -I../../tgt-vhdl -I../../tgt-vhdl/..  -DHAVE_CONFIG_H -fPIC -Wall -Wextra -Wshadow   -g -O2 -MD -c ../../tgt-vhdl/expr.cc -o expr.o
mv expr.d dep
g++ -I. -I.. -I../../tgt-vhdl -I../../tgt-vhdl/..  -DHAVE_CONFIG_H -fPIC -Wall -Wextra -Wshadow   -g -O2 -MD -c ../../tgt-vhdl/lpm.cc -o lpm.o
mv lpm.d dep
g++ -I. -I.. -I../../tgt-vhdl -I../../tgt-vhdl/..  -DHAVE_CONFIG_H -fPIC -Wall -Wextra -Wshadow   -g -O2 -MD -c ../../tgt-vhdl/support.cc -o support.o
mv support.d dep
g++ -I. -I.. -I../../tgt-vhdl -I../../tgt-vhdl/..  -DHAVE_CONFIG_H -fPIC -Wall -Wextra -Wshadow   -g -O2 -MD -c ../../tgt-vhdl/cast.cc -o cast.o
mv cast.d dep
g++ -I. -I.. -I../../tgt-vhdl -I../../tgt-vhdl/..  -DHAVE_CONFIG_H -fPIC -Wall -Wextra -Wshadow   -g -O2 -MD -c ../../tgt-vhdl/logic.cc -o logic.o
mv logic.d dep
g++ -bundle -undefined suppress -flat_namespace -pthread -lm -mmacosx-version-min=10.9 -o vhdl.tgt vhdl.o state.o vhdl_element.o vhdl_type.o vhdl_syntax.o scope.o process.o stmt.o expr.o lpm.o support.o cast.o logic.o 
make[1]: Leaving directory '/Users/bill/version1/utdtools/utd.tools/src/pgms/verilog-11.0/verilog-11.0/build/tgt-vhdl'
make[1]: Entering directory '/Users/bill/version1/utdtools/utd.tools/src/pgms/verilog-11.0/verilog-11.0/build/tgt-vlog95'
mkdir dep
gcc -I. -I.. -I../../tgt-vlog95 -I../../tgt-vlog95/..  -DHAVE_CONFIG_H -fPIC -Wall -Wextra -Wshadow -Wstrict-prototypes  -g -O2 -MD -c ../../tgt-vlog95/vlog95.c -o vlog95.o
mv vlog95.d dep
gcc -I. -I.. -I../../tgt-vlog95 -I../../tgt-vlog95/..  -DHAVE_CONFIG_H -fPIC -Wall -Wextra -Wshadow -Wstrict-prototypes  -g -O2 -MD -c ../../tgt-vlog95/event.c -o event.o
mv event.d dep
gcc -I. -I.. -I../../tgt-vlog95 -I../../tgt-vlog95/..  -DHAVE_CONFIG_H -fPIC -Wall -Wextra -Wshadow -Wstrict-prototypes  -g -O2 -MD -c ../../tgt-vlog95/expr.c -o expr.o
mv expr.d dep
gcc -I. -I.. -I../../tgt-vlog95 -I../../tgt-vlog95/..  -DHAVE_CONFIG_H -fPIC -Wall -Wextra -Wshadow -Wstrict-prototypes  -g -O2 -MD -c ../../tgt-vlog95/logic_lpm.c -o logic_lpm.o
mv logic_lpm.d dep
gcc -I. -I.. -I../../tgt-vlog95 -I../../tgt-vlog95/..  -DHAVE_CONFIG_H -fPIC -Wall -Wextra -Wshadow -Wstrict-prototypes  -g -O2 -MD -c ../../tgt-vlog95/misc.c -o misc.o
mv misc.d dep
gcc -I. -I.. -I../../tgt-vlog95 -I../../tgt-vlog95/..  -DHAVE_CONFIG_H -fPIC -Wall -Wextra -Wshadow -Wstrict-prototypes  -g -O2 -MD -c ../../tgt-vlog95/numbers.c -o numbers.o
mv numbers.d dep
gcc -I. -I.. -I../../tgt-vlog95 -I../../tgt-vlog95/..  -DHAVE_CONFIG_H -fPIC -Wall -Wextra -Wshadow -Wstrict-prototypes  -g -O2 -MD -c ../../tgt-vlog95/scope.c -o scope.o
mv scope.d dep
gcc -I. -I.. -I../../tgt-vlog95 -I../../tgt-vlog95/..  -DHAVE_CONFIG_H -fPIC -Wall -Wextra -Wshadow -Wstrict-prototypes  -g -O2 -MD -c ../../tgt-vlog95/stmt.c -o stmt.o
mv stmt.d dep
gcc -I. -I.. -I../../tgt-vlog95 -I../../tgt-vlog95/..  -DHAVE_CONFIG_H -fPIC -Wall -Wextra -Wshadow -Wstrict-prototypes  -g -O2 -MD -c ../../tgt-vlog95/udp.c -o udp.o
mv udp.d dep
gcc -bundle -undefined suppress -flat_namespace -pthread -lm -mmacosx-version-min=10.9 -o vlog95.tgt vlog95.o event.o expr.o logic_lpm.o misc.o numbers.o scope.o stmt.o udp.o -lm 
make[1]: Leaving directory '/Users/bill/version1/utdtools/utd.tools/src/pgms/verilog-11.0/verilog-11.0/build/tgt-vlog95'
make[1]: Entering directory '/Users/bill/version1/utdtools/utd.tools/src/pgms/verilog-11.0/verilog-11.0/build/tgt-pcb'
mkdir dep
g++ -I. -I.. -I../../tgt-pcb -I../../tgt-pcb/..  -DHAVE_CONFIG_H -fPIC -Wall -Wextra -Wshadow   -g -O2 -MD -c ../../tgt-pcb/pcb.cc -o pcb.o
mv pcb.d dep
g++ -I. -I.. -I../../tgt-pcb -I../../tgt-pcb/..  -DHAVE_CONFIG_H -fPIC -Wall -Wextra -Wshadow   -g -O2 -MD -c ../../tgt-pcb/scope.cc -o scope.o
mv scope.d dep
g++ -I. -I.. -I../../tgt-pcb -I../../tgt-pcb/..  -DHAVE_CONFIG_H -fPIC -Wall -Wextra -Wshadow   -g -O2 -MD -c ../../tgt-pcb/show_netlist.cc -o show_netlist.o
mv show_netlist.d dep
g++ -I. -I.. -I../../tgt-pcb -I../../tgt-pcb/..  -DHAVE_CONFIG_H -fPIC -Wall -Wextra -Wshadow   -g -O2 -MD -c ../../tgt-pcb/show_pcb.cc -o show_pcb.o
mv show_pcb.d dep
g++ -I. -I.. -I../../tgt-pcb -I../../tgt-pcb/..  -DHAVE_CONFIG_H -fPIC -Wall -Wextra -Wshadow   -g -O2 -MD -c ../../tgt-pcb/footprint.cc -o footprint.o
mv footprint.d dep
bison --verbose -t -p fp --defines=fp.h -o fp.cc ../../tgt-pcb/fp.y
g++ -I. -I.. -I../../tgt-pcb -I../../tgt-pcb/..  -DHAVE_CONFIG_H -fPIC -Wall -Wextra -Wshadow   -g -O2 -MD -c fp.cc -o fp.o
mv fp.d dep
flex -s -ofp_lex.cc ../../tgt-pcb/fp.lex
g++ -I. -I.. -I../../tgt-pcb -I../../tgt-pcb/..  -DHAVE_CONFIG_H -fPIC -Wall -Wextra -Wshadow   -g -O2 -MD -c fp_lex.cc -o fp_lex.o
mv fp_lex.d dep
g++ -bundle -undefined suppress -flat_namespace -pthread -lm -mmacosx-version-min=10.9 -o pcb.tgt pcb.o scope.o show_netlist.o show_pcb.o footprint.o fp.o fp_lex.o 
make[1]: Leaving directory '/Users/bill/version1/utdtools/utd.tools/src/pgms/verilog-11.0/verilog-11.0/build/tgt-pcb'
make[1]: Entering directory '/Users/bill/version1/utdtools/utd.tools/src/pgms/verilog-11.0/verilog-11.0/build/tgt-blif'
mkdir dep
g++ -I. -I.. -I../../tgt-blif -I../../tgt-blif/..  -DHAVE_CONFIG_H -fPIC -Wall -Wextra -Wshadow   -g -O2 -MD -c ../../tgt-blif/blif.cc -o blif.o
mv blif.d dep
g++ -I. -I.. -I../../tgt-blif -I../../tgt-blif/..  -DHAVE_CONFIG_H -fPIC -Wall -Wextra -Wshadow   -g -O2 -MD -c ../../tgt-blif/constants.cc -o constants.o
mv constants.d dep
g++ -I. -I.. -I../../tgt-blif -I../../tgt-blif/..  -DHAVE_CONFIG_H -fPIC -Wall -Wextra -Wshadow   -g -O2 -MD -c ../../tgt-blif/logic_gate.cc -o logic_gate.o
mv logic_gate.d dep
g++ -I. -I.. -I../../tgt-blif -I../../tgt-blif/..  -DHAVE_CONFIG_H -fPIC -Wall -Wextra -Wshadow   -g -O2 -MD -c ../../tgt-blif/lpm.cc -o lpm.o
mv lpm.d dep
g++ -I. -I.. -I../../tgt-blif -I../../tgt-blif/..  -DHAVE_CONFIG_H -fPIC -Wall -Wextra -Wshadow   -g -O2 -MD -c ../../tgt-blif/lpm_add.cc -o lpm_add.o
mv lpm_add.d dep
g++ -I. -I.. -I../../tgt-blif -I../../tgt-blif/..  -DHAVE_CONFIG_H -fPIC -Wall -Wextra -Wshadow   -g -O2 -MD -c ../../tgt-blif/lpm_cmp_eq.cc -o lpm_cmp_eq.o
mv lpm_cmp_eq.d dep
g++ -I. -I.. -I../../tgt-blif -I../../tgt-blif/..  -DHAVE_CONFIG_H -fPIC -Wall -Wextra -Wshadow   -g -O2 -MD -c ../../tgt-blif/lpm_cmp_gt.cc -o lpm_cmp_gt.o
mv lpm_cmp_gt.d dep
g++ -I. -I.. -I../../tgt-blif -I../../tgt-blif/..  -DHAVE_CONFIG_H -fPIC -Wall -Wextra -Wshadow   -g -O2 -MD -c ../../tgt-blif/lpm_ff.cc -o lpm_ff.o
mv lpm_ff.d dep
g++ -I. -I.. -I../../tgt-blif -I../../tgt-blif/..  -DHAVE_CONFIG_H -fPIC -Wall -Wextra -Wshadow   -g -O2 -MD -c ../../tgt-blif/lpm_mux.cc -o lpm_mux.o
mv lpm_mux.d dep
g++ -I. -I.. -I../../tgt-blif -I../../tgt-blif/..  -DHAVE_CONFIG_H -fPIC -Wall -Wextra -Wshadow   -g -O2 -MD -c ../../tgt-blif/lpm_part_vp.cc -o lpm_part_vp.o
mv lpm_part_vp.d dep
g++ -I. -I.. -I../../tgt-blif -I../../tgt-blif/..  -DHAVE_CONFIG_H -fPIC -Wall -Wextra -Wshadow   -g -O2 -MD -c ../../tgt-blif/lpm_re_logic.cc -o lpm_re_logic.o
mv lpm_re_logic.d dep
g++ -I. -I.. -I../../tgt-blif -I../../tgt-blif/..  -DHAVE_CONFIG_H -fPIC -Wall -Wextra -Wshadow   -g -O2 -MD -c ../../tgt-blif/lpm_shift.cc -o lpm_shift.o
mv lpm_shift.d dep
g++ -I. -I.. -I../../tgt-blif -I../../tgt-blif/..  -DHAVE_CONFIG_H -fPIC -Wall -Wextra -Wshadow   -g -O2 -MD -c ../../tgt-blif/lpm_sign_ext.cc -o lpm_sign_ext.o
mv lpm_sign_ext.d dep
g++ -I. -I.. -I../../tgt-blif -I../../tgt-blif/..  -DHAVE_CONFIG_H -fPIC -Wall -Wextra -Wshadow   -g -O2 -MD -c ../../tgt-blif/nex_data.cc -o nex_data.o
mv nex_data.d dep
g++ -bundle -undefined suppress -flat_namespace -pthread -lm -mmacosx-version-min=10.9 -o blif.tgt blif.o constants.o logic_gate.o lpm.o lpm_add.o lpm_cmp_eq.o lpm_cmp_gt.o lpm_ff.o lpm_mux.o lpm_part_vp.o lpm_re_logic.o lpm_shift.o lpm_sign_ext.o nex_data.o 
make[1]: Leaving directory '/Users/bill/version1/utdtools/utd.tools/src/pgms/verilog-11.0/verilog-11.0/build/tgt-blif'
make[1]: Entering directory '/Users/bill/version1/utdtools/utd.tools/src/pgms/verilog-11.0/verilog-11.0/build/tgt-sizer'
mkdir dep
g++ -I. -I.. -I../../tgt-sizer -I../../tgt-sizer/..  -DHAVE_CONFIG_H -fPIC -Wall -Wextra -Wshadow   -g -O2 -MD -c ../../tgt-sizer/sizer.cc -o sizer.o
mv sizer.d dep
g++ -I. -I.. -I../../tgt-sizer -I../../tgt-sizer/..  -DHAVE_CONFIG_H -fPIC -Wall -Wextra -Wshadow   -g -O2 -MD -c ../../tgt-sizer/scan_lpms.cc -o scan_lpms.o
mv scan_lpms.d dep
g++ -I. -I.. -I../../tgt-sizer -I../../tgt-sizer/..  -DHAVE_CONFIG_H -fPIC -Wall -Wextra -Wshadow   -g -O2 -MD -c ../../tgt-sizer/scan_logs.cc -o scan_logs.o
mv scan_logs.d dep
g++ -bundle -undefined suppress -flat_namespace -pthread -lm -mmacosx-version-min=10.9 -o sizer.tgt sizer.o scan_lpms.o scan_logs.o 
make[1]: Leaving directory '/Users/bill/version1/utdtools/utd.tools/src/pgms/verilog-11.0/verilog-11.0/build/tgt-sizer'
make[1]: Entering directory '/Users/bill/version1/utdtools/utd.tools/src/pgms/verilog-11.0/verilog-11.0/build/driver'
mkdir dep
gcc -I. -I.. -I../../driver -I../../driver/..  -DHAVE_CONFIG_H -Wall -Wextra -Wshadow -Wstrict-prototypes  -g -O2 -MD -c -DIVL_ROOT='"/Users/bill/version1/utdtools/utd.tools/v1.0.0/lib/ivl"' -DIVL_SUFFIX='""' -DIVL_INC='"/Users/bill/version1/utdtools/utd.tools/v1.0.0/include"' -DIVL_LIB='"/Users/bill/version1/utdtools/utd.tools/v1.0.0/lib"' -DDLLIB='"-ldl"' ../../driver/main.c
../../driver/main.c: In function 'main':
../../driver/main.c:473:39: warning: '%s' directive output may be truncated writing up to 4095 bytes into a region of size 4092 [-Wformat-truncation=]
       snprintf(tmp, sizeof tmp, " -C\"%s\"", iconfig_common_path);
                                       ^~     ~~~~~~~~~~~~~~~~~~~
../../driver/main.c:473:7: note: 'snprintf' output between 6 and 4101 bytes into a destination of size 4096
       snprintf(tmp, sizeof tmp, " -C\"%s\"", iconfig_common_path);
       ^~~~~~~~~~~~~~~~~~~~~~~~~~~~~~~~~~~~~~~~~~~~~~~~~~~~~~~~~~~
../../driver/main.c:337:58: warning: '%s' directive output may be truncated writing up to 4095 bytes into a region of size 4080 [-Wformat-truncation=]
       snprintf(tmp, sizeof tmp, "%s%civl -V -C\"%s\" -C\"%s\"", base, sep,
                                                          ^~
         iconfig_path, iconfig_common_path);
                       ~~~~~~~~~~~~~~~~~~~                 
../../driver/main.c:337:7: note: 'snprintf' output 18 or more bytes (assuming 4113) into a destination of size 4096
       snprintf(tmp, sizeof tmp, "%s%civl -V -C\"%s\" -C\"%s\"", base, sep,
       ^~~~~~~~~~~~~~~~~~~~~~~~~~~~~~~~~~~~~~~~~~~~~~~~~~~~~~~~~~~~~~~~~~~~
         iconfig_path, iconfig_common_path);
         ~~~~~~~~~~~~~~~~~~~~~~~~~~~~~~~~~~
mv main.d dep
gcc -I. -I.. -I../../driver -I../../driver/..  -DHAVE_CONFIG_H -Wall -Wextra -Wshadow -Wstrict-prototypes  -g -O2 -MD -c ../../driver/substit.c -o substit.o
mv substit.d dep
flex -s -t ../../driver/cflexor.lex > cflexor.c
bison --verbose -t -p cf -d -o cfparse.c ../../driver/cfparse.y
gcc -I. -I.. -I../../driver -I../../driver/..  -DHAVE_CONFIG_H -Wall -Wextra -Wshadow -Wstrict-prototypes  -g -O2 -MD -c cflexor.c -o cflexor.o
mv cflexor.d dep
gcc -I. -I.. -I../../driver -I../../driver/..  -DHAVE_CONFIG_H -Wall -Wextra -Wshadow -Wstrict-prototypes  -g -O2 -MD -c cfparse.c -o cfparse.o
mv cfparse.d dep
gcc -pthread -lm -mmacosx-version-min=10.9 main.o substit.o cflexor.o cfparse.o -o iverilog 
../version.exe `head -1 ../../driver/iverilog.man.in`'\n' > iverilog.man
tail -n +2 ../../driver/iverilog.man.in >> iverilog.man
make[1]: Leaving directory '/Users/bill/version1/utdtools/utd.tools/src/pgms/verilog-11.0/verilog-11.0/build/driver'
