This file contains any messages produced by compilers while
running configure, to aid debugging if configure makes a mistake.

It was created by HTMLDOC configure 1.9.9, which was
generated by GNU Autoconf 2.69.  Invocation command line was

  $ ./configure --prefix=/Users/billswartz7/version1/utdtools/utd.tools/v1.0.0/bin

## --------- ##
## Platform. ##
## --------- ##

hostname = Mac5-5.local
uname -m = x86_64
uname -r = 20.6.0
uname -s = Darwin
uname -v = Darwin Kernel Version 20.6.0: Mon Aug 30 06:12:21 PDT 2021; root:xnu-7195.141.6~3/RELEASE_X86_64

/usr/bin/uname -p = i386
/bin/uname -X     = unknown

/bin/arch              = unknown
/usr/bin/arch -k       = unknown
/usr/convex/getsysinfo = unknown
/usr/bin/hostinfo      = Mach kernel version:
	 Darwin Kernel Version 20.6.0: Mon Aug 30 06:12:21 PDT 2021; root:xnu-7195.141.6~3/RELEASE_X86_64
Kernel configured for up to 16 processors.
8 processors are physically available.
16 processors are logically available.
Processor type: x86_64h (Intel x86-64h Haswell)
Processors active: 0 1 2 3 4 5 6 7 8 9 10 11 12 13 14 15
Primary memory available: 64.00 gigabytes
Default processor set: 483 tasks, 1988 threads, 16 processors
Load average: 2.21, Mach factor: 13.78
/bin/machine           = unknown
/usr/bin/oslevel       = unknown
/bin/universe          = unknown

PATH: /Users/billswartz7/version1/itools/lib/Darwin/python/bin
PATH: /Users/billswartz7/version1/itools/bin/Darwin
PATH: /Users/billswartz7/version1/itools/bin
PATH: .
PATH: /Users/billswartz7/classes/valgrind/bin
PATH: /Users/billswartz7/bin
PATH: /Users/billswartz7/bin/Darwin
PATH: /Users/billswartz7/xcircuit/bin
PATH: /usr/local/bin
PATH: /bin
PATH: /usr/bin
PATH: /opt/X11/bin
PATH: /Users/billswartz7/Droid/android-sdk-mac_x86/platform-tools


## ----------- ##
## Core tests. ##
## ----------- ##

configure:2233: checking for gawk
configure:2263: result: no
configure:2233: checking for mawk
configure:2263: result: no
configure:2233: checking for nawk
configure:2263: result: no
configure:2233: checking for awk
configure:2249: found /usr/bin/awk
configure:2260: result: awk
configure:2325: checking for clang
configure:2341: found /usr/bin/clang
configure:2352: result: clang
configure:2383: checking for C compiler version
configure:2392: clang --version >&5
Apple clang version 13.0.0 (clang-1300.0.29.3)
Target: x86_64-apple-darwin20.6.0
Thread model: posix
InstalledDir: /Applications/Xcode.app/Contents/Developer/Toolchains/XcodeDefault.xctoolchain/usr/bin
configure:2403: $? = 0
configure:2392: clang -v >&5
Apple clang version 13.0.0 (clang-1300.0.29.3)
Target: x86_64-apple-darwin20.6.0
Thread model: posix
InstalledDir: /Applications/Xcode.app/Contents/Developer/Toolchains/XcodeDefault.xctoolchain/usr/bin
configure:2403: $? = 0
configure:2392: clang -V >&5
clang: error: argument to '-V' is missing (expected 1 value)
clang: error: no input files
configure:2403: $? = 1
configure:2392: clang -qversion >&5
clang: error: unknown argument '-qversion'; did you mean '--version'?
clang: error: no input files
configure:2403: $? = 1
configure:2423: checking whether the C compiler works
configure:2445: clang  -I/usr/local/opt/zlib/include  conftest.c  >&5
configure:2449: $? = 0
configure:2497: result: yes
configure:2500: checking for C compiler default output file name
configure:2502: result: a.out
configure:2508: checking for suffix of executables
configure:2515: clang -o conftest  -I/usr/local/opt/zlib/include  conftest.c  >&5
configure:2519: $? = 0
configure:2541: result: 
configure:2563: checking whether we are cross compiling
configure:2571: clang -o conftest  -I/usr/local/opt/zlib/include  conftest.c  >&5
configure:2575: $? = 0
configure:2582: ./conftest
configure:2586: $? = 0
configure:2601: result: no
configure:2606: checking for suffix of object files
configure:2628: clang -c  -I/usr/local/opt/zlib/include conftest.c >&5
configure:2632: $? = 0
configure:2653: result: o
configure:2657: checking whether we are using the GNU C compiler
configure:2676: clang -c  -I/usr/local/opt/zlib/include conftest.c >&5
configure:2676: $? = 0
configure:2685: result: yes
configure:2694: checking whether clang accepts -g
configure:2714: clang -c -g -I/usr/local/opt/zlib/include conftest.c >&5
configure:2714: $? = 0
configure:2755: result: yes
configure:2772: checking for clang option to accept ISO C89
configure:2835: clang  -c  -I/usr/local/opt/zlib/include conftest.c >&5
configure:2835: $? = 0
configure:2848: result: none needed
configure:2926: checking for clang++
configure:2942: found /usr/bin/clang++
configure:2953: result: clang++
configure:2980: checking for C++ compiler version
configure:2989: clang++ --version >&5
Apple clang version 13.0.0 (clang-1300.0.29.3)
Target: x86_64-apple-darwin20.6.0
Thread model: posix
InstalledDir: /Applications/Xcode.app/Contents/Developer/Toolchains/XcodeDefault.xctoolchain/usr/bin
configure:3000: $? = 0
configure:2989: clang++ -v >&5
Apple clang version 13.0.0 (clang-1300.0.29.3)
Target: x86_64-apple-darwin20.6.0
Thread model: posix
InstalledDir: /Applications/Xcode.app/Contents/Developer/Toolchains/XcodeDefault.xctoolchain/usr/bin
configure:3000: $? = 0
configure:2989: clang++ -V >&5
clang: error: argument to '-V' is missing (expected 1 value)
clang: error: no input files
configure:3000: $? = 1
configure:2989: clang++ -qversion >&5
clang: error: unknown argument '-qversion'; did you mean '--version'?
clang: error: no input files
configure:3000: $? = 1
configure:3004: checking whether we are using the GNU C++ compiler
configure:3023: clang++ -c  -I/usr/local/opt/zlib/include conftest.cpp >&5
configure:3023: $? = 0
configure:3032: result: yes
configure:3041: checking whether clang++ accepts -g
configure:3061: clang++ -c -g -I/usr/local/opt/zlib/include conftest.cpp >&5
configure:3061: $? = 0
configure:3102: result: yes
configure:3130: checking how to run the C preprocessor
configure:3161: clang -E -I/usr/local/opt/zlib/include conftest.c
configure:3161: $? = 0
configure:3175: clang -E -I/usr/local/opt/zlib/include conftest.c
conftest.c:10:10: fatal error: 'ac_nonexistent.h' file not found
#include <ac_nonexistent.h>
         ^~~~~~~~~~~~~~~~~~
1 error generated.
configure:3175: $? = 1
configure: failed program was:
| /* confdefs.h */
| #define PACKAGE_NAME "HTMLDOC"
| #define PACKAGE_TARNAME "htmldoc"
| #define PACKAGE_VERSION "1.9.9"
| #define PACKAGE_STRING "HTMLDOC 1.9.9"
| #define PACKAGE_BUGREPORT "https://github.com/michaelrsweet/htmldoc/issues"
| #define PACKAGE_URL "https://michaelrsweet.github.io/htmldoc"
| #define SVERSION "1.9.9"
| /* end confdefs.h.  */
| #include <ac_nonexistent.h>
configure:3200: result: clang -E
configure:3220: clang -E -I/usr/local/opt/zlib/include conftest.c
configure:3220: $? = 0
configure:3234: clang -E -I/usr/local/opt/zlib/include conftest.c
conftest.c:10:10: fatal error: 'ac_nonexistent.h' file not found
#include <ac_nonexistent.h>
         ^~~~~~~~~~~~~~~~~~
1 error generated.
configure:3234: $? = 1
configure: failed program was:
| /* confdefs.h */
| #define PACKAGE_NAME "HTMLDOC"
| #define PACKAGE_TARNAME "htmldoc"
| #define PACKAGE_VERSION "1.9.9"
| #define PACKAGE_STRING "HTMLDOC 1.9.9"
| #define PACKAGE_BUGREPORT "https://github.com/michaelrsweet/htmldoc/issues"
| #define PACKAGE_URL "https://michaelrsweet.github.io/htmldoc"
| #define SVERSION "1.9.9"
| /* end confdefs.h.  */
| #include <ac_nonexistent.h>
configure:3305: checking for ranlib
configure:3321: found /usr/bin/ranlib
configure:3332: result: ranlib
configure:3356: checking for ar
configure:3374: found /usr/bin/ar
configure:3386: result: /usr/bin/ar
configure:3396: checking for chmod
configure:3414: found /bin/chmod
configure:3426: result: /bin/chmod
configure:3436: checking for cp
configure:3454: found /bin/cp
configure:3466: result: /bin/cp
configure:3476: checking for fltk-config
configure:3509: result: no
configure:3514: checking for install-sh script
configure:3518: result: using /Users/billswartz7/version1/utdtools/utd.tools/src/pgms/htmldoc-1.9.9/install-sh
configure:3522: checking for mv
configure:3540: found /bin/mv
configure:3552: result: /bin/mv
configure:3562: checking for mkdir
configure:3580: found /bin/mkdir
configure:3592: result: /bin/mkdir
configure:3602: checking for rm
configure:3620: found /bin/rm
configure:3632: result: /bin/rm
configure:3686: checking for pkg-config
configure:3704: found /usr/local/bin/pkg-config
configure:3716: result: /usr/local/bin/pkg-config
configure:3751: checking for grep that handles long lines and -e
configure:3809: result: /usr/bin/grep
configure:3814: checking for egrep
configure:3876: result: /usr/bin/grep -E
configure:3881: checking for ANSI C header files
configure:3901: clang -c  -I/usr/local/opt/zlib/include conftest.c >&5
configure:3901: $? = 0
configure:3974: clang -o conftest  -I/usr/local/opt/zlib/include  conftest.c  >&5
configure:3974: $? = 0
configure:3974: ./conftest
configure:3974: $? = 0
configure:3985: result: yes
configure:3998: checking for sys/types.h
configure:3998: clang -c  -I/usr/local/opt/zlib/include conftest.c >&5
configure:3998: $? = 0
configure:3998: result: yes
configure:3998: checking for sys/stat.h
configure:3998: clang -c  -I/usr/local/opt/zlib/include conftest.c >&5
configure:3998: $? = 0
configure:3998: result: yes
configure:3998: checking for stdlib.h
configure:3998: clang -c  -I/usr/local/opt/zlib/include conftest.c >&5
configure:3998: $? = 0
configure:3998: result: yes
configure:3998: checking for string.h
configure:3998: clang -c  -I/usr/local/opt/zlib/include conftest.c >&5
configure:3998: $? = 0
configure:3998: result: yes
configure:3998: checking for memory.h
configure:3998: clang -c  -I/usr/local/opt/zlib/include conftest.c >&5
configure:3998: $? = 0
configure:3998: result: yes
configure:3998: checking for strings.h
configure:3998: clang -c  -I/usr/local/opt/zlib/include conftest.c >&5
configure:3998: $? = 0
configure:3998: result: yes
configure:3998: checking for inttypes.h
configure:3998: clang -c  -I/usr/local/opt/zlib/include conftest.c >&5
configure:3998: $? = 0
configure:3998: result: yes
configure:3998: checking for stdint.h
configure:3998: clang -c  -I/usr/local/opt/zlib/include conftest.c >&5
configure:3998: $? = 0
configure:3998: result: yes
configure:3998: checking for unistd.h
configure:3998: clang -c  -I/usr/local/opt/zlib/include conftest.c >&5
configure:3998: $? = 0
configure:3998: result: yes
configure:4010: checking for strings.h
configure:4010: result: yes
configure:4017: checking locale.h usability
configure:4017: clang -c  -I/usr/local/opt/zlib/include conftest.c >&5
configure:4017: $? = 0
configure:4017: result: yes
configure:4017: checking locale.h presence
configure:4017: clang -E -I/usr/local/opt/zlib/include conftest.c
configure:4017: $? = 0
configure:4017: result: yes
configure:4017: checking for locale.h
configure:4017: result: yes
configure:4028: checking for strdup
configure:4028: clang -o conftest  -I/usr/local/opt/zlib/include  conftest.c  >&5
conftest.c:45:6: warning: incompatible redeclaration of library function 'strdup' [-Wincompatible-library-redeclaration]
char strdup ();
     ^
conftest.c:45:6: note: 'strdup' is a builtin with type 'char *(const char *)'
1 warning generated.
configure:4028: $? = 0
configure:4028: result: yes
configure:4028: checking for strcasecmp
configure:4028: clang -o conftest  -I/usr/local/opt/zlib/include  conftest.c  >&5
conftest.c:46:6: warning: incompatible redeclaration of library function 'strcasecmp' [-Wincompatible-library-redeclaration]
char strcasecmp ();
     ^
conftest.c:46:6: note: 'strcasecmp' is a builtin with type 'int (const char *, const char *)'
1 warning generated.
configure:4028: $? = 0
configure:4028: result: yes
configure:4028: checking for strncasecmp
configure:4028: clang -o conftest  -I/usr/local/opt/zlib/include  conftest.c  >&5
conftest.c:47:6: warning: incompatible redeclaration of library function 'strncasecmp' [-Wincompatible-library-redeclaration]
char strncasecmp ();
     ^
conftest.c:47:6: note: 'strncasecmp' is a builtin with type 'int (const char *, const char *, unsigned long)'
1 warning generated.
configure:4028: $? = 0
configure:4028: result: yes
configure:4028: checking for strlcat
configure:4028: clang -o conftest  -I/usr/local/opt/zlib/include  conftest.c  >&5
conftest.c:48:6: warning: incompatible redeclaration of library function 'strlcat' [-Wincompatible-library-redeclaration]
char strlcat ();
     ^
conftest.c:48:6: note: 'strlcat' is a builtin with type 'unsigned long (char *, const char *, unsigned long)'
1 warning generated.
configure:4028: $? = 0
configure:4028: result: yes
configure:4028: checking for strlcpy
configure:4028: clang -o conftest  -I/usr/local/opt/zlib/include  conftest.c  >&5
conftest.c:49:6: warning: incompatible redeclaration of library function 'strlcpy' [-Wincompatible-library-redeclaration]
char strlcpy ();
     ^
conftest.c:49:6: note: 'strlcpy' is a builtin with type 'unsigned long (char *, const char *, unsigned long)'
1 warning generated.
configure:4028: $? = 0
configure:4028: result: yes
configure:4044: checking for snprintf
configure:4044: clang -o conftest  -I/usr/local/opt/zlib/include  conftest.c  >&5
conftest.c:50:6: warning: incompatible redeclaration of library function 'snprintf' [-Wincompatible-library-redeclaration]
char snprintf ();
     ^
conftest.c:50:6: note: 'snprintf' is a builtin with type 'int (char *, unsigned long, const char *, ...)'
1 warning generated.
configure:4044: $? = 0
configure:4044: result: yes
configure:4044: checking for vsnprintf
configure:4044: clang -o conftest  -I/usr/local/opt/zlib/include  conftest.c  >&5
conftest.c:51:6: warning: incompatible redeclaration of library function 'vsnprintf' [-Wincompatible-library-redeclaration]
char vsnprintf ();
     ^
conftest.c:51:6: note: 'vsnprintf' is a builtin with type 'int (char *, unsigned long, const char *, struct __va_list_tag *)'
1 warning generated.
configure:4044: $? = 0
configure:4044: result: yes
configure:4058: checking for random
configure:4058: clang -o conftest  -I/usr/local/opt/zlib/include  conftest.c  >&5
configure:4058: $? = 0
configure:4058: result: yes
configure:4058: checking for lrand48
configure:4058: clang -o conftest  -I/usr/local/opt/zlib/include  conftest.c  >&5
configure:4058: $? = 0
configure:4058: result: yes
configure:4058: checking for arc4random
configure:4058: clang -o conftest  -I/usr/local/opt/zlib/include  conftest.c  >&5
configure:4058: $? = 0
configure:4058: result: yes
configure:4068: checking for tm_gmtoff member in tm structure
configure:4082: clang -c  -I/usr/local/opt/zlib/include conftest.c >&5
configure:4082: $? = 0
configure:4083: result: yes
configure:4096: checking for pow in -lm
configure:4121: clang -o conftest  -I/usr/local/opt/zlib/include  conftest.c -lm   >&5
conftest.c:40:6: warning: incompatible redeclaration of library function 'pow' [-Wincompatible-library-redeclaration]
char pow ();
     ^
conftest.c:40:6: note: 'pow' is a builtin with type 'double (double, double)'
1 warning generated.
configure:4121: $? = 0
configure:4130: result: yes
configure:4141: checking for poll
configure:4141: clang -o conftest  -I/usr/local/opt/zlib/include  conftest.c -lm  >&5
configure:4141: $? = 0
configure:4141: result: yes
configure:4147: checking for library containing socket
configure:4178: clang -o conftest  -I/usr/local/opt/zlib/include  conftest.c -lm  >&5
configure:4178: $? = 0
configure:4195: result: none required
configure:4203: checking for library containing gethostbyaddr
configure:4234: clang -o conftest  -I/usr/local/opt/zlib/include  conftest.c -lm  >&5
configure:4234: $? = 0
configure:4251: result: none required
configure:4259: checking for library containing getaddrinfo
configure:4290: clang -o conftest  -I/usr/local/opt/zlib/include  conftest.c -lm  >&5
configure:4290: $? = 0
configure:4307: result: none required
configure:4316: checking for library containing getnameinfo
configure:4347: clang -o conftest  -I/usr/local/opt/zlib/include  conftest.c -lm  >&5
configure:4347: $? = 0
configure:4364: result: none required
configure:4373: checking for library containing hstrerror
configure:4404: clang -o conftest  -I/usr/local/opt/zlib/include  conftest.c -lm  >&5
configure:4404: $? = 0
configure:4421: result: none required
configure:4430: checking for library containing __res_init
configure:4461: clang -o conftest  -I/usr/local/opt/zlib/include  conftest.c -lm  >&5
Undefined symbols for architecture x86_64:
  "___res_init", referenced from:
      _main in conftest-007fae.o
ld: symbol(s) not found for architecture x86_64
clang: error: linker command failed with exit code 1 (use -v to see invocation)
configure:4461: $? = 1
configure: failed program was:
| /* confdefs.h */
| #define PACKAGE_NAME "HTMLDOC"
| #define PACKAGE_TARNAME "htmldoc"
| #define PACKAGE_VERSION "1.9.9"
| #define PACKAGE_STRING "HTMLDOC 1.9.9"
| #define PACKAGE_BUGREPORT "https://github.com/michaelrsweet/htmldoc/issues"
| #define PACKAGE_URL "https://michaelrsweet.github.io/htmldoc"
| #define SVERSION "1.9.9"
| #define STDC_HEADERS 1
| #define HAVE_SYS_TYPES_H 1
| #define HAVE_SYS_STAT_H 1
| #define HAVE_STDLIB_H 1
| #define HAVE_STRING_H 1
| #define HAVE_MEMORY_H 1
| #define HAVE_STRINGS_H 1
| #define HAVE_INTTYPES_H 1
| #define HAVE_STDINT_H 1
| #define HAVE_UNISTD_H 1
| #define HAVE_STRINGS_H 1
| #define HAVE_LOCALE_H 1
| #define HAVE_STRDUP 1
| #define HAVE_STRCASECMP 1
| #define HAVE_STRNCASECMP 1
| #define HAVE_STRLCAT 1
| #define HAVE_STRLCPY 1
| #define HAVE_SNPRINTF 1
| #define HAVE_VSNPRINTF 1
| #define HAVE_RANDOM 1
| #define HAVE_LRAND48 1
| #define HAVE_ARC4RANDOM 1
| #define HAVE_TM_GMTOFF 1
| #define HAVE_LIBM 1
| #define HAVE_POLL 1
| #define HAVE_GETADDRINFO 1
| #define HAVE_GETNAMEINFO 1
| #define HAVE_HSTRERROR 1
| /* end confdefs.h.  */
| 
| /* Override any GCC internal prototype to avoid an error.
|    Use char because int might match the return type of a GCC
|    builtin and then its argument prototype would still apply.  */
| #ifdef __cplusplus
| extern "C"
| #endif
| char __res_init ();
| int
| main ()
| {
| return __res_init ();
|   ;
|   return 0;
| }
configure:4461: clang -o conftest  -I/usr/local/opt/zlib/include  conftest.c -lresolv  -lm  >&5
Undefined symbols for architecture x86_64:
  "___res_init", referenced from:
      _main in conftest-515276.o
ld: symbol(s) not found for architecture x86_64
clang: error: linker command failed with exit code 1 (use -v to see invocation)
configure:4461: $? = 1
configure: failed program was:
| /* confdefs.h */
| #define PACKAGE_NAME "HTMLDOC"
| #define PACKAGE_TARNAME "htmldoc"
| #define PACKAGE_VERSION "1.9.9"
| #define PACKAGE_STRING "HTMLDOC 1.9.9"
| #define PACKAGE_BUGREPORT "https://github.com/michaelrsweet/htmldoc/issues"
| #define PACKAGE_URL "https://michaelrsweet.github.io/htmldoc"
| #define SVERSION "1.9.9"
| #define STDC_HEADERS 1
| #define HAVE_SYS_TYPES_H 1
| #define HAVE_SYS_STAT_H 1
| #define HAVE_STDLIB_H 1
| #define HAVE_STRING_H 1
| #define HAVE_MEMORY_H 1
| #define HAVE_STRINGS_H 1
| #define HAVE_INTTYPES_H 1
| #define HAVE_STDINT_H 1
| #define HAVE_UNISTD_H 1
| #define HAVE_STRINGS_H 1
| #define HAVE_LOCALE_H 1
| #define HAVE_STRDUP 1
| #define HAVE_STRCASECMP 1
| #define HAVE_STRNCASECMP 1
| #define HAVE_STRLCAT 1
| #define HAVE_STRLCPY 1
| #define HAVE_SNPRINTF 1
| #define HAVE_VSNPRINTF 1
| #define HAVE_RANDOM 1
| #define HAVE_LRAND48 1
| #define HAVE_ARC4RANDOM 1
| #define HAVE_TM_GMTOFF 1
| #define HAVE_LIBM 1
| #define HAVE_POLL 1
| #define HAVE_GETADDRINFO 1
| #define HAVE_GETNAMEINFO 1
| #define HAVE_HSTRERROR 1
| /* end confdefs.h.  */
| 
| /* Override any GCC internal prototype to avoid an error.
|    Use char because int might match the return type of a GCC
|    builtin and then its argument prototype would still apply.  */
| #ifdef __cplusplus
| extern "C"
| #endif
| char __res_init ();
| int
| main ()
| {
| return __res_init ();
|   ;
|   return 0;
| }
configure:4461: clang -o conftest  -I/usr/local/opt/zlib/include  conftest.c -lbind  -lm  >&5
ld: library not found for -lbind
clang: error: linker command failed with exit code 1 (use -v to see invocation)
configure:4461: $? = 1
configure: failed program was:
| /* confdefs.h */
| #define PACKAGE_NAME "HTMLDOC"
| #define PACKAGE_TARNAME "htmldoc"
| #define PACKAGE_VERSION "1.9.9"
| #define PACKAGE_STRING "HTMLDOC 1.9.9"
| #define PACKAGE_BUGREPORT "https://github.com/michaelrsweet/htmldoc/issues"
| #define PACKAGE_URL "https://michaelrsweet.github.io/htmldoc"
| #define SVERSION "1.9.9"
| #define STDC_HEADERS 1
| #define HAVE_SYS_TYPES_H 1
| #define HAVE_SYS_STAT_H 1
| #define HAVE_STDLIB_H 1
| #define HAVE_STRING_H 1
| #define HAVE_MEMORY_H 1
| #define HAVE_STRINGS_H 1
| #define HAVE_INTTYPES_H 1
| #define HAVE_STDINT_H 1
| #define HAVE_UNISTD_H 1
| #define HAVE_STRINGS_H 1
| #define HAVE_LOCALE_H 1
| #define HAVE_STRDUP 1
| #define HAVE_STRCASECMP 1
| #define HAVE_STRNCASECMP 1
| #define HAVE_STRLCAT 1
| #define HAVE_STRLCPY 1
| #define HAVE_SNPRINTF 1
| #define HAVE_VSNPRINTF 1
| #define HAVE_RANDOM 1
| #define HAVE_LRAND48 1
| #define HAVE_ARC4RANDOM 1
| #define HAVE_TM_GMTOFF 1
| #define HAVE_LIBM 1
| #define HAVE_POLL 1
| #define HAVE_GETADDRINFO 1
| #define HAVE_GETNAMEINFO 1
| #define HAVE_HSTRERROR 1
| /* end confdefs.h.  */
| 
| /* Override any GCC internal prototype to avoid an error.
|    Use char because int might match the return type of a GCC
|    builtin and then its argument prototype would still apply.  */
| #ifdef __cplusplus
| extern "C"
| #endif
| char __res_init ();
| int
| main ()
| {
| return __res_init ();
|   ;
|   return 0;
| }
configure:4478: result: no
configure:4486: checking for library containing res_9_init
configure:4517: clang -o conftest  -I/usr/local/opt/zlib/include  conftest.c -lm  >&5
Undefined symbols for architecture x86_64:
  "_res_9_init", referenced from:
      _main in conftest-b21bf4.o
ld: symbol(s) not found for architecture x86_64
clang: error: linker command failed with exit code 1 (use -v to see invocation)
configure:4517: $? = 1
configure: failed program was:
| /* confdefs.h */
| #define PACKAGE_NAME "HTMLDOC"
| #define PACKAGE_TARNAME "htmldoc"
| #define PACKAGE_VERSION "1.9.9"
| #define PACKAGE_STRING "HTMLDOC 1.9.9"
| #define PACKAGE_BUGREPORT "https://github.com/michaelrsweet/htmldoc/issues"
| #define PACKAGE_URL "https://michaelrsweet.github.io/htmldoc"
| #define SVERSION "1.9.9"
| #define STDC_HEADERS 1
| #define HAVE_SYS_TYPES_H 1
| #define HAVE_SYS_STAT_H 1
| #define HAVE_STDLIB_H 1
| #define HAVE_STRING_H 1
| #define HAVE_MEMORY_H 1
| #define HAVE_STRINGS_H 1
| #define HAVE_INTTYPES_H 1
| #define HAVE_STDINT_H 1
| #define HAVE_UNISTD_H 1
| #define HAVE_STRINGS_H 1
| #define HAVE_LOCALE_H 1
| #define HAVE_STRDUP 1
| #define HAVE_STRCASECMP 1
| #define HAVE_STRNCASECMP 1
| #define HAVE_STRLCAT 1
| #define HAVE_STRLCPY 1
| #define HAVE_SNPRINTF 1
| #define HAVE_VSNPRINTF 1
| #define HAVE_RANDOM 1
| #define HAVE_LRAND48 1
| #define HAVE_ARC4RANDOM 1
| #define HAVE_TM_GMTOFF 1
| #define HAVE_LIBM 1
| #define HAVE_POLL 1
| #define HAVE_GETADDRINFO 1
| #define HAVE_GETNAMEINFO 1
| #define HAVE_HSTRERROR 1
| /* end confdefs.h.  */
| 
| /* Override any GCC internal prototype to avoid an error.
|    Use char because int might match the return type of a GCC
|    builtin and then its argument prototype would still apply.  */
| #ifdef __cplusplus
| extern "C"
| #endif
| char res_9_init ();
| int
| main ()
| {
| return res_9_init ();
|   ;
|   return 0;
| }
configure:4517: clang -o conftest  -I/usr/local/opt/zlib/include  conftest.c -lresolv  -lm  >&5
configure:4517: $? = 0
configure:4534: result: -lresolv
configure:4603: checking resolv.h usability
configure:4603: clang -c  -I/usr/local/opt/zlib/include conftest.c >&5
configure:4603: $? = 0
configure:4603: result: yes
configure:4603: checking resolv.h presence
configure:4603: clang -E -I/usr/local/opt/zlib/include conftest.c
configure:4603: $? = 0
configure:4603: result: yes
configure:4603: checking for resolv.h
configure:4603: result: yes
configure:4618: checking for special C compiler options needed for large files
configure:4663: result: no
configure:4669: checking for _FILE_OFFSET_BITS value needed for large files
configure:4694: clang -c  -I/usr/local/opt/zlib/include conftest.c >&5
configure:4694: $? = 0
configure:4726: result: no
configure:4826: checking for long long int
configure:4853: result: yes
configure:4861: checking for strtoll
configure:4861: clang -o conftest  -I/usr/local/opt/zlib/include  conftest.c -lresolv -lm  >&5
conftest.c:64:6: warning: incompatible redeclaration of library function 'strtoll' [-Wincompatible-library-redeclaration]
char strtoll ();
     ^
conftest.c:64:6: note: 'strtoll' is a builtin with type 'long long (const char *, char **, int)'
1 warning generated.
configure:4861: $? = 0
configure:4861: result: yes
configure:4891: checking Security/SecureTransport.h usability
configure:4891: clang -c  -I/usr/local/opt/zlib/include conftest.c >&5
configure:4891: $? = 0
configure:4891: result: yes
configure:4891: checking Security/SecureTransport.h presence
configure:4891: clang -E -I/usr/local/opt/zlib/include conftest.c
configure:4891: $? = 0
configure:4891: result: yes
configure:4891: checking for Security/SecureTransport.h
configure:4891: result: yes
configure:4901: checking Security/SecureTransportPriv.h usability
configure:4901: clang -c  -I/usr/local/opt/zlib/include conftest.c >&5
conftest.c:77:10: fatal error: 'Security/SecureTransportPriv.h' file not found
#include <Security/SecureTransportPriv.h>
         ^~~~~~~~~~~~~~~~~~~~~~~~~~~~~~~~
conftest.c:77:10: note: did not find header 'SecureTransportPriv.h' in framework 'Security' (loaded from '/Applications/Xcode.app/Contents/Developer/Platforms/MacOSX.platform/Developer/SDKs/MacOSX.sdk/System/Library/Frameworks')
1 error generated.
configure:4901: $? = 1
configure: failed program was:
| /* confdefs.h */
| #define PACKAGE_NAME "HTMLDOC"
| #define PACKAGE_TARNAME "htmldoc"
| #define PACKAGE_VERSION "1.9.9"
| #define PACKAGE_STRING "HTMLDOC 1.9.9"
| #define PACKAGE_BUGREPORT "https://github.com/michaelrsweet/htmldoc/issues"
| #define PACKAGE_URL "https://michaelrsweet.github.io/htmldoc"
| #define SVERSION "1.9.9"
| #define STDC_HEADERS 1
| #define HAVE_SYS_TYPES_H 1
| #define HAVE_SYS_STAT_H 1
| #define HAVE_STDLIB_H 1
| #define HAVE_STRING_H 1
| #define HAVE_MEMORY_H 1
| #define HAVE_STRINGS_H 1
| #define HAVE_INTTYPES_H 1
| #define HAVE_STDINT_H 1
| #define HAVE_UNISTD_H 1
| #define HAVE_STRINGS_H 1
| #define HAVE_LOCALE_H 1
| #define HAVE_STRDUP 1
| #define HAVE_STRCASECMP 1
| #define HAVE_STRNCASECMP 1
| #define HAVE_STRLCAT 1
| #define HAVE_STRLCPY 1
| #define HAVE_SNPRINTF 1
| #define HAVE_VSNPRINTF 1
| #define HAVE_RANDOM 1
| #define HAVE_LRAND48 1
| #define HAVE_ARC4RANDOM 1
| #define HAVE_TM_GMTOFF 1
| #define HAVE_LIBM 1
| #define HAVE_POLL 1
| #define HAVE_GETADDRINFO 1
| #define HAVE_GETNAMEINFO 1
| #define HAVE_HSTRERROR 1
| #define HAVE_RES_INIT 1
| #define HAVE_RESOLV_H 1
| #define HAVE_LONG_LONG 1
| #define HAVE_STRTOLL 1
| #define HAVE_SSL 1
| #define HAVE_CDSASSL 1
| /* end confdefs.h.  */
| #include <stdio.h>
| #ifdef HAVE_SYS_TYPES_H
| # include <sys/types.h>
| #endif
| #ifdef HAVE_SYS_STAT_H
| # include <sys/stat.h>
| #endif
| #ifdef STDC_HEADERS
| # include <stdlib.h>
| # include <stddef.h>
| #else
| # ifdef HAVE_STDLIB_H
| #  include <stdlib.h>
| # endif
| #endif
| #ifdef HAVE_STRING_H
| # if !defined STDC_HEADERS && defined HAVE_MEMORY_H
| #  include <memory.h>
| # endif
| # include <string.h>
| #endif
| #ifdef HAVE_STRINGS_H
| # include <strings.h>
| #endif
| #ifdef HAVE_INTTYPES_H
| # include <inttypes.h>
| #endif
| #ifdef HAVE_STDINT_H
| # include <stdint.h>
| #endif
| #ifdef HAVE_UNISTD_H
| # include <unistd.h>
| #endif
| #include <Security/SecureTransportPriv.h>
configure:4901: result: no
configure:4901: checking Security/SecureTransportPriv.h presence
configure:4901: clang -E -I/usr/local/opt/zlib/include conftest.c
conftest.c:44:10: fatal error: 'Security/SecureTransportPriv.h' file not found
#include <Security/SecureTransportPriv.h>
         ^~~~~~~~~~~~~~~~~~~~~~~~~~~~~~~~
conftest.c:44:10: note: did not find header 'SecureTransportPriv.h' in framework 'Security' (loaded from '/Applications/Xcode.app/Contents/Developer/Platforms/MacOSX.platform/Developer/SDKs/MacOSX.sdk/System/Library/Frameworks')
1 error generated.
configure:4901: $? = 1
configure: failed program was:
| /* confdefs.h */
| #define PACKAGE_NAME "HTMLDOC"
| #define PACKAGE_TARNAME "htmldoc"
| #define PACKAGE_VERSION "1.9.9"
| #define PACKAGE_STRING "HTMLDOC 1.9.9"
| #define PACKAGE_BUGREPORT "https://github.com/michaelrsweet/htmldoc/issues"
| #define PACKAGE_URL "https://michaelrsweet.github.io/htmldoc"
| #define SVERSION "1.9.9"
| #define STDC_HEADERS 1
| #define HAVE_SYS_TYPES_H 1
| #define HAVE_SYS_STAT_H 1
| #define HAVE_STDLIB_H 1
| #define HAVE_STRING_H 1
| #define HAVE_MEMORY_H 1
| #define HAVE_STRINGS_H 1
| #define HAVE_INTTYPES_H 1
| #define HAVE_STDINT_H 1
| #define HAVE_UNISTD_H 1
| #define HAVE_STRINGS_H 1
| #define HAVE_LOCALE_H 1
| #define HAVE_STRDUP 1
| #define HAVE_STRCASECMP 1
| #define HAVE_STRNCASECMP 1
| #define HAVE_STRLCAT 1
| #define HAVE_STRLCPY 1
| #define HAVE_SNPRINTF 1
| #define HAVE_VSNPRINTF 1
| #define HAVE_RANDOM 1
| #define HAVE_LRAND48 1
| #define HAVE_ARC4RANDOM 1
| #define HAVE_TM_GMTOFF 1
| #define HAVE_LIBM 1
| #define HAVE_POLL 1
| #define HAVE_GETADDRINFO 1
| #define HAVE_GETNAMEINFO 1
| #define HAVE_HSTRERROR 1
| #define HAVE_RES_INIT 1
| #define HAVE_RESOLV_H 1
| #define HAVE_LONG_LONG 1
| #define HAVE_STRTOLL 1
| #define HAVE_SSL 1
| #define HAVE_CDSASSL 1
| /* end confdefs.h.  */
| #include <Security/SecureTransportPriv.h>
configure:4901: result: no
configure:4901: checking for Security/SecureTransportPriv.h
configure:4901: result: no
configure:4908: checking Security/SecCertificate.h usability
configure:4908: clang -c  -I/usr/local/opt/zlib/include conftest.c >&5
configure:4908: $? = 0
configure:4908: result: yes
configure:4908: checking Security/SecCertificate.h presence
configure:4908: clang -E -I/usr/local/opt/zlib/include conftest.c
configure:4908: $? = 0
configure:4908: result: yes
configure:4908: checking for Security/SecCertificate.h
configure:4908: result: yes
configure:4915: checking Security/SecItem.h usability
configure:4915: clang -c  -I/usr/local/opt/zlib/include conftest.c >&5
configure:4915: $? = 0
configure:4915: result: yes
configure:4915: checking Security/SecItem.h presence
configure:4915: clang -E -I/usr/local/opt/zlib/include conftest.c
configure:4915: $? = 0
configure:4915: result: yes
configure:4915: checking for Security/SecItem.h
configure:4915: result: yes
configure:4922: checking for Security/SecItemPriv.h
configure:4922: clang -c  -I/usr/local/opt/zlib/include conftest.c >&5
conftest.c:48:10: fatal error: 'Security/SecItemPriv.h' file not found
#include <Security/SecItemPriv.h>
         ^~~~~~~~~~~~~~~~~~~~~~~~
conftest.c:48:10: note: did not find header 'SecItemPriv.h' in framework 'Security' (loaded from '/Applications/Xcode.app/Contents/Developer/Platforms/MacOSX.platform/Developer/SDKs/MacOSX.sdk/System/Library/Frameworks')
1 error generated.
configure:4922: $? = 1
configure: failed program was:
| /* confdefs.h */
| #define PACKAGE_NAME "HTMLDOC"
| #define PACKAGE_TARNAME "htmldoc"
| #define PACKAGE_VERSION "1.9.9"
| #define PACKAGE_STRING "HTMLDOC 1.9.9"
| #define PACKAGE_BUGREPORT "https://github.com/michaelrsweet/htmldoc/issues"
| #define PACKAGE_URL "https://michaelrsweet.github.io/htmldoc"
| #define SVERSION "1.9.9"
| #define STDC_HEADERS 1
| #define HAVE_SYS_TYPES_H 1
| #define HAVE_SYS_STAT_H 1
| #define HAVE_STDLIB_H 1
| #define HAVE_STRING_H 1
| #define HAVE_MEMORY_H 1
| #define HAVE_STRINGS_H 1
| #define HAVE_INTTYPES_H 1
| #define HAVE_STDINT_H 1
| #define HAVE_UNISTD_H 1
| #define HAVE_STRINGS_H 1
| #define HAVE_LOCALE_H 1
| #define HAVE_STRDUP 1
| #define HAVE_STRCASECMP 1
| #define HAVE_STRNCASECMP 1
| #define HAVE_STRLCAT 1
| #define HAVE_STRLCPY 1
| #define HAVE_SNPRINTF 1
| #define HAVE_VSNPRINTF 1
| #define HAVE_RANDOM 1
| #define HAVE_LRAND48 1
| #define HAVE_ARC4RANDOM 1
| #define HAVE_TM_GMTOFF 1
| #define HAVE_LIBM 1
| #define HAVE_POLL 1
| #define HAVE_GETADDRINFO 1
| #define HAVE_GETNAMEINFO 1
| #define HAVE_HSTRERROR 1
| #define HAVE_RES_INIT 1
| #define HAVE_RESOLV_H 1
| #define HAVE_LONG_LONG 1
| #define HAVE_STRTOLL 1
| #define HAVE_SSL 1
| #define HAVE_CDSASSL 1
| #define HAVE_SECCERTIFICATE_H 1
| #define HAVE_SECITEM_H 1
| /* end confdefs.h.  */
| #include <Security/SecItem.h>
| 
| #include <Security/SecItemPriv.h>
configure:4922: result: no
configure:4930: checking Security/SecPolicy.h usability
configure:4930: clang -c  -I/usr/local/opt/zlib/include conftest.c >&5
configure:4930: $? = 0
configure:4930: result: yes
configure:4930: checking Security/SecPolicy.h presence
configure:4930: clang -E -I/usr/local/opt/zlib/include conftest.c
configure:4930: $? = 0
configure:4930: result: yes
configure:4930: checking for Security/SecPolicy.h
configure:4930: result: yes
configure:4937: checking Security/SecPolicyPriv.h usability
configure:4937: clang -c  -I/usr/local/opt/zlib/include conftest.c >&5
conftest.c:80:10: fatal error: 'Security/SecPolicyPriv.h' file not found
#include <Security/SecPolicyPriv.h>
         ^~~~~~~~~~~~~~~~~~~~~~~~~~
conftest.c:80:10: note: did not find header 'SecPolicyPriv.h' in framework 'Security' (loaded from '/Applications/Xcode.app/Contents/Developer/Platforms/MacOSX.platform/Developer/SDKs/MacOSX.sdk/System/Library/Frameworks')
1 error generated.
configure:4937: $? = 1
configure: failed program was:
| /* confdefs.h */
| #define PACKAGE_NAME "HTMLDOC"
| #define PACKAGE_TARNAME "htmldoc"
| #define PACKAGE_VERSION "1.9.9"
| #define PACKAGE_STRING "HTMLDOC 1.9.9"
| #define PACKAGE_BUGREPORT "https://github.com/michaelrsweet/htmldoc/issues"
| #define PACKAGE_URL "https://michaelrsweet.github.io/htmldoc"
| #define SVERSION "1.9.9"
| #define STDC_HEADERS 1
| #define HAVE_SYS_TYPES_H 1
| #define HAVE_SYS_STAT_H 1
| #define HAVE_STDLIB_H 1
| #define HAVE_STRING_H 1
| #define HAVE_MEMORY_H 1
| #define HAVE_STRINGS_H 1
| #define HAVE_INTTYPES_H 1
| #define HAVE_STDINT_H 1
| #define HAVE_UNISTD_H 1
| #define HAVE_STRINGS_H 1
| #define HAVE_LOCALE_H 1
| #define HAVE_STRDUP 1
| #define HAVE_STRCASECMP 1
| #define HAVE_STRNCASECMP 1
| #define HAVE_STRLCAT 1
| #define HAVE_STRLCPY 1
| #define HAVE_SNPRINTF 1
| #define HAVE_VSNPRINTF 1
| #define HAVE_RANDOM 1
| #define HAVE_LRAND48 1
| #define HAVE_ARC4RANDOM 1
| #define HAVE_TM_GMTOFF 1
| #define HAVE_LIBM 1
| #define HAVE_POLL 1
| #define HAVE_GETADDRINFO 1
| #define HAVE_GETNAMEINFO 1
| #define HAVE_HSTRERROR 1
| #define HAVE_RES_INIT 1
| #define HAVE_RESOLV_H 1
| #define HAVE_LONG_LONG 1
| #define HAVE_STRTOLL 1
| #define HAVE_SSL 1
| #define HAVE_CDSASSL 1
| #define HAVE_SECCERTIFICATE_H 1
| #define HAVE_SECITEM_H 1
| #define HAVE_SECPOLICY_H 1
| /* end confdefs.h.  */
| #include <stdio.h>
| #ifdef HAVE_SYS_TYPES_H
| # include <sys/types.h>
| #endif
| #ifdef HAVE_SYS_STAT_H
| # include <sys/stat.h>
| #endif
| #ifdef STDC_HEADERS
| # include <stdlib.h>
| # include <stddef.h>
| #else
| # ifdef HAVE_STDLIB_H
| #  include <stdlib.h>
| # endif
| #endif
| #ifdef HAVE_STRING_H
| # if !defined STDC_HEADERS && defined HAVE_MEMORY_H
| #  include <memory.h>
| # endif
| # include <string.h>
| #endif
| #ifdef HAVE_STRINGS_H
| # include <strings.h>
| #endif
| #ifdef HAVE_INTTYPES_H
| # include <inttypes.h>
| #endif
| #ifdef HAVE_STDINT_H
| # include <stdint.h>
| #endif
| #ifdef HAVE_UNISTD_H
| # include <unistd.h>
| #endif
| #include <Security/SecPolicyPriv.h>
configure:4937: result: no
configure:4937: checking Security/SecPolicyPriv.h presence
configure:4937: clang -E -I/usr/local/opt/zlib/include conftest.c
conftest.c:47:10: fatal error: 'Security/SecPolicyPriv.h' file not found
#include <Security/SecPolicyPriv.h>
         ^~~~~~~~~~~~~~~~~~~~~~~~~~
conftest.c:47:10: note: did not find header 'SecPolicyPriv.h' in framework 'Security' (loaded from '/Applications/Xcode.app/Contents/Developer/Platforms/MacOSX.platform/Developer/SDKs/MacOSX.sdk/System/Library/Frameworks')
1 error generated.
configure:4937: $? = 1
configure: failed program was:
| /* confdefs.h */
| #define PACKAGE_NAME "HTMLDOC"
| #define PACKAGE_TARNAME "htmldoc"
| #define PACKAGE_VERSION "1.9.9"
| #define PACKAGE_STRING "HTMLDOC 1.9.9"
| #define PACKAGE_BUGREPORT "https://github.com/michaelrsweet/htmldoc/issues"
| #define PACKAGE_URL "https://michaelrsweet.github.io/htmldoc"
| #define SVERSION "1.9.9"
| #define STDC_HEADERS 1
| #define HAVE_SYS_TYPES_H 1
| #define HAVE_SYS_STAT_H 1
| #define HAVE_STDLIB_H 1
| #define HAVE_STRING_H 1
| #define HAVE_MEMORY_H 1
| #define HAVE_STRINGS_H 1
| #define HAVE_INTTYPES_H 1
| #define HAVE_STDINT_H 1
| #define HAVE_UNISTD_H 1
| #define HAVE_STRINGS_H 1
| #define HAVE_LOCALE_H 1
| #define HAVE_STRDUP 1
| #define HAVE_STRCASECMP 1
| #define HAVE_STRNCASECMP 1
| #define HAVE_STRLCAT 1
| #define HAVE_STRLCPY 1
| #define HAVE_SNPRINTF 1
| #define HAVE_VSNPRINTF 1
| #define HAVE_RANDOM 1
| #define HAVE_LRAND48 1
| #define HAVE_ARC4RANDOM 1
| #define HAVE_TM_GMTOFF 1
| #define HAVE_LIBM 1
| #define HAVE_POLL 1
| #define HAVE_GETADDRINFO 1
| #define HAVE_GETNAMEINFO 1
| #define HAVE_HSTRERROR 1
| #define HAVE_RES_INIT 1
| #define HAVE_RESOLV_H 1
| #define HAVE_LONG_LONG 1
| #define HAVE_STRTOLL 1
| #define HAVE_SSL 1
| #define HAVE_CDSASSL 1
| #define HAVE_SECCERTIFICATE_H 1
| #define HAVE_SECITEM_H 1
| #define HAVE_SECPOLICY_H 1
| /* end confdefs.h.  */
| #include <Security/SecPolicyPriv.h>
configure:4937: result: no
configure:4937: checking for Security/SecPolicyPriv.h
configure:4937: result: no
configure:4944: checking Security/SecBasePriv.h usability
configure:4944: clang -c  -I/usr/local/opt/zlib/include conftest.c >&5
conftest.c:80:10: fatal error: 'Security/SecBasePriv.h' file not found
#include <Security/SecBasePriv.h>
         ^~~~~~~~~~~~~~~~~~~~~~~~
conftest.c:80:10: note: did not find header 'SecBasePriv.h' in framework 'Security' (loaded from '/Applications/Xcode.app/Contents/Developer/Platforms/MacOSX.platform/Developer/SDKs/MacOSX.sdk/System/Library/Frameworks')
1 error generated.
configure:4944: $? = 1
configure: failed program was:
| /* confdefs.h */
| #define PACKAGE_NAME "HTMLDOC"
| #define PACKAGE_TARNAME "htmldoc"
| #define PACKAGE_VERSION "1.9.9"
| #define PACKAGE_STRING "HTMLDOC 1.9.9"
| #define PACKAGE_BUGREPORT "https://github.com/michaelrsweet/htmldoc/issues"
| #define PACKAGE_URL "https://michaelrsweet.github.io/htmldoc"
| #define SVERSION "1.9.9"
| #define STDC_HEADERS 1
| #define HAVE_SYS_TYPES_H 1
| #define HAVE_SYS_STAT_H 1
| #define HAVE_STDLIB_H 1
| #define HAVE_STRING_H 1
| #define HAVE_MEMORY_H 1
| #define HAVE_STRINGS_H 1
| #define HAVE_INTTYPES_H 1
| #define HAVE_STDINT_H 1
| #define HAVE_UNISTD_H 1
| #define HAVE_STRINGS_H 1
| #define HAVE_LOCALE_H 1
| #define HAVE_STRDUP 1
| #define HAVE_STRCASECMP 1
| #define HAVE_STRNCASECMP 1
| #define HAVE_STRLCAT 1
| #define HAVE_STRLCPY 1
| #define HAVE_SNPRINTF 1
| #define HAVE_VSNPRINTF 1
| #define HAVE_RANDOM 1
| #define HAVE_LRAND48 1
| #define HAVE_ARC4RANDOM 1
| #define HAVE_TM_GMTOFF 1
| #define HAVE_LIBM 1
| #define HAVE_POLL 1
| #define HAVE_GETADDRINFO 1
| #define HAVE_GETNAMEINFO 1
| #define HAVE_HSTRERROR 1
| #define HAVE_RES_INIT 1
| #define HAVE_RESOLV_H 1
| #define HAVE_LONG_LONG 1
| #define HAVE_STRTOLL 1
| #define HAVE_SSL 1
| #define HAVE_CDSASSL 1
| #define HAVE_SECCERTIFICATE_H 1
| #define HAVE_SECITEM_H 1
| #define HAVE_SECPOLICY_H 1
| /* end confdefs.h.  */
| #include <stdio.h>
| #ifdef HAVE_SYS_TYPES_H
| # include <sys/types.h>
| #endif
| #ifdef HAVE_SYS_STAT_H
| # include <sys/stat.h>
| #endif
| #ifdef STDC_HEADERS
| # include <stdlib.h>
| # include <stddef.h>
| #else
| # ifdef HAVE_STDLIB_H
| #  include <stdlib.h>
| # endif
| #endif
| #ifdef HAVE_STRING_H
| # if !defined STDC_HEADERS && defined HAVE_MEMORY_H
| #  include <memory.h>
| # endif
| # include <string.h>
| #endif
| #ifdef HAVE_STRINGS_H
| # include <strings.h>
| #endif
| #ifdef HAVE_INTTYPES_H
| # include <inttypes.h>
| #endif
| #ifdef HAVE_STDINT_H
| # include <stdint.h>
| #endif
| #ifdef HAVE_UNISTD_H
| # include <unistd.h>
| #endif
| #include <Security/SecBasePriv.h>
configure:4944: result: no
configure:4944: checking Security/SecBasePriv.h presence
configure:4944: clang -E -I/usr/local/opt/zlib/include conftest.c
conftest.c:47:10: fatal error: 'Security/SecBasePriv.h' file not found
#include <Security/SecBasePriv.h>
         ^~~~~~~~~~~~~~~~~~~~~~~~
conftest.c:47:10: note: did not find header 'SecBasePriv.h' in framework 'Security' (loaded from '/Applications/Xcode.app/Contents/Developer/Platforms/MacOSX.platform/Developer/SDKs/MacOSX.sdk/System/Library/Frameworks')
1 error generated.
configure:4944: $? = 1
configure: failed program was:
| /* confdefs.h */
| #define PACKAGE_NAME "HTMLDOC"
| #define PACKAGE_TARNAME "htmldoc"
| #define PACKAGE_VERSION "1.9.9"
| #define PACKAGE_STRING "HTMLDOC 1.9.9"
| #define PACKAGE_BUGREPORT "https://github.com/michaelrsweet/htmldoc/issues"
| #define PACKAGE_URL "https://michaelrsweet.github.io/htmldoc"
| #define SVERSION "1.9.9"
| #define STDC_HEADERS 1
| #define HAVE_SYS_TYPES_H 1
| #define HAVE_SYS_STAT_H 1
| #define HAVE_STDLIB_H 1
| #define HAVE_STRING_H 1
| #define HAVE_MEMORY_H 1
| #define HAVE_STRINGS_H 1
| #define HAVE_INTTYPES_H 1
| #define HAVE_STDINT_H 1
| #define HAVE_UNISTD_H 1
| #define HAVE_STRINGS_H 1
| #define HAVE_LOCALE_H 1
| #define HAVE_STRDUP 1
| #define HAVE_STRCASECMP 1
| #define HAVE_STRNCASECMP 1
| #define HAVE_STRLCAT 1
| #define HAVE_STRLCPY 1
| #define HAVE_SNPRINTF 1
| #define HAVE_VSNPRINTF 1
| #define HAVE_RANDOM 1
| #define HAVE_LRAND48 1
| #define HAVE_ARC4RANDOM 1
| #define HAVE_TM_GMTOFF 1
| #define HAVE_LIBM 1
| #define HAVE_POLL 1
| #define HAVE_GETADDRINFO 1
| #define HAVE_GETNAMEINFO 1
| #define HAVE_HSTRERROR 1
| #define HAVE_RES_INIT 1
| #define HAVE_RESOLV_H 1
| #define HAVE_LONG_LONG 1
| #define HAVE_STRTOLL 1
| #define HAVE_SSL 1
| #define HAVE_CDSASSL 1
| #define HAVE_SECCERTIFICATE_H 1
| #define HAVE_SECITEM_H 1
| #define HAVE_SECPOLICY_H 1
| /* end confdefs.h.  */
| #include <Security/SecBasePriv.h>
configure:4944: result: no
configure:4944: checking for Security/SecBasePriv.h
configure:4944: result: no
configure:4951: checking Security/SecIdentitySearchPriv.h usability
configure:4951: clang -c  -I/usr/local/opt/zlib/include conftest.c >&5
conftest.c:80:10: fatal error: 'Security/SecIdentitySearchPriv.h' file not found
#include <Security/SecIdentitySearchPriv.h>
         ^~~~~~~~~~~~~~~~~~~~~~~~~~~~~~~~~~
conftest.c:80:10: note: did not find header 'SecIdentitySearchPriv.h' in framework 'Security' (loaded from '/Applications/Xcode.app/Contents/Developer/Platforms/MacOSX.platform/Developer/SDKs/MacOSX.sdk/System/Library/Frameworks')
1 error generated.
configure:4951: $? = 1
configure: failed program was:
| /* confdefs.h */
| #define PACKAGE_NAME "HTMLDOC"
| #define PACKAGE_TARNAME "htmldoc"
| #define PACKAGE_VERSION "1.9.9"
| #define PACKAGE_STRING "HTMLDOC 1.9.9"
| #define PACKAGE_BUGREPORT "https://github.com/michaelrsweet/htmldoc/issues"
| #define PACKAGE_URL "https://michaelrsweet.github.io/htmldoc"
| #define SVERSION "1.9.9"
| #define STDC_HEADERS 1
| #define HAVE_SYS_TYPES_H 1
| #define HAVE_SYS_STAT_H 1
| #define HAVE_STDLIB_H 1
| #define HAVE_STRING_H 1
| #define HAVE_MEMORY_H 1
| #define HAVE_STRINGS_H 1
| #define HAVE_INTTYPES_H 1
| #define HAVE_STDINT_H 1
| #define HAVE_UNISTD_H 1
| #define HAVE_STRINGS_H 1
| #define HAVE_LOCALE_H 1
| #define HAVE_STRDUP 1
| #define HAVE_STRCASECMP 1
| #define HAVE_STRNCASECMP 1
| #define HAVE_STRLCAT 1
| #define HAVE_STRLCPY 1
| #define HAVE_SNPRINTF 1
| #define HAVE_VSNPRINTF 1
| #define HAVE_RANDOM 1
| #define HAVE_LRAND48 1
| #define HAVE_ARC4RANDOM 1
| #define HAVE_TM_GMTOFF 1
| #define HAVE_LIBM 1
| #define HAVE_POLL 1
| #define HAVE_GETADDRINFO 1
| #define HAVE_GETNAMEINFO 1
| #define HAVE_HSTRERROR 1
| #define HAVE_RES_INIT 1
| #define HAVE_RESOLV_H 1
| #define HAVE_LONG_LONG 1
| #define HAVE_STRTOLL 1
| #define HAVE_SSL 1
| #define HAVE_CDSASSL 1
| #define HAVE_SECCERTIFICATE_H 1
| #define HAVE_SECITEM_H 1
| #define HAVE_SECPOLICY_H 1
| /* end confdefs.h.  */
| #include <stdio.h>
| #ifdef HAVE_SYS_TYPES_H
| # include <sys/types.h>
| #endif
| #ifdef HAVE_SYS_STAT_H
| # include <sys/stat.h>
| #endif
| #ifdef STDC_HEADERS
| # include <stdlib.h>
| # include <stddef.h>
| #else
| # ifdef HAVE_STDLIB_H
| #  include <stdlib.h>
| # endif
| #endif
| #ifdef HAVE_STRING_H
| # if !defined STDC_HEADERS && defined HAVE_MEMORY_H
| #  include <memory.h>
| # endif
| # include <string.h>
| #endif
| #ifdef HAVE_STRINGS_H
| # include <strings.h>
| #endif
| #ifdef HAVE_INTTYPES_H
| # include <inttypes.h>
| #endif
| #ifdef HAVE_STDINT_H
| # include <stdint.h>
| #endif
| #ifdef HAVE_UNISTD_H
| # include <unistd.h>
| #endif
| #include <Security/SecIdentitySearchPriv.h>
configure:4951: result: no
configure:4951: checking Security/SecIdentitySearchPriv.h presence
configure:4951: clang -E -I/usr/local/opt/zlib/include conftest.c
conftest.c:47:10: fatal error: 'Security/SecIdentitySearchPriv.h' file not found
#include <Security/SecIdentitySearchPriv.h>
         ^~~~~~~~~~~~~~~~~~~~~~~~~~~~~~~~~~
conftest.c:47:10: note: did not find header 'SecIdentitySearchPriv.h' in framework 'Security' (loaded from '/Applications/Xcode.app/Contents/Developer/Platforms/MacOSX.platform/Developer/SDKs/MacOSX.sdk/System/Library/Frameworks')
1 error generated.
configure:4951: $? = 1
configure: failed program was:
| /* confdefs.h */
| #define PACKAGE_NAME "HTMLDOC"
| #define PACKAGE_TARNAME "htmldoc"
| #define PACKAGE_VERSION "1.9.9"
| #define PACKAGE_STRING "HTMLDOC 1.9.9"
| #define PACKAGE_BUGREPORT "https://github.com/michaelrsweet/htmldoc/issues"
| #define PACKAGE_URL "https://michaelrsweet.github.io/htmldoc"
| #define SVERSION "1.9.9"
| #define STDC_HEADERS 1
| #define HAVE_SYS_TYPES_H 1
| #define HAVE_SYS_STAT_H 1
| #define HAVE_STDLIB_H 1
| #define HAVE_STRING_H 1
| #define HAVE_MEMORY_H 1
| #define HAVE_STRINGS_H 1
| #define HAVE_INTTYPES_H 1
| #define HAVE_STDINT_H 1
| #define HAVE_UNISTD_H 1
| #define HAVE_STRINGS_H 1
| #define HAVE_LOCALE_H 1
| #define HAVE_STRDUP 1
| #define HAVE_STRCASECMP 1
| #define HAVE_STRNCASECMP 1
| #define HAVE_STRLCAT 1
| #define HAVE_STRLCPY 1
| #define HAVE_SNPRINTF 1
| #define HAVE_VSNPRINTF 1
| #define HAVE_RANDOM 1
| #define HAVE_LRAND48 1
| #define HAVE_ARC4RANDOM 1
| #define HAVE_TM_GMTOFF 1
| #define HAVE_LIBM 1
| #define HAVE_POLL 1
| #define HAVE_GETADDRINFO 1
| #define HAVE_GETNAMEINFO 1
| #define HAVE_HSTRERROR 1
| #define HAVE_RES_INIT 1
| #define HAVE_RESOLV_H 1
| #define HAVE_LONG_LONG 1
| #define HAVE_STRTOLL 1
| #define HAVE_SSL 1
| #define HAVE_CDSASSL 1
| #define HAVE_SECCERTIFICATE_H 1
| #define HAVE_SECITEM_H 1
| #define HAVE_SECPOLICY_H 1
| /* end confdefs.h.  */
| #include <Security/SecIdentitySearchPriv.h>
configure:4951: result: no
configure:4951: checking for Security/SecIdentitySearchPriv.h
configure:4951: result: no
configure:5209: Using SSLFLAGS="", SSLLIBS="-framework Security -framework CoreFoundation"
configure:5314: WARNING: FLTK not available so no GUI will be built.
configure:5337: checking for library containing jpeg_CreateCompress
configure:5368: clang -o conftest  -I/usr/local/opt/zlib/include  conftest.c -lresolv -lm  >&5
Undefined symbols for architecture x86_64:
  "_jpeg_CreateCompress", referenced from:
      _main in conftest-254a9b.o
ld: symbol(s) not found for architecture x86_64
clang: error: linker command failed with exit code 1 (use -v to see invocation)
configure:5368: $? = 1
configure: failed program was:
| /* confdefs.h */
| #define PACKAGE_NAME "HTMLDOC"
| #define PACKAGE_TARNAME "htmldoc"
| #define PACKAGE_VERSION "1.9.9"
| #define PACKAGE_STRING "HTMLDOC 1.9.9"
| #define PACKAGE_BUGREPORT "https://github.com/michaelrsweet/htmldoc/issues"
| #define PACKAGE_URL "https://michaelrsweet.github.io/htmldoc"
| #define SVERSION "1.9.9"
| #define STDC_HEADERS 1
| #define HAVE_SYS_TYPES_H 1
| #define HAVE_SYS_STAT_H 1
| #define HAVE_STDLIB_H 1
| #define HAVE_STRING_H 1
| #define HAVE_MEMORY_H 1
| #define HAVE_STRINGS_H 1
| #define HAVE_INTTYPES_H 1
| #define HAVE_STDINT_H 1
| #define HAVE_UNISTD_H 1
| #define HAVE_STRINGS_H 1
| #define HAVE_LOCALE_H 1
| #define HAVE_STRDUP 1
| #define HAVE_STRCASECMP 1
| #define HAVE_STRNCASECMP 1
| #define HAVE_STRLCAT 1
| #define HAVE_STRLCPY 1
| #define HAVE_SNPRINTF 1
| #define HAVE_VSNPRINTF 1
| #define HAVE_RANDOM 1
| #define HAVE_LRAND48 1
| #define HAVE_ARC4RANDOM 1
| #define HAVE_TM_GMTOFF 1
| #define HAVE_LIBM 1
| #define HAVE_POLL 1
| #define HAVE_GETADDRINFO 1
| #define HAVE_GETNAMEINFO 1
| #define HAVE_HSTRERROR 1
| #define HAVE_RES_INIT 1
| #define HAVE_RESOLV_H 1
| #define HAVE_LONG_LONG 1
| #define HAVE_STRTOLL 1
| #define HAVE_SSL 1
| #define HAVE_CDSASSL 1
| #define HAVE_SECCERTIFICATE_H 1
| #define HAVE_SECITEM_H 1
| #define HAVE_SECPOLICY_H 1
| #define HAVE_CSSMERRORSTRING 1
| #define HAVE_SECKEYCHAINOPEN 1
| #define HAVE_SSLSETENABLEDCIPHERS 1
| /* end confdefs.h.  */
| 
| /* Override any GCC internal prototype to avoid an error.
|    Use char because int might match the return type of a GCC
|    builtin and then its argument prototype would still apply.  */
| #ifdef __cplusplus
| extern "C"
| #endif
| char jpeg_CreateCompress ();
| int
| main ()
| {
| return jpeg_CreateCompress ();
|   ;
|   return 0;
| }
configure:5368: clang -o conftest  -I/usr/local/opt/zlib/include  conftest.c -lturbojpeg  -lresolv -lm  >&5
ld: library not found for -lturbojpeg
clang: error: linker command failed with exit code 1 (use -v to see invocation)
configure:5368: $? = 1
configure: failed program was:
| /* confdefs.h */
| #define PACKAGE_NAME "HTMLDOC"
| #define PACKAGE_TARNAME "htmldoc"
| #define PACKAGE_VERSION "1.9.9"
| #define PACKAGE_STRING "HTMLDOC 1.9.9"
| #define PACKAGE_BUGREPORT "https://github.com/michaelrsweet/htmldoc/issues"
| #define PACKAGE_URL "https://michaelrsweet.github.io/htmldoc"
| #define SVERSION "1.9.9"
| #define STDC_HEADERS 1
| #define HAVE_SYS_TYPES_H 1
| #define HAVE_SYS_STAT_H 1
| #define HAVE_STDLIB_H 1
| #define HAVE_STRING_H 1
| #define HAVE_MEMORY_H 1
| #define HAVE_STRINGS_H 1
| #define HAVE_INTTYPES_H 1
| #define HAVE_STDINT_H 1
| #define HAVE_UNISTD_H 1
| #define HAVE_STRINGS_H 1
| #define HAVE_LOCALE_H 1
| #define HAVE_STRDUP 1
| #define HAVE_STRCASECMP 1
| #define HAVE_STRNCASECMP 1
| #define HAVE_STRLCAT 1
| #define HAVE_STRLCPY 1
| #define HAVE_SNPRINTF 1
| #define HAVE_VSNPRINTF 1
| #define HAVE_RANDOM 1
| #define HAVE_LRAND48 1
| #define HAVE_ARC4RANDOM 1
| #define HAVE_TM_GMTOFF 1
| #define HAVE_LIBM 1
| #define HAVE_POLL 1
| #define HAVE_GETADDRINFO 1
| #define HAVE_GETNAMEINFO 1
| #define HAVE_HSTRERROR 1
| #define HAVE_RES_INIT 1
| #define HAVE_RESOLV_H 1
| #define HAVE_LONG_LONG 1
| #define HAVE_STRTOLL 1
| #define HAVE_SSL 1
| #define HAVE_CDSASSL 1
| #define HAVE_SECCERTIFICATE_H 1
| #define HAVE_SECITEM_H 1
| #define HAVE_SECPOLICY_H 1
| #define HAVE_CSSMERRORSTRING 1
| #define HAVE_SECKEYCHAINOPEN 1
| #define HAVE_SSLSETENABLEDCIPHERS 1
| /* end confdefs.h.  */
| 
| /* Override any GCC internal prototype to avoid an error.
|    Use char because int might match the return type of a GCC
|    builtin and then its argument prototype would still apply.  */
| #ifdef __cplusplus
| extern "C"
| #endif
| char jpeg_CreateCompress ();
| int
| main ()
| {
| return jpeg_CreateCompress ();
|   ;
|   return 0;
| }
configure:5368: clang -o conftest  -I/usr/local/opt/zlib/include  conftest.c -ljpeg  -lresolv -lm  >&5
ld: library not found for -ljpeg
clang: error: linker command failed with exit code 1 (use -v to see invocation)
configure:5368: $? = 1
configure: failed program was:
| /* confdefs.h */
| #define PACKAGE_NAME "HTMLDOC"
| #define PACKAGE_TARNAME "htmldoc"
| #define PACKAGE_VERSION "1.9.9"
| #define PACKAGE_STRING "HTMLDOC 1.9.9"
| #define PACKAGE_BUGREPORT "https://github.com/michaelrsweet/htmldoc/issues"
| #define PACKAGE_URL "https://michaelrsweet.github.io/htmldoc"
| #define SVERSION "1.9.9"
| #define STDC_HEADERS 1
| #define HAVE_SYS_TYPES_H 1
| #define HAVE_SYS_STAT_H 1
| #define HAVE_STDLIB_H 1
| #define HAVE_STRING_H 1
| #define HAVE_MEMORY_H 1
| #define HAVE_STRINGS_H 1
| #define HAVE_INTTYPES_H 1
| #define HAVE_STDINT_H 1
| #define HAVE_UNISTD_H 1
| #define HAVE_STRINGS_H 1
| #define HAVE_LOCALE_H 1
| #define HAVE_STRDUP 1
| #define HAVE_STRCASECMP 1
| #define HAVE_STRNCASECMP 1
| #define HAVE_STRLCAT 1
| #define HAVE_STRLCPY 1
| #define HAVE_SNPRINTF 1
| #define HAVE_VSNPRINTF 1
| #define HAVE_RANDOM 1
| #define HAVE_LRAND48 1
| #define HAVE_ARC4RANDOM 1
| #define HAVE_TM_GMTOFF 1
| #define HAVE_LIBM 1
| #define HAVE_POLL 1
| #define HAVE_GETADDRINFO 1
| #define HAVE_GETNAMEINFO 1
| #define HAVE_HSTRERROR 1
| #define HAVE_RES_INIT 1
| #define HAVE_RESOLV_H 1
| #define HAVE_LONG_LONG 1
| #define HAVE_STRTOLL 1
| #define HAVE_SSL 1
| #define HAVE_CDSASSL 1
| #define HAVE_SECCERTIFICATE_H 1
| #define HAVE_SECITEM_H 1
| #define HAVE_SECPOLICY_H 1
| #define HAVE_CSSMERRORSTRING 1
| #define HAVE_SECKEYCHAINOPEN 1
| #define HAVE_SSLSETENABLEDCIPHERS 1
| /* end confdefs.h.  */
| 
| /* Override any GCC internal prototype to avoid an error.
|    Use char because int might match the return type of a GCC
|    builtin and then its argument prototype would still apply.  */
| #ifdef __cplusplus
| extern "C"
| #endif
| char jpeg_CreateCompress ();
| int
| main ()
| {
| return jpeg_CreateCompress ();
|   ;
|   return 0;
| }
configure:5385: result: no
configure:5414: checking for library containing gzgets
configure:5445: clang -o conftest  -I/usr/local/opt/zlib/include  conftest.c -lresolv -lm  >&5
Undefined symbols for architecture x86_64:
  "_gzgets", referenced from:
      _main in conftest-0f4e8a.o
ld: symbol(s) not found for architecture x86_64
clang: error: linker command failed with exit code 1 (use -v to see invocation)
configure:5445: $? = 1
configure: failed program was:
| /* confdefs.h */
| #define PACKAGE_NAME "HTMLDOC"
| #define PACKAGE_TARNAME "htmldoc"
| #define PACKAGE_VERSION "1.9.9"
| #define PACKAGE_STRING "HTMLDOC 1.9.9"
| #define PACKAGE_BUGREPORT "https://github.com/michaelrsweet/htmldoc/issues"
| #define PACKAGE_URL "https://michaelrsweet.github.io/htmldoc"
| #define SVERSION "1.9.9"
| #define STDC_HEADERS 1
| #define HAVE_SYS_TYPES_H 1
| #define HAVE_SYS_STAT_H 1
| #define HAVE_STDLIB_H 1
| #define HAVE_STRING_H 1
| #define HAVE_MEMORY_H 1
| #define HAVE_STRINGS_H 1
| #define HAVE_INTTYPES_H 1
| #define HAVE_STDINT_H 1
| #define HAVE_UNISTD_H 1
| #define HAVE_STRINGS_H 1
| #define HAVE_LOCALE_H 1
| #define HAVE_STRDUP 1
| #define HAVE_STRCASECMP 1
| #define HAVE_STRNCASECMP 1
| #define HAVE_STRLCAT 1
| #define HAVE_STRLCPY 1
| #define HAVE_SNPRINTF 1
| #define HAVE_VSNPRINTF 1
| #define HAVE_RANDOM 1
| #define HAVE_LRAND48 1
| #define HAVE_ARC4RANDOM 1
| #define HAVE_TM_GMTOFF 1
| #define HAVE_LIBM 1
| #define HAVE_POLL 1
| #define HAVE_GETADDRINFO 1
| #define HAVE_GETNAMEINFO 1
| #define HAVE_HSTRERROR 1
| #define HAVE_RES_INIT 1
| #define HAVE_RESOLV_H 1
| #define HAVE_LONG_LONG 1
| #define HAVE_STRTOLL 1
| #define HAVE_SSL 1
| #define HAVE_CDSASSL 1
| #define HAVE_SECCERTIFICATE_H 1
| #define HAVE_SECITEM_H 1
| #define HAVE_SECPOLICY_H 1
| #define HAVE_CSSMERRORSTRING 1
| #define HAVE_SECKEYCHAINOPEN 1
| #define HAVE_SSLSETENABLEDCIPHERS 1
| /* end confdefs.h.  */
| 
| /* Override any GCC internal prototype to avoid an error.
|    Use char because int might match the return type of a GCC
|    builtin and then its argument prototype would still apply.  */
| #ifdef __cplusplus
| extern "C"
| #endif
| char gzgets ();
| int
| main ()
| {
| return gzgets ();
|   ;
|   return 0;
| }
configure:5445: clang -o conftest  -I/usr/local/opt/zlib/include  conftest.c -lz  -lresolv -lm  >&5
configure:5445: $? = 0
configure:5462: result: -lz
configure:5491: checking for library containing png_set_tRNS_to_alpha
configure:5522: clang -o conftest  -I/usr/local/opt/zlib/include  conftest.c -lz -lresolv -lm  >&5
Undefined symbols for architecture x86_64:
  "_png_set_tRNS_to_alpha", referenced from:
      _main in conftest-37c26d.o
ld: symbol(s) not found for architecture x86_64
clang: error: linker command failed with exit code 1 (use -v to see invocation)
configure:5522: $? = 1
configure: failed program was:
| /* confdefs.h */
| #define PACKAGE_NAME "HTMLDOC"
| #define PACKAGE_TARNAME "htmldoc"
| #define PACKAGE_VERSION "1.9.9"
| #define PACKAGE_STRING "HTMLDOC 1.9.9"
| #define PACKAGE_BUGREPORT "https://github.com/michaelrsweet/htmldoc/issues"
| #define PACKAGE_URL "https://michaelrsweet.github.io/htmldoc"
| #define SVERSION "1.9.9"
| #define STDC_HEADERS 1
| #define HAVE_SYS_TYPES_H 1
| #define HAVE_SYS_STAT_H 1
| #define HAVE_STDLIB_H 1
| #define HAVE_STRING_H 1
| #define HAVE_MEMORY_H 1
| #define HAVE_STRINGS_H 1
| #define HAVE_INTTYPES_H 1
| #define HAVE_STDINT_H 1
| #define HAVE_UNISTD_H 1
| #define HAVE_STRINGS_H 1
| #define HAVE_LOCALE_H 1
| #define HAVE_STRDUP 1
| #define HAVE_STRCASECMP 1
| #define HAVE_STRNCASECMP 1
| #define HAVE_STRLCAT 1
| #define HAVE_STRLCPY 1
| #define HAVE_SNPRINTF 1
| #define HAVE_VSNPRINTF 1
| #define HAVE_RANDOM 1
| #define HAVE_LRAND48 1
| #define HAVE_ARC4RANDOM 1
| #define HAVE_TM_GMTOFF 1
| #define HAVE_LIBM 1
| #define HAVE_POLL 1
| #define HAVE_GETADDRINFO 1
| #define HAVE_GETNAMEINFO 1
| #define HAVE_HSTRERROR 1
| #define HAVE_RES_INIT 1
| #define HAVE_RESOLV_H 1
| #define HAVE_LONG_LONG 1
| #define HAVE_STRTOLL 1
| #define HAVE_SSL 1
| #define HAVE_CDSASSL 1
| #define HAVE_SECCERTIFICATE_H 1
| #define HAVE_SECITEM_H 1
| #define HAVE_SECPOLICY_H 1
| #define HAVE_CSSMERRORSTRING 1
| #define HAVE_SECKEYCHAINOPEN 1
| #define HAVE_SSLSETENABLEDCIPHERS 1
| /* end confdefs.h.  */
| 
| /* Override any GCC internal prototype to avoid an error.
|    Use char because int might match the return type of a GCC
|    builtin and then its argument prototype would still apply.  */
| #ifdef __cplusplus
| extern "C"
| #endif
| char png_set_tRNS_to_alpha ();
| int
| main ()
| {
| return png_set_tRNS_to_alpha ();
|   ;
|   return 0;
| }
configure:5522: clang -o conftest  -I/usr/local/opt/zlib/include  conftest.c -lpng  -lz -lresolv -lm  >&5
ld: library not found for -lpng
clang: error: linker command failed with exit code 1 (use -v to see invocation)
configure:5522: $? = 1
configure: failed program was:
| /* confdefs.h */
| #define PACKAGE_NAME "HTMLDOC"
| #define PACKAGE_TARNAME "htmldoc"
| #define PACKAGE_VERSION "1.9.9"
| #define PACKAGE_STRING "HTMLDOC 1.9.9"
| #define PACKAGE_BUGREPORT "https://github.com/michaelrsweet/htmldoc/issues"
| #define PACKAGE_URL "https://michaelrsweet.github.io/htmldoc"
| #define SVERSION "1.9.9"
| #define STDC_HEADERS 1
| #define HAVE_SYS_TYPES_H 1
| #define HAVE_SYS_STAT_H 1
| #define HAVE_STDLIB_H 1
| #define HAVE_STRING_H 1
| #define HAVE_MEMORY_H 1
| #define HAVE_STRINGS_H 1
| #define HAVE_INTTYPES_H 1
| #define HAVE_STDINT_H 1
| #define HAVE_UNISTD_H 1
| #define HAVE_STRINGS_H 1
| #define HAVE_LOCALE_H 1
| #define HAVE_STRDUP 1
| #define HAVE_STRCASECMP 1
| #define HAVE_STRNCASECMP 1
| #define HAVE_STRLCAT 1
| #define HAVE_STRLCPY 1
| #define HAVE_SNPRINTF 1
| #define HAVE_VSNPRINTF 1
| #define HAVE_RANDOM 1
| #define HAVE_LRAND48 1
| #define HAVE_ARC4RANDOM 1
| #define HAVE_TM_GMTOFF 1
| #define HAVE_LIBM 1
| #define HAVE_POLL 1
| #define HAVE_GETADDRINFO 1
| #define HAVE_GETNAMEINFO 1
| #define HAVE_HSTRERROR 1
| #define HAVE_RES_INIT 1
| #define HAVE_RESOLV_H 1
| #define HAVE_LONG_LONG 1
| #define HAVE_STRTOLL 1
| #define HAVE_SSL 1
| #define HAVE_CDSASSL 1
| #define HAVE_SECCERTIFICATE_H 1
| #define HAVE_SECITEM_H 1
| #define HAVE_SECPOLICY_H 1
| #define HAVE_CSSMERRORSTRING 1
| #define HAVE_SECKEYCHAINOPEN 1
| #define HAVE_SSLSETENABLEDCIPHERS 1
| /* end confdefs.h.  */
| 
| /* Override any GCC internal prototype to avoid an error.
|    Use char because int might match the return type of a GCC
|    builtin and then its argument prototype would still apply.  */
| #ifdef __cplusplus
| extern "C"
| #endif
| char png_set_tRNS_to_alpha ();
| int
| main ()
| {
| return png_set_tRNS_to_alpha ();
|   ;
|   return 0;
| }
configure:5539: result: no
configure:5632: checking if GCC supports -fno-rtti
configure:5647: clang -c  -D_FORTIFY_SOURCE=2 -fno-rtti -I/usr/local/opt/zlib/include conftest.c >&5
configure:5647: $? = 0
configure:5649: result: yes
configure:5658: checking if GCC supports -fno-exceptions
configure:5673: clang -c  -D_FORTIFY_SOURCE=2 -fno-exceptions -I/usr/local/opt/zlib/include conftest.c >&5
configure:5673: $? = 0
configure:5675: result: yes
configure:5840: creating ./config.status

## ---------------------- ##
## Running config.status. ##
## ---------------------- ##

This file was extended by HTMLDOC config.status 1.9.9, which was
generated by GNU Autoconf 2.69.  Invocation command line was

  CONFIG_FILES    = 
  CONFIG_HEADERS  = 
  CONFIG_LINKS    = 
  CONFIG_COMMANDS = 
  $ ./config.status 

on Mac5-5.local

config.status:867: creating Makedefs
config.status:867: creating Makefile
config.status:867: creating desktop/htmldoc.plist
config.status:867: creating config.h

## ---------------- ##
## Cache variables. ##
## ---------------- ##

ac_cv_c_compiler_gnu=yes
ac_cv_c_long_long=yes
ac_cv_cxx_compiler_gnu=yes
ac_cv_env_CCC_set=
ac_cv_env_CCC_value=
ac_cv_env_CC_set=
ac_cv_env_CC_value=
ac_cv_env_CFLAGS_set=
ac_cv_env_CFLAGS_value=
ac_cv_env_CPPFLAGS_set=set
ac_cv_env_CPPFLAGS_value=-I/usr/local/opt/zlib/include
ac_cv_env_CPP_set=
ac_cv_env_CPP_value=
ac_cv_env_CXXFLAGS_set=
ac_cv_env_CXXFLAGS_value=
ac_cv_env_CXX_set=
ac_cv_env_CXX_value=
ac_cv_env_LDFLAGS_set=
ac_cv_env_LDFLAGS_value=
ac_cv_env_LIBS_set=
ac_cv_env_LIBS_value=
ac_cv_env_build_alias_set=
ac_cv_env_build_alias_value=
ac_cv_env_host_alias_set=
ac_cv_env_host_alias_value=
ac_cv_env_target_alias_set=
ac_cv_env_target_alias_value=
ac_cv_func_arc4random=yes
ac_cv_func_lrand48=yes
ac_cv_func_poll=yes
ac_cv_func_random=yes
ac_cv_func_snprintf=yes
ac_cv_func_strcasecmp=yes
ac_cv_func_strdup=yes
ac_cv_func_strlcat=yes
ac_cv_func_strlcpy=yes
ac_cv_func_strncasecmp=yes
ac_cv_func_strtoll=yes
ac_cv_func_vsnprintf=yes
ac_cv_header_Security_SecBasePriv_h=no
ac_cv_header_Security_SecCertificate_h=yes
ac_cv_header_Security_SecIdentitySearchPriv_h=no
ac_cv_header_Security_SecItemPriv_h=no
ac_cv_header_Security_SecItem_h=yes
ac_cv_header_Security_SecPolicyPriv_h=no
ac_cv_header_Security_SecPolicy_h=yes
ac_cv_header_Security_SecureTransportPriv_h=no
ac_cv_header_Security_SecureTransport_h=yes
ac_cv_header_inttypes_h=yes
ac_cv_header_locale_h=yes
ac_cv_header_memory_h=yes
ac_cv_header_resolv_h=yes
ac_cv_header_stdc=yes
ac_cv_header_stdint_h=yes
ac_cv_header_stdlib_h=yes
ac_cv_header_string_h=yes
ac_cv_header_strings_h=yes
ac_cv_header_sys_stat_h=yes
ac_cv_header_sys_types_h=yes
ac_cv_header_unistd_h=yes
ac_cv_lib_m_pow=yes
ac_cv_objext=o
ac_cv_path_AR=/usr/bin/ar
ac_cv_path_CHMOD=/bin/chmod
ac_cv_path_CP=/bin/cp
ac_cv_path_EGREP='/usr/bin/grep -E'
ac_cv_path_GREP=/usr/bin/grep
ac_cv_path_MKDIR=/bin/mkdir
ac_cv_path_MV=/bin/mv
ac_cv_path_RM=/bin/rm
ac_cv_path_ac_pt_PKGCONFIG=/usr/local/bin/pkg-config
ac_cv_prog_AWK=awk
ac_cv_prog_CPP='clang -E'
ac_cv_prog_ac_ct_CC=clang
ac_cv_prog_ac_ct_CXX=clang++
ac_cv_prog_ac_ct_RANLIB=ranlib
ac_cv_prog_cc_c89=
ac_cv_prog_cc_g=yes
ac_cv_prog_cxx_g=yes
ac_cv_search___res_init=no
ac_cv_search_getaddrinfo='none required'
ac_cv_search_gethostbyaddr='none required'
ac_cv_search_getnameinfo='none required'
ac_cv_search_gzgets=-lz
ac_cv_search_hstrerror='none required'
ac_cv_search_jpeg_CreateCompress=no
ac_cv_search_png_set_tRNS_to_alpha=no
ac_cv_search_res_9_init=-lresolv
ac_cv_search_socket='none required'
ac_cv_sys_file_offset_bits=no
ac_cv_sys_largefile_CC=no

## ----------------- ##
## Output variables. ##
## ----------------- ##

AR='/usr/bin/ar'
ARFLAGS='cr'
AWK='awk'
CC='clang'
CFLAGS=' -D_FORTIFY_SOURCE=2 -mmacosx-version-min=10.13'
CHMOD='/bin/chmod'
CP='/bin/cp'
CPP='clang -E'
CPPFLAGS='-I/usr/local/opt/zlib/include'
CXX='clang++'
CXXFLAGS=' -D_FORTIFY_SOURCE=2 -fno-rtti -fno-exceptions -mmacosx-version-min=10.13'
DEFS='-DHAVE_CONFIG_H'
ECHO_C='\c'
ECHO_N=''
ECHO_T=''
EGREP='/usr/bin/grep -E'
EXEEXT=''
FLTKCONFIG=''
GREP='/usr/bin/grep'
INSTALL='/Users/billswartz7/version1/utdtools/utd.tools/src/pgms/htmldoc-1.9.9/install-sh'
INSTALL_STRIP='-s'
JPEG='jpeg'
JPEGINC='-I../jpeg'
LARGEFILE='-D_LARGEFILE_SOURCE -D_LARGEFILE64_SOURCE'
LDFLAGS=' -mmacosx-version-min=10.13'
LIBGCRYPTCONFIG=''
LIBGNUTLSCONFIG=''
LIBOBJS=''
LIBS='../png/libpng.a ../jpeg/libjpeg.a  -lz -lresolv -lm '
LTLIBOBJS=''
MKDIR='/bin/mkdir'
MV='/bin/mv'
OBJEXT='o'
OPTIM='-Wall -Wunused -Wno-char-subscripts -Wno-format-y2k -Os -g'
PACKAGE_BUGREPORT='https://github.com/michaelrsweet/htmldoc/issues'
PACKAGE_NAME='HTMLDOC'
PACKAGE_STRING='HTMLDOC 1.9.9'
PACKAGE_TARNAME='htmldoc'
PACKAGE_URL='https://michaelrsweet.github.io/htmldoc'
PACKAGE_VERSION='1.9.9'
PATH_SEPARATOR=':'
PKGCONFIG='/usr/local/bin/pkg-config'
PNG='png'
PNGINC='-I../png'
POST=':'
RANLIB='ranlib'
RM='/bin/rm'
SHELL='/bin/sh'
SSLFLAGS=''
SSLLIBS='-framework Security -framework CoreFoundation'
SVERSION='1.9.9'
ZLIB=''
ZLIBINC=''
ac_ct_CC='clang'
ac_ct_CXX='clang++'
bindir='/Users/billswartz7/version1/utdtools/utd.tools/v1.0.0/bin/bin'
build_alias=''
datadir='/Users/billswartz7/version1/utdtools/utd.tools/v1.0.0/bin/share'
datarootdir='/Users/billswartz7/version1/utdtools/utd.tools/v1.0.0/bin/share'
docdir='${datarootdir}/doc/${PACKAGE_TARNAME}'
dvidir='${docdir}'
exec_prefix='/Users/billswartz7/version1/utdtools/utd.tools/v1.0.0/bin'
host_alias=''
htmldir='${docdir}'
includedir='${prefix}/include'
infodir='${datarootdir}/info'
libdir='${exec_prefix}/lib'
libexecdir='${exec_prefix}/libexec'
localedir='${datarootdir}/locale'
localstatedir='${prefix}/var'
mandir='${datarootdir}/man'
oldincludedir='/usr/include'
pdfdir='${docdir}'
prefix='/Users/billswartz7/version1/utdtools/utd.tools/v1.0.0/bin'
program_transform_name='s,x,x,'
psdir='${docdir}'
sbindir='${exec_prefix}/sbin'
sharedstatedir='${prefix}/com'
sysconfdir='${prefix}/etc'
target_alias=''

## ----------- ##
## confdefs.h. ##
## ----------- ##

/* confdefs.h */
#define PACKAGE_NAME "HTMLDOC"
#define PACKAGE_TARNAME "htmldoc"
#define PACKAGE_VERSION "1.9.9"
#define PACKAGE_STRING "HTMLDOC 1.9.9"
#define PACKAGE_BUGREPORT "https://github.com/michaelrsweet/htmldoc/issues"
#define PACKAGE_URL "https://michaelrsweet.github.io/htmldoc"
#define SVERSION "1.9.9"
#define STDC_HEADERS 1
#define HAVE_SYS_TYPES_H 1
#define HAVE_SYS_STAT_H 1
#define HAVE_STDLIB_H 1
#define HAVE_STRING_H 1
#define HAVE_MEMORY_H 1
#define HAVE_STRINGS_H 1
#define HAVE_INTTYPES_H 1
#define HAVE_STDINT_H 1
#define HAVE_UNISTD_H 1
#define HAVE_STRINGS_H 1
#define HAVE_LOCALE_H 1
#define HAVE_STRDUP 1
#define HAVE_STRCASECMP 1
#define HAVE_STRNCASECMP 1
#define HAVE_STRLCAT 1
#define HAVE_STRLCPY 1
#define HAVE_SNPRINTF 1
#define HAVE_VSNPRINTF 1
#define HAVE_RANDOM 1
#define HAVE_LRAND48 1
#define HAVE_ARC4RANDOM 1
#define HAVE_TM_GMTOFF 1
#define HAVE_LIBM 1
#define HAVE_POLL 1
#define HAVE_GETADDRINFO 1
#define HAVE_GETNAMEINFO 1
#define HAVE_HSTRERROR 1
#define HAVE_RES_INIT 1
#define HAVE_RESOLV_H 1
#define HAVE_LONG_LONG 1
#define HAVE_STRTOLL 1
#define HAVE_SSL 1
#define HAVE_CDSASSL 1
#define HAVE_SECCERTIFICATE_H 1
#define HAVE_SECITEM_H 1
#define HAVE_SECPOLICY_H 1
#define HAVE_CSSMERRORSTRING 1
#define HAVE_SECKEYCHAINOPEN 1
#define HAVE_SSLSETENABLEDCIPHERS 1
#define HAVE_LIBJPEG 1
#define HAVE_LIBPNG 1
#define HAVE_LIBZ 1
#define DOCUMENTATION "/Users/billswartz7/version1/utdtools/utd.tools/v1.0.0/bin/share/doc/htmldoc"
#define HTML_DATA "/Users/billswartz7/version1/utdtools/utd.tools/v1.0.0/bin/share/htmldoc"

configure: exit 0
